21:00:48.752 [main                     ] DEBUG Logger               - Configured Logger
21:00:48.784 [main                     ] DEBUG GameApplication      - Logging settings
Title: Fallout Tower Defense
Version: 0.0
Width: 2700
Height: 2080
Fullscreen: false
Intro: false
Profiling: false
Single step:false
App Mode: DEVELOPER
Menu Key: ESCAPE
Stage Style: DECORATED
Scene Factory: class com.almasb.fxgl.app.scene.SceneFactory

21:00:49.205 [JavaFX Application Thread] DEBUG FXGLApplication      - Initializing FXGL
21:00:49.211 [JavaFX Application Thread] INFO  Engine               - FXGL-17.2 (20.08.2022 16.50) on WINDOWS (J:20 FX:20.0.1)
21:00:49.212 [JavaFX Application Thread] DEBUG Engine               - JRE Vendor Name: Oracle Corporation
21:00:49.212 [JavaFX Application Thread] DEBUG Engine               - Running on OS: Windows 11 version 10.0
21:00:49.212 [JavaFX Application Thread] DEBUG Engine               - Architecture: amd64
21:00:49.212 [JavaFX Application Thread] INFO  Engine               - Source code and latest versions at: https://github.com/AlmasB/FXGL
21:00:49.213 [JavaFX Application Thread] INFO  Engine               -       Ask questions and discuss at: https://github.com/AlmasB/FXGL/discussions
21:00:49.213 [JavaFX Application Thread] INFO  Engine               -              Join the FXGL chat at: https://gitter.im/AlmasB/FXGL
21:00:49.315 [JavaFX Application Thread] DEBUG PrimaryStageWindow   - Creating a JavaFX scene
21:00:49.315 [JavaFX Application Thread] DEBUG PrimaryStageWindow   - Target size > screen size
21:00:49.369 [JavaFX Application Thread] DEBUG PrimaryStageWindow   - Target settings size: 2700.0 x 2080.0
21:00:49.369 [JavaFX Application Thread] DEBUG PrimaryStageWindow   - Scaled scene size:    1034.0 x 815.0
21:00:49.369 [JavaFX Application Thread] DEBUG PrimaryStageWindow   - Scaled ratio: (0.38296296296296295, 0.3918269230769231)
21:00:49.371 [JavaFX Application Thread] DEBUG PrimaryStageWindow   - Set initial scene to FXGLStartupScene
21:00:49.374 [JavaFX Application Thread] DEBUG PrimaryStageWindow   - Opening main window
21:00:49.472 [JavaFX Application Thread] DEBUG PrimaryStageWindow   - Window border size: (14.800048828125, 37.79998779296875)
21:00:49.473 [JavaFX Application Thread] DEBUG PrimaryStageWindow   - Scaled size: 1034.0 x 815.0
21:00:49.473 [JavaFX Application Thread] DEBUG PrimaryStageWindow   - Scaled ratio: (0.38296296296296295, 0.3918269230769231)
21:00:49.474 [JavaFX Application Thread] DEBUG PrimaryStageWindow   - Scene size: 1034.0 x 815.0
21:00:49.474 [JavaFX Application Thread] DEBUG PrimaryStageWindow   - Stage size: 1048.800048828125 x 852.7999877929688
21:00:49.485 [FXGL Background Thread 1 ] DEBUG Engine               - Initializing environment variables
21:00:49.564 [FXGL Background Thread 1 ] DEBUG FXGLAssetLoaderServi - User app class for loading assets: class fallout.proyecto_poo.FalloutTDApplication
21:00:49.564 [FXGL Background Thread 1 ] DEBUG GameApplicationServi - Applying CSS: fxgl_dark.css
21:00:49.565 [FXGL Background Thread 1 ] DEBUG FXGLAssetLoaderServi - Loading from file system: jar:file:///C:/Users/hesto/.m2/repository/com/github/almasb/fxgl/17.2/fxgl-17.2.jar!/fxglassets/ui/css/fxgl_dark.css
21:00:49.635 [FXGL Background Thread 1 ] DEBUG GameApplicationServi - Initializing application scenes
21:00:49.689 [FXGL Background Thread 1 ] DEBUG GameWorld            - Game world initialized
21:00:49.783 [FXGL Background Thread 1 ] DEBUG PhysicsWorld         - Physics world initialized: appHeight=2080, physics.ppm=50,0
21:00:49.783 [FXGL Background Thread 1 ] DEBUG PhysicsWorld         - Using strategy: BRUTE_FORCE
21:00:49.789 [FXGL Background Thread 1 ] DEBUG GameScene            - Game scene initialized: 2700x2080
21:00:49.803 [FXGL Background Thread 1 ] DEBUG FXGL.DefaultMenu     - createMenuBodyGameMenu()
21:00:49.819 [FXGL Background Thread 1 ] DEBUG FXGL.DefaultMenu     - createOptionsMenu()
21:00:49.830 [FXGL Background Thread 1 ] DEBUG FXGLAssetLoaderServi - Loading from file system: jar:file:///C:/Users/hesto/.m2/repository/com/github/almasb/fxgl/17.2/fxgl-17.2.jar!/fxglassets/textures/particles/smoke.png
21:00:49.920 [FXGL Background Thread 1 ] DEBUG FXGLAssetLoaderServi - Loading from file system: jar:file:///C:/Users/hesto/.m2/repository/com/github/almasb/fxgl/17.2/fxgl-17.2.jar!/fxglassets/textures/particles/trace_horizontal.png
21:00:49.956 [FXGL Background Thread 1 ] DEBUG GameApplicationServi - Application scenes initialized
21:00:49.969 [FXGL Background Thread 1 ] DEBUG SystemBundleService  - Loading FXGL system data
21:00:49.974 [FXGL Background Thread 1 ] DEBUG FileSystemAccess     - Reading from: C:\Users\hesto\IdeaProjects\Proyecto_POO-andresBranch\system\fxgl.bundle
21:00:49.986 [FXGL Background Thread 1 ] DEBUG SystemBundleService  - Bundle FXGL: {}
21:00:49.987 [FXGL Background Thread 1 ] DEBUG UpdaterService       - Checking for updates
21:00:49.993 [FXGL Background Thread 4 ] DEBUG FXGLApplication      - Loading fonts
21:00:49.993 [FXGL Background Thread 1 ] DEBUG FXGLApplication      - Loading default localization
21:00:49.993 [FXGL Background Thread 4 ] DEBUG FXGLAssetLoaderServi - Loading from file system: jar:file:///C:/Users/hesto/.m2/repository/com/github/almasb/fxgl/17.2/fxgl-17.2.jar!/fxglassets/ui/fonts/VarelaRound-Regular.ttf
21:00:49.994 [FXGL Background Thread 1 ] DEBUG FXGLAssetLoaderServi - Loading from file system: jar:file:///C:/Users/hesto/.m2/repository/com/github/almasb/fxgl/17.2/fxgl-17.2.jar!/fxglassets/languages/english.lang
21:00:50.015 [FXGL Background Thread 1 ] INFO  FXGLApplication      - FXGL initialization took: 0,531 sec
21:00:50.017 [JavaFX Application Thread] DEBUG FXGLAssetLoaderServi - Loading from file system: jar:file:///C:/Users/hesto/.m2/repository/com/github/almasb/fxgl/17.2/fxgl-17.2.jar!/fxglassets/textures/fxgl_icon.png
21:00:50.040 [JavaFX Application Thread] DEBUG FXGLAssetLoaderServi - Loading from file system: jar:file:///C:/Users/hesto/.m2/repository/com/github/almasb/fxgl/17.2/fxgl-17.2.jar!/fxglassets/textures/fxgl_default_cursor.png
21:00:50.052 [JavaFX Application Thread] DEBUG Input                - Registered new binding: Screenshot - CTRL+8
21:00:50.052 [JavaFX Application Thread] DEBUG Input                - Registered new binding: System info dump - CTRL+9
21:00:50.053 [JavaFX Application Thread] DEBUG Input                - Registered new binding: Restart - CTRL+R
21:00:50.054 [JavaFX Application Thread] DEBUG Input                - Registered new binding: Toggle Debug Camera - CTRL+7
21:00:50.057 [JavaFX Application Thread] DEBUG LoopRunner           - Starting loop
21:00:50.057 [JavaFX Application Thread] DEBUG LoopRunner           - Initializing JavaFX AnimationTimerLoop
21:00:50.058 [JavaFX Application Thread] DEBUG GameApplicationServi - Starting new game
21:00:50.059 [JavaFX Application Thread] DEBUG Input                - Clearing active input actions
21:00:50.072 [JavaFX Application Thread] DEBUG GameApplicationServi - Removing overlay from FXGLStartupScene and adding to FXGLLoadingScene
21:00:50.073 [JavaFX Application Thread] DEBUG PrimaryStageWindow   - FXGLStartupScene -> FXGLLoadingScene
21:00:50.073 [JavaFX Application Thread] DEBUG GameApplicationServi - Clearing previous game
21:00:50.073 [JavaFX Application Thread] DEBUG GameScene            - Clearing game scene
21:00:50.073 [JavaFX Application Thread] DEBUG GameWorld            - Clearing game world
21:00:50.073 [JavaFX Application Thread] DEBUG PhysicsWorld         - Clearing physics world
21:00:50.075 [FXGL Background Thread 1 ] DEBUG FXGLApplication      - Initializing game
21:00:50.089 [FXGL Background Thread 4 ] DEBUG FXGLAssetLoaderServi - Loading from file system: jar:file:///C:/Users/hesto/.m2/repository/com/github/almasb/fxgl/17.2/fxgl-17.2.jar!/fxglassets/ui/fonts/Abel-Regular.ttf
21:00:50.095 [FXGL Background Thread 4 ] DEBUG FXGLAssetLoaderServi - Loading from file system: jar:file:///C:/Users/hesto/.m2/repository/com/github/almasb/fxgl/17.2/fxgl-17.2.jar!/fxglassets/ui/fonts/TerminalLandMono-Regular.otf
21:00:50.101 [FXGL Background Thread 4 ] DEBUG FXGLAssetLoaderServi - Loading from file system: jar:file:///C:/Users/hesto/.m2/repository/com/github/almasb/fxgl/17.2/fxgl-17.2.jar!/fxglassets/ui/fonts/Courier-Prime.ttf
21:00:50.131 [FXGL Background Thread 1 ] WARN  TMXLevelLoader       - TiledMap generated from 1.10.2. Supported version: 1.9.0. Some features may not be parsed fully.
21:00:50.149 [JavaFX Application Thread] DEBUG FXGLApplication      - Registering font factories with UI factory
21:00:50.150 [FXGL Background Thread 1 ] DEBUG TMXLevelLoader       - Parsed TiledMap: file:/C:/Users/hesto/IdeaProjects/Proyecto_POO-andresBranch/target/classes/assets/levels/fallout.tmx
21:00:50.152 [FXGL Background Thread 1 ] DEBUG TMXLevelLoader       - Creating tile layer entities
21:00:50.156 [FXGL Background Thread 1 ] DEBUG TilesetLoader        - Loading view for layer ground
21:00:50.157 [FXGL Background Thread 1 ] DEBUG TilesetLoader        - Created buffer with size 960.0x640.0
21:00:50.165 [FXGL Background Thread 1 ] WARN  TilesetLoader        - buildings-removebg-preview.png cannot be loaded using mapURL=file:/C:/Users/hesto/IdeaProjects/Proyecto_POO-andresBranch/target/classes/assets/levels/fallout.tmx
java.io.FileNotFoundException: C:\Users\hesto\IdeaProjects\Proyecto_POO-andresBranch\target\classes\assets\levels\buildings-removebg-preview.png (El sistema no puede encontrar el archivo especificado)
	at java.base/java.io.FileInputStream.open0(Native Method)
	at java.base/java.io.FileInputStream.open(FileInputStream.java:219)
	at java.base/java.io.FileInputStream.<init>(FileInputStream.java:158)
	at java.base/java.io.FileInputStream.<init>(FileInputStream.java:112)
	at java.base/sun.net.www.protocol.file.FileURLConnection.connect(FileURLConnection.java:84)
	at java.base/sun.net.www.protocol.file.FileURLConnection.getInputStream(FileURLConnection.java:180)
	at java.base/java.net.URL.openStream(URL.java:1317)
	at com.almasb.fxgl.entity@17.2/com.almasb.fxgl.entity.level.tiled.TilesetLoader.loadImage(TilesetLoader.kt:403)
	at com.almasb.fxgl.entity@17.2/com.almasb.fxgl.entity.level.tiled.TilesetLoader.loadView(TilesetLoader.kt:133)
	at com.almasb.fxgl.entity@17.2/com.almasb.fxgl.entity.level.tiled.TMXLevelLoader.createTileLayerEntities$lambda-4(TMXLevelLoader.kt:100)
	at java.base/java.util.stream.ReferencePipeline$3$1.accept(ReferencePipeline.java:197)
	at java.base/java.util.ArrayList$ArrayListSpliterator.forEachRemaining(ArrayList.java:1625)
	at java.base/java.util.stream.AbstractPipeline.copyInto(AbstractPipeline.java:509)
	at java.base/java.util.stream.AbstractPipeline.wrapAndCopyInto(AbstractPipeline.java:499)
	at java.base/java.util.stream.ReduceOps$ReduceOp.evaluateSequential(ReduceOps.java:921)
	at java.base/java.util.stream.AbstractPipeline.evaluate(AbstractPipeline.java:234)
	at java.base/java.util.stream.ReferencePipeline.collect(ReferencePipeline.java:682)
	at com.almasb.fxgl.entity@17.2/com.almasb.fxgl.entity.level.tiled.TMXLevelLoader.createTileLayerEntities(TMXLevelLoader.kt:117)
	at com.almasb.fxgl.entity@17.2/com.almasb.fxgl.entity.level.tiled.TMXLevelLoader.load(TMXLevelLoader.kt:58)
	at com.almasb.fxgl.all@17.2/com.almasb.fxgl.app.services.FXGLAssetLoaderService.loadLevel(FXGLAssetLoaderService.kt:446)
	at com.almasb.fxgl.all@17.2/com.almasb.fxgl.dsl.FXGL$Companion.setLevelFromMap(FXGL.kt:634)
	at com.almasb.fxgl.all@17.2/com.almasb.fxgl.dsl.FXGL.setLevelFromMap(FXGL.kt)
	at fallout.proyecto_poo/fallout.proyecto_poo.FalloutTDApplication.initGame(FalloutTDApplication.java:35)
	at com.almasb.fxgl.all@17.2/com.almasb.fxgl.app.FXGLApplication$InitAppTask.initGame(FXGLApplication.kt:339)
	at com.almasb.fxgl.all@17.2/com.almasb.fxgl.app.FXGLApplication$InitAppTask.call(FXGLApplication.kt:319)
	at com.almasb.fxgl.all@17.2/com.almasb.fxgl.app.FXGLApplication$InitAppTask.call(FXGLApplication.kt:311)
	at javafx.graphics@20.0.1/javafx.concurrent.Task$TaskCallable.call(Task.java:1426)
	at java.base/java.util.concurrent.FutureTask.run(FutureTask.java:317)
	at java.base/java.util.concurrent.Executors$RunnableAdapter.call(Executors.java:577)
	at java.base/java.util.concurrent.FutureTask.run(FutureTask.java:317)
	at java.base/java.util.concurrent.ThreadPoolExecutor.runWorker(ThreadPoolExecutor.java:1144)
	at java.base/java.util.concurrent.ThreadPoolExecutor$Worker.run(ThreadPoolExecutor.java:642)
	at java.base/java.lang.Thread.run(Thread.java:1623)

21:00:50.406 [FXGL Background Thread 1 ] DEBUG TilesetLoader        - Loading view for layer path
21:00:50.408 [FXGL Background Thread 1 ] DEBUG TilesetLoader        - Created buffer with size 960.0x640.0
21:00:50.414 [FXGL Background Thread 1 ] DEBUG TilesetLoader        - Loading view for layer decor
21:00:50.415 [FXGL Background Thread 1 ] DEBUG TilesetLoader        - Created buffer with size 960.0x640.0
21:00:50.418 [FXGL Background Thread 1 ] DEBUG TMXLevelLoader       - Creating object layer entities
21:00:50.419 [FXGL Background Thread 1 ] DEBUG GameWorld            - Clearing removable entities
21:00:50.420 [FXGL Background Thread 1 ] DEBUG GameWorld            - Setting level: com.almasb.fxgl.entity.level.Level@deb5224
21:00:50.425 [FXGL Background Thread 1 ] INFO  FXGLApplication      - Game initialization took: 0,350 sec
21:00:50.428 [JavaFX Application Thread] DEBUG Input                - Clearing active input actions
21:00:50.445 [JavaFX Application Thread] DEBUG GameApplicationServi - Removing overlay from FXGLLoadingScene and adding to GameScene
21:00:50.446 [JavaFX Application Thread] DEBUG PrimaryStageWindow   - FXGLLoadingScene -> GameScene
21:00:50.590 [FXGL Background Thread 2 ] INFO  UpdaterService       - Your current version:  17.2
21:00:50.590 [FXGL Background Thread 2 ] INFO  UpdaterService       - Latest stable version: 17.3
21:00:52.992 [FXGL Background Thread 3 ] DEBUG Engine               - Logging environment variables
21:00:52.993 [FXGL Background Thread 3 ] DEBUG Engine               - achievements: []
21:00:52.993 [FXGL Background Thread 3 ] DEBUG Engine               - actualHeight: 815.0
21:00:52.993 [FXGL Background Thread 3 ] DEBUG Engine               - actualHeightProperty: ReadOnlyDoubleProperty [value: 815.0]
21:00:52.993 [FXGL Background Thread 3 ] DEBUG Engine               - actualWidth: 1034.0
21:00:52.993 [FXGL Background Thread 3 ] DEBUG Engine               - actualWidthProperty: ReadOnlyDoubleProperty [value: 1034.0]
21:00:52.993 [FXGL Background Thread 3 ] DEBUG Engine               - appIcon: fxgl_icon.png
21:00:52.993 [FXGL Background Thread 3 ] DEBUG Engine               - applicationMode: DEVELOPER
21:00:52.993 [FXGL Background Thread 3 ] DEBUG Engine               - cSSList: [fxgl_dark.css]
21:00:52.993 [FXGL Background Thread 3 ] DEBUG Engine               - collisionDetectionStrategy: BRUTE_FORCE
21:00:52.994 [FXGL Background Thread 3 ] DEBUG Engine               - configClass: Optional.empty
21:00:52.994 [FXGL Background Thread 3 ] DEBUG Engine               - credits: []
21:00:52.994 [FXGL Background Thread 3 ] DEBUG Engine               - defaultCursor: CursorInfo(imageName=fxgl_default_cursor.png, hotspotX=7.0, hotspotY=6.0)
21:00:52.994 [FXGL Background Thread 3 ] DEBUG Engine               - devBBoxColorProperty: ObjectProperty [value: 0xff0000ff]
21:00:52.994 [FXGL Background Thread 3 ] DEBUG Engine               - devEnableDebugCameraProperty: BooleanProperty [value: false]
21:00:52.995 [FXGL Background Thread 3 ] DEBUG Engine               - devSensorColorProperty: ObjectProperty [value: 0xffff00ff]
21:00:52.995 [FXGL Background Thread 3 ] DEBUG Engine               - devShowBBoxProperty: BooleanProperty [value: false]
21:00:52.995 [FXGL Background Thread 3 ] DEBUG Engine               - devShowPositionProperty: BooleanProperty [value: false]
21:00:52.995 [FXGL Background Thread 3 ] DEBUG Engine               - enabledMenuItems: []
21:00:52.995 [FXGL Background Thread 3 ] DEBUG Engine               - engineServices: [class com.almasb.fxgl.app.services.FXGLAssetLoaderService, class com.almasb.fxgl.app.FXGLApplication$GameApplicationService, class com.almasb.fxgl.app.services.FXGLDialogService, class com.almasb.fxgl.app.services.IOTaskExecutorService, class com.almasb.fxgl.io.FileSystemService, class com.almasb.fxgl.localization.LocalizationService, class com.almasb.fxgl.app.services.SystemBundleService, class com.almasb.fxgl.profile.SaveLoadService, class com.almasb.fxgl.ui.FXGLUIFactoryServiceProvider, class com.almasb.fxgl.ui.FXGLDialogFactoryServiceProvider, class com.almasb.fxgl.audio.AudioPlayer, class com.almasb.fxgl.notification.impl.NotificationServiceProvider, class com.almasb.fxgl.achievement.AchievementService, class com.almasb.fxgl.cutscene.CutsceneService, class com.almasb.fxgl.minigames.MiniGameService, class com.almasb.fxgl.net.NetService, class com.almasb.fxgl.app.services.UpdaterService, class com.almasb.fxgl.dev.DevService]
21:00:52.995 [FXGL Background Thread 3 ] DEBUG Engine               - fontGame: Abel-Regular.ttf
21:00:52.995 [FXGL Background Thread 3 ] DEBUG Engine               - fontMono: TerminalLandMono-Regular.otf
21:00:52.995 [FXGL Background Thread 3 ] DEBUG Engine               - fontText: Courier-Prime.ttf
21:00:52.995 [FXGL Background Thread 3 ] DEBUG Engine               - fontUI: VarelaRound-Regular.ttf
21:00:52.995 [FXGL Background Thread 3 ] DEBUG Engine               - fullScreen: BooleanProperty [value: false]
21:00:52.995 [FXGL Background Thread 3 ] DEBUG Engine               - gameDifficulty: MEDIUM
21:00:52.995 [FXGL Background Thread 3 ] DEBUG Engine               - gameDifficultyProperty: ObjectProperty [value: MEDIUM]
21:00:52.995 [FXGL Background Thread 3 ] DEBUG Engine               - globalMusicVolume: 0.5
21:00:52.995 [FXGL Background Thread 3 ] DEBUG Engine               - globalMusicVolumeProperty: DoubleProperty [value: 0.5]
21:00:52.995 [FXGL Background Thread 3 ] DEBUG Engine               - globalSoundVolume: 0.5
21:00:52.995 [FXGL Background Thread 3 ] DEBUG Engine               - globalSoundVolumeProperty: DoubleProperty [value: 0.5]
21:00:52.995 [FXGL Background Thread 3 ] DEBUG Engine               - height: 2080
21:00:52.996 [FXGL Background Thread 3 ] DEBUG Engine               - is3D: false
21:00:52.996 [FXGL Background Thread 3 ] DEBUG Engine               - isAndroid: false
21:00:52.996 [FXGL Background Thread 3 ] DEBUG Engine               - isBrowser: false
21:00:52.996 [FXGL Background Thread 3 ] DEBUG Engine               - isClickFeedbackEnabled: false
21:00:52.996 [FXGL Background Thread 3 ] DEBUG Engine               - isCloseConfirmation: false
21:00:52.996 [FXGL Background Thread 3 ] DEBUG Engine               - isDesktop: true
21:00:52.996 [FXGL Background Thread 3 ] DEBUG Engine               - isDeveloperMenuEnabled: false
21:00:52.996 [FXGL Background Thread 3 ] DEBUG Engine               - isEmbedded: false
21:00:52.996 [FXGL Background Thread 3 ] DEBUG Engine               - isEntityPreloadEnabled: true
21:00:52.996 [FXGL Background Thread 3 ] DEBUG Engine               - isExperimentalTiledLargeMap: false
21:00:52.996 [FXGL Background Thread 3 ] DEBUG Engine               - isFileSystemWriteAllowed: true
21:00:52.996 [FXGL Background Thread 3 ] DEBUG Engine               - isFullScreenAllowed: false
21:00:52.996 [FXGL Background Thread 3 ] DEBUG Engine               - isFullScreenFromStart: false
21:00:52.996 [FXGL Background Thread 3 ] DEBUG Engine               - isGameMenuEnabled: true
21:00:52.996 [FXGL Background Thread 3 ] DEBUG Engine               - isIOS: false
21:00:52.997 [FXGL Background Thread 3 ] DEBUG Engine               - isIntroEnabled: false
21:00:52.997 [FXGL Background Thread 3 ] DEBUG Engine               - isLinux: false
21:00:52.997 [FXGL Background Thread 3 ] DEBUG Engine               - isMac: false
21:00:52.997 [FXGL Background Thread 3 ] DEBUG Engine               - isMainMenuEnabled: false
21:00:52.997 [FXGL Background Thread 3 ] DEBUG Engine               - isManualResizeEnabled: false
21:00:52.997 [FXGL Background Thread 3 ] DEBUG Engine               - isMobile: false
21:00:52.997 [FXGL Background Thread 3 ] DEBUG Engine               - isNative: false
21:00:52.997 [FXGL Background Thread 3 ] DEBUG Engine               - isPauseMusicWhenMinimized: true
21:00:52.997 [FXGL Background Thread 3 ] DEBUG Engine               - isPreserveResizeRatio: false
21:00:52.997 [FXGL Background Thread 3 ] DEBUG Engine               - isProfilingEnabled: false
21:00:52.997 [FXGL Background Thread 3 ] DEBUG Engine               - isScaleAffectedOnResize: true
21:00:52.997 [FXGL Background Thread 3 ] DEBUG Engine               - isSingleStep: false
21:00:52.997 [FXGL Background Thread 3 ] DEBUG Engine               - isUserProfileEnabled: false
21:00:52.997 [FXGL Background Thread 3 ] DEBUG Engine               - isWindows: true
21:00:52.997 [FXGL Background Thread 3 ] DEBUG Engine               - language: ObjectProperty [value: ENGLISH]
21:00:52.997 [FXGL Background Thread 3 ] DEBUG Engine               - menuKey: ESCAPE
21:00:52.997 [FXGL Background Thread 3 ] DEBUG Engine               - mouseSensitivity: 0.2
21:00:52.997 [FXGL Background Thread 3 ] DEBUG Engine               - notificationViewClass: class com.almasb.fxgl.notification.view.XboxNotificationView
21:00:52.997 [FXGL Background Thread 3 ] DEBUG Engine               - pixelsPerMeter: 50.0
21:00:52.998 [FXGL Background Thread 3 ] DEBUG Engine               - platform: WINDOWS
21:00:52.998 [FXGL Background Thread 3 ] DEBUG Engine               - prefHeightProperty: ReadOnlyDoubleProperty [value: 2080.0]
21:00:52.998 [FXGL Background Thread 3 ] DEBUG Engine               - prefWidthProperty: ReadOnlyDoubleProperty [value: 2700.0]
21:00:52.998 [FXGL Background Thread 3 ] DEBUG Engine               - profileDir: profiles/
21:00:52.998 [FXGL Background Thread 3 ] DEBUG Engine               - profileName: StringProperty [value: DEFAULT]
21:00:52.998 [FXGL Background Thread 3 ] DEBUG Engine               - randomSeed: -1
21:00:52.998 [FXGL Background Thread 3 ] DEBUG Engine               - runtimeInfo: RuntimeInfo(platform=WINDOWS, version=17.2, build=20.08.2022 16.50)
21:00:52.998 [FXGL Background Thread 3 ] DEBUG Engine               - saveFileExt: sav
21:00:52.998 [FXGL Background Thread 3 ] DEBUG Engine               - scaledHeightProp$fxgl: DoubleProperty [bound, value: 815.0]
21:00:52.998 [FXGL Background Thread 3 ] DEBUG Engine               - scaledWidthProp$fxgl: DoubleProperty [bound, value: 1034.0]
21:00:52.998 [FXGL Background Thread 3 ] DEBUG Engine               - sceneFactory: com.almasb.fxgl.app.scene.SceneFactory@629efc83
21:00:52.998 [FXGL Background Thread 3 ] DEBUG Engine               - secondsIn24h: 60
21:00:52.999 [FXGL Background Thread 3 ] DEBUG Engine               - soundMenuBack: menu/back.wav
21:00:52.999 [FXGL Background Thread 3 ] DEBUG Engine               - soundMenuPress: menu/press.wav
21:00:52.999 [FXGL Background Thread 3 ] DEBUG Engine               - soundMenuSelect: menu/select.wav
21:00:52.999 [FXGL Background Thread 3 ] DEBUG Engine               - soundNotification: core/notification.wav
21:00:52.999 [FXGL Background Thread 3 ] DEBUG Engine               - stageStyle: DECORATED
21:00:52.999 [FXGL Background Thread 3 ] DEBUG Engine               - supportedLanguages: [ENGLISH, FRENCH, GERMAN, HUNGARIAN, RUSSIAN]
21:00:52.999 [FXGL Background Thread 3 ] DEBUG Engine               - ticksPerSecond: -1
21:00:52.999 [FXGL Background Thread 3 ] DEBUG Engine               - title: Fallout Tower Defense
21:00:52.999 [FXGL Background Thread 3 ] DEBUG Engine               - urlGithub: https://github.com/AlmasB/FXGL
21:00:52.999 [FXGL Background Thread 3 ] DEBUG Engine               - urlLeaderboard: http://fxgl-top.herokuapp.com/
21:00:52.999 [FXGL Background Thread 3 ] DEBUG Engine               - urlPOM: https://raw.githubusercontent.com/AlmasB/FXGL/release/README.md
21:00:52.999 [FXGL Background Thread 3 ] DEBUG Engine               - userAppClass: class fallout.proyecto_poo.FalloutTDApplication
21:00:52.999 [FXGL Background Thread 3 ] DEBUG Engine               - version: 0.0
21:00:52.999 [FXGL Background Thread 3 ] DEBUG Engine               - versionCheckDays: 7
21:00:52.999 [FXGL Background Thread 3 ] DEBUG Engine               - width: 2700
21:00:52.999 [FXGL Background Thread 3 ] DEBUG Engine               - Logging services
21:00:52.999 [FXGL Background Thread 3 ] DEBUG Engine               - class com.almasb.fxgl.app.services.FXGLAssetLoaderService
21:00:52.999 [FXGL Background Thread 3 ] DEBUG Engine               - class com.almasb.fxgl.app.FXGLApplication$GameApplicationService
21:00:52.999 [FXGL Background Thread 3 ] DEBUG Engine               - class com.almasb.fxgl.app.services.FXGLDialogService
21:00:53.000 [FXGL Background Thread 3 ] DEBUG Engine               - class com.almasb.fxgl.app.services.IOTaskExecutorService
21:00:53.000 [FXGL Background Thread 3 ] DEBUG Engine               - class com.almasb.fxgl.io.FileSystemService
21:00:53.000 [FXGL Background Thread 3 ] DEBUG Engine               - class com.almasb.fxgl.localization.LocalizationService
21:00:53.000 [FXGL Background Thread 3 ] DEBUG Engine               - class com.almasb.fxgl.app.services.SystemBundleService
21:00:53.000 [FXGL Background Thread 3 ] DEBUG Engine               - class com.almasb.fxgl.profile.SaveLoadService
21:00:53.000 [FXGL Background Thread 3 ] DEBUG Engine               - class com.almasb.fxgl.ui.FXGLUIFactoryServiceProvider
21:00:53.000 [FXGL Background Thread 3 ] DEBUG Engine               - class com.almasb.fxgl.ui.FXGLDialogFactoryServiceProvider
21:00:53.000 [FXGL Background Thread 3 ] DEBUG Engine               - class com.almasb.fxgl.audio.AudioPlayer
21:00:53.000 [FXGL Background Thread 3 ] DEBUG Engine               - class com.almasb.fxgl.notification.impl.NotificationServiceProvider
21:00:53.000 [FXGL Background Thread 3 ] DEBUG Engine               - class com.almasb.fxgl.achievement.AchievementService
21:00:53.000 [FXGL Background Thread 3 ] DEBUG Engine               - class com.almasb.fxgl.cutscene.CutsceneService
21:00:53.000 [FXGL Background Thread 3 ] DEBUG Engine               - class com.almasb.fxgl.minigames.MiniGameService
21:00:53.000 [FXGL Background Thread 3 ] DEBUG Engine               - class com.almasb.fxgl.net.NetService
21:00:53.000 [FXGL Background Thread 3 ] DEBUG Engine               - class com.almasb.fxgl.app.services.UpdaterService
21:00:53.000 [FXGL Background Thread 3 ] DEBUG Engine               - class com.almasb.fxgl.dev.DevService
21:00:55.063 [JavaFX Application Thread] DEBUG FXGLApplication      - Exiting FXGL
21:00:55.063 [JavaFX Application Thread] DEBUG LoopRunner           - Stopping loop
21:00:55.064 [JavaFX Application Thread] DEBUG SystemBundleService  - Saving FXGL system data
21:00:55.071 [JavaFX Application Thread] DEBUG FileSystemAccess     - Writing to: C:\Users\hesto\IdeaProjects\Proyecto_POO-andresBranch\system\fxgl.bundle
21:00:55.078 [JavaFX Application Thread] DEBUG Async                - Shutting down background threads
21:00:55.080 [JavaFX Application Thread] DEBUG PrimaryStageWindow   - Closing main window
21:00:55.128 [JavaFX Application Thread] DEBUG Logger               - Closing Logger
