20:21:46.827 [main                     ] DEBUG Logger               - Configured Logger
20:21:46.846 [main                     ] DEBUG GameApplication      - Logging settings
Title: Fallout Tower Defense
Version: 0.0
Width: 960
Height: 640
Fullscreen: false
Intro: false
Profiling: false
Single step:false
App Mode: DEVELOPER
Menu Key: ESCAPE
Stage Style: DECORATED
Scene Factory: class com.almasb.fxgl.app.scene.SceneFactory

20:21:47.178 [JavaFX Application Thread] DEBUG FXGLApplication      - Initializing FXGL
20:21:47.182 [JavaFX Application Thread] INFO  Engine               - FXGL-17.2 (20.08.2022 16.50) on WINDOWS (J:21.0.1 FX:20.0.1)
20:21:47.182 [JavaFX Application Thread] DEBUG Engine               - JRE Vendor Name: Oracle Corporation
20:21:47.182 [JavaFX Application Thread] DEBUG Engine               - Running on OS: Windows 11 version 10.0
20:21:47.182 [JavaFX Application Thread] DEBUG Engine               - Architecture: amd64
20:21:47.182 [JavaFX Application Thread] INFO  Engine               - Source code and latest versions at: https://github.com/AlmasB/FXGL
20:21:47.182 [JavaFX Application Thread] INFO  Engine               -       Ask questions and discuss at: https://github.com/AlmasB/FXGL/discussions
20:21:47.182 [JavaFX Application Thread] INFO  Engine               -              Join the FXGL chat at: https://gitter.im/AlmasB/FXGL
20:21:47.259 [JavaFX Application Thread] DEBUG PrimaryStageWindow   - Creating a JavaFX scene
20:21:47.294 [JavaFX Application Thread] DEBUG PrimaryStageWindow   - Target settings size: 960.0 x 640.0
20:21:47.294 [JavaFX Application Thread] DEBUG PrimaryStageWindow   - Scaled scene size:    960.0 x 640.0
20:21:47.294 [JavaFX Application Thread] DEBUG PrimaryStageWindow   - Scaled ratio: (1.0, 1.0)
20:21:47.295 [JavaFX Application Thread] DEBUG PrimaryStageWindow   - Set initial scene to FXGLStartupScene
20:21:47.297 [JavaFX Application Thread] DEBUG PrimaryStageWindow   - Opening main window
20:21:47.368 [JavaFX Application Thread] DEBUG PrimaryStageWindow   - Window border size: (16.0, 39.0)
20:21:47.369 [JavaFX Application Thread] DEBUG PrimaryStageWindow   - Scaled size: 960.0 x 640.0
20:21:47.369 [JavaFX Application Thread] DEBUG PrimaryStageWindow   - Scaled ratio: (1.0, 1.0)
20:21:47.369 [JavaFX Application Thread] DEBUG PrimaryStageWindow   - Scene size: 960.0 x 640.0
20:21:47.369 [JavaFX Application Thread] DEBUG PrimaryStageWindow   - Stage size: 976.0 x 679.0
20:21:47.374 [FXGL Background Thread 1 ] DEBUG Engine               - Initializing environment variables
20:21:47.413 [FXGL Background Thread 1 ] DEBUG FXGLAssetLoaderServi - User app class for loading assets: class fallout.proyecto_poo.FalloutTDApplication
20:21:47.413 [FXGL Background Thread 1 ] DEBUG GameApplicationServi - Applying CSS: fxgl_dark.css
20:21:47.414 [FXGL Background Thread 1 ] DEBUG FXGLAssetLoaderServi - Loading from file system: jar:file:///C:/Users/xdan1/.m2/repository/com/github/almasb/fxgl/17.2/fxgl-17.2.jar!/fxglassets/ui/css/fxgl_dark.css
20:21:47.448 [FXGL Background Thread 1 ] DEBUG GameApplicationServi - Initializing application scenes
20:21:47.473 [FXGL Background Thread 1 ] DEBUG GameWorld            - Game world initialized
20:21:47.524 [FXGL Background Thread 1 ] DEBUG PhysicsWorld         - Physics world initialized: appHeight=640, physics.ppm=50,0
20:21:47.525 [FXGL Background Thread 1 ] DEBUG PhysicsWorld         - Using strategy: BRUTE_FORCE
20:21:47.527 [FXGL Background Thread 1 ] DEBUG GameScene            - Game scene initialized: 960x640
20:21:47.533 [FXGL Background Thread 1 ] DEBUG FXGL.DefaultMenu     - createMenuBodyMainMenu()
20:21:47.541 [FXGL Background Thread 1 ] DEBUG FXGL.DefaultMenu     - createOptionsMenu()
20:21:47.548 [FXGL Background Thread 1 ] DEBUG FXGLAssetLoaderServi - Loading from file system: jar:file:///C:/Users/xdan1/.m2/repository/com/github/almasb/fxgl/17.2/fxgl-17.2.jar!/fxglassets/textures/particles/smoke.png
20:21:47.629 [FXGL Background Thread 1 ] DEBUG FXGLAssetLoaderServi - Loading from file system: jar:file:///C:/Users/xdan1/.m2/repository/com/github/almasb/fxgl/17.2/fxgl-17.2.jar!/fxglassets/textures/particles/trace_horizontal.png
20:21:47.652 [FXGL Background Thread 1 ] DEBUG FXGL.DefaultMenu     - createMenuBodyGameMenu()
20:21:47.653 [FXGL Background Thread 1 ] DEBUG FXGL.DefaultMenu     - createOptionsMenu()
20:21:47.662 [FXGL Background Thread 1 ] DEBUG GameApplicationServi - Application scenes initialized
20:21:47.672 [FXGL Background Thread 1 ] DEBUG SystemBundleService  - Loading FXGL system data
20:21:47.675 [FXGL Background Thread 1 ] DEBUG FileSystemAccess     - Reading from: C:\Users\xdan1\OneDrive\Documentos\IdeaProjects\Proyecto_POO\system\fxgl.bundle
20:21:47.686 [FXGL Background Thread 1 ] DEBUG SystemBundleService  - Bundle FXGL: {}
20:21:47.686 [FXGL Background Thread 1 ] DEBUG UpdaterService       - Checking for updates
20:21:47.690 [FXGL Background Thread 4 ] DEBUG FXGLApplication      - Loading fonts
20:21:47.690 [FXGL Background Thread 4 ] DEBUG FXGLAssetLoaderServi - Loading from file system: jar:file:///C:/Users/xdan1/.m2/repository/com/github/almasb/fxgl/17.2/fxgl-17.2.jar!/fxglassets/ui/fonts/VarelaRound-Regular.ttf
20:21:47.690 [FXGL Background Thread 1 ] DEBUG FXGLApplication      - Loading default localization
20:21:47.691 [FXGL Background Thread 1 ] DEBUG FXGLAssetLoaderServi - Loading from file system: jar:file:///C:/Users/xdan1/.m2/repository/com/github/almasb/fxgl/17.2/fxgl-17.2.jar!/fxglassets/languages/english.lang
20:21:47.721 [FXGL Background Thread 1 ] INFO  FXGLApplication      - FXGL initialization took: 0,347 sec
20:21:47.724 [FXGL Background Thread 4 ] DEBUG FXGLAssetLoaderServi - Loading from file system: jar:file:///C:/Users/xdan1/.m2/repository/com/github/almasb/fxgl/17.2/fxgl-17.2.jar!/fxglassets/ui/fonts/Abel-Regular.ttf
20:21:47.728 [JavaFX Application Thread] DEBUG Input                - Registered new binding: action0 - LMB
20:21:47.728 [JavaFX Application Thread] DEBUG FXGLAssetLoaderServi - Loading from file system: jar:file:///C:/Users/xdan1/.m2/repository/com/github/almasb/fxgl/17.2/fxgl-17.2.jar!/fxglassets/textures/fxgl_icon.png
20:21:47.732 [FXGL Background Thread 4 ] DEBUG FXGLAssetLoaderServi - Loading from file system: jar:file:///C:/Users/xdan1/.m2/repository/com/github/almasb/fxgl/17.2/fxgl-17.2.jar!/fxglassets/ui/fonts/TerminalLandMono-Regular.otf
20:21:47.741 [FXGL Background Thread 4 ] DEBUG FXGLAssetLoaderServi - Loading from file system: jar:file:///C:/Users/xdan1/.m2/repository/com/github/almasb/fxgl/17.2/fxgl-17.2.jar!/fxglassets/ui/fonts/Courier-Prime.ttf
20:21:47.750 [JavaFX Application Thread] DEBUG FXGLAssetLoaderServi - Loading from file system: jar:file:///C:/Users/xdan1/.m2/repository/com/github/almasb/fxgl/17.2/fxgl-17.2.jar!/fxglassets/textures/fxgl_default_cursor.png
20:21:47.757 [JavaFX Application Thread] DEBUG Input                - Registered new binding: Screenshot - CTRL+8
20:21:47.758 [JavaFX Application Thread] DEBUG Input                - Registered new binding: System info dump - CTRL+9
20:21:47.758 [JavaFX Application Thread] DEBUG Input                - Registered new binding: Restart - CTRL+R
20:21:47.758 [JavaFX Application Thread] DEBUG Input                - Registered new binding: Toggle Debug Camera - CTRL+7
20:21:47.759 [JavaFX Application Thread] DEBUG LoopRunner           - Starting loop
20:21:47.759 [JavaFX Application Thread] DEBUG LoopRunner           - Initializing JavaFX AnimationTimerLoop
20:21:47.762 [JavaFX Application Thread] DEBUG Input                - Clearing active input actions
20:21:47.768 [JavaFX Application Thread] DEBUG GameApplicationServi - Removing overlay from FXGLStartupScene and adding to FXGLMainMenuDummyScene
20:21:47.768 [JavaFX Application Thread] DEBUG PrimaryStageWindow   - FXGLStartupScene -> FXGLMainMenuDummyScene
20:21:47.768 [JavaFX Application Thread] DEBUG PrimaryStageWindow   - Push state: FXGLDefaultMenu
20:21:47.782 [JavaFX Application Thread] DEBUG Input                - Clearing active input actions
20:21:47.795 [JavaFX Application Thread] DEBUG GameApplicationServi - Removing overlay from FXGLMainMenuDummyScene and adding to FXGLDefaultMenu
20:21:47.795 [JavaFX Application Thread] DEBUG PrimaryStageWindow   - FXGLMainMenuDummyScene -> FXGLDefaultMenu
20:21:47.804 [JavaFX Application Thread] DEBUG FXGLApplication      - Registering font factories with UI factory
20:21:48.141 [FXGL Background Thread 2 ] INFO  UpdaterService       - Your current version:  17.2
20:21:48.142 [FXGL Background Thread 2 ] INFO  UpdaterService       - Latest stable version: 17.3
20:21:48.534 [JavaFX Application Thread] DEBUG Menu                 - fireNewGame()
20:21:48.534 [JavaFX Application Thread] DEBUG GameApplicationServi - Starting new game
20:21:48.536 [JavaFX Application Thread] DEBUG PrimaryStageWindow   - Pop state: FXGLDefaultMenu
20:21:48.536 [JavaFX Application Thread] DEBUG Input                - Clearing active input actions
20:21:48.536 [JavaFX Application Thread] DEBUG GameApplicationServi - Removing overlay from FXGLDefaultMenu and adding to FXGLMainMenuDummyScene
20:21:48.538 [JavaFX Application Thread] DEBUG PrimaryStageWindow   - FXGLMainMenuDummyScene <- FXGLDefaultMenu
20:21:48.538 [JavaFX Application Thread] DEBUG Input                - Clearing active input actions
20:21:48.547 [JavaFX Application Thread] DEBUG GameApplicationServi - Removing overlay from FXGLMainMenuDummyScene and adding to FXGLLoadingScene
20:21:48.547 [JavaFX Application Thread] DEBUG PrimaryStageWindow   - FXGLMainMenuDummyScene -> FXGLLoadingScene
20:21:48.547 [JavaFX Application Thread] DEBUG GameApplicationServi - Clearing previous game
20:21:48.547 [JavaFX Application Thread] DEBUG GameScene            - Clearing game scene
20:21:48.547 [JavaFX Application Thread] DEBUG GameWorld            - Clearing game world
20:21:48.547 [JavaFX Application Thread] DEBUG PhysicsWorld         - Clearing physics world
20:21:48.548 [FXGL Background Thread 2 ] DEBUG FXGLApplication      - Initializing game
20:21:48.576 [FXGL Background Thread 2 ] WARN  TMXLevelLoader       - TiledMap generated from 1.10.2. Supported version: 1.9.0. Some features may not be parsed fully.
20:21:48.592 [FXGL Background Thread 2 ] DEBUG TMXLevelLoader       - Parsed TiledMap: file:/C:/Users/xdan1/OneDrive/Documentos/IdeaProjects/Proyecto_POO/target/classes/assets/levels/tmx/fallout.tmx
20:21:48.593 [FXGL Background Thread 2 ] DEBUG TMXLevelLoader       - Creating tile layer entities
20:21:48.595 [FXGL Background Thread 2 ] DEBUG TilesetLoader        - Loading view for layer ground
20:21:48.596 [FXGL Background Thread 2 ] DEBUG TilesetLoader        - Created buffer with size 960.0x640.0
20:21:48.605 [FXGL Background Thread 2 ] DEBUG TilesetLoader        - Loading view for layer path
20:21:48.606 [FXGL Background Thread 2 ] DEBUG TilesetLoader        - Created buffer with size 960.0x640.0
20:21:48.609 [FXGL Background Thread 2 ] DEBUG TilesetLoader        - Loading view for layer decor
20:21:48.610 [FXGL Background Thread 2 ] DEBUG TilesetLoader        - Created buffer with size 960.0x640.0
20:21:48.611 [FXGL Background Thread 2 ] DEBUG TMXLevelLoader       - Creating object layer entities
20:21:48.622 [FXGL Background Thread 2 ] DEBUG GameWorld            - Clearing removable entities
20:21:48.622 [FXGL Background Thread 2 ] DEBUG GameWorld            - Setting level: com.almasb.fxgl.entity.level.Level@22a0a464
20:21:48.628 [FXGL Background Thread 2 ] DEBUG FXGLAssetLoaderServi - Loading JSON from: file:/C:/Users/xdan1/OneDrive/Documentos/IdeaProjects/Proyecto_POO/target/classes/assets/json/waves/wave1.json
20:21:48.760 [FXGL Background Thread 2 ] DEBUG FXGLAssetLoaderServi - Loading JSON from: file:/C:/Users/xdan1/OneDrive/Documentos/IdeaProjects/Proyecto_POO/target/classes/assets/json/waves/wave2.json
20:21:48.761 [FXGL Background Thread 2 ] DEBUG FXGLAssetLoaderServi - Loading JSON from: file:/C:/Users/xdan1/OneDrive/Documentos/IdeaProjects/Proyecto_POO/target/classes/assets/json/waves/wave3.json
20:21:48.762 [FXGL Background Thread 2 ] DEBUG FXGLAssetLoaderServi - Loading JSON from: file:/C:/Users/xdan1/OneDrive/Documentos/IdeaProjects/Proyecto_POO/target/classes/assets/json/enemy/scorpion.json
20:21:48.766 [FXGL Background Thread 2 ] DEBUG FXGLAssetLoaderServi - Loading JSON from: file:/C:/Users/xdan1/OneDrive/Documentos/IdeaProjects/Proyecto_POO/target/classes/assets/json/enemy/scorpion.json
20:21:48.768 [JavaFX Application Thread] DEBUG LoopRunner           - Stopping loop
20:21:48.770 [JavaFX Application Thread] FATAL FXGLApplication      - Uncaught Exception:
java.lang.RuntimeException: Initialization failed
	at com.almasb.fxgl.all@17.2/com.almasb.fxgl.app.FXGLApplication$InitAppTask.failed(FXGLApplication.kt:343)
	at javafx.graphics@20.0.1/javafx.concurrent.Task.setState(Task.java:710)
	at javafx.graphics@20.0.1/javafx.concurrent.Task$TaskCallable.lambda$call$2(Task.java:1456)
	at javafx.graphics@20.0.1/com.sun.javafx.application.PlatformImpl.lambda$runLater$10(PlatformImpl.java:456)
	at java.base/java.security.AccessController.doPrivileged(AccessController.java:400)
	at javafx.graphics@20.0.1/com.sun.javafx.application.PlatformImpl.lambda$runLater$11(PlatformImpl.java:455)
	at javafx.graphics@20.0.1/com.sun.glass.ui.InvokeLaterDispatcher$Future.run(InvokeLaterDispatcher.java:95)
	at javafx.graphics@20.0.1/com.sun.glass.ui.win.WinApplication._runLoop(Native Method)
	at javafx.graphics@20.0.1/com.sun.glass.ui.win.WinApplication.lambda$runLoop$3(WinApplication.java:185)
	at java.base/java.lang.Thread.run(Thread.java:1583)
Caused by: java.lang.ArrayIndexOutOfBoundsException: Index 3 out of bounds for length 3
	at java.base/java.util.ImmutableCollections$ListN.get(ImmutableCollections.java:687)
	at fallout.proyecto_poo/fallout.proyecto_poo.FalloutTDApplication.scheduleNextWave(FalloutTDApplication.java:89)
	at fallout.proyecto_poo/fallout.proyecto_poo.FalloutTDApplication.loadCurrentLevel(FalloutTDApplication.java:80)
	at fallout.proyecto_poo/fallout.proyecto_poo.FalloutTDApplication.initGame(FalloutTDApplication.java:68)
	at com.almasb.fxgl.all@17.2/com.almasb.fxgl.app.FXGLApplication$InitAppTask.initGame(FXGLApplication.kt:339)
	at com.almasb.fxgl.all@17.2/com.almasb.fxgl.app.FXGLApplication$InitAppTask.call(FXGLApplication.kt:319)
	at com.almasb.fxgl.all@17.2/com.almasb.fxgl.app.FXGLApplication$InitAppTask.call(FXGLApplication.kt:311)
	at javafx.graphics@20.0.1/javafx.concurrent.Task$TaskCallable.call(Task.java:1426)
	at java.base/java.util.concurrent.FutureTask.run(FutureTask.java:317)
	at java.base/java.util.concurrent.Executors$RunnableAdapter.call(Executors.java:572)
	at java.base/java.util.concurrent.FutureTask.run(FutureTask.java:317)
	at java.base/java.util.concurrent.ThreadPoolExecutor.runWorker(ThreadPoolExecutor.java:1144)
	at java.base/java.util.concurrent.ThreadPoolExecutor$Worker.run(ThreadPoolExecutor.java:642)
	... 1 more

20:21:48.770 [JavaFX Application Thread] FATAL FXGLApplication      - Application will now exit
20:21:48.780 [JavaFX Application Thread] DEBUG PrimaryStageWindow   - Push state: ErrorSubScene
20:21:48.780 [JavaFX Application Thread] DEBUG Input                - Clearing active input actions
20:21:48.782 [JavaFX Application Thread] DEBUG GameApplicationServi - Removing overlay from FXGLLoadingScene and adding to ErrorSubScene
20:21:48.782 [JavaFX Application Thread] DEBUG PrimaryStageWindow   - FXGLLoadingScene -> ErrorSubScene
20:21:50.173 [JavaFX Application Thread] DEBUG FXGLApplication      - Exiting FXGL
20:21:50.173 [JavaFX Application Thread] DEBUG Async                - Shutting down background threads
20:21:50.173 [JavaFX Application Thread] DEBUG PrimaryStageWindow   - Closing main window
20:21:50.187 [JavaFX Application Thread] DEBUG Logger               - Closing Logger
