23:08:18.940 [main                     ] DEBUG Logger               - Configured Logger
23:08:18.962 [main                     ] DEBUG GameApplication      - Logging settings
Title: Fallout Tower Defense
Version: 0.0
Width: 960
Height: 640
Fullscreen: false
Intro: false
Profiling: false
Single step:false
App Mode: DEVELOPER
Menu Key: ESCAPE
Stage Style: DECORATED
Scene Factory: class com.almasb.fxgl.app.scene.SceneFactory

23:08:19.360 [JavaFX Application Thread] DEBUG FXGLApplication      - Initializing FXGL
23:08:19.363 [JavaFX Application Thread] INFO  Engine               - FXGL-17.2 (20.08.2022 16.50) on WINDOWS (J:21.0.1 FX:20.0.1)
23:08:19.364 [JavaFX Application Thread] DEBUG Engine               - JRE Vendor Name: Oracle Corporation
23:08:19.364 [JavaFX Application Thread] DEBUG Engine               - Running on OS: Windows 11 version 10.0
23:08:19.364 [JavaFX Application Thread] DEBUG Engine               - Architecture: amd64
23:08:19.364 [JavaFX Application Thread] INFO  Engine               - Source code and latest versions at: https://github.com/AlmasB/FXGL
23:08:19.364 [JavaFX Application Thread] INFO  Engine               -       Ask questions and discuss at: https://github.com/AlmasB/FXGL/discussions
23:08:19.364 [JavaFX Application Thread] INFO  Engine               -              Join the FXGL chat at: https://gitter.im/AlmasB/FXGL
23:08:19.429 [JavaFX Application Thread] DEBUG PrimaryStageWindow   - Creating a JavaFX scene
23:08:19.461 [JavaFX Application Thread] DEBUG PrimaryStageWindow   - Target settings size: 960.0 x 640.0
23:08:19.462 [JavaFX Application Thread] DEBUG PrimaryStageWindow   - Scaled scene size:    960.0 x 640.0
23:08:19.462 [JavaFX Application Thread] DEBUG PrimaryStageWindow   - Scaled ratio: (1.0, 1.0)
23:08:19.462 [JavaFX Application Thread] DEBUG PrimaryStageWindow   - Set initial scene to FXGLStartupScene
23:08:19.465 [JavaFX Application Thread] DEBUG PrimaryStageWindow   - Opening main window
23:08:19.547 [JavaFX Application Thread] DEBUG PrimaryStageWindow   - Window border size: (16.0, 39.0)
23:08:19.547 [JavaFX Application Thread] DEBUG PrimaryStageWindow   - Scaled size: 960.0 x 640.0
23:08:19.547 [JavaFX Application Thread] DEBUG PrimaryStageWindow   - Scaled ratio: (1.0, 1.0)
23:08:19.547 [JavaFX Application Thread] DEBUG PrimaryStageWindow   - Scene size: 960.0 x 640.0
23:08:19.547 [JavaFX Application Thread] DEBUG PrimaryStageWindow   - Stage size: 976.0 x 679.0
23:08:19.553 [FXGL Background Thread 1 ] DEBUG Engine               - Initializing environment variables
23:08:19.594 [FXGL Background Thread 1 ] DEBUG FXGLAssetLoaderServi - User app class for loading assets: class fallout.proyecto_poo.FalloutTDApplication
23:08:19.594 [FXGL Background Thread 1 ] DEBUG GameApplicationServi - Applying CSS: fxgl_dark.css
23:08:19.595 [FXGL Background Thread 1 ] DEBUG FXGLAssetLoaderServi - Loading from file system: jar:file:///C:/Users/xdan1/.m2/repository/com/github/almasb/fxgl/17.2/fxgl-17.2.jar!/fxglassets/ui/css/fxgl_dark.css
23:08:19.636 [FXGL Background Thread 1 ] DEBUG GameApplicationServi - Initializing application scenes
23:08:19.661 [FXGL Background Thread 1 ] DEBUG GameWorld            - Game world initialized
23:08:19.713 [FXGL Background Thread 1 ] DEBUG PhysicsWorld         - Physics world initialized: appHeight=640, physics.ppm=50,0
23:08:19.713 [FXGL Background Thread 1 ] DEBUG PhysicsWorld         - Using strategy: BRUTE_FORCE
23:08:19.717 [FXGL Background Thread 1 ] DEBUG GameScene            - Game scene initialized: 960x640
23:08:19.727 [FXGL Background Thread 1 ] DEBUG FXGL.DefaultMenu     - createMenuBodyMainMenu()
23:08:19.738 [FXGL Background Thread 1 ] DEBUG FXGL.DefaultMenu     - createOptionsMenu()
23:08:19.745 [FXGL Background Thread 1 ] DEBUG FXGLAssetLoaderServi - Loading from file system: jar:file:///C:/Users/xdan1/.m2/repository/com/github/almasb/fxgl/17.2/fxgl-17.2.jar!/fxglassets/textures/particles/smoke.png
23:08:19.823 [FXGL Background Thread 1 ] DEBUG FXGLAssetLoaderServi - Loading from file system: jar:file:///C:/Users/xdan1/.m2/repository/com/github/almasb/fxgl/17.2/fxgl-17.2.jar!/fxglassets/textures/particles/trace_horizontal.png
23:08:19.850 [FXGL Background Thread 1 ] DEBUG FXGL.DefaultMenu     - createMenuBodyGameMenu()
23:08:19.851 [FXGL Background Thread 1 ] DEBUG FXGL.DefaultMenu     - createOptionsMenu()
23:08:19.861 [FXGL Background Thread 1 ] DEBUG GameApplicationServi - Application scenes initialized
23:08:19.869 [FXGL Background Thread 1 ] DEBUG SystemBundleService  - Loading FXGL system data
23:08:19.871 [FXGL Background Thread 1 ] DEBUG FileSystemAccess     - Reading from: C:\Users\xdan1\OneDrive\Documentos\IdeaProjects\Proyecto_POO\system\fxgl.bundle
23:08:19.880 [FXGL Background Thread 1 ] DEBUG SystemBundleService  - Bundle FXGL: {}
23:08:19.880 [FXGL Background Thread 1 ] DEBUG UpdaterService       - Checking for updates
23:08:19.884 [FXGL Background Thread 4 ] DEBUG FXGLApplication      - Loading fonts
23:08:19.885 [FXGL Background Thread 4 ] DEBUG FXGLAssetLoaderServi - Loading from file system: jar:file:///C:/Users/xdan1/.m2/repository/com/github/almasb/fxgl/17.2/fxgl-17.2.jar!/fxglassets/ui/fonts/VarelaRound-Regular.ttf
23:08:19.885 [FXGL Background Thread 1 ] DEBUG FXGLApplication      - Loading default localization
23:08:19.886 [FXGL Background Thread 1 ] DEBUG FXGLAssetLoaderServi - Loading from file system: jar:file:///C:/Users/xdan1/.m2/repository/com/github/almasb/fxgl/17.2/fxgl-17.2.jar!/fxglassets/languages/english.lang
23:08:19.915 [FXGL Background Thread 4 ] DEBUG FXGLAssetLoaderServi - Loading from file system: jar:file:///C:/Users/xdan1/.m2/repository/com/github/almasb/fxgl/17.2/fxgl-17.2.jar!/fxglassets/ui/fonts/Abel-Regular.ttf
23:08:19.923 [FXGL Background Thread 1 ] INFO  FXGLApplication      - FXGL initialization took: 0,369 sec
23:08:19.923 [FXGL Background Thread 4 ] DEBUG FXGLAssetLoaderServi - Loading from file system: jar:file:///C:/Users/xdan1/.m2/repository/com/github/almasb/fxgl/17.2/fxgl-17.2.jar!/fxglassets/ui/fonts/TerminalLandMono-Regular.otf
23:08:19.929 [JavaFX Application Thread] DEBUG Input                - Registered new binding: action0 - LMB
23:08:19.929 [JavaFX Application Thread] DEBUG FXGLAssetLoaderServi - Loading from file system: jar:file:///C:/Users/xdan1/.m2/repository/com/github/almasb/fxgl/17.2/fxgl-17.2.jar!/fxglassets/textures/fxgl_icon.png
23:08:19.933 [FXGL Background Thread 4 ] DEBUG FXGLAssetLoaderServi - Loading from file system: jar:file:///C:/Users/xdan1/.m2/repository/com/github/almasb/fxgl/17.2/fxgl-17.2.jar!/fxglassets/ui/fonts/Courier-Prime.ttf
23:08:19.949 [JavaFX Application Thread] DEBUG FXGLAssetLoaderServi - Loading from file system: jar:file:///C:/Users/xdan1/.m2/repository/com/github/almasb/fxgl/17.2/fxgl-17.2.jar!/fxglassets/textures/fxgl_default_cursor.png
23:08:19.956 [JavaFX Application Thread] DEBUG Input                - Registered new binding: Screenshot - CTRL+8
23:08:19.957 [JavaFX Application Thread] DEBUG Input                - Registered new binding: System info dump - CTRL+9
23:08:19.958 [JavaFX Application Thread] DEBUG Input                - Registered new binding: Restart - CTRL+R
23:08:19.959 [JavaFX Application Thread] DEBUG Input                - Registered new binding: Toggle Debug Camera - CTRL+7
23:08:19.963 [JavaFX Application Thread] DEBUG LoopRunner           - Starting loop
23:08:19.963 [JavaFX Application Thread] DEBUG LoopRunner           - Initializing JavaFX AnimationTimerLoop
23:08:19.967 [JavaFX Application Thread] DEBUG Input                - Clearing active input actions
23:08:19.971 [JavaFX Application Thread] DEBUG GameApplicationServi - Removing overlay from FXGLStartupScene and adding to FXGLMainMenuDummyScene
23:08:19.971 [JavaFX Application Thread] DEBUG PrimaryStageWindow   - FXGLStartupScene -> FXGLMainMenuDummyScene
23:08:19.971 [JavaFX Application Thread] DEBUG PrimaryStageWindow   - Push state: FXGLDefaultMenu
23:08:19.986 [JavaFX Application Thread] DEBUG Input                - Clearing active input actions
23:08:19.997 [JavaFX Application Thread] DEBUG GameApplicationServi - Removing overlay from FXGLMainMenuDummyScene and adding to FXGLDefaultMenu
23:08:19.998 [JavaFX Application Thread] DEBUG PrimaryStageWindow   - FXGLMainMenuDummyScene -> FXGLDefaultMenu
23:08:20.008 [JavaFX Application Thread] DEBUG FXGLApplication      - Registering font factories with UI factory
23:08:20.324 [FXGL Background Thread 2 ] INFO  UpdaterService       - Your current version:  17.2
23:08:20.325 [FXGL Background Thread 2 ] INFO  UpdaterService       - Latest stable version: 17.3
23:08:20.999 [JavaFX Application Thread] DEBUG Menu                 - fireNewGame()
23:08:21.000 [JavaFX Application Thread] DEBUG GameApplicationServi - Starting new game
23:08:21.001 [JavaFX Application Thread] DEBUG PrimaryStageWindow   - Pop state: FXGLDefaultMenu
23:08:21.001 [JavaFX Application Thread] DEBUG Input                - Clearing active input actions
23:08:21.001 [JavaFX Application Thread] DEBUG GameApplicationServi - Removing overlay from FXGLDefaultMenu and adding to FXGLMainMenuDummyScene
23:08:21.002 [JavaFX Application Thread] DEBUG PrimaryStageWindow   - FXGLMainMenuDummyScene <- FXGLDefaultMenu
23:08:21.002 [JavaFX Application Thread] DEBUG Input                - Clearing active input actions
23:08:21.009 [JavaFX Application Thread] DEBUG GameApplicationServi - Removing overlay from FXGLMainMenuDummyScene and adding to FXGLLoadingScene
23:08:21.009 [JavaFX Application Thread] DEBUG PrimaryStageWindow   - FXGLMainMenuDummyScene -> FXGLLoadingScene
23:08:21.010 [JavaFX Application Thread] DEBUG GameApplicationServi - Clearing previous game
23:08:21.010 [JavaFX Application Thread] DEBUG GameScene            - Clearing game scene
23:08:21.010 [JavaFX Application Thread] DEBUG GameWorld            - Clearing game world
23:08:21.010 [JavaFX Application Thread] DEBUG PhysicsWorld         - Clearing physics world
23:08:21.011 [FXGL Background Thread 2 ] DEBUG FXGLApplication      - Initializing game
23:08:21.048 [FXGL Background Thread 2 ] WARN  TMXLevelLoader       - TiledMap generated from 1.10.2. Supported version: 1.9.0. Some features may not be parsed fully.
23:08:21.063 [FXGL Background Thread 2 ] DEBUG TMXLevelLoader       - Parsed TiledMap: file:/C:/Users/xdan1/OneDrive/Documentos/IdeaProjects/Proyecto_POO/target/classes/assets/levels/tmx/fallout.tmx
23:08:21.063 [FXGL Background Thread 2 ] DEBUG TMXLevelLoader       - Creating tile layer entities
23:08:21.065 [FXGL Background Thread 2 ] DEBUG TilesetLoader        - Loading view for layer ground
23:08:21.066 [FXGL Background Thread 2 ] DEBUG TilesetLoader        - Created buffer with size 960.0x640.0
23:08:21.078 [FXGL Background Thread 2 ] DEBUG TilesetLoader        - Loading view for layer path
23:08:21.079 [FXGL Background Thread 2 ] DEBUG TilesetLoader        - Created buffer with size 960.0x640.0
23:08:21.082 [FXGL Background Thread 2 ] DEBUG TilesetLoader        - Loading view for layer decor
23:08:21.083 [FXGL Background Thread 2 ] DEBUG TilesetLoader        - Created buffer with size 960.0x640.0
23:08:21.083 [FXGL Background Thread 2 ] DEBUG TMXLevelLoader       - Creating object layer entities
23:08:21.092 [FXGL Background Thread 2 ] DEBUG GameWorld            - Clearing removable entities
23:08:21.092 [FXGL Background Thread 2 ] DEBUG GameWorld            - Setting level: com.almasb.fxgl.entity.level.Level@3f03a1d8
23:08:21.096 [FXGL Background Thread 2 ] DEBUG FXGLAssetLoaderServi - Loading JSON from: file:/C:/Users/xdan1/OneDrive/Documentos/IdeaProjects/Proyecto_POO/target/classes/assets/json/waves/wave1.json
23:08:21.243 [FXGL Background Thread 2 ] DEBUG FXGLAssetLoaderServi - Loading JSON from: file:/C:/Users/xdan1/OneDrive/Documentos/IdeaProjects/Proyecto_POO/target/classes/assets/json/waves/wave2.json
23:08:21.245 [FXGL Background Thread 2 ] DEBUG FXGLAssetLoaderServi - Loading JSON from: file:/C:/Users/xdan1/OneDrive/Documentos/IdeaProjects/Proyecto_POO/target/classes/assets/json/waves/wave3.json
23:08:21.246 [FXGL Background Thread 2 ] INFO  FXGLApplication      - Game initialization took: 0,235 sec
23:08:21.248 [JavaFX Application Thread] DEBUG Input                - Clearing active input actions
23:08:21.251 [JavaFX Application Thread] DEBUG GameApplicationServi - Removing overlay from FXGLLoadingScene and adding to GameScene
23:08:21.251 [JavaFX Application Thread] DEBUG PrimaryStageWindow   - FXGLLoadingScene -> GameScene
23:08:22.734 [JavaFX Application Thread] DEBUG FXGLAssetLoaderServi - Loading JSON from: file:/C:/Users/xdan1/OneDrive/Documentos/IdeaProjects/Proyecto_POO/target/classes/assets/json/turrets/simpleTurret.json
23:08:22.736 [JavaFX Application Thread] DEBUG FXGLAssetLoaderServi - Loading from file system: file:/C:/Users/xdan1/OneDrive/Documentos/IdeaProjects/Proyecto_POO/target/classes/assets/textures/turrets/turret.png
23:08:22.885 [FXGL Background Thread 3 ] DEBUG Engine               - Logging environment variables
23:08:22.885 [FXGL Background Thread 3 ] DEBUG Engine               - achievements: []
23:08:22.885 [FXGL Background Thread 3 ] DEBUG Engine               - actualHeight: 640.0
23:08:22.885 [FXGL Background Thread 3 ] DEBUG Engine               - actualHeightProperty: ReadOnlyDoubleProperty [value: 640.0]
23:08:22.885 [FXGL Background Thread 3 ] DEBUG Engine               - actualWidth: 960.0
23:08:22.885 [FXGL Background Thread 3 ] DEBUG Engine               - actualWidthProperty: ReadOnlyDoubleProperty [value: 960.0]
23:08:22.885 [FXGL Background Thread 3 ] DEBUG Engine               - appIcon: fxgl_icon.png
23:08:22.885 [FXGL Background Thread 3 ] DEBUG Engine               - applicationMode: DEVELOPER
23:08:22.885 [FXGL Background Thread 3 ] DEBUG Engine               - cSSList: [fxgl_dark.css]
23:08:22.885 [FXGL Background Thread 3 ] DEBUG Engine               - collisionDetectionStrategy: BRUTE_FORCE
23:08:22.886 [FXGL Background Thread 3 ] DEBUG Engine               - configClass: Optional.empty
23:08:22.886 [FXGL Background Thread 3 ] DEBUG Engine               - credits: []
23:08:22.886 [FXGL Background Thread 3 ] DEBUG Engine               - defaultCursor: CursorInfo(imageName=fxgl_default_cursor.png, hotspotX=7.0, hotspotY=6.0)
23:08:22.886 [FXGL Background Thread 3 ] DEBUG Engine               - devBBoxColorProperty: ObjectProperty [value: 0xff0000ff]
23:08:22.886 [FXGL Background Thread 3 ] DEBUG Engine               - devEnableDebugCameraProperty: BooleanProperty [value: false]
23:08:22.886 [FXGL Background Thread 3 ] DEBUG Engine               - devSensorColorProperty: ObjectProperty [value: 0xffff00ff]
23:08:22.886 [FXGL Background Thread 3 ] DEBUG Engine               - devShowBBoxProperty: BooleanProperty [value: false]
23:08:22.886 [FXGL Background Thread 3 ] DEBUG Engine               - devShowPositionProperty: BooleanProperty [value: false]
23:08:22.886 [FXGL Background Thread 3 ] DEBUG Engine               - enabledMenuItems: []
23:08:22.886 [FXGL Background Thread 3 ] DEBUG Engine               - engineServices: [class com.almasb.fxgl.app.services.FXGLAssetLoaderService, class com.almasb.fxgl.app.FXGLApplication$GameApplicationService, class com.almasb.fxgl.app.services.FXGLDialogService, class com.almasb.fxgl.app.services.IOTaskExecutorService, class com.almasb.fxgl.io.FileSystemService, class com.almasb.fxgl.localization.LocalizationService, class com.almasb.fxgl.app.services.SystemBundleService, class com.almasb.fxgl.profile.SaveLoadService, class com.almasb.fxgl.ui.FXGLUIFactoryServiceProvider, class com.almasb.fxgl.ui.FXGLDialogFactoryServiceProvider, class com.almasb.fxgl.audio.AudioPlayer, class com.almasb.fxgl.notification.impl.NotificationServiceProvider, class com.almasb.fxgl.achievement.AchievementService, class com.almasb.fxgl.cutscene.CutsceneService, class com.almasb.fxgl.minigames.MiniGameService, class com.almasb.fxgl.net.NetService, class com.almasb.fxgl.app.services.UpdaterService, class com.almasb.fxgl.dev.DevService]
23:08:22.886 [FXGL Background Thread 3 ] DEBUG Engine               - fontGame: Abel-Regular.ttf
23:08:22.886 [FXGL Background Thread 3 ] DEBUG Engine               - fontMono: TerminalLandMono-Regular.otf
23:08:22.886 [FXGL Background Thread 3 ] DEBUG Engine               - fontText: Courier-Prime.ttf
23:08:22.886 [FXGL Background Thread 3 ] DEBUG Engine               - fontUI: VarelaRound-Regular.ttf
23:08:22.886 [FXGL Background Thread 3 ] DEBUG Engine               - fullScreen: BooleanProperty [value: false]
23:08:22.886 [FXGL Background Thread 3 ] DEBUG Engine               - gameDifficulty: MEDIUM
23:08:22.886 [FXGL Background Thread 3 ] DEBUG Engine               - gameDifficultyProperty: ObjectProperty [value: MEDIUM]
23:08:22.886 [FXGL Background Thread 3 ] DEBUG Engine               - globalMusicVolume: 0.5
23:08:22.886 [FXGL Background Thread 3 ] DEBUG Engine               - globalMusicVolumeProperty: DoubleProperty [value: 0.5]
23:08:22.886 [FXGL Background Thread 3 ] DEBUG Engine               - globalSoundVolume: 0.5
23:08:22.886 [FXGL Background Thread 3 ] DEBUG Engine               - globalSoundVolumeProperty: DoubleProperty [value: 0.5]
23:08:22.886 [FXGL Background Thread 3 ] DEBUG Engine               - height: 640
23:08:22.886 [FXGL Background Thread 3 ] DEBUG Engine               - is3D: false
23:08:22.886 [FXGL Background Thread 3 ] DEBUG Engine               - isAndroid: false
23:08:22.886 [FXGL Background Thread 3 ] DEBUG Engine               - isBrowser: false
23:08:22.886 [FXGL Background Thread 3 ] DEBUG Engine               - isClickFeedbackEnabled: false
23:08:22.886 [FXGL Background Thread 3 ] DEBUG Engine               - isCloseConfirmation: false
23:08:22.886 [FXGL Background Thread 3 ] DEBUG Engine               - isDesktop: true
23:08:22.886 [FXGL Background Thread 3 ] DEBUG Engine               - isDeveloperMenuEnabled: false
23:08:22.886 [FXGL Background Thread 3 ] DEBUG Engine               - isEmbedded: false
23:08:22.886 [FXGL Background Thread 3 ] DEBUG Engine               - isEntityPreloadEnabled: true
23:08:22.886 [FXGL Background Thread 3 ] DEBUG Engine               - isExperimentalTiledLargeMap: false
23:08:22.886 [FXGL Background Thread 3 ] DEBUG Engine               - isFileSystemWriteAllowed: true
23:08:22.886 [FXGL Background Thread 3 ] DEBUG Engine               - isFullScreenAllowed: false
23:08:22.886 [FXGL Background Thread 3 ] DEBUG Engine               - isFullScreenFromStart: false
23:08:22.886 [FXGL Background Thread 3 ] DEBUG Engine               - isGameMenuEnabled: true
23:08:22.886 [FXGL Background Thread 3 ] DEBUG Engine               - isIOS: false
23:08:22.886 [FXGL Background Thread 3 ] DEBUG Engine               - isIntroEnabled: false
23:08:22.886 [FXGL Background Thread 3 ] DEBUG Engine               - isLinux: false
23:08:22.886 [FXGL Background Thread 3 ] DEBUG Engine               - isMac: false
23:08:22.886 [FXGL Background Thread 3 ] DEBUG Engine               - isMainMenuEnabled: true
23:08:22.887 [FXGL Background Thread 3 ] DEBUG Engine               - isManualResizeEnabled: false
23:08:22.887 [FXGL Background Thread 3 ] DEBUG Engine               - isMobile: false
23:08:22.887 [FXGL Background Thread 3 ] DEBUG Engine               - isNative: false
23:08:22.887 [FXGL Background Thread 3 ] DEBUG Engine               - isPauseMusicWhenMinimized: true
23:08:22.887 [FXGL Background Thread 3 ] DEBUG Engine               - isPreserveResizeRatio: false
23:08:22.887 [FXGL Background Thread 3 ] DEBUG Engine               - isProfilingEnabled: false
23:08:22.887 [FXGL Background Thread 3 ] DEBUG Engine               - isScaleAffectedOnResize: true
23:08:22.887 [FXGL Background Thread 3 ] DEBUG Engine               - isSingleStep: false
23:08:22.887 [FXGL Background Thread 3 ] DEBUG Engine               - isUserProfileEnabled: false
23:08:22.887 [FXGL Background Thread 3 ] DEBUG Engine               - isWindows: true
23:08:22.887 [FXGL Background Thread 3 ] DEBUG Engine               - language: ObjectProperty [value: ENGLISH]
23:08:22.887 [FXGL Background Thread 3 ] DEBUG Engine               - menuKey: ESCAPE
23:08:22.887 [FXGL Background Thread 3 ] DEBUG Engine               - mouseSensitivity: 0.2
23:08:22.887 [FXGL Background Thread 3 ] DEBUG Engine               - notificationViewClass: class com.almasb.fxgl.notification.view.XboxNotificationView
23:08:22.887 [FXGL Background Thread 3 ] DEBUG Engine               - pixelsPerMeter: 50.0
23:08:22.887 [FXGL Background Thread 3 ] DEBUG Engine               - platform: WINDOWS
23:08:22.887 [FXGL Background Thread 3 ] DEBUG Engine               - prefHeightProperty: ReadOnlyDoubleProperty [value: 640.0]
23:08:22.887 [FXGL Background Thread 3 ] DEBUG Engine               - prefWidthProperty: ReadOnlyDoubleProperty [value: 960.0]
23:08:22.887 [FXGL Background Thread 3 ] DEBUG Engine               - profileDir: profiles/
23:08:22.887 [FXGL Background Thread 3 ] DEBUG Engine               - profileName: StringProperty [value: DEFAULT]
23:08:22.887 [FXGL Background Thread 3 ] DEBUG Engine               - randomSeed: -1
23:08:22.887 [FXGL Background Thread 3 ] DEBUG Engine               - runtimeInfo: RuntimeInfo(platform=WINDOWS, version=17.2, build=20.08.2022 16.50)
23:08:22.887 [FXGL Background Thread 3 ] DEBUG Engine               - saveFileExt: sav
23:08:22.887 [FXGL Background Thread 3 ] DEBUG Engine               - scaledHeightProp$fxgl: DoubleProperty [bound, value: 640.0]
23:08:22.887 [FXGL Background Thread 3 ] DEBUG Engine               - scaledWidthProp$fxgl: DoubleProperty [bound, value: 960.0]
23:08:22.887 [FXGL Background Thread 3 ] DEBUG Engine               - sceneFactory: com.almasb.fxgl.app.scene.SceneFactory@29270926
23:08:22.887 [FXGL Background Thread 3 ] DEBUG Engine               - secondsIn24h: 60
23:08:22.887 [FXGL Background Thread 3 ] DEBUG Engine               - soundMenuBack: menu/back.wav
23:08:22.888 [FXGL Background Thread 3 ] DEBUG Engine               - soundMenuPress: menu/press.wav
23:08:22.888 [FXGL Background Thread 3 ] DEBUG Engine               - soundMenuSelect: menu/select.wav
23:08:22.888 [FXGL Background Thread 3 ] DEBUG Engine               - soundNotification: core/notification.wav
23:08:22.888 [FXGL Background Thread 3 ] DEBUG Engine               - stageStyle: DECORATED
23:08:22.888 [FXGL Background Thread 3 ] DEBUG Engine               - supportedLanguages: [ENGLISH, FRENCH, GERMAN, HUNGARIAN, RUSSIAN]
23:08:22.888 [FXGL Background Thread 3 ] DEBUG Engine               - ticksPerSecond: -1
23:08:22.888 [FXGL Background Thread 3 ] DEBUG Engine               - title: Fallout Tower Defense
23:08:22.888 [FXGL Background Thread 3 ] DEBUG Engine               - urlGithub: https://github.com/AlmasB/FXGL
23:08:22.888 [FXGL Background Thread 3 ] DEBUG Engine               - urlLeaderboard: http://fxgl-top.herokuapp.com/
23:08:22.888 [FXGL Background Thread 3 ] DEBUG Engine               - urlPOM: https://raw.githubusercontent.com/AlmasB/FXGL/release/README.md
23:08:22.888 [FXGL Background Thread 3 ] DEBUG Engine               - userAppClass: class fallout.proyecto_poo.FalloutTDApplication
23:08:22.888 [FXGL Background Thread 3 ] DEBUG Engine               - version: 0.0
23:08:22.888 [FXGL Background Thread 3 ] DEBUG Engine               - versionCheckDays: 7
23:08:22.888 [FXGL Background Thread 3 ] DEBUG Engine               - width: 960
23:08:22.888 [FXGL Background Thread 3 ] DEBUG Engine               - Logging services
23:08:22.888 [FXGL Background Thread 3 ] DEBUG Engine               - class com.almasb.fxgl.app.services.FXGLAssetLoaderService
23:08:22.888 [FXGL Background Thread 3 ] DEBUG Engine               - class com.almasb.fxgl.app.FXGLApplication$GameApplicationService
23:08:22.888 [FXGL Background Thread 3 ] DEBUG Engine               - class com.almasb.fxgl.app.services.FXGLDialogService
23:08:22.888 [FXGL Background Thread 3 ] DEBUG Engine               - class com.almasb.fxgl.app.services.IOTaskExecutorService
23:08:22.888 [FXGL Background Thread 3 ] DEBUG Engine               - class com.almasb.fxgl.io.FileSystemService
23:08:22.888 [FXGL Background Thread 3 ] DEBUG Engine               - class com.almasb.fxgl.localization.LocalizationService
23:08:22.888 [FXGL Background Thread 3 ] DEBUG Engine               - class com.almasb.fxgl.app.services.SystemBundleService
23:08:22.888 [FXGL Background Thread 3 ] DEBUG Engine               - class com.almasb.fxgl.profile.SaveLoadService
23:08:22.888 [FXGL Background Thread 3 ] DEBUG Engine               - class com.almasb.fxgl.ui.FXGLUIFactoryServiceProvider
23:08:22.888 [FXGL Background Thread 3 ] DEBUG Engine               - class com.almasb.fxgl.ui.FXGLDialogFactoryServiceProvider
23:08:22.888 [FXGL Background Thread 3 ] DEBUG Engine               - class com.almasb.fxgl.audio.AudioPlayer
23:08:22.888 [FXGL Background Thread 3 ] DEBUG Engine               - class com.almasb.fxgl.notification.impl.NotificationServiceProvider
23:08:22.888 [FXGL Background Thread 3 ] DEBUG Engine               - class com.almasb.fxgl.achievement.AchievementService
23:08:22.888 [FXGL Background Thread 3 ] DEBUG Engine               - class com.almasb.fxgl.cutscene.CutsceneService
23:08:22.888 [FXGL Background Thread 3 ] DEBUG Engine               - class com.almasb.fxgl.minigames.MiniGameService
23:08:22.888 [FXGL Background Thread 3 ] DEBUG Engine               - class com.almasb.fxgl.net.NetService
23:08:22.888 [FXGL Background Thread 3 ] DEBUG Engine               - class com.almasb.fxgl.app.services.UpdaterService
23:08:22.888 [FXGL Background Thread 3 ] DEBUG Engine               - class com.almasb.fxgl.dev.DevService
23:08:23.283 [JavaFX Application Thread] DEBUG FXGLAssetLoaderServi - Loading JSON from: file:/C:/Users/xdan1/OneDrive/Documentos/IdeaProjects/Proyecto_POO/target/classes/assets/json/turrets/simpleTurret.json
23:08:23.747 [JavaFX Application Thread] DEBUG FXGLAssetLoaderServi - Loading JSON from: file:/C:/Users/xdan1/OneDrive/Documentos/IdeaProjects/Proyecto_POO/target/classes/assets/json/turrets/simpleTurret.json
23:08:24.128 [JavaFX Application Thread] DEBUG FXGLAssetLoaderServi - Loading JSON from: file:/C:/Users/xdan1/OneDrive/Documentos/IdeaProjects/Proyecto_POO/target/classes/assets/json/turrets/simpleTurret.json
23:08:24.536 [JavaFX Application Thread] DEBUG FXGLAssetLoaderServi - Loading JSON from: file:/C:/Users/xdan1/OneDrive/Documentos/IdeaProjects/Proyecto_POO/target/classes/assets/json/turrets/simpleTurret.json
23:08:25.039 [JavaFX Application Thread] DEBUG FXGLAssetLoaderServi - Loading JSON from: file:/C:/Users/xdan1/OneDrive/Documentos/IdeaProjects/Proyecto_POO/target/classes/assets/json/turrets/simpleTurret.json
23:08:25.798 [JavaFX Application Thread] DEBUG FXGLAssetLoaderServi - Loading JSON from: file:/C:/Users/xdan1/OneDrive/Documentos/IdeaProjects/Proyecto_POO/target/classes/assets/json/turrets/simpleTurret.json
23:08:26.182 [JavaFX Application Thread] DEBUG FXGLAssetLoaderServi - Loading JSON from: file:/C:/Users/xdan1/OneDrive/Documentos/IdeaProjects/Proyecto_POO/target/classes/assets/json/turrets/simpleTurret.json
23:08:26.532 [JavaFX Application Thread] DEBUG FXGLAssetLoaderServi - Loading JSON from: file:/C:/Users/xdan1/OneDrive/Documentos/IdeaProjects/Proyecto_POO/target/classes/assets/json/turrets/simpleTurret.json
23:08:26.906 [JavaFX Application Thread] DEBUG FXGLAssetLoaderServi - Loading JSON from: file:/C:/Users/xdan1/OneDrive/Documentos/IdeaProjects/Proyecto_POO/target/classes/assets/json/enemy/scorpion.json
23:08:27.286 [JavaFX Application Thread] DEBUG FXGLAssetLoaderServi - Loading JSON from: file:/C:/Users/xdan1/OneDrive/Documentos/IdeaProjects/Proyecto_POO/target/classes/assets/json/turrets/simpleTurret.json
23:08:27.946 [JavaFX Application Thread] DEBUG FXGLAssetLoaderServi - Loading from file system: file:/C:/Users/xdan1/OneDrive/Documentos/IdeaProjects/Proyecto_POO/target/classes/assets/textures/enemy/scorpion.png
23:08:27.956 [JavaFX Application Thread] DEBUG FXGLAssetLoaderServi - Loading from file system: file:/C:/Users/xdan1/OneDrive/Documentos/IdeaProjects/Proyecto_POO/target/classes/assets/textures/bullets/projectile.png
23:08:28.069 [JavaFX Application Thread] DEBUG FXGLAssetLoaderServi - Loading from file system: file:/C:/Users/xdan1/OneDrive/Documentos/IdeaProjects/Proyecto_POO/target/classes/assets/textures/bullets/explosion.png
23:08:30.825 [JavaFX Application Thread] DEBUG FXGLAssetLoaderServi - Loading JSON from: file:/C:/Users/xdan1/OneDrive/Documentos/IdeaProjects/Proyecto_POO/target/classes/assets/json/enemy/scorpion.json
23:08:39.417 [JavaFX Application Thread] DEBUG FXGLAssetLoaderServi - Loading JSON from: file:/C:/Users/xdan1/OneDrive/Documentos/IdeaProjects/Proyecto_POO/target/classes/assets/json/enemy/scorpion.json
23:08:44.713 [JavaFX Application Thread] DEBUG FXGLAssetLoaderServi - Loading JSON from: file:/C:/Users/xdan1/OneDrive/Documentos/IdeaProjects/Proyecto_POO/target/classes/assets/json/enemy/scorpion.json
23:08:46.194 [JavaFX Application Thread] DEBUG FXGLAssetLoaderServi - Loading JSON from: file:/C:/Users/xdan1/OneDrive/Documentos/IdeaProjects/Proyecto_POO/target/classes/assets/json/enemy/scorpion.json
23:08:50.306 [JavaFX Application Thread] DEBUG FXGLAssetLoaderServi - Loading JSON from: file:/C:/Users/xdan1/OneDrive/Documentos/IdeaProjects/Proyecto_POO/target/classes/assets/json/enemy/scorpion.json
23:08:52.665 [JavaFX Application Thread] DEBUG FXGLAssetLoaderServi - Loading JSON from: file:/C:/Users/xdan1/OneDrive/Documentos/IdeaProjects/Proyecto_POO/target/classes/assets/json/enemy/scorpion.json
23:08:56.917 [JavaFX Application Thread] DEBUG FXGLAssetLoaderServi - Loading JSON from: file:/C:/Users/xdan1/OneDrive/Documentos/IdeaProjects/Proyecto_POO/target/classes/assets/json/enemy/scorpion.json
23:08:57.668 [JavaFX Application Thread] DEBUG FXGLAssetLoaderServi - Loading JSON from: file:/C:/Users/xdan1/OneDrive/Documentos/IdeaProjects/Proyecto_POO/target/classes/assets/json/enemy/scorpion.json
23:09:00.905 [JavaFX Application Thread] DEBUG FXGLAssetLoaderServi - Loading JSON from: file:/C:/Users/xdan1/OneDrive/Documentos/IdeaProjects/Proyecto_POO/target/classes/assets/json/enemy/scorpion.json
23:09:01.913 [JavaFX Application Thread] DEBUG FXGLAssetLoaderServi - Loading JSON from: file:/C:/Users/xdan1/OneDrive/Documentos/IdeaProjects/Proyecto_POO/target/classes/assets/json/enemy/scorpion.json
23:09:04.530 [JavaFX Application Thread] DEBUG FXGLAssetLoaderServi - Loading JSON from: file:/C:/Users/xdan1/OneDrive/Documentos/IdeaProjects/Proyecto_POO/target/classes/assets/json/enemy/scorpion.json
23:09:05.911 [JavaFX Application Thread] DEBUG FXGLAssetLoaderServi - Loading JSON from: file:/C:/Users/xdan1/OneDrive/Documentos/IdeaProjects/Proyecto_POO/target/classes/assets/json/enemy/scorpion.json
23:09:07.954 [JavaFX Application Thread] DEBUG FXGLAssetLoaderServi - Loading JSON from: file:/C:/Users/xdan1/OneDrive/Documentos/IdeaProjects/Proyecto_POO/target/classes/assets/json/enemy/scorpion.json
23:09:09.529 [JavaFX Application Thread] DEBUG FXGLAssetLoaderServi - Loading JSON from: file:/C:/Users/xdan1/OneDrive/Documentos/IdeaProjects/Proyecto_POO/target/classes/assets/json/enemy/scorpion.json
23:09:10.682 [JavaFX Application Thread] DEBUG FXGLAssetLoaderServi - Loading JSON from: file:/C:/Users/xdan1/OneDrive/Documentos/IdeaProjects/Proyecto_POO/target/classes/assets/json/enemy/scorpion.json
23:09:12.953 [JavaFX Application Thread] DEBUG FXGLAssetLoaderServi - Loading JSON from: file:/C:/Users/xdan1/OneDrive/Documentos/IdeaProjects/Proyecto_POO/target/classes/assets/json/enemy/scorpion.json
23:09:13.449 [JavaFX Application Thread] DEBUG FXGLAssetLoaderServi - Loading JSON from: file:/C:/Users/xdan1/OneDrive/Documentos/IdeaProjects/Proyecto_POO/target/classes/assets/json/enemy/scorpion.json
23:09:15.684 [JavaFX Application Thread] DEBUG FXGLAssetLoaderServi - Loading JSON from: file:/C:/Users/xdan1/OneDrive/Documentos/IdeaProjects/Proyecto_POO/target/classes/assets/json/enemy/scorpion.json
23:09:15.881 [JavaFX Application Thread] DEBUG FXGLAssetLoaderServi - Loading JSON from: file:/C:/Users/xdan1/OneDrive/Documentos/IdeaProjects/Proyecto_POO/target/classes/assets/json/enemy/scorpion.json
23:09:18.455 [JavaFX Application Thread] DEBUG FXGLAssetLoaderServi - Loading JSON from: file:/C:/Users/xdan1/OneDrive/Documentos/IdeaProjects/Proyecto_POO/target/classes/assets/json/enemy/scorpion.json
23:09:19.587 [JavaFX Application Thread] DEBUG FXGLAssetLoaderServi - Loading JSON from: file:/C:/Users/xdan1/OneDrive/Documentos/IdeaProjects/Proyecto_POO/target/classes/assets/json/enemy/scorpion.json
23:09:20.886 [JavaFX Application Thread] DEBUG FXGLAssetLoaderServi - Loading JSON from: file:/C:/Users/xdan1/OneDrive/Documentos/IdeaProjects/Proyecto_POO/target/classes/assets/json/enemy/scorpion.json
23:09:22.212 [JavaFX Application Thread] DEBUG FXGLAssetLoaderServi - Loading JSON from: file:/C:/Users/xdan1/OneDrive/Documentos/IdeaProjects/Proyecto_POO/target/classes/assets/json/enemy/scorpion.json
23:09:23.867 [JavaFX Application Thread] DEBUG PrimaryStageWindow   - Push state: DialogSubScene
23:09:23.867 [JavaFX Application Thread] DEBUG Input                - Clearing active input actions
23:09:23.868 [JavaFX Application Thread] DEBUG GameApplicationServi - Removing overlay from GameScene and adding to DialogSubScene
23:09:23.868 [JavaFX Application Thread] DEBUG PrimaryStageWindow   - GameScene -> DialogSubScene
23:09:29.032 [JavaFX Application Thread] DEBUG PrimaryStageWindow   - Pop state: DialogSubScene
23:09:29.032 [JavaFX Application Thread] DEBUG Input                - Clearing active input actions
23:09:29.033 [JavaFX Application Thread] DEBUG GameApplicationServi - Removing overlay from DialogSubScene and adding to GameScene
23:09:29.033 [JavaFX Application Thread] DEBUG PrimaryStageWindow   - GameScene <- DialogSubScene
23:09:29.033 [JavaFX Application Thread] DEBUG Input                - Clearing active input actions
23:09:29.036 [JavaFX Application Thread] DEBUG GameApplicationServi - Removing overlay from GameScene and adding to FXGLMainMenuDummyScene
23:09:29.036 [JavaFX Application Thread] DEBUG PrimaryStageWindow   - GameScene -> FXGLMainMenuDummyScene
23:09:29.036 [JavaFX Application Thread] DEBUG PrimaryStageWindow   - Push state: FXGLDefaultMenu
23:09:29.036 [JavaFX Application Thread] DEBUG Input                - Clearing active input actions
23:09:29.037 [JavaFX Application Thread] DEBUG GameApplicationServi - Removing overlay from FXGLMainMenuDummyScene and adding to FXGLDefaultMenu
23:09:29.037 [JavaFX Application Thread] DEBUG PrimaryStageWindow   - FXGLMainMenuDummyScene -> FXGLDefaultMenu
23:09:30.545 [JavaFX Application Thread] DEBUG FXGLApplication      - Exiting FXGL
23:09:30.545 [JavaFX Application Thread] DEBUG LoopRunner           - Stopping loop
23:09:30.545 [JavaFX Application Thread] DEBUG SystemBundleService  - Saving FXGL system data
23:09:30.547 [JavaFX Application Thread] DEBUG FileSystemAccess     - Writing to: C:\Users\xdan1\OneDrive\Documentos\IdeaProjects\Proyecto_POO\system\fxgl.bundle
23:09:30.548 [JavaFX Application Thread] DEBUG Async                - Shutting down background threads
23:09:30.548 [JavaFX Application Thread] DEBUG PrimaryStageWindow   - Closing main window
23:09:30.563 [JavaFX Application Thread] DEBUG Logger               - Closing Logger
