11:49:53.540 [main                     ] DEBUG Logger               - Configured Logger
11:49:53.558 [main                     ] DEBUG GameApplication      - Logging settings
Title: Fallout Tower Defense
Version: 0.0
Width: 960
Height: 640
Fullscreen: false
Intro: false
Profiling: false
Single step:false
App Mode: DEVELOPER
Menu Key: ESCAPE
Stage Style: DECORATED
Scene Factory: class com.almasb.fxgl.app.scene.SceneFactory

11:49:53.860 [JavaFX Application Thread] DEBUG FXGLApplication      - Initializing FXGL
11:49:53.862 [JavaFX Application Thread] INFO  Engine               - FXGL-17.2 (20.08.2022 16.50) on WINDOWS (J:20.0.1 FX:20.0.1)
11:49:53.863 [JavaFX Application Thread] DEBUG Engine               - JRE Vendor Name: Oracle Corporation
11:49:53.863 [JavaFX Application Thread] DEBUG Engine               - Running on OS: Windows 11 version 10.0
11:49:53.863 [JavaFX Application Thread] DEBUG Engine               - Architecture: amd64
11:49:53.863 [JavaFX Application Thread] INFO  Engine               - Source code and latest versions at: https://github.com/AlmasB/FXGL
11:49:53.863 [JavaFX Application Thread] INFO  Engine               -       Ask questions and discuss at: https://github.com/AlmasB/FXGL/discussions
11:49:53.863 [JavaFX Application Thread] INFO  Engine               -              Join the FXGL chat at: https://gitter.im/AlmasB/FXGL
11:49:53.918 [JavaFX Application Thread] DEBUG PrimaryStageWindow   - Creating a JavaFX scene
11:49:53.946 [JavaFX Application Thread] DEBUG PrimaryStageWindow   - Target settings size: 960.0 x 640.0
11:49:53.947 [JavaFX Application Thread] DEBUG PrimaryStageWindow   - Scaled scene size:    960.0 x 640.0
11:49:53.947 [JavaFX Application Thread] DEBUG PrimaryStageWindow   - Scaled ratio: (1.0, 1.0)
11:49:53.947 [JavaFX Application Thread] DEBUG PrimaryStageWindow   - Set initial scene to FXGLStartupScene
11:49:53.950 [JavaFX Application Thread] DEBUG PrimaryStageWindow   - Opening main window
11:49:54.015 [JavaFX Application Thread] DEBUG PrimaryStageWindow   - Window border size: (16.0, 39.0)
11:49:54.016 [JavaFX Application Thread] DEBUG PrimaryStageWindow   - Scaled size: 960.0 x 640.0
11:49:54.016 [JavaFX Application Thread] DEBUG PrimaryStageWindow   - Scaled ratio: (1.0, 1.0)
11:49:54.016 [JavaFX Application Thread] DEBUG PrimaryStageWindow   - Scene size: 960.0 x 640.0
11:49:54.016 [JavaFX Application Thread] DEBUG PrimaryStageWindow   - Stage size: 976.0 x 679.0
11:49:54.020 [FXGL Background Thread 1 ] DEBUG Engine               - Initializing environment variables
11:49:54.049 [FXGL Background Thread 1 ] DEBUG FXGLAssetLoaderServi - User app class for loading assets: class fallout.proyecto_poo.FalloutTDApplication
11:49:54.049 [FXGL Background Thread 1 ] DEBUG GameApplicationServi - Applying CSS: fxgl_dark.css
11:49:54.050 [FXGL Background Thread 1 ] DEBUG FXGLAssetLoaderServi - Loading from file system: jar:file:///C:/Users/xdan1/.m2/repository/com/github/almasb/fxgl/17.2/fxgl-17.2.jar!/fxglassets/ui/css/fxgl_dark.css
11:49:54.076 [FXGL Background Thread 1 ] DEBUG GameApplicationServi - Initializing application scenes
11:49:54.097 [FXGL Background Thread 1 ] DEBUG GameWorld            - Game world initialized
11:49:54.139 [FXGL Background Thread 1 ] DEBUG PhysicsWorld         - Physics world initialized: appHeight=640, physics.ppm=50,0
11:49:54.139 [FXGL Background Thread 1 ] DEBUG PhysicsWorld         - Using strategy: BRUTE_FORCE
11:49:54.142 [FXGL Background Thread 1 ] DEBUG GameScene            - Game scene initialized: 960x640
11:49:54.149 [FXGL Background Thread 1 ] DEBUG FXGL.DefaultMenu     - createMenuBodyGameMenu()
11:49:54.156 [FXGL Background Thread 1 ] DEBUG FXGL.DefaultMenu     - createOptionsMenu()
11:49:54.162 [FXGL Background Thread 1 ] DEBUG FXGLAssetLoaderServi - Loading from file system: jar:file:///C:/Users/xdan1/.m2/repository/com/github/almasb/fxgl/17.2/fxgl-17.2.jar!/fxglassets/textures/particles/smoke.png
11:49:54.218 [FXGL Background Thread 1 ] DEBUG FXGLAssetLoaderServi - Loading from file system: jar:file:///C:/Users/xdan1/.m2/repository/com/github/almasb/fxgl/17.2/fxgl-17.2.jar!/fxglassets/textures/particles/trace_horizontal.png
11:49:54.238 [FXGL Background Thread 1 ] DEBUG GameApplicationServi - Application scenes initialized
11:49:54.246 [FXGL Background Thread 1 ] DEBUG SystemBundleService  - Loading FXGL system data
11:49:54.248 [FXGL Background Thread 1 ] DEBUG FileSystemAccess     - Reading from: C:\Users\xdan1\IdeaProjects\Proyecto_POO\system\fxgl.bundle
11:49:54.254 [FXGL Background Thread 1 ] DEBUG SystemBundleService  - Bundle FXGL: {}
11:49:54.254 [FXGL Background Thread 1 ] DEBUG UpdaterService       - Checking for updates
11:49:54.257 [FXGL Background Thread 4 ] DEBUG FXGLApplication      - Loading fonts
11:49:54.257 [FXGL Background Thread 1 ] DEBUG FXGLApplication      - Loading default localization
11:49:54.257 [FXGL Background Thread 4 ] DEBUG FXGLAssetLoaderServi - Loading from file system: jar:file:///C:/Users/xdan1/.m2/repository/com/github/almasb/fxgl/17.2/fxgl-17.2.jar!/fxglassets/ui/fonts/VarelaRound-Regular.ttf
11:49:54.257 [FXGL Background Thread 1 ] DEBUG FXGLAssetLoaderServi - Loading from file system: jar:file:///C:/Users/xdan1/.m2/repository/com/github/almasb/fxgl/17.2/fxgl-17.2.jar!/fxglassets/languages/english.lang
11:49:54.270 [FXGL Background Thread 1 ] INFO  FXGLApplication      - FXGL initialization took: 0,249 sec
11:49:54.270 [JavaFX Application Thread] DEBUG FXGLAssetLoaderServi - Loading from file system: jar:file:///C:/Users/xdan1/.m2/repository/com/github/almasb/fxgl/17.2/fxgl-17.2.jar!/fxglassets/textures/fxgl_icon.png
11:49:54.285 [JavaFX Application Thread] DEBUG FXGLAssetLoaderServi - Loading from file system: jar:file:///C:/Users/xdan1/.m2/repository/com/github/almasb/fxgl/17.2/fxgl-17.2.jar!/fxglassets/textures/fxgl_default_cursor.png
11:49:54.292 [FXGL Background Thread 4 ] DEBUG FXGLAssetLoaderServi - Loading from file system: jar:file:///C:/Users/xdan1/.m2/repository/com/github/almasb/fxgl/17.2/fxgl-17.2.jar!/fxglassets/ui/fonts/Abel-Regular.ttf
11:49:54.293 [JavaFX Application Thread] DEBUG Input                - Registered new binding: Screenshot - CTRL+8
11:49:54.293 [JavaFX Application Thread] DEBUG Input                - Registered new binding: System info dump - CTRL+9
11:49:54.293 [JavaFX Application Thread] DEBUG Input                - Registered new binding: Restart - CTRL+R
11:49:54.294 [JavaFX Application Thread] DEBUG Input                - Registered new binding: Toggle Debug Camera - CTRL+7
11:49:54.295 [JavaFX Application Thread] DEBUG LoopRunner           - Starting loop
11:49:54.295 [JavaFX Application Thread] DEBUG LoopRunner           - Initializing JavaFX AnimationTimerLoop
11:49:54.296 [JavaFX Application Thread] DEBUG GameApplicationServi - Starting new game
11:49:54.296 [JavaFX Application Thread] DEBUG Input                - Clearing active input actions
11:49:54.299 [FXGL Background Thread 4 ] DEBUG FXGLAssetLoaderServi - Loading from file system: jar:file:///C:/Users/xdan1/.m2/repository/com/github/almasb/fxgl/17.2/fxgl-17.2.jar!/fxglassets/ui/fonts/TerminalLandMono-Regular.otf
11:49:54.304 [JavaFX Application Thread] DEBUG GameApplicationServi - Removing overlay from FXGLStartupScene and adding to FXGLLoadingScene
11:49:54.304 [JavaFX Application Thread] DEBUG PrimaryStageWindow   - FXGLStartupScene -> FXGLLoadingScene
11:49:54.304 [JavaFX Application Thread] DEBUG GameApplicationServi - Clearing previous game
11:49:54.304 [JavaFX Application Thread] DEBUG GameScene            - Clearing game scene
11:49:54.304 [JavaFX Application Thread] DEBUG GameWorld            - Clearing game world
11:49:54.304 [JavaFX Application Thread] DEBUG PhysicsWorld         - Clearing physics world
11:49:54.305 [FXGL Background Thread 1 ] DEBUG FXGLApplication      - Initializing game
11:49:54.307 [FXGL Background Thread 4 ] DEBUG FXGLAssetLoaderServi - Loading from file system: jar:file:///C:/Users/xdan1/.m2/repository/com/github/almasb/fxgl/17.2/fxgl-17.2.jar!/fxglassets/ui/fonts/Courier-Prime.ttf
11:49:54.307 [FXGL Background Thread 1 ] WARN  FXGLAssetLoaderServi - Asset "/assets/levels/fallout.tmx" was not found!
11:49:54.332 [JavaFX Application Thread] DEBUG LoopRunner           - Stopping loop
11:49:54.334 [JavaFX Application Thread] FATAL FXGLApplication      - Uncaught Exception:
java.lang.RuntimeException: Initialization failed
	at com.almasb.fxgl.all@17.2/com.almasb.fxgl.app.FXGLApplication$InitAppTask.failed(FXGLApplication.kt:343)
	at javafx.graphics@20.0.1/javafx.concurrent.Task.setState(Task.java:710)
	at javafx.graphics@20.0.1/javafx.concurrent.Task$TaskCallable.lambda$call$2(Task.java:1456)
	at javafx.graphics@20.0.1/com.sun.javafx.application.PlatformImpl.lambda$runLater$10(PlatformImpl.java:456)
	at java.base/java.security.AccessController.doPrivileged(AccessController.java:400)
	at javafx.graphics@20.0.1/com.sun.javafx.application.PlatformImpl.lambda$runLater$11(PlatformImpl.java:455)
	at javafx.graphics@20.0.1/com.sun.glass.ui.InvokeLaterDispatcher$Future.run(InvokeLaterDispatcher.java:95)
	at javafx.graphics@20.0.1/com.sun.glass.ui.win.WinApplication._runLoop(Native Method)
	at javafx.graphics@20.0.1/com.sun.glass.ui.win.WinApplication.lambda$runLoop$3(WinApplication.java:185)
	at java.base/java.lang.Thread.run(Thread.java:1623)
Caused by: java.lang.IllegalArgumentException: Loading level failed. Asset not found: fallout.tmx
	at com.almasb.fxgl.all@17.2/com.almasb.fxgl.app.services.FXGLAssetLoaderService.loadLevel(FXGLAssetLoaderService.kt:443)
	at com.almasb.fxgl.all@17.2/com.almasb.fxgl.dsl.FXGL$Companion.setLevelFromMap(FXGL.kt:634)
	at com.almasb.fxgl.all@17.2/com.almasb.fxgl.dsl.FXGL.setLevelFromMap(FXGL.kt)
	at fallout.proyecto_poo/fallout.proyecto_poo.FalloutTDApplication.initGame(FalloutTDApplication.java:19)
	at com.almasb.fxgl.all@17.2/com.almasb.fxgl.app.FXGLApplication$InitAppTask.initGame(FXGLApplication.kt:339)
	at com.almasb.fxgl.all@17.2/com.almasb.fxgl.app.FXGLApplication$InitAppTask.call(FXGLApplication.kt:319)
	at com.almasb.fxgl.all@17.2/com.almasb.fxgl.app.FXGLApplication$InitAppTask.call(FXGLApplication.kt:311)
	at javafx.graphics@20.0.1/javafx.concurrent.Task$TaskCallable.call(Task.java:1426)
	at java.base/java.util.concurrent.FutureTask.run(FutureTask.java:317)
	at java.base/java.util.concurrent.Executors$RunnableAdapter.call(Executors.java:577)
	at java.base/java.util.concurrent.FutureTask.run(FutureTask.java:317)
	at java.base/java.util.concurrent.ThreadPoolExecutor.runWorker(ThreadPoolExecutor.java:1144)
	at java.base/java.util.concurrent.ThreadPoolExecutor$Worker.run(ThreadPoolExecutor.java:642)
	... 1 more

11:49:54.334 [JavaFX Application Thread] FATAL FXGLApplication      - Application will now exit
11:49:54.352 [JavaFX Application Thread] DEBUG PrimaryStageWindow   - Push state: ErrorSubScene
11:49:54.353 [JavaFX Application Thread] DEBUG Input                - Clearing active input actions
11:49:54.358 [JavaFX Application Thread] DEBUG GameApplicationServi - Removing overlay from FXGLLoadingScene and adding to ErrorSubScene
11:49:54.359 [JavaFX Application Thread] DEBUG PrimaryStageWindow   - FXGLLoadingScene -> ErrorSubScene
11:49:54.475 [JavaFX Application Thread] DEBUG FXGLApplication      - Registering font factories with UI factory
11:49:54.559 [FXGL Background Thread 2 ] INFO  UpdaterService       - Your current version:  17.2
11:49:54.560 [FXGL Background Thread 2 ] INFO  UpdaterService       - Latest stable version: 17.3
11:49:56.791 [JavaFX Application Thread] DEBUG FXGLApplication      - Exiting FXGL
11:49:56.791 [JavaFX Application Thread] DEBUG Async                - Shutting down background threads
11:49:56.791 [JavaFX Application Thread] DEBUG PrimaryStageWindow   - Closing main window
11:49:56.802 [JavaFX Application Thread] DEBUG Logger               - Closing Logger
