20:15:49.654 [main                     ] DEBUG Logger               - Configured Logger
20:15:49.677 [main                     ] DEBUG GameApplication      - Logging settings
Title: Fallout Tower Defense
Version: 0.0
Width: 960
Height: 640
Fullscreen: false
Intro: false
Profiling: false
Single step:false
App Mode: DEVELOPER
Menu Key: ESCAPE
Stage Style: DECORATED
Scene Factory: class com.almasb.fxgl.app.scene.SceneFactory

20:15:50.127 [JavaFX Application Thread] DEBUG FXGLApplication      - Initializing FXGL
20:15:50.132 [JavaFX Application Thread] INFO  Engine               - FXGL-17.2 (20.08.2022 16.50) on WINDOWS (J:21.0.1 FX:20.0.1)
20:15:50.132 [JavaFX Application Thread] DEBUG Engine               - JRE Vendor Name: Oracle Corporation
20:15:50.132 [JavaFX Application Thread] DEBUG Engine               - Running on OS: Windows 11 version 10.0
20:15:50.132 [JavaFX Application Thread] DEBUG Engine               - Architecture: amd64
20:15:50.132 [JavaFX Application Thread] INFO  Engine               - Source code and latest versions at: https://github.com/AlmasB/FXGL
20:15:50.134 [JavaFX Application Thread] INFO  Engine               -       Ask questions and discuss at: https://github.com/AlmasB/FXGL/discussions
20:15:50.134 [JavaFX Application Thread] INFO  Engine               -              Join the FXGL chat at: https://gitter.im/AlmasB/FXGL
20:15:50.251 [JavaFX Application Thread] DEBUG PrimaryStageWindow   - Creating a JavaFX scene
20:15:50.301 [JavaFX Application Thread] DEBUG PrimaryStageWindow   - Target settings size: 960.0 x 640.0
20:15:50.302 [JavaFX Application Thread] DEBUG PrimaryStageWindow   - Scaled scene size:    960.0 x 640.0
20:15:50.302 [JavaFX Application Thread] DEBUG PrimaryStageWindow   - Scaled ratio: (1.0, 1.0)
20:15:50.304 [JavaFX Application Thread] DEBUG PrimaryStageWindow   - Set initial scene to FXGLStartupScene
20:15:50.306 [JavaFX Application Thread] DEBUG PrimaryStageWindow   - Opening main window
20:15:50.395 [JavaFX Application Thread] DEBUG PrimaryStageWindow   - Window border size: (16.0, 39.0)
20:15:50.395 [JavaFX Application Thread] DEBUG PrimaryStageWindow   - Scaled size: 960.0 x 640.0
20:15:50.395 [JavaFX Application Thread] DEBUG PrimaryStageWindow   - Scaled ratio: (1.0, 1.0)
20:15:50.395 [JavaFX Application Thread] DEBUG PrimaryStageWindow   - Scene size: 960.0 x 640.0
20:15:50.396 [JavaFX Application Thread] DEBUG PrimaryStageWindow   - Stage size: 976.0 x 679.0
20:15:50.402 [FXGL Background Thread 1 ] DEBUG Engine               - Initializing environment variables
20:15:50.444 [FXGL Background Thread 1 ] DEBUG FXGLAssetLoaderServi - User app class for loading assets: class fallout.proyecto_poo.FalloutTDApplication
20:15:50.444 [FXGL Background Thread 1 ] DEBUG GameApplicationServi - Applying CSS: fxgl_dark.css
20:15:50.444 [FXGL Background Thread 1 ] DEBUG FXGLAssetLoaderServi - Loading from file system: jar:file:///C:/Users/xdan1/.m2/repository/com/github/almasb/fxgl/17.2/fxgl-17.2.jar!/fxglassets/ui/css/fxgl_dark.css
20:15:50.491 [FXGL Background Thread 1 ] DEBUG GameApplicationServi - Initializing application scenes
20:15:50.521 [FXGL Background Thread 1 ] DEBUG GameWorld            - Game world initialized
20:15:50.582 [FXGL Background Thread 1 ] DEBUG PhysicsWorld         - Physics world initialized: appHeight=640, physics.ppm=50,0
20:15:50.582 [FXGL Background Thread 1 ] DEBUG PhysicsWorld         - Using strategy: BRUTE_FORCE
20:15:50.586 [FXGL Background Thread 1 ] DEBUG GameScene            - Game scene initialized: 960x640
20:15:50.597 [FXGL Background Thread 1 ] DEBUG FXGL.DefaultMenu     - createMenuBodyMainMenu()
20:15:50.611 [FXGL Background Thread 1 ] DEBUG FXGL.DefaultMenu     - createOptionsMenu()
20:15:50.620 [FXGL Background Thread 1 ] DEBUG FXGLAssetLoaderServi - Loading from file system: jar:file:///C:/Users/xdan1/.m2/repository/com/github/almasb/fxgl/17.2/fxgl-17.2.jar!/fxglassets/textures/particles/smoke.png
20:15:50.709 [FXGL Background Thread 1 ] DEBUG FXGLAssetLoaderServi - Loading from file system: jar:file:///C:/Users/xdan1/.m2/repository/com/github/almasb/fxgl/17.2/fxgl-17.2.jar!/fxglassets/textures/particles/trace_horizontal.png
20:15:50.738 [FXGL Background Thread 1 ] DEBUG FXGL.DefaultMenu     - createMenuBodyGameMenu()
20:15:50.739 [FXGL Background Thread 1 ] DEBUG FXGL.DefaultMenu     - createOptionsMenu()
20:15:50.751 [FXGL Background Thread 1 ] DEBUG GameApplicationServi - Application scenes initialized
20:15:50.762 [FXGL Background Thread 1 ] DEBUG SystemBundleService  - Loading FXGL system data
20:15:50.767 [FXGL Background Thread 1 ] DEBUG FileSystemAccess     - Reading from: C:\Users\xdan1\OneDrive\Documentos\IdeaProjects\Proyecto_POO\system\fxgl.bundle
20:15:50.777 [FXGL Background Thread 1 ] DEBUG SystemBundleService  - Bundle FXGL: {}
20:15:50.777 [FXGL Background Thread 1 ] DEBUG UpdaterService       - Checking for updates
20:15:50.781 [FXGL Background Thread 4 ] DEBUG FXGLApplication      - Loading fonts
20:15:50.781 [FXGL Background Thread 1 ] DEBUG FXGLApplication      - Loading default localization
20:15:50.781 [FXGL Background Thread 4 ] DEBUG FXGLAssetLoaderServi - Loading from file system: jar:file:///C:/Users/xdan1/.m2/repository/com/github/almasb/fxgl/17.2/fxgl-17.2.jar!/fxglassets/ui/fonts/VarelaRound-Regular.ttf
20:15:50.782 [FXGL Background Thread 1 ] DEBUG FXGLAssetLoaderServi - Loading from file system: jar:file:///C:/Users/xdan1/.m2/repository/com/github/almasb/fxgl/17.2/fxgl-17.2.jar!/fxglassets/languages/english.lang
20:15:50.806 [FXGL Background Thread 1 ] INFO  FXGLApplication      - FXGL initialization took: 0,403 sec
20:15:50.810 [JavaFX Application Thread] DEBUG Input                - Registered new binding: action0 - LMB
20:15:50.811 [JavaFX Application Thread] DEBUG FXGLAssetLoaderServi - Loading from file system: jar:file:///C:/Users/xdan1/.m2/repository/com/github/almasb/fxgl/17.2/fxgl-17.2.jar!/fxglassets/textures/fxgl_icon.png
20:15:50.820 [FXGL Background Thread 4 ] DEBUG FXGLAssetLoaderServi - Loading from file system: jar:file:///C:/Users/xdan1/.m2/repository/com/github/almasb/fxgl/17.2/fxgl-17.2.jar!/fxglassets/ui/fonts/TerminalLandMono-Regular.otf
20:15:50.830 [FXGL Background Thread 4 ] DEBUG FXGLAssetLoaderServi - Loading from file system: jar:file:///C:/Users/xdan1/.m2/repository/com/github/almasb/fxgl/17.2/fxgl-17.2.jar!/fxglassets/ui/fonts/Courier-Prime.ttf
20:15:50.834 [JavaFX Application Thread] DEBUG FXGLAssetLoaderServi - Loading from file system: jar:file:///C:/Users/xdan1/.m2/repository/com/github/almasb/fxgl/17.2/fxgl-17.2.jar!/fxglassets/textures/fxgl_default_cursor.png
20:15:50.845 [JavaFX Application Thread] DEBUG Input                - Registered new binding: Screenshot - CTRL+8
20:15:50.845 [JavaFX Application Thread] DEBUG Input                - Registered new binding: System info dump - CTRL+9
20:15:50.845 [JavaFX Application Thread] DEBUG Input                - Registered new binding: Restart - CTRL+R
20:15:50.846 [JavaFX Application Thread] DEBUG Input                - Registered new binding: Toggle Debug Camera - CTRL+7
20:15:50.848 [JavaFX Application Thread] DEBUG LoopRunner           - Starting loop
20:15:50.848 [JavaFX Application Thread] DEBUG LoopRunner           - Initializing JavaFX AnimationTimerLoop
20:15:50.852 [JavaFX Application Thread] DEBUG Input                - Clearing active input actions
20:15:50.859 [JavaFX Application Thread] DEBUG GameApplicationServi - Removing overlay from FXGLStartupScene and adding to FXGLMainMenuDummyScene
20:15:50.859 [JavaFX Application Thread] DEBUG PrimaryStageWindow   - FXGLStartupScene -> FXGLMainMenuDummyScene
20:15:50.859 [JavaFX Application Thread] DEBUG PrimaryStageWindow   - Push state: FXGLDefaultMenu
20:15:50.871 [JavaFX Application Thread] DEBUG Input                - Clearing active input actions
20:15:50.885 [JavaFX Application Thread] DEBUG GameApplicationServi - Removing overlay from FXGLMainMenuDummyScene and adding to FXGLDefaultMenu
20:15:50.885 [JavaFX Application Thread] DEBUG PrimaryStageWindow   - FXGLMainMenuDummyScene -> FXGLDefaultMenu
20:15:50.894 [JavaFX Application Thread] DEBUG FXGLApplication      - Registering font factories with UI factory
20:15:51.246 [FXGL Background Thread 2 ] INFO  UpdaterService       - Your current version:  17.2
20:15:51.246 [FXGL Background Thread 2 ] INFO  UpdaterService       - Latest stable version: 17.3
20:15:53.782 [FXGL Background Thread 3 ] DEBUG Engine               - Logging environment variables
20:15:53.782 [FXGL Background Thread 3 ] DEBUG Engine               - achievements: []
20:15:53.782 [FXGL Background Thread 3 ] DEBUG Engine               - actualHeight: 640.0
20:15:53.782 [FXGL Background Thread 3 ] DEBUG Engine               - actualHeightProperty: ReadOnlyDoubleProperty [value: 640.0]
20:15:53.782 [FXGL Background Thread 3 ] DEBUG Engine               - actualWidth: 960.0
20:15:53.782 [FXGL Background Thread 3 ] DEBUG Engine               - actualWidthProperty: ReadOnlyDoubleProperty [value: 960.0]
20:15:53.782 [FXGL Background Thread 3 ] DEBUG Engine               - appIcon: fxgl_icon.png
20:15:53.782 [FXGL Background Thread 3 ] DEBUG Engine               - applicationMode: DEVELOPER
20:15:53.782 [FXGL Background Thread 3 ] DEBUG Engine               - cSSList: [fxgl_dark.css]
20:15:53.782 [FXGL Background Thread 3 ] DEBUG Engine               - collisionDetectionStrategy: BRUTE_FORCE
20:15:53.782 [FXGL Background Thread 3 ] DEBUG Engine               - configClass: Optional.empty
20:15:53.782 [FXGL Background Thread 3 ] DEBUG Engine               - credits: []
20:15:53.783 [FXGL Background Thread 3 ] DEBUG Engine               - defaultCursor: CursorInfo(imageName=fxgl_default_cursor.png, hotspotX=7.0, hotspotY=6.0)
20:15:53.783 [FXGL Background Thread 3 ] DEBUG Engine               - devBBoxColorProperty: ObjectProperty [value: 0xff0000ff]
20:15:53.783 [FXGL Background Thread 3 ] DEBUG Engine               - devEnableDebugCameraProperty: BooleanProperty [value: false]
20:15:53.783 [FXGL Background Thread 3 ] DEBUG Engine               - devSensorColorProperty: ObjectProperty [value: 0xffff00ff]
20:15:53.783 [FXGL Background Thread 3 ] DEBUG Engine               - devShowBBoxProperty: BooleanProperty [value: false]
20:15:53.783 [FXGL Background Thread 3 ] DEBUG Engine               - devShowPositionProperty: BooleanProperty [value: false]
20:15:53.783 [FXGL Background Thread 3 ] DEBUG Engine               - enabledMenuItems: []
20:15:53.783 [FXGL Background Thread 3 ] DEBUG Engine               - engineServices: [class com.almasb.fxgl.app.services.FXGLAssetLoaderService, class com.almasb.fxgl.app.FXGLApplication$GameApplicationService, class com.almasb.fxgl.app.services.FXGLDialogService, class com.almasb.fxgl.app.services.IOTaskExecutorService, class com.almasb.fxgl.io.FileSystemService, class com.almasb.fxgl.localization.LocalizationService, class com.almasb.fxgl.app.services.SystemBundleService, class com.almasb.fxgl.profile.SaveLoadService, class com.almasb.fxgl.ui.FXGLUIFactoryServiceProvider, class com.almasb.fxgl.ui.FXGLDialogFactoryServiceProvider, class com.almasb.fxgl.audio.AudioPlayer, class com.almasb.fxgl.notification.impl.NotificationServiceProvider, class com.almasb.fxgl.achievement.AchievementService, class com.almasb.fxgl.cutscene.CutsceneService, class com.almasb.fxgl.minigames.MiniGameService, class com.almasb.fxgl.net.NetService, class com.almasb.fxgl.app.services.UpdaterService, class com.almasb.fxgl.dev.DevService]
20:15:53.783 [FXGL Background Thread 3 ] DEBUG Engine               - fontGame: Abel-Regular.ttf
20:15:53.783 [FXGL Background Thread 3 ] DEBUG Engine               - fontMono: TerminalLandMono-Regular.otf
20:15:53.783 [FXGL Background Thread 3 ] DEBUG Engine               - fontText: Courier-Prime.ttf
20:15:53.783 [FXGL Background Thread 3 ] DEBUG Engine               - fontUI: VarelaRound-Regular.ttf
20:15:53.784 [FXGL Background Thread 3 ] DEBUG Engine               - fullScreen: BooleanProperty [value: false]
20:15:53.784 [FXGL Background Thread 3 ] DEBUG Engine               - gameDifficulty: MEDIUM
20:15:53.784 [FXGL Background Thread 3 ] DEBUG Engine               - gameDifficultyProperty: ObjectProperty [value: MEDIUM]
20:15:53.784 [FXGL Background Thread 3 ] DEBUG Engine               - globalMusicVolume: 0.5
20:15:53.784 [FXGL Background Thread 3 ] DEBUG Engine               - globalMusicVolumeProperty: DoubleProperty [value: 0.5]
20:15:53.784 [FXGL Background Thread 3 ] DEBUG Engine               - globalSoundVolume: 0.5
20:15:53.784 [FXGL Background Thread 3 ] DEBUG Engine               - globalSoundVolumeProperty: DoubleProperty [value: 0.5]
20:15:53.784 [FXGL Background Thread 3 ] DEBUG Engine               - height: 640
20:15:53.784 [FXGL Background Thread 3 ] DEBUG Engine               - is3D: false
20:15:53.785 [FXGL Background Thread 3 ] DEBUG Engine               - isAndroid: false
20:15:53.785 [FXGL Background Thread 3 ] DEBUG Engine               - isBrowser: false
20:15:53.785 [FXGL Background Thread 3 ] DEBUG Engine               - isClickFeedbackEnabled: false
20:15:53.785 [FXGL Background Thread 3 ] DEBUG Engine               - isCloseConfirmation: false
20:15:53.785 [FXGL Background Thread 3 ] DEBUG Engine               - isDesktop: true
20:15:53.785 [FXGL Background Thread 3 ] DEBUG Engine               - isDeveloperMenuEnabled: false
20:15:53.785 [FXGL Background Thread 3 ] DEBUG Engine               - isEmbedded: false
20:15:53.785 [FXGL Background Thread 3 ] DEBUG Engine               - isEntityPreloadEnabled: true
20:15:53.785 [FXGL Background Thread 3 ] DEBUG Engine               - isExperimentalTiledLargeMap: false
20:15:53.785 [FXGL Background Thread 3 ] DEBUG Engine               - isFileSystemWriteAllowed: true
20:15:53.785 [FXGL Background Thread 3 ] DEBUG Engine               - isFullScreenAllowed: false
20:15:53.785 [FXGL Background Thread 3 ] DEBUG Engine               - isFullScreenFromStart: false
20:15:53.785 [FXGL Background Thread 3 ] DEBUG Engine               - isGameMenuEnabled: true
20:15:53.785 [FXGL Background Thread 3 ] DEBUG Engine               - isIOS: false
20:15:53.785 [FXGL Background Thread 3 ] DEBUG Engine               - isIntroEnabled: false
20:15:53.785 [FXGL Background Thread 3 ] DEBUG Engine               - isLinux: false
20:15:53.785 [FXGL Background Thread 3 ] DEBUG Engine               - isMac: false
20:15:53.785 [FXGL Background Thread 3 ] DEBUG Engine               - isMainMenuEnabled: true
20:15:53.785 [FXGL Background Thread 3 ] DEBUG Engine               - isManualResizeEnabled: false
20:15:53.785 [FXGL Background Thread 3 ] DEBUG Engine               - isMobile: false
20:15:53.785 [FXGL Background Thread 3 ] DEBUG Engine               - isNative: false
20:15:53.785 [FXGL Background Thread 3 ] DEBUG Engine               - isPauseMusicWhenMinimized: true
20:15:53.785 [FXGL Background Thread 3 ] DEBUG Engine               - isPreserveResizeRatio: false
20:15:53.785 [FXGL Background Thread 3 ] DEBUG Engine               - isProfilingEnabled: false
20:15:53.785 [FXGL Background Thread 3 ] DEBUG Engine               - isScaleAffectedOnResize: true
20:15:53.785 [FXGL Background Thread 3 ] DEBUG Engine               - isSingleStep: false
20:15:53.785 [FXGL Background Thread 3 ] DEBUG Engine               - isUserProfileEnabled: false
20:15:53.786 [FXGL Background Thread 3 ] DEBUG Engine               - isWindows: true
20:15:53.786 [FXGL Background Thread 3 ] DEBUG Engine               - language: ObjectProperty [value: ENGLISH]
20:15:53.786 [FXGL Background Thread 3 ] DEBUG Engine               - menuKey: ESCAPE
20:15:53.786 [FXGL Background Thread 3 ] DEBUG Engine               - mouseSensitivity: 0.2
20:15:53.786 [FXGL Background Thread 3 ] DEBUG Engine               - notificationViewClass: class com.almasb.fxgl.notification.view.XboxNotificationView
20:15:53.786 [FXGL Background Thread 3 ] DEBUG Engine               - pixelsPerMeter: 50.0
20:15:53.786 [FXGL Background Thread 3 ] DEBUG Engine               - platform: WINDOWS
20:15:53.786 [FXGL Background Thread 3 ] DEBUG Engine               - prefHeightProperty: ReadOnlyDoubleProperty [value: 640.0]
20:15:53.786 [FXGL Background Thread 3 ] DEBUG Engine               - prefWidthProperty: ReadOnlyDoubleProperty [value: 960.0]
20:15:53.786 [FXGL Background Thread 3 ] DEBUG Engine               - profileDir: profiles/
20:15:53.786 [FXGL Background Thread 3 ] DEBUG Engine               - profileName: StringProperty [value: DEFAULT]
20:15:53.786 [FXGL Background Thread 3 ] DEBUG Engine               - randomSeed: -1
20:15:53.786 [FXGL Background Thread 3 ] DEBUG Engine               - runtimeInfo: RuntimeInfo(platform=WINDOWS, version=17.2, build=20.08.2022 16.50)
20:15:53.786 [FXGL Background Thread 3 ] DEBUG Engine               - saveFileExt: sav
20:15:53.786 [FXGL Background Thread 3 ] DEBUG Engine               - scaledHeightProp$fxgl: DoubleProperty [bound, value: 640.0]
20:15:53.786 [FXGL Background Thread 3 ] DEBUG Engine               - scaledWidthProp$fxgl: DoubleProperty [bound, value: 960.0]
20:15:53.786 [FXGL Background Thread 3 ] DEBUG Engine               - sceneFactory: com.almasb.fxgl.app.scene.SceneFactory@7d34bc43
20:15:53.786 [FXGL Background Thread 3 ] DEBUG Engine               - secondsIn24h: 60
20:15:53.786 [FXGL Background Thread 3 ] DEBUG Engine               - soundMenuBack: menu/back.wav
20:15:53.786 [FXGL Background Thread 3 ] DEBUG Engine               - soundMenuPress: menu/press.wav
20:15:53.786 [FXGL Background Thread 3 ] DEBUG Engine               - soundMenuSelect: menu/select.wav
20:15:53.786 [FXGL Background Thread 3 ] DEBUG Engine               - soundNotification: core/notification.wav
20:15:53.787 [FXGL Background Thread 3 ] DEBUG Engine               - stageStyle: DECORATED
20:15:53.787 [FXGL Background Thread 3 ] DEBUG Engine               - supportedLanguages: [ENGLISH, FRENCH, GERMAN, HUNGARIAN, RUSSIAN]
20:15:53.787 [FXGL Background Thread 3 ] DEBUG Engine               - ticksPerSecond: -1
20:15:53.787 [FXGL Background Thread 3 ] DEBUG Engine               - title: Fallout Tower Defense
20:15:53.787 [FXGL Background Thread 3 ] DEBUG Engine               - urlGithub: https://github.com/AlmasB/FXGL
20:15:53.787 [FXGL Background Thread 3 ] DEBUG Engine               - urlLeaderboard: http://fxgl-top.herokuapp.com/
20:15:53.787 [FXGL Background Thread 3 ] DEBUG Engine               - urlPOM: https://raw.githubusercontent.com/AlmasB/FXGL/release/README.md
20:15:53.787 [FXGL Background Thread 3 ] DEBUG Engine               - userAppClass: class fallout.proyecto_poo.FalloutTDApplication
20:15:53.787 [FXGL Background Thread 3 ] DEBUG Engine               - version: 0.0
20:15:53.787 [FXGL Background Thread 3 ] DEBUG Engine               - versionCheckDays: 7
20:15:53.787 [FXGL Background Thread 3 ] DEBUG Engine               - width: 960
20:15:53.787 [FXGL Background Thread 3 ] DEBUG Engine               - Logging services
20:15:53.787 [FXGL Background Thread 3 ] DEBUG Engine               - class com.almasb.fxgl.app.services.FXGLAssetLoaderService
20:15:53.787 [FXGL Background Thread 3 ] DEBUG Engine               - class com.almasb.fxgl.app.FXGLApplication$GameApplicationService
20:15:53.787 [FXGL Background Thread 3 ] DEBUG Engine               - class com.almasb.fxgl.app.services.FXGLDialogService
20:15:53.787 [FXGL Background Thread 3 ] DEBUG Engine               - class com.almasb.fxgl.app.services.IOTaskExecutorService
20:15:53.787 [FXGL Background Thread 3 ] DEBUG Engine               - class com.almasb.fxgl.io.FileSystemService
20:15:53.787 [FXGL Background Thread 3 ] DEBUG Engine               - class com.almasb.fxgl.localization.LocalizationService
20:15:53.787 [FXGL Background Thread 3 ] DEBUG Engine               - class com.almasb.fxgl.app.services.SystemBundleService
20:15:53.787 [FXGL Background Thread 3 ] DEBUG Engine               - class com.almasb.fxgl.profile.SaveLoadService
20:15:53.787 [FXGL Background Thread 3 ] DEBUG Engine               - class com.almasb.fxgl.ui.FXGLUIFactoryServiceProvider
20:15:53.787 [FXGL Background Thread 3 ] DEBUG Engine               - class com.almasb.fxgl.ui.FXGLDialogFactoryServiceProvider
20:15:53.787 [FXGL Background Thread 3 ] DEBUG Engine               - class com.almasb.fxgl.audio.AudioPlayer
20:15:53.787 [FXGL Background Thread 3 ] DEBUG Engine               - class com.almasb.fxgl.notification.impl.NotificationServiceProvider
20:15:53.787 [FXGL Background Thread 3 ] DEBUG Engine               - class com.almasb.fxgl.achievement.AchievementService
20:15:53.787 [FXGL Background Thread 3 ] DEBUG Engine               - class com.almasb.fxgl.cutscene.CutsceneService
20:15:53.787 [FXGL Background Thread 3 ] DEBUG Engine               - class com.almasb.fxgl.minigames.MiniGameService
20:15:53.787 [FXGL Background Thread 3 ] DEBUG Engine               - class com.almasb.fxgl.net.NetService
20:15:53.787 [FXGL Background Thread 3 ] DEBUG Engine               - class com.almasb.fxgl.app.services.UpdaterService
20:15:53.787 [FXGL Background Thread 3 ] DEBUG Engine               - class com.almasb.fxgl.dev.DevService
20:15:54.787 [JavaFX Application Thread] DEBUG Menu                 - fireNewGame()
20:15:54.787 [JavaFX Application Thread] DEBUG GameApplicationServi - Starting new game
20:15:54.788 [JavaFX Application Thread] DEBUG PrimaryStageWindow   - Pop state: FXGLDefaultMenu
20:15:54.788 [JavaFX Application Thread] DEBUG Input                - Clearing active input actions
20:15:54.789 [JavaFX Application Thread] DEBUG GameApplicationServi - Removing overlay from FXGLDefaultMenu and adding to FXGLMainMenuDummyScene
20:15:54.789 [JavaFX Application Thread] DEBUG PrimaryStageWindow   - FXGLMainMenuDummyScene <- FXGLDefaultMenu
20:15:54.790 [JavaFX Application Thread] DEBUG Input                - Clearing active input actions
20:15:54.796 [JavaFX Application Thread] DEBUG GameApplicationServi - Removing overlay from FXGLMainMenuDummyScene and adding to FXGLLoadingScene
20:15:54.796 [JavaFX Application Thread] DEBUG PrimaryStageWindow   - FXGLMainMenuDummyScene -> FXGLLoadingScene
20:15:54.796 [JavaFX Application Thread] DEBUG GameApplicationServi - Clearing previous game
20:15:54.796 [JavaFX Application Thread] DEBUG GameScene            - Clearing game scene
20:15:54.796 [JavaFX Application Thread] DEBUG GameWorld            - Clearing game world
20:15:54.796 [JavaFX Application Thread] DEBUG PhysicsWorld         - Clearing physics world
20:15:54.797 [FXGL Background Thread 2 ] DEBUG FXGLApplication      - Initializing game
20:15:54.825 [FXGL Background Thread 2 ] WARN  TMXLevelLoader       - TiledMap generated from 1.10.2. Supported version: 1.9.0. Some features may not be parsed fully.
20:15:54.834 [FXGL Background Thread 2 ] DEBUG TMXLevelLoader       - Parsed TiledMap: file:/C:/Users/xdan1/OneDrive/Documentos/IdeaProjects/Proyecto_POO/target/classes/assets/levels/tmx/fallout.tmx
20:15:54.834 [FXGL Background Thread 2 ] DEBUG TMXLevelLoader       - Creating tile layer entities
20:15:54.836 [FXGL Background Thread 2 ] DEBUG TilesetLoader        - Loading view for layer ground
20:15:54.836 [FXGL Background Thread 2 ] DEBUG TilesetLoader        - Created buffer with size 960.0x640.0
20:15:54.845 [FXGL Background Thread 2 ] DEBUG TilesetLoader        - Loading view for layer path
20:15:54.846 [FXGL Background Thread 2 ] DEBUG TilesetLoader        - Created buffer with size 960.0x640.0
20:15:54.848 [FXGL Background Thread 2 ] DEBUG TilesetLoader        - Loading view for layer decor
20:15:54.849 [FXGL Background Thread 2 ] DEBUG TilesetLoader        - Created buffer with size 960.0x640.0
20:15:54.849 [FXGL Background Thread 2 ] DEBUG TMXLevelLoader       - Creating object layer entities
20:15:54.857 [FXGL Background Thread 2 ] DEBUG GameWorld            - Clearing removable entities
20:15:54.857 [FXGL Background Thread 2 ] DEBUG GameWorld            - Setting level: com.almasb.fxgl.entity.level.Level@51d13358
20:15:54.864 [FXGL Background Thread 2 ] DEBUG FXGLAssetLoaderServi - Loading JSON from: file:/C:/Users/xdan1/OneDrive/Documentos/IdeaProjects/Proyecto_POO/target/classes/assets/json/waves/wave1.json
20:15:54.981 [FXGL Background Thread 2 ] DEBUG FXGLAssetLoaderServi - Loading JSON from: file:/C:/Users/xdan1/OneDrive/Documentos/IdeaProjects/Proyecto_POO/target/classes/assets/json/waves/wave2.json
20:15:54.982 [FXGL Background Thread 2 ] DEBUG FXGLAssetLoaderServi - Loading JSON from: file:/C:/Users/xdan1/OneDrive/Documentos/IdeaProjects/Proyecto_POO/target/classes/assets/json/waves/wave3.json
20:15:54.984 [FXGL Background Thread 2 ] DEBUG FXGLAssetLoaderServi - Loading JSON from: file:/C:/Users/xdan1/OneDrive/Documentos/IdeaProjects/Proyecto_POO/target/classes/assets/json/enemy/scorpion.json
20:15:54.987 [FXGL Background Thread 2 ] DEBUG FXGLAssetLoaderServi - Loading JSON from: file:/C:/Users/xdan1/OneDrive/Documentos/IdeaProjects/Proyecto_POO/target/classes/assets/json/enemy/scorpion.json
20:15:54.988 [FXGL Background Thread 2 ] DEBUG FXGLAssetLoaderServi - Loading JSON from: file:/C:/Users/xdan1/OneDrive/Documentos/IdeaProjects/Proyecto_POO/target/classes/assets/json/enemy/scorpion.json
20:15:54.989 [FXGL Background Thread 2 ] DEBUG FXGLAssetLoaderServi - Loading JSON from: file:/C:/Users/xdan1/OneDrive/Documentos/IdeaProjects/Proyecto_POO/target/classes/assets/json/enemy/scorpion.json
20:15:54.990 [FXGL Background Thread 2 ] DEBUG FXGLAssetLoaderServi - Loading JSON from: file:/C:/Users/xdan1/OneDrive/Documentos/IdeaProjects/Proyecto_POO/target/classes/assets/json/enemy/scorpion.json
20:15:54.991 [FXGL Background Thread 2 ] DEBUG FXGLAssetLoaderServi - Loading JSON from: file:/C:/Users/xdan1/OneDrive/Documentos/IdeaProjects/Proyecto_POO/target/classes/assets/json/enemy/scorpion.json
20:15:54.992 [FXGL Background Thread 2 ] DEBUG FXGLAssetLoaderServi - Loading JSON from: file:/C:/Users/xdan1/OneDrive/Documentos/IdeaProjects/Proyecto_POO/target/classes/assets/json/enemy/scorpion.json
20:15:54.992 [FXGL Background Thread 2 ] DEBUG FXGLAssetLoaderServi - Loading JSON from: file:/C:/Users/xdan1/OneDrive/Documentos/IdeaProjects/Proyecto_POO/target/classes/assets/json/enemy/scorpion.json
20:15:54.994 [FXGL Background Thread 2 ] DEBUG FXGLAssetLoaderServi - Loading JSON from: file:/C:/Users/xdan1/OneDrive/Documentos/IdeaProjects/Proyecto_POO/target/classes/assets/json/enemy/scorpion.json
20:15:54.994 [FXGL Background Thread 2 ] DEBUG FXGLAssetLoaderServi - Loading JSON from: file:/C:/Users/xdan1/OneDrive/Documentos/IdeaProjects/Proyecto_POO/target/classes/assets/json/enemy/scorpion.json
20:15:54.995 [FXGL Background Thread 2 ] INFO  FXGLApplication      - Game initialization took: 0,198 sec
20:15:54.996 [JavaFX Application Thread] DEBUG Input                - Clearing active input actions
20:15:54.998 [JavaFX Application Thread] DEBUG GameApplicationServi - Removing overlay from FXGLLoadingScene and adding to GameScene
20:15:54.998 [JavaFX Application Thread] DEBUG PrimaryStageWindow   - FXGLLoadingScene -> GameScene
20:15:55.548 [JavaFX Application Thread] DEBUG FXGLAssetLoaderServi - Loading JSON from: file:/C:/Users/xdan1/OneDrive/Documentos/IdeaProjects/Proyecto_POO/target/classes/assets/json/turrets/simpleTurret.json
20:15:55.551 [JavaFX Application Thread] DEBUG FXGLAssetLoaderServi - Loading from file system: file:/C:/Users/xdan1/OneDrive/Documentos/IdeaProjects/Proyecto_POO/target/classes/assets/textures/turrets/turret.png
20:15:57.070 [JavaFX Application Thread] DEBUG FXGLAssetLoaderServi - Loading from file system: file:/C:/Users/xdan1/OneDrive/Documentos/IdeaProjects/Proyecto_POO/target/classes/assets/textures/enemy/scorpion.png
20:15:57.085 [JavaFX Application Thread] DEBUG FXGLAssetLoaderServi - Loading from file system: file:/C:/Users/xdan1/OneDrive/Documentos/IdeaProjects/Proyecto_POO/target/classes/assets/textures/bullets/projectile.png
20:15:57.387 [JavaFX Application Thread] DEBUG FXGLAssetLoaderServi - Loading from file system: file:/C:/Users/xdan1/OneDrive/Documentos/IdeaProjects/Proyecto_POO/target/classes/assets/textures/bullets/explosion.png
20:16:02.832 [JavaFX Application Thread] DEBUG FXGLAssetLoaderServi - Loading JSON from: file:/C:/Users/xdan1/OneDrive/Documentos/IdeaProjects/Proyecto_POO/target/classes/assets/json/turrets/simpleTurret.json
20:16:02.989 [JavaFX Application Thread] DEBUG FXGLAssetLoaderServi - Loading JSON from: file:/C:/Users/xdan1/OneDrive/Documentos/IdeaProjects/Proyecto_POO/target/classes/assets/json/turrets/simpleTurret.json
20:16:03.184 [JavaFX Application Thread] DEBUG FXGLAssetLoaderServi - Loading JSON from: file:/C:/Users/xdan1/OneDrive/Documentos/IdeaProjects/Proyecto_POO/target/classes/assets/json/turrets/simpleTurret.json
20:16:08.032 [JavaFX Application Thread] DEBUG FXGLAssetLoaderServi - Loading JSON from: file:/C:/Users/xdan1/OneDrive/Documentos/IdeaProjects/Proyecto_POO/target/classes/assets/json/turrets/simpleTurret.json
20:16:08.191 [JavaFX Application Thread] DEBUG FXGLAssetLoaderServi - Loading JSON from: file:/C:/Users/xdan1/OneDrive/Documentos/IdeaProjects/Proyecto_POO/target/classes/assets/json/turrets/simpleTurret.json
20:16:08.345 [JavaFX Application Thread] DEBUG FXGLAssetLoaderServi - Loading JSON from: file:/C:/Users/xdan1/OneDrive/Documentos/IdeaProjects/Proyecto_POO/target/classes/assets/json/turrets/simpleTurret.json
20:16:08.505 [JavaFX Application Thread] DEBUG FXGLAssetLoaderServi - Loading JSON from: file:/C:/Users/xdan1/OneDrive/Documentos/IdeaProjects/Proyecto_POO/target/classes/assets/json/turrets/simpleTurret.json
20:16:08.657 [JavaFX Application Thread] DEBUG FXGLAssetLoaderServi - Loading JSON from: file:/C:/Users/xdan1/OneDrive/Documentos/IdeaProjects/Proyecto_POO/target/classes/assets/json/turrets/simpleTurret.json
20:16:08.830 [JavaFX Application Thread] DEBUG FXGLAssetLoaderServi - Loading JSON from: file:/C:/Users/xdan1/OneDrive/Documentos/IdeaProjects/Proyecto_POO/target/classes/assets/json/turrets/simpleTurret.json
20:16:08.984 [JavaFX Application Thread] DEBUG FXGLAssetLoaderServi - Loading JSON from: file:/C:/Users/xdan1/OneDrive/Documentos/IdeaProjects/Proyecto_POO/target/classes/assets/json/turrets/simpleTurret.json
20:16:09.156 [JavaFX Application Thread] DEBUG FXGLAssetLoaderServi - Loading JSON from: file:/C:/Users/xdan1/OneDrive/Documentos/IdeaProjects/Proyecto_POO/target/classes/assets/json/turrets/simpleTurret.json
20:16:09.316 [JavaFX Application Thread] DEBUG FXGLAssetLoaderServi - Loading JSON from: file:/C:/Users/xdan1/OneDrive/Documentos/IdeaProjects/Proyecto_POO/target/classes/assets/json/turrets/simpleTurret.json
20:16:09.490 [JavaFX Application Thread] DEBUG FXGLAssetLoaderServi - Loading JSON from: file:/C:/Users/xdan1/OneDrive/Documentos/IdeaProjects/Proyecto_POO/target/classes/assets/json/turrets/simpleTurret.json
20:16:09.651 [JavaFX Application Thread] DEBUG FXGLAssetLoaderServi - Loading JSON from: file:/C:/Users/xdan1/OneDrive/Documentos/IdeaProjects/Proyecto_POO/target/classes/assets/json/turrets/simpleTurret.json
20:16:09.811 [JavaFX Application Thread] DEBUG FXGLAssetLoaderServi - Loading JSON from: file:/C:/Users/xdan1/OneDrive/Documentos/IdeaProjects/Proyecto_POO/target/classes/assets/json/turrets/simpleTurret.json
20:16:09.979 [JavaFX Application Thread] DEBUG FXGLAssetLoaderServi - Loading JSON from: file:/C:/Users/xdan1/OneDrive/Documentos/IdeaProjects/Proyecto_POO/target/classes/assets/json/turrets/simpleTurret.json
20:16:10.137 [JavaFX Application Thread] DEBUG FXGLAssetLoaderServi - Loading JSON from: file:/C:/Users/xdan1/OneDrive/Documentos/IdeaProjects/Proyecto_POO/target/classes/assets/json/turrets/simpleTurret.json
20:16:10.296 [JavaFX Application Thread] DEBUG FXGLAssetLoaderServi - Loading JSON from: file:/C:/Users/xdan1/OneDrive/Documentos/IdeaProjects/Proyecto_POO/target/classes/assets/json/turrets/simpleTurret.json
20:16:10.474 [JavaFX Application Thread] DEBUG FXGLAssetLoaderServi - Loading JSON from: file:/C:/Users/xdan1/OneDrive/Documentos/IdeaProjects/Proyecto_POO/target/classes/assets/json/turrets/simpleTurret.json
20:16:10.610 [JavaFX Application Thread] DEBUG FXGLAssetLoaderServi - Loading JSON from: file:/C:/Users/xdan1/OneDrive/Documentos/IdeaProjects/Proyecto_POO/target/classes/assets/json/turrets/simpleTurret.json
20:16:10.794 [JavaFX Application Thread] DEBUG FXGLAssetLoaderServi - Loading JSON from: file:/C:/Users/xdan1/OneDrive/Documentos/IdeaProjects/Proyecto_POO/target/classes/assets/json/turrets/simpleTurret.json
20:16:12.720 [JavaFX Application Thread] DEBUG FXGLApplication      - Exiting FXGL
20:16:12.720 [JavaFX Application Thread] DEBUG LoopRunner           - Stopping loop
20:16:12.720 [JavaFX Application Thread] DEBUG SystemBundleService  - Saving FXGL system data
20:16:12.722 [JavaFX Application Thread] DEBUG FileSystemAccess     - Writing to: C:\Users\xdan1\OneDrive\Documentos\IdeaProjects\Proyecto_POO\system\fxgl.bundle
20:16:12.724 [JavaFX Application Thread] DEBUG Async                - Shutting down background threads
20:16:12.724 [JavaFX Application Thread] DEBUG PrimaryStageWindow   - Closing main window
20:16:12.736 [JavaFX Application Thread] DEBUG Logger               - Closing Logger
