20:24:32.514 [main                     ] DEBUG Logger               - Configured Logger
20:24:32.532 [main                     ] DEBUG GameApplication      - Logging settings
Title: Fallout Tower Defense
Version: 0.0
Width: 960
Height: 640
Fullscreen: false
Intro: false
Profiling: false
Single step:false
App Mode: DEVELOPER
Menu Key: ESCAPE
Stage Style: DECORATED
Scene Factory: class com.almasb.fxgl.app.scene.SceneFactory

20:24:32.841 [JavaFX Application Thread] DEBUG FXGLApplication      - Initializing FXGL
20:24:32.844 [JavaFX Application Thread] INFO  Engine               - FXGL-17.2 (20.08.2022 16.50) on WINDOWS (J:21.0.1 FX:20.0.1)
20:24:32.844 [JavaFX Application Thread] DEBUG Engine               - JRE Vendor Name: Oracle Corporation
20:24:32.844 [JavaFX Application Thread] DEBUG Engine               - Running on OS: Windows 11 version 10.0
20:24:32.844 [JavaFX Application Thread] DEBUG Engine               - Architecture: amd64
20:24:32.844 [JavaFX Application Thread] INFO  Engine               - Source code and latest versions at: https://github.com/AlmasB/FXGL
20:24:32.846 [JavaFX Application Thread] INFO  Engine               -       Ask questions and discuss at: https://github.com/AlmasB/FXGL/discussions
20:24:32.846 [JavaFX Application Thread] INFO  Engine               -              Join the FXGL chat at: https://gitter.im/AlmasB/FXGL
20:24:32.906 [JavaFX Application Thread] DEBUG PrimaryStageWindow   - Creating a JavaFX scene
20:24:32.941 [JavaFX Application Thread] DEBUG PrimaryStageWindow   - Target settings size: 960.0 x 640.0
20:24:32.941 [JavaFX Application Thread] DEBUG PrimaryStageWindow   - Scaled scene size:    960.0 x 640.0
20:24:32.941 [JavaFX Application Thread] DEBUG PrimaryStageWindow   - Scaled ratio: (1.0, 1.0)
20:24:32.942 [JavaFX Application Thread] DEBUG PrimaryStageWindow   - Set initial scene to FXGLStartupScene
20:24:32.944 [JavaFX Application Thread] DEBUG PrimaryStageWindow   - Opening main window
20:24:33.023 [JavaFX Application Thread] DEBUG PrimaryStageWindow   - Window border size: (16.0, 39.0)
20:24:33.023 [JavaFX Application Thread] DEBUG PrimaryStageWindow   - Scaled size: 960.0 x 640.0
20:24:33.023 [JavaFX Application Thread] DEBUG PrimaryStageWindow   - Scaled ratio: (1.0, 1.0)
20:24:33.023 [JavaFX Application Thread] DEBUG PrimaryStageWindow   - Scene size: 960.0 x 640.0
20:24:33.023 [JavaFX Application Thread] DEBUG PrimaryStageWindow   - Stage size: 976.0 x 679.0
20:24:33.028 [FXGL Background Thread 1 ] DEBUG Engine               - Initializing environment variables
20:24:33.061 [FXGL Background Thread 1 ] DEBUG FXGLAssetLoaderServi - User app class for loading assets: class fallout.proyecto_poo.FalloutTDApplication
20:24:33.061 [FXGL Background Thread 1 ] DEBUG GameApplicationServi - Applying CSS: fxgl_dark.css
20:24:33.061 [FXGL Background Thread 1 ] DEBUG FXGLAssetLoaderServi - Loading from file system: jar:file:///C:/Users/xdan1/.m2/repository/com/github/almasb/fxgl/17.2/fxgl-17.2.jar!/fxglassets/ui/css/fxgl_dark.css
20:24:33.095 [FXGL Background Thread 1 ] DEBUG GameApplicationServi - Initializing application scenes
20:24:33.118 [FXGL Background Thread 1 ] DEBUG GameWorld            - Game world initialized
20:24:33.180 [FXGL Background Thread 1 ] DEBUG PhysicsWorld         - Physics world initialized: appHeight=640, physics.ppm=50,0
20:24:33.180 [FXGL Background Thread 1 ] DEBUG PhysicsWorld         - Using strategy: BRUTE_FORCE
20:24:33.182 [FXGL Background Thread 1 ] DEBUG GameScene            - Game scene initialized: 960x640
20:24:33.190 [FXGL Background Thread 1 ] DEBUG FXGL.DefaultMenu     - createMenuBodyMainMenu()
20:24:33.200 [FXGL Background Thread 1 ] DEBUG FXGL.DefaultMenu     - createOptionsMenu()
20:24:33.207 [FXGL Background Thread 1 ] DEBUG FXGLAssetLoaderServi - Loading from file system: jar:file:///C:/Users/xdan1/.m2/repository/com/github/almasb/fxgl/17.2/fxgl-17.2.jar!/fxglassets/textures/particles/smoke.png
20:24:33.302 [FXGL Background Thread 1 ] DEBUG FXGLAssetLoaderServi - Loading from file system: jar:file:///C:/Users/xdan1/.m2/repository/com/github/almasb/fxgl/17.2/fxgl-17.2.jar!/fxglassets/textures/particles/trace_horizontal.png
20:24:33.337 [FXGL Background Thread 1 ] DEBUG FXGL.DefaultMenu     - createMenuBodyGameMenu()
20:24:33.337 [FXGL Background Thread 1 ] DEBUG FXGL.DefaultMenu     - createOptionsMenu()
20:24:33.349 [FXGL Background Thread 1 ] DEBUG GameApplicationServi - Application scenes initialized
20:24:33.360 [FXGL Background Thread 1 ] DEBUG SystemBundleService  - Loading FXGL system data
20:24:33.363 [FXGL Background Thread 1 ] DEBUG FileSystemAccess     - Reading from: C:\Users\xdan1\OneDrive\Documentos\IdeaProjects\Proyecto_POO\system\fxgl.bundle
20:24:33.376 [FXGL Background Thread 1 ] DEBUG SystemBundleService  - Bundle FXGL: {}
20:24:33.376 [FXGL Background Thread 1 ] DEBUG UpdaterService       - Checking for updates
20:24:33.379 [FXGL Background Thread 4 ] DEBUG FXGLApplication      - Loading fonts
20:24:33.380 [FXGL Background Thread 4 ] DEBUG FXGLAssetLoaderServi - Loading from file system: jar:file:///C:/Users/xdan1/.m2/repository/com/github/almasb/fxgl/17.2/fxgl-17.2.jar!/fxglassets/ui/fonts/VarelaRound-Regular.ttf
20:24:33.380 [FXGL Background Thread 1 ] DEBUG FXGLApplication      - Loading default localization
20:24:33.380 [FXGL Background Thread 1 ] DEBUG FXGLAssetLoaderServi - Loading from file system: jar:file:///C:/Users/xdan1/.m2/repository/com/github/almasb/fxgl/17.2/fxgl-17.2.jar!/fxglassets/languages/english.lang
20:24:33.404 [FXGL Background Thread 1 ] INFO  FXGLApplication      - FXGL initialization took: 0,376 sec
20:24:33.408 [FXGL Background Thread 4 ] DEBUG FXGLAssetLoaderServi - Loading from file system: jar:file:///C:/Users/xdan1/.m2/repository/com/github/almasb/fxgl/17.2/fxgl-17.2.jar!/fxglassets/ui/fonts/Abel-Regular.ttf
20:24:33.412 [JavaFX Application Thread] DEBUG Input                - Registered new binding: action0 - LMB
20:24:33.412 [JavaFX Application Thread] DEBUG FXGLAssetLoaderServi - Loading from file system: jar:file:///C:/Users/xdan1/.m2/repository/com/github/almasb/fxgl/17.2/fxgl-17.2.jar!/fxglassets/textures/fxgl_icon.png
20:24:33.417 [FXGL Background Thread 4 ] DEBUG FXGLAssetLoaderServi - Loading from file system: jar:file:///C:/Users/xdan1/.m2/repository/com/github/almasb/fxgl/17.2/fxgl-17.2.jar!/fxglassets/ui/fonts/TerminalLandMono-Regular.otf
20:24:33.424 [FXGL Background Thread 4 ] DEBUG FXGLAssetLoaderServi - Loading from file system: jar:file:///C:/Users/xdan1/.m2/repository/com/github/almasb/fxgl/17.2/fxgl-17.2.jar!/fxglassets/ui/fonts/Courier-Prime.ttf
20:24:33.437 [JavaFX Application Thread] DEBUG FXGLAssetLoaderServi - Loading from file system: jar:file:///C:/Users/xdan1/.m2/repository/com/github/almasb/fxgl/17.2/fxgl-17.2.jar!/fxglassets/textures/fxgl_default_cursor.png
20:24:33.446 [JavaFX Application Thread] DEBUG Input                - Registered new binding: Screenshot - CTRL+8
20:24:33.446 [JavaFX Application Thread] DEBUG Input                - Registered new binding: System info dump - CTRL+9
20:24:33.447 [JavaFX Application Thread] DEBUG Input                - Registered new binding: Restart - CTRL+R
20:24:33.447 [JavaFX Application Thread] DEBUG Input                - Registered new binding: Toggle Debug Camera - CTRL+7
20:24:33.449 [JavaFX Application Thread] DEBUG LoopRunner           - Starting loop
20:24:33.449 [JavaFX Application Thread] DEBUG LoopRunner           - Initializing JavaFX AnimationTimerLoop
20:24:33.453 [JavaFX Application Thread] DEBUG Input                - Clearing active input actions
20:24:33.458 [JavaFX Application Thread] DEBUG GameApplicationServi - Removing overlay from FXGLStartupScene and adding to FXGLMainMenuDummyScene
20:24:33.458 [JavaFX Application Thread] DEBUG PrimaryStageWindow   - FXGLStartupScene -> FXGLMainMenuDummyScene
20:24:33.459 [JavaFX Application Thread] DEBUG PrimaryStageWindow   - Push state: FXGLDefaultMenu
20:24:33.474 [JavaFX Application Thread] DEBUG Input                - Clearing active input actions
20:24:33.486 [JavaFX Application Thread] DEBUG GameApplicationServi - Removing overlay from FXGLMainMenuDummyScene and adding to FXGLDefaultMenu
20:24:33.487 [JavaFX Application Thread] DEBUG PrimaryStageWindow   - FXGLMainMenuDummyScene -> FXGLDefaultMenu
20:24:33.497 [JavaFX Application Thread] DEBUG FXGLApplication      - Registering font factories with UI factory
20:24:33.828 [FXGL Background Thread 2 ] INFO  UpdaterService       - Your current version:  17.2
20:24:33.828 [FXGL Background Thread 2 ] INFO  UpdaterService       - Latest stable version: 17.3
20:24:34.286 [JavaFX Application Thread] DEBUG Menu                 - fireNewGame()
20:24:34.286 [JavaFX Application Thread] DEBUG GameApplicationServi - Starting new game
20:24:34.288 [JavaFX Application Thread] DEBUG PrimaryStageWindow   - Pop state: FXGLDefaultMenu
20:24:34.288 [JavaFX Application Thread] DEBUG Input                - Clearing active input actions
20:24:34.288 [JavaFX Application Thread] DEBUG GameApplicationServi - Removing overlay from FXGLDefaultMenu and adding to FXGLMainMenuDummyScene
20:24:34.289 [JavaFX Application Thread] DEBUG PrimaryStageWindow   - FXGLMainMenuDummyScene <- FXGLDefaultMenu
20:24:34.289 [JavaFX Application Thread] DEBUG Input                - Clearing active input actions
20:24:34.295 [JavaFX Application Thread] DEBUG GameApplicationServi - Removing overlay from FXGLMainMenuDummyScene and adding to FXGLLoadingScene
20:24:34.295 [JavaFX Application Thread] DEBUG PrimaryStageWindow   - FXGLMainMenuDummyScene -> FXGLLoadingScene
20:24:34.295 [JavaFX Application Thread] DEBUG GameApplicationServi - Clearing previous game
20:24:34.295 [JavaFX Application Thread] DEBUG GameScene            - Clearing game scene
20:24:34.295 [JavaFX Application Thread] DEBUG GameWorld            - Clearing game world
20:24:34.295 [JavaFX Application Thread] DEBUG PhysicsWorld         - Clearing physics world
20:24:34.296 [FXGL Background Thread 2 ] DEBUG FXGLApplication      - Initializing game
20:24:34.329 [FXGL Background Thread 2 ] WARN  TMXLevelLoader       - TiledMap generated from 1.10.2. Supported version: 1.9.0. Some features may not be parsed fully.
20:24:34.345 [FXGL Background Thread 2 ] DEBUG TMXLevelLoader       - Parsed TiledMap: file:/C:/Users/xdan1/OneDrive/Documentos/IdeaProjects/Proyecto_POO/target/classes/assets/levels/tmx/fallout.tmx
20:24:34.347 [FXGL Background Thread 2 ] DEBUG TMXLevelLoader       - Creating tile layer entities
20:24:34.349 [FXGL Background Thread 2 ] DEBUG TilesetLoader        - Loading view for layer ground
20:24:34.350 [FXGL Background Thread 2 ] DEBUG TilesetLoader        - Created buffer with size 960.0x640.0
20:24:34.359 [FXGL Background Thread 2 ] DEBUG TilesetLoader        - Loading view for layer path
20:24:34.360 [FXGL Background Thread 2 ] DEBUG TilesetLoader        - Created buffer with size 960.0x640.0
20:24:34.363 [FXGL Background Thread 2 ] DEBUG TilesetLoader        - Loading view for layer decor
20:24:34.364 [FXGL Background Thread 2 ] DEBUG TilesetLoader        - Created buffer with size 960.0x640.0
20:24:34.364 [FXGL Background Thread 2 ] DEBUG TMXLevelLoader       - Creating object layer entities
20:24:34.378 [FXGL Background Thread 2 ] DEBUG GameWorld            - Clearing removable entities
20:24:34.378 [FXGL Background Thread 2 ] DEBUG GameWorld            - Setting level: com.almasb.fxgl.entity.level.Level@1e3e61b0
20:24:34.390 [FXGL Background Thread 2 ] DEBUG FXGLAssetLoaderServi - Loading JSON from: file:/C:/Users/xdan1/OneDrive/Documentos/IdeaProjects/Proyecto_POO/target/classes/assets/json/waves/wave1.json
20:24:34.544 [FXGL Background Thread 2 ] DEBUG FXGLAssetLoaderServi - Loading JSON from: file:/C:/Users/xdan1/OneDrive/Documentos/IdeaProjects/Proyecto_POO/target/classes/assets/json/waves/wave2.json
20:24:34.545 [FXGL Background Thread 2 ] DEBUG FXGLAssetLoaderServi - Loading JSON from: file:/C:/Users/xdan1/OneDrive/Documentos/IdeaProjects/Proyecto_POO/target/classes/assets/json/waves/wave3.json
20:24:34.547 [FXGL Background Thread 2 ] DEBUG FXGLAssetLoaderServi - Loading JSON from: file:/C:/Users/xdan1/OneDrive/Documentos/IdeaProjects/Proyecto_POO/target/classes/assets/json/enemy/scorpion.json
20:24:34.550 [FXGL Background Thread 2 ] DEBUG FXGLAssetLoaderServi - Loading JSON from: file:/C:/Users/xdan1/OneDrive/Documentos/IdeaProjects/Proyecto_POO/target/classes/assets/json/enemy/scorpion.json
20:24:34.552 [FXGL Background Thread 2 ] DEBUG FXGLAssetLoaderServi - Loading JSON from: file:/C:/Users/xdan1/OneDrive/Documentos/IdeaProjects/Proyecto_POO/target/classes/assets/json/enemy/scorpion.json
20:24:34.552 [FXGL Background Thread 2 ] DEBUG FXGLAssetLoaderServi - Loading JSON from: file:/C:/Users/xdan1/OneDrive/Documentos/IdeaProjects/Proyecto_POO/target/classes/assets/json/enemy/scorpion.json
20:24:34.553 [FXGL Background Thread 2 ] DEBUG FXGLAssetLoaderServi - Loading JSON from: file:/C:/Users/xdan1/OneDrive/Documentos/IdeaProjects/Proyecto_POO/target/classes/assets/json/enemy/scorpion.json
20:24:34.554 [FXGL Background Thread 2 ] DEBUG FXGLAssetLoaderServi - Loading JSON from: file:/C:/Users/xdan1/OneDrive/Documentos/IdeaProjects/Proyecto_POO/target/classes/assets/json/enemy/scorpion.json
20:24:34.556 [FXGL Background Thread 2 ] DEBUG FXGLAssetLoaderServi - Loading JSON from: file:/C:/Users/xdan1/OneDrive/Documentos/IdeaProjects/Proyecto_POO/target/classes/assets/json/enemy/scorpion.json
20:24:34.556 [FXGL Background Thread 2 ] DEBUG FXGLAssetLoaderServi - Loading JSON from: file:/C:/Users/xdan1/OneDrive/Documentos/IdeaProjects/Proyecto_POO/target/classes/assets/json/enemy/scorpion.json
20:24:34.557 [FXGL Background Thread 2 ] DEBUG FXGLAssetLoaderServi - Loading JSON from: file:/C:/Users/xdan1/OneDrive/Documentos/IdeaProjects/Proyecto_POO/target/classes/assets/json/enemy/scorpion.json
20:24:34.558 [FXGL Background Thread 2 ] DEBUG FXGLAssetLoaderServi - Loading JSON from: file:/C:/Users/xdan1/OneDrive/Documentos/IdeaProjects/Proyecto_POO/target/classes/assets/json/enemy/scorpion.json
20:24:34.559 [FXGL Background Thread 2 ] INFO  FXGLApplication      - Game initialization took: 0,262 sec
20:24:34.559 [JavaFX Application Thread] DEBUG Input                - Clearing active input actions
20:24:34.562 [JavaFX Application Thread] DEBUG GameApplicationServi - Removing overlay from FXGLLoadingScene and adding to GameScene
20:24:34.562 [JavaFX Application Thread] DEBUG PrimaryStageWindow   - FXGLLoadingScene -> GameScene
20:24:35.492 [JavaFX Application Thread] DEBUG FXGLAssetLoaderServi - Loading from file system: file:/C:/Users/xdan1/OneDrive/Documentos/IdeaProjects/Proyecto_POO/target/classes/assets/textures/enemy/scorpion.png
20:24:36.379 [FXGL Background Thread 3 ] DEBUG Engine               - Logging environment variables
20:24:36.379 [FXGL Background Thread 3 ] DEBUG Engine               - achievements: []
20:24:36.379 [FXGL Background Thread 3 ] DEBUG Engine               - actualHeight: 640.0
20:24:36.380 [FXGL Background Thread 3 ] DEBUG Engine               - actualHeightProperty: ReadOnlyDoubleProperty [value: 640.0]
20:24:36.380 [FXGL Background Thread 3 ] DEBUG Engine               - actualWidth: 960.0
20:24:36.380 [FXGL Background Thread 3 ] DEBUG Engine               - actualWidthProperty: ReadOnlyDoubleProperty [value: 960.0]
20:24:36.380 [FXGL Background Thread 3 ] DEBUG Engine               - appIcon: fxgl_icon.png
20:24:36.380 [FXGL Background Thread 3 ] DEBUG Engine               - applicationMode: DEVELOPER
20:24:36.380 [FXGL Background Thread 3 ] DEBUG Engine               - cSSList: [fxgl_dark.css]
20:24:36.380 [FXGL Background Thread 3 ] DEBUG Engine               - collisionDetectionStrategy: BRUTE_FORCE
20:24:36.380 [FXGL Background Thread 3 ] DEBUG Engine               - configClass: Optional.empty
20:24:36.380 [FXGL Background Thread 3 ] DEBUG Engine               - credits: []
20:24:36.380 [FXGL Background Thread 3 ] DEBUG Engine               - defaultCursor: CursorInfo(imageName=fxgl_default_cursor.png, hotspotX=7.0, hotspotY=6.0)
20:24:36.380 [FXGL Background Thread 3 ] DEBUG Engine               - devBBoxColorProperty: ObjectProperty [value: 0xff0000ff]
20:24:36.381 [FXGL Background Thread 3 ] DEBUG Engine               - devEnableDebugCameraProperty: BooleanProperty [value: false]
20:24:36.381 [FXGL Background Thread 3 ] DEBUG Engine               - devSensorColorProperty: ObjectProperty [value: 0xffff00ff]
20:24:36.381 [FXGL Background Thread 3 ] DEBUG Engine               - devShowBBoxProperty: BooleanProperty [value: false]
20:24:36.381 [FXGL Background Thread 3 ] DEBUG Engine               - devShowPositionProperty: BooleanProperty [value: false]
20:24:36.381 [FXGL Background Thread 3 ] DEBUG Engine               - enabledMenuItems: []
20:24:36.381 [FXGL Background Thread 3 ] DEBUG Engine               - engineServices: [class com.almasb.fxgl.app.services.FXGLAssetLoaderService, class com.almasb.fxgl.app.FXGLApplication$GameApplicationService, class com.almasb.fxgl.app.services.FXGLDialogService, class com.almasb.fxgl.app.services.IOTaskExecutorService, class com.almasb.fxgl.io.FileSystemService, class com.almasb.fxgl.localization.LocalizationService, class com.almasb.fxgl.app.services.SystemBundleService, class com.almasb.fxgl.profile.SaveLoadService, class com.almasb.fxgl.ui.FXGLUIFactoryServiceProvider, class com.almasb.fxgl.ui.FXGLDialogFactoryServiceProvider, class com.almasb.fxgl.audio.AudioPlayer, class com.almasb.fxgl.notification.impl.NotificationServiceProvider, class com.almasb.fxgl.achievement.AchievementService, class com.almasb.fxgl.cutscene.CutsceneService, class com.almasb.fxgl.minigames.MiniGameService, class com.almasb.fxgl.net.NetService, class com.almasb.fxgl.app.services.UpdaterService, class com.almasb.fxgl.dev.DevService]
20:24:36.381 [FXGL Background Thread 3 ] DEBUG Engine               - fontGame: Abel-Regular.ttf
20:24:36.381 [FXGL Background Thread 3 ] DEBUG Engine               - fontMono: TerminalLandMono-Regular.otf
20:24:36.381 [FXGL Background Thread 3 ] DEBUG Engine               - fontText: Courier-Prime.ttf
20:24:36.381 [FXGL Background Thread 3 ] DEBUG Engine               - fontUI: VarelaRound-Regular.ttf
20:24:36.381 [FXGL Background Thread 3 ] DEBUG Engine               - fullScreen: BooleanProperty [value: false]
20:24:36.381 [FXGL Background Thread 3 ] DEBUG Engine               - gameDifficulty: MEDIUM
20:24:36.381 [FXGL Background Thread 3 ] DEBUG Engine               - gameDifficultyProperty: ObjectProperty [value: MEDIUM]
20:24:36.381 [FXGL Background Thread 3 ] DEBUG Engine               - globalMusicVolume: 0.5
20:24:36.381 [FXGL Background Thread 3 ] DEBUG Engine               - globalMusicVolumeProperty: DoubleProperty [value: 0.5]
20:24:36.381 [FXGL Background Thread 3 ] DEBUG Engine               - globalSoundVolume: 0.5
20:24:36.381 [FXGL Background Thread 3 ] DEBUG Engine               - globalSoundVolumeProperty: DoubleProperty [value: 0.5]
20:24:36.381 [FXGL Background Thread 3 ] DEBUG Engine               - height: 640
20:24:36.381 [FXGL Background Thread 3 ] DEBUG Engine               - is3D: false
20:24:36.381 [FXGL Background Thread 3 ] DEBUG Engine               - isAndroid: false
20:24:36.381 [FXGL Background Thread 3 ] DEBUG Engine               - isBrowser: false
20:24:36.381 [FXGL Background Thread 3 ] DEBUG Engine               - isClickFeedbackEnabled: false
20:24:36.381 [FXGL Background Thread 3 ] DEBUG Engine               - isCloseConfirmation: false
20:24:36.381 [FXGL Background Thread 3 ] DEBUG Engine               - isDesktop: true
20:24:36.382 [FXGL Background Thread 3 ] DEBUG Engine               - isDeveloperMenuEnabled: false
20:24:36.382 [FXGL Background Thread 3 ] DEBUG Engine               - isEmbedded: false
20:24:36.382 [FXGL Background Thread 3 ] DEBUG Engine               - isEntityPreloadEnabled: true
20:24:36.382 [FXGL Background Thread 3 ] DEBUG Engine               - isExperimentalTiledLargeMap: false
20:24:36.382 [FXGL Background Thread 3 ] DEBUG Engine               - isFileSystemWriteAllowed: true
20:24:36.382 [FXGL Background Thread 3 ] DEBUG Engine               - isFullScreenAllowed: false
20:24:36.382 [FXGL Background Thread 3 ] DEBUG Engine               - isFullScreenFromStart: false
20:24:36.382 [FXGL Background Thread 3 ] DEBUG Engine               - isGameMenuEnabled: true
20:24:36.382 [FXGL Background Thread 3 ] DEBUG Engine               - isIOS: false
20:24:36.382 [FXGL Background Thread 3 ] DEBUG Engine               - isIntroEnabled: false
20:24:36.382 [FXGL Background Thread 3 ] DEBUG Engine               - isLinux: false
20:24:36.382 [FXGL Background Thread 3 ] DEBUG Engine               - isMac: false
20:24:36.382 [FXGL Background Thread 3 ] DEBUG Engine               - isMainMenuEnabled: true
20:24:36.382 [FXGL Background Thread 3 ] DEBUG Engine               - isManualResizeEnabled: false
20:24:36.382 [FXGL Background Thread 3 ] DEBUG Engine               - isMobile: false
20:24:36.382 [FXGL Background Thread 3 ] DEBUG Engine               - isNative: false
20:24:36.382 [FXGL Background Thread 3 ] DEBUG Engine               - isPauseMusicWhenMinimized: true
20:24:36.382 [FXGL Background Thread 3 ] DEBUG Engine               - isPreserveResizeRatio: false
20:24:36.382 [FXGL Background Thread 3 ] DEBUG Engine               - isProfilingEnabled: false
20:24:36.382 [FXGL Background Thread 3 ] DEBUG Engine               - isScaleAffectedOnResize: true
20:24:36.382 [FXGL Background Thread 3 ] DEBUG Engine               - isSingleStep: false
20:24:36.382 [FXGL Background Thread 3 ] DEBUG Engine               - isUserProfileEnabled: false
20:24:36.382 [FXGL Background Thread 3 ] DEBUG Engine               - isWindows: true
20:24:36.382 [FXGL Background Thread 3 ] DEBUG Engine               - language: ObjectProperty [value: ENGLISH]
20:24:36.382 [FXGL Background Thread 3 ] DEBUG Engine               - menuKey: ESCAPE
20:24:36.382 [FXGL Background Thread 3 ] DEBUG Engine               - mouseSensitivity: 0.2
20:24:36.382 [FXGL Background Thread 3 ] DEBUG Engine               - notificationViewClass: class com.almasb.fxgl.notification.view.XboxNotificationView
20:24:36.382 [FXGL Background Thread 3 ] DEBUG Engine               - pixelsPerMeter: 50.0
20:24:36.382 [FXGL Background Thread 3 ] DEBUG Engine               - platform: WINDOWS
20:24:36.383 [FXGL Background Thread 3 ] DEBUG Engine               - prefHeightProperty: ReadOnlyDoubleProperty [value: 640.0]
20:24:36.383 [FXGL Background Thread 3 ] DEBUG Engine               - prefWidthProperty: ReadOnlyDoubleProperty [value: 960.0]
20:24:36.383 [FXGL Background Thread 3 ] DEBUG Engine               - profileDir: profiles/
20:24:36.383 [FXGL Background Thread 3 ] DEBUG Engine               - profileName: StringProperty [value: DEFAULT]
20:24:36.383 [FXGL Background Thread 3 ] DEBUG Engine               - randomSeed: -1
20:24:36.383 [FXGL Background Thread 3 ] DEBUG Engine               - runtimeInfo: RuntimeInfo(platform=WINDOWS, version=17.2, build=20.08.2022 16.50)
20:24:36.383 [FXGL Background Thread 3 ] DEBUG Engine               - saveFileExt: sav
20:24:36.383 [FXGL Background Thread 3 ] DEBUG Engine               - scaledHeightProp$fxgl: DoubleProperty [bound, value: 640.0]
20:24:36.383 [FXGL Background Thread 3 ] DEBUG Engine               - scaledWidthProp$fxgl: DoubleProperty [bound, value: 960.0]
20:24:36.383 [FXGL Background Thread 3 ] DEBUG Engine               - sceneFactory: com.almasb.fxgl.app.scene.SceneFactory@114666cc
20:24:36.383 [FXGL Background Thread 3 ] DEBUG Engine               - secondsIn24h: 60
20:24:36.383 [FXGL Background Thread 3 ] DEBUG Engine               - soundMenuBack: menu/back.wav
20:24:36.383 [FXGL Background Thread 3 ] DEBUG Engine               - soundMenuPress: menu/press.wav
20:24:36.383 [FXGL Background Thread 3 ] DEBUG Engine               - soundMenuSelect: menu/select.wav
20:24:36.383 [FXGL Background Thread 3 ] DEBUG Engine               - soundNotification: core/notification.wav
20:24:36.383 [FXGL Background Thread 3 ] DEBUG Engine               - stageStyle: DECORATED
20:24:36.383 [FXGL Background Thread 3 ] DEBUG Engine               - supportedLanguages: [ENGLISH, FRENCH, GERMAN, HUNGARIAN, RUSSIAN]
20:24:36.383 [FXGL Background Thread 3 ] DEBUG Engine               - ticksPerSecond: -1
20:24:36.383 [FXGL Background Thread 3 ] DEBUG Engine               - title: Fallout Tower Defense
20:24:36.383 [FXGL Background Thread 3 ] DEBUG Engine               - urlGithub: https://github.com/AlmasB/FXGL
20:24:36.383 [FXGL Background Thread 3 ] DEBUG Engine               - urlLeaderboard: http://fxgl-top.herokuapp.com/
20:24:36.383 [FXGL Background Thread 3 ] DEBUG Engine               - urlPOM: https://raw.githubusercontent.com/AlmasB/FXGL/release/README.md
20:24:36.383 [FXGL Background Thread 3 ] DEBUG Engine               - userAppClass: class fallout.proyecto_poo.FalloutTDApplication
20:24:36.383 [FXGL Background Thread 3 ] DEBUG Engine               - version: 0.0
20:24:36.384 [FXGL Background Thread 3 ] DEBUG Engine               - versionCheckDays: 7
20:24:36.384 [FXGL Background Thread 3 ] DEBUG Engine               - width: 960
20:24:36.384 [FXGL Background Thread 3 ] DEBUG Engine               - Logging services
20:24:36.384 [FXGL Background Thread 3 ] DEBUG Engine               - class com.almasb.fxgl.app.services.FXGLAssetLoaderService
20:24:36.384 [FXGL Background Thread 3 ] DEBUG Engine               - class com.almasb.fxgl.app.FXGLApplication$GameApplicationService
20:24:36.384 [FXGL Background Thread 3 ] DEBUG Engine               - class com.almasb.fxgl.app.services.FXGLDialogService
20:24:36.384 [FXGL Background Thread 3 ] DEBUG Engine               - class com.almasb.fxgl.app.services.IOTaskExecutorService
20:24:36.384 [FXGL Background Thread 3 ] DEBUG Engine               - class com.almasb.fxgl.io.FileSystemService
20:24:36.384 [FXGL Background Thread 3 ] DEBUG Engine               - class com.almasb.fxgl.localization.LocalizationService
20:24:36.384 [FXGL Background Thread 3 ] DEBUG Engine               - class com.almasb.fxgl.app.services.SystemBundleService
20:24:36.384 [FXGL Background Thread 3 ] DEBUG Engine               - class com.almasb.fxgl.profile.SaveLoadService
20:24:36.384 [FXGL Background Thread 3 ] DEBUG Engine               - class com.almasb.fxgl.ui.FXGLUIFactoryServiceProvider
20:24:36.384 [FXGL Background Thread 3 ] DEBUG Engine               - class com.almasb.fxgl.ui.FXGLDialogFactoryServiceProvider
20:24:36.384 [FXGL Background Thread 3 ] DEBUG Engine               - class com.almasb.fxgl.audio.AudioPlayer
20:24:36.384 [FXGL Background Thread 3 ] DEBUG Engine               - class com.almasb.fxgl.notification.impl.NotificationServiceProvider
20:24:36.384 [FXGL Background Thread 3 ] DEBUG Engine               - class com.almasb.fxgl.achievement.AchievementService
20:24:36.384 [FXGL Background Thread 3 ] DEBUG Engine               - class com.almasb.fxgl.cutscene.CutsceneService
20:24:36.384 [FXGL Background Thread 3 ] DEBUG Engine               - class com.almasb.fxgl.minigames.MiniGameService
20:24:36.384 [FXGL Background Thread 3 ] DEBUG Engine               - class com.almasb.fxgl.net.NetService
20:24:36.384 [FXGL Background Thread 3 ] DEBUG Engine               - class com.almasb.fxgl.app.services.UpdaterService
20:24:36.384 [FXGL Background Thread 3 ] DEBUG Engine               - class com.almasb.fxgl.dev.DevService
20:24:41.491 [JavaFX Application Thread] DEBUG FXGLApplication      - Exiting FXGL
20:24:41.491 [JavaFX Application Thread] DEBUG LoopRunner           - Stopping loop
20:24:41.491 [JavaFX Application Thread] DEBUG SystemBundleService  - Saving FXGL system data
20:24:41.493 [JavaFX Application Thread] DEBUG FileSystemAccess     - Writing to: C:\Users\xdan1\OneDrive\Documentos\IdeaProjects\Proyecto_POO\system\fxgl.bundle
20:24:41.495 [JavaFX Application Thread] DEBUG Async                - Shutting down background threads
20:24:41.495 [JavaFX Application Thread] DEBUG PrimaryStageWindow   - Closing main window
20:24:41.509 [JavaFX Application Thread] DEBUG Logger               - Closing Logger
