02:04:10.370 [main                     ] DEBUG Logger               - Configured Logger
02:04:10.389 [main                     ] DEBUG GameApplication      - Logging settings
Title: Fallout Tower Defense
Version: 0.4
Width: 960
Height: 640
Fullscreen: false
Intro: false
Profiling: false
Single step:false
App Mode: DEVELOPER
Menu Key: ESCAPE
Stage Style: DECORATED
Scene Factory: class com.almasb.fxgl.app.scene.SceneFactory

02:04:10.709 [JavaFX Application Thread] DEBUG FXGLApplication      - Initializing FXGL
02:04:10.713 [JavaFX Application Thread] INFO  Engine               - FXGL-17.2 (20.08.2022 16.50) on WINDOWS (J:21.0.1 FX:20.0.1)
02:04:10.713 [JavaFX Application Thread] DEBUG Engine               - JRE Vendor Name: Oracle Corporation
02:04:10.713 [JavaFX Application Thread] DEBUG Engine               - Running on OS: Windows 11 version 10.0
02:04:10.713 [JavaFX Application Thread] DEBUG Engine               - Architecture: amd64
02:04:10.713 [JavaFX Application Thread] INFO  Engine               - Source code and latest versions at: https://github.com/AlmasB/FXGL
02:04:10.713 [JavaFX Application Thread] INFO  Engine               -       Ask questions and discuss at: https://github.com/AlmasB/FXGL/discussions
02:04:10.713 [JavaFX Application Thread] INFO  Engine               -              Join the FXGL chat at: https://gitter.im/AlmasB/FXGL
02:04:10.788 [JavaFX Application Thread] DEBUG PrimaryStageWindow   - Creating a JavaFX scene
02:04:10.825 [JavaFX Application Thread] DEBUG PrimaryStageWindow   - Target settings size: 960.0 x 640.0
02:04:10.825 [JavaFX Application Thread] DEBUG PrimaryStageWindow   - Scaled scene size:    960.0 x 640.0
02:04:10.826 [JavaFX Application Thread] DEBUG PrimaryStageWindow   - Scaled ratio: (1.0, 1.0)
02:04:10.827 [JavaFX Application Thread] DEBUG PrimaryStageWindow   - Set initial scene to FXGLStartupScene
02:04:10.829 [JavaFX Application Thread] DEBUG PrimaryStageWindow   - Opening main window
02:04:10.914 [JavaFX Application Thread] DEBUG PrimaryStageWindow   - Window border size: (16.0, 39.0)
02:04:10.914 [JavaFX Application Thread] DEBUG PrimaryStageWindow   - Scaled size: 960.0 x 640.0
02:04:10.914 [JavaFX Application Thread] DEBUG PrimaryStageWindow   - Scaled ratio: (1.0, 1.0)
02:04:10.915 [JavaFX Application Thread] DEBUG PrimaryStageWindow   - Scene size: 960.0 x 640.0
02:04:10.915 [JavaFX Application Thread] DEBUG PrimaryStageWindow   - Stage size: 976.0 x 679.0
02:04:10.920 [FXGL Background Thread 1 ] DEBUG Engine               - Initializing environment variables
02:04:10.958 [FXGL Background Thread 1 ] DEBUG FXGLAssetLoaderServi - User app class for loading assets: class fallout.proyecto_poo.FalloutTDApplication
02:04:10.959 [FXGL Background Thread 1 ] DEBUG GameApplicationServi - Applying CSS: fxgl_dark.css
02:04:10.959 [FXGL Background Thread 1 ] DEBUG FXGLAssetLoaderServi - Loading from file system: jar:file:///C:/Users/xdan1/.m2/repository/com/github/almasb/fxgl/17.2/fxgl-17.2.jar!/fxglassets/ui/css/fxgl_dark.css
02:04:10.998 [FXGL Background Thread 1 ] DEBUG GameApplicationServi - Initializing application scenes
02:04:11.024 [FXGL Background Thread 1 ] DEBUG GameWorld            - Game world initialized
02:04:11.081 [FXGL Background Thread 1 ] DEBUG PhysicsWorld         - Physics world initialized: appHeight=640, physics.ppm=50,0
02:04:11.081 [FXGL Background Thread 1 ] DEBUG PhysicsWorld         - Using strategy: BRUTE_FORCE
02:04:11.084 [FXGL Background Thread 1 ] DEBUG GameScene            - Game scene initialized: 960x640
02:04:11.091 [FXGL Background Thread 1 ] DEBUG FXGL.DefaultMenu     - createMenuBodyMainMenu()
02:04:11.099 [FXGL Background Thread 1 ] DEBUG FXGL.DefaultMenu     - createOptionsMenu()
02:04:11.106 [FXGL Background Thread 1 ] DEBUG FXGLAssetLoaderServi - Loading from file system: jar:file:///C:/Users/xdan1/.m2/repository/com/github/almasb/fxgl/17.2/fxgl-17.2.jar!/fxglassets/textures/particles/smoke.png
02:04:11.188 [FXGL Background Thread 1 ] DEBUG FXGLAssetLoaderServi - Loading from file system: jar:file:///C:/Users/xdan1/.m2/repository/com/github/almasb/fxgl/17.2/fxgl-17.2.jar!/fxglassets/textures/particles/trace_horizontal.png
02:04:11.214 [FXGL Background Thread 1 ] DEBUG FXGL.DefaultMenu     - createMenuBodyGameMenu()
02:04:11.215 [FXGL Background Thread 1 ] DEBUG FXGL.DefaultMenu     - createOptionsMenu()
02:04:11.226 [FXGL Background Thread 1 ] DEBUG GameApplicationServi - Application scenes initialized
02:04:11.236 [FXGL Background Thread 1 ] DEBUG SystemBundleService  - Loading FXGL system data
02:04:11.239 [FXGL Background Thread 1 ] DEBUG FileSystemAccess     - Reading from: C:\Users\xdan1\OneDrive\Documentos\IdeaProjects\Proyecto_POO\system\fxgl.bundle
02:04:11.252 [FXGL Background Thread 1 ] DEBUG SystemBundleService  - Bundle FXGL: {}
02:04:11.252 [FXGL Background Thread 1 ] DEBUG UpdaterService       - Checking for updates
02:04:11.255 [FXGL Background Thread 4 ] DEBUG FXGLApplication      - Loading fonts
02:04:11.255 [FXGL Background Thread 4 ] DEBUG FXGLAssetLoaderServi - Loading from file system: jar:file:///C:/Users/xdan1/.m2/repository/com/github/almasb/fxgl/17.2/fxgl-17.2.jar!/fxglassets/ui/fonts/VarelaRound-Regular.ttf
02:04:11.255 [FXGL Background Thread 1 ] DEBUG FXGLApplication      - Loading default localization
02:04:11.256 [FXGL Background Thread 1 ] DEBUG FXGLAssetLoaderServi - Loading from file system: jar:file:///C:/Users/xdan1/.m2/repository/com/github/almasb/fxgl/17.2/fxgl-17.2.jar!/fxglassets/languages/english.lang
02:04:11.285 [FXGL Background Thread 4 ] DEBUG FXGLAssetLoaderServi - Loading from file system: jar:file:///C:/Users/xdan1/.m2/repository/com/github/almasb/fxgl/17.2/fxgl-17.2.jar!/fxglassets/ui/fonts/Abel-Regular.ttf
02:04:11.288 [FXGL Background Thread 1 ] INFO  FXGLApplication      - FXGL initialization took: 0,369 sec
02:04:11.293 [FXGL Background Thread 4 ] DEBUG FXGLAssetLoaderServi - Loading from file system: jar:file:///C:/Users/xdan1/.m2/repository/com/github/almasb/fxgl/17.2/fxgl-17.2.jar!/fxglassets/ui/fonts/TerminalLandMono-Regular.otf
02:04:11.296 [JavaFX Application Thread] DEBUG Input                - Registered new binding: action0 - LMB
02:04:11.296 [JavaFX Application Thread] DEBUG FXGLAssetLoaderServi - Loading from file system: jar:file:///C:/Users/xdan1/.m2/repository/com/github/almasb/fxgl/17.2/fxgl-17.2.jar!/fxglassets/textures/fxgl_icon.png
02:04:11.299 [FXGL Background Thread 4 ] DEBUG FXGLAssetLoaderServi - Loading from file system: jar:file:///C:/Users/xdan1/.m2/repository/com/github/almasb/fxgl/17.2/fxgl-17.2.jar!/fxglassets/ui/fonts/Courier-Prime.ttf
02:04:11.313 [JavaFX Application Thread] DEBUG FXGLAssetLoaderServi - Loading from file system: jar:file:///C:/Users/xdan1/.m2/repository/com/github/almasb/fxgl/17.2/fxgl-17.2.jar!/fxglassets/textures/fxgl_default_cursor.png
02:04:11.323 [JavaFX Application Thread] DEBUG Input                - Registered new binding: Screenshot - CTRL+8
02:04:11.324 [JavaFX Application Thread] DEBUG Input                - Registered new binding: System info dump - CTRL+9
02:04:11.324 [JavaFX Application Thread] DEBUG Input                - Registered new binding: Restart - CTRL+R
02:04:11.324 [JavaFX Application Thread] DEBUG Input                - Registered new binding: Toggle Debug Camera - CTRL+7
02:04:11.326 [JavaFX Application Thread] DEBUG LoopRunner           - Starting loop
02:04:11.327 [JavaFX Application Thread] DEBUG LoopRunner           - Initializing JavaFX AnimationTimerLoop
02:04:11.328 [JavaFX Application Thread] DEBUG Input                - Clearing active input actions
02:04:11.334 [JavaFX Application Thread] DEBUG GameApplicationServi - Removing overlay from FXGLStartupScene and adding to FXGLMainMenuDummyScene
02:04:11.334 [JavaFX Application Thread] DEBUG PrimaryStageWindow   - FXGLStartupScene -> FXGLMainMenuDummyScene
02:04:11.334 [JavaFX Application Thread] DEBUG PrimaryStageWindow   - Push state: FXGLDefaultMenu
02:04:11.344 [JavaFX Application Thread] DEBUG Input                - Clearing active input actions
02:04:11.353 [JavaFX Application Thread] DEBUG GameApplicationServi - Removing overlay from FXGLMainMenuDummyScene and adding to FXGLDefaultMenu
02:04:11.354 [JavaFX Application Thread] DEBUG PrimaryStageWindow   - FXGLMainMenuDummyScene -> FXGLDefaultMenu
02:04:11.354 [JavaFX Application Thread] DEBUG FXGLApplication      - Registering font factories with UI factory
02:04:11.679 [FXGL Background Thread 2 ] INFO  UpdaterService       - Your current version:  17.2
02:04:11.679 [FXGL Background Thread 2 ] INFO  UpdaterService       - Latest stable version: 17.3
02:04:12.647 [JavaFX Application Thread] DEBUG Menu                 - fireNewGame()
02:04:12.647 [JavaFX Application Thread] DEBUG GameApplicationServi - Starting new game
02:04:12.648 [JavaFX Application Thread] DEBUG PrimaryStageWindow   - Pop state: FXGLDefaultMenu
02:04:12.648 [JavaFX Application Thread] DEBUG Input                - Clearing active input actions
02:04:12.648 [JavaFX Application Thread] DEBUG GameApplicationServi - Removing overlay from FXGLDefaultMenu and adding to FXGLMainMenuDummyScene
02:04:12.650 [JavaFX Application Thread] DEBUG PrimaryStageWindow   - FXGLMainMenuDummyScene <- FXGLDefaultMenu
02:04:12.650 [JavaFX Application Thread] DEBUG Input                - Clearing active input actions
02:04:12.658 [JavaFX Application Thread] DEBUG GameApplicationServi - Removing overlay from FXGLMainMenuDummyScene and adding to FXGLLoadingScene
02:04:12.658 [JavaFX Application Thread] DEBUG PrimaryStageWindow   - FXGLMainMenuDummyScene -> FXGLLoadingScene
02:04:12.658 [JavaFX Application Thread] DEBUG GameApplicationServi - Clearing previous game
02:04:12.658 [JavaFX Application Thread] DEBUG GameScene            - Clearing game scene
02:04:12.658 [JavaFX Application Thread] DEBUG GameWorld            - Clearing game world
02:04:12.658 [JavaFX Application Thread] DEBUG PhysicsWorld         - Clearing physics world
02:04:12.660 [FXGL Background Thread 2 ] DEBUG FXGLApplication      - Initializing game
02:04:12.706 [FXGL Background Thread 2 ] WARN  TMXLevelLoader       - TiledMap generated from 1.10.2. Supported version: 1.9.0. Some features may not be parsed fully.
02:04:12.723 [FXGL Background Thread 2 ] DEBUG TMXLevelLoader       - Parsed TiledMap: file:/C:/Users/xdan1/OneDrive/Documentos/IdeaProjects/Proyecto_POO/target/classes/assets/levels/tmx/fallout.tmx
02:04:12.724 [FXGL Background Thread 2 ] DEBUG TMXLevelLoader       - Creating tile layer entities
02:04:12.726 [FXGL Background Thread 2 ] DEBUG TilesetLoader        - Loading view for layer ground
02:04:12.727 [FXGL Background Thread 2 ] DEBUG TilesetLoader        - Created buffer with size 960.0x640.0
02:04:12.737 [FXGL Background Thread 2 ] DEBUG TilesetLoader        - Loading view for layer path
02:04:12.738 [FXGL Background Thread 2 ] DEBUG TilesetLoader        - Created buffer with size 960.0x640.0
02:04:12.740 [FXGL Background Thread 2 ] DEBUG TilesetLoader        - Loading view for layer decor
02:04:12.742 [FXGL Background Thread 2 ] DEBUG TilesetLoader        - Created buffer with size 960.0x640.0
02:04:12.743 [FXGL Background Thread 2 ] DEBUG TMXLevelLoader       - Creating object layer entities
02:04:12.760 [FXGL Background Thread 2 ] DEBUG GameWorld            - Clearing removable entities
02:04:12.760 [FXGL Background Thread 2 ] DEBUG GameWorld            - Setting level: com.almasb.fxgl.entity.level.Level@53fcb4e1
02:04:12.769 [FXGL Background Thread 2 ] DEBUG FXGLAssetLoaderServi - Loading JSON from: file:/C:/Users/xdan1/OneDrive/Documentos/IdeaProjects/Proyecto_POO/target/classes/assets/json/waves/wave1.json
02:04:12.920 [FXGL Background Thread 2 ] DEBUG FXGLAssetLoaderServi - Loading JSON from: file:/C:/Users/xdan1/OneDrive/Documentos/IdeaProjects/Proyecto_POO/target/classes/assets/json/waves/wave2.json
02:04:12.921 [FXGL Background Thread 2 ] DEBUG FXGLAssetLoaderServi - Loading JSON from: file:/C:/Users/xdan1/OneDrive/Documentos/IdeaProjects/Proyecto_POO/target/classes/assets/json/waves/wave3.json
02:04:12.925 [FXGL Background Thread 2 ] DEBUG FXGLAssetLoaderServi - Loading from file system: file:/C:/Users/xdan1/OneDrive/Documentos/IdeaProjects/Proyecto_POO/target/classes/assets/textures/ui/heart.png
02:04:12.930 [FXGL Background Thread 2 ] INFO  FXGLApplication      - Game initialization took: 0,270 sec
02:04:12.932 [JavaFX Application Thread] DEBUG Input                - Clearing active input actions
02:04:12.936 [JavaFX Application Thread] DEBUG GameApplicationServi - Removing overlay from FXGLLoadingScene and adding to GameScene
02:04:12.936 [JavaFX Application Thread] DEBUG PrimaryStageWindow   - FXGLLoadingScene -> GameScene
02:04:13.500 [JavaFX Application Thread] DEBUG FXGLAssetLoaderServi - Loading JSON from: file:/C:/Users/xdan1/OneDrive/Documentos/IdeaProjects/Proyecto_POO/target/classes/assets/json/turrets/simpleTurret.json
02:04:13.504 [JavaFX Application Thread] DEBUG FXGLAssetLoaderServi - Loading from file system: file:/C:/Users/xdan1/OneDrive/Documentos/IdeaProjects/Proyecto_POO/target/classes/assets/textures/turrets/turret.png
02:04:14.256 [FXGL Background Thread 3 ] DEBUG Engine               - Logging environment variables
02:04:14.256 [FXGL Background Thread 3 ] DEBUG Engine               - achievements: []
02:04:14.256 [FXGL Background Thread 3 ] DEBUG Engine               - actualHeight: 640.0
02:04:14.257 [FXGL Background Thread 3 ] DEBUG Engine               - actualHeightProperty: ReadOnlyDoubleProperty [value: 640.0]
02:04:14.257 [FXGL Background Thread 3 ] DEBUG Engine               - actualWidth: 960.0
02:04:14.257 [FXGL Background Thread 3 ] DEBUG Engine               - actualWidthProperty: ReadOnlyDoubleProperty [value: 960.0]
02:04:14.257 [FXGL Background Thread 3 ] DEBUG Engine               - appIcon: fxgl_icon.png
02:04:14.257 [FXGL Background Thread 3 ] DEBUG Engine               - applicationMode: DEVELOPER
02:04:14.257 [FXGL Background Thread 3 ] DEBUG Engine               - cSSList: [fxgl_dark.css]
02:04:14.257 [FXGL Background Thread 3 ] DEBUG Engine               - collisionDetectionStrategy: BRUTE_FORCE
02:04:14.257 [FXGL Background Thread 3 ] DEBUG Engine               - configClass: Optional.empty
02:04:14.257 [FXGL Background Thread 3 ] DEBUG Engine               - credits: []
02:04:14.257 [FXGL Background Thread 3 ] DEBUG Engine               - defaultCursor: CursorInfo(imageName=fxgl_default_cursor.png, hotspotX=7.0, hotspotY=6.0)
02:04:14.258 [FXGL Background Thread 3 ] DEBUG Engine               - devBBoxColorProperty: ObjectProperty [value: 0xff0000ff]
02:04:14.258 [FXGL Background Thread 3 ] DEBUG Engine               - devEnableDebugCameraProperty: BooleanProperty [value: false]
02:04:14.258 [FXGL Background Thread 3 ] DEBUG Engine               - devSensorColorProperty: ObjectProperty [value: 0xffff00ff]
02:04:14.258 [FXGL Background Thread 3 ] DEBUG Engine               - devShowBBoxProperty: BooleanProperty [value: false]
02:04:14.258 [FXGL Background Thread 3 ] DEBUG Engine               - devShowPositionProperty: BooleanProperty [value: false]
02:04:14.258 [FXGL Background Thread 3 ] DEBUG Engine               - enabledMenuItems: []
02:04:14.258 [FXGL Background Thread 3 ] DEBUG Engine               - engineServices: [class com.almasb.fxgl.app.services.FXGLAssetLoaderService, class com.almasb.fxgl.app.FXGLApplication$GameApplicationService, class com.almasb.fxgl.app.services.FXGLDialogService, class com.almasb.fxgl.app.services.IOTaskExecutorService, class com.almasb.fxgl.io.FileSystemService, class com.almasb.fxgl.localization.LocalizationService, class com.almasb.fxgl.app.services.SystemBundleService, class com.almasb.fxgl.profile.SaveLoadService, class com.almasb.fxgl.ui.FXGLUIFactoryServiceProvider, class com.almasb.fxgl.ui.FXGLDialogFactoryServiceProvider, class com.almasb.fxgl.audio.AudioPlayer, class com.almasb.fxgl.notification.impl.NotificationServiceProvider, class com.almasb.fxgl.achievement.AchievementService, class com.almasb.fxgl.cutscene.CutsceneService, class com.almasb.fxgl.minigames.MiniGameService, class com.almasb.fxgl.net.NetService, class com.almasb.fxgl.app.services.UpdaterService, class com.almasb.fxgl.dev.DevService]
02:04:14.258 [FXGL Background Thread 3 ] DEBUG Engine               - fontGame: Abel-Regular.ttf
02:04:14.258 [FXGL Background Thread 3 ] DEBUG Engine               - fontMono: TerminalLandMono-Regular.otf
02:04:14.258 [FXGL Background Thread 3 ] DEBUG Engine               - fontText: Courier-Prime.ttf
02:04:14.258 [FXGL Background Thread 3 ] DEBUG Engine               - fontUI: VarelaRound-Regular.ttf
02:04:14.258 [FXGL Background Thread 3 ] DEBUG Engine               - fullScreen: BooleanProperty [value: false]
02:04:14.258 [FXGL Background Thread 3 ] DEBUG Engine               - gameDifficulty: MEDIUM
02:04:14.258 [FXGL Background Thread 3 ] DEBUG Engine               - gameDifficultyProperty: ObjectProperty [value: MEDIUM]
02:04:14.258 [FXGL Background Thread 3 ] DEBUG Engine               - globalMusicVolume: 0.5
02:04:14.258 [FXGL Background Thread 3 ] DEBUG Engine               - globalMusicVolumeProperty: DoubleProperty [value: 0.5]
02:04:14.258 [FXGL Background Thread 3 ] DEBUG Engine               - globalSoundVolume: 0.5
02:04:14.258 [FXGL Background Thread 3 ] DEBUG Engine               - globalSoundVolumeProperty: DoubleProperty [value: 0.5]
02:04:14.258 [FXGL Background Thread 3 ] DEBUG Engine               - height: 640
02:04:14.258 [FXGL Background Thread 3 ] DEBUG Engine               - is3D: false
02:04:14.259 [FXGL Background Thread 3 ] DEBUG Engine               - isAndroid: false
02:04:14.259 [FXGL Background Thread 3 ] DEBUG Engine               - isBrowser: false
02:04:14.259 [FXGL Background Thread 3 ] DEBUG Engine               - isClickFeedbackEnabled: false
02:04:14.259 [FXGL Background Thread 3 ] DEBUG Engine               - isCloseConfirmation: false
02:04:14.259 [FXGL Background Thread 3 ] DEBUG Engine               - isDesktop: true
02:04:14.259 [FXGL Background Thread 3 ] DEBUG Engine               - isDeveloperMenuEnabled: false
02:04:14.259 [FXGL Background Thread 3 ] DEBUG Engine               - isEmbedded: false
02:04:14.259 [FXGL Background Thread 3 ] DEBUG Engine               - isEntityPreloadEnabled: true
02:04:14.259 [FXGL Background Thread 3 ] DEBUG Engine               - isExperimentalTiledLargeMap: false
02:04:14.259 [FXGL Background Thread 3 ] DEBUG Engine               - isFileSystemWriteAllowed: true
02:04:14.259 [FXGL Background Thread 3 ] DEBUG Engine               - isFullScreenAllowed: false
02:04:14.259 [FXGL Background Thread 3 ] DEBUG Engine               - isFullScreenFromStart: false
02:04:14.259 [FXGL Background Thread 3 ] DEBUG Engine               - isGameMenuEnabled: true
02:04:14.259 [FXGL Background Thread 3 ] DEBUG Engine               - isIOS: false
02:04:14.259 [FXGL Background Thread 3 ] DEBUG Engine               - isIntroEnabled: false
02:04:14.259 [FXGL Background Thread 3 ] DEBUG Engine               - isLinux: false
02:04:14.259 [FXGL Background Thread 3 ] DEBUG Engine               - isMac: false
02:04:14.259 [FXGL Background Thread 3 ] DEBUG Engine               - isMainMenuEnabled: true
02:04:14.259 [FXGL Background Thread 3 ] DEBUG Engine               - isManualResizeEnabled: false
02:04:14.259 [FXGL Background Thread 3 ] DEBUG Engine               - isMobile: false
02:04:14.259 [FXGL Background Thread 3 ] DEBUG Engine               - isNative: false
02:04:14.259 [FXGL Background Thread 3 ] DEBUG Engine               - isPauseMusicWhenMinimized: true
02:04:14.259 [FXGL Background Thread 3 ] DEBUG Engine               - isPreserveResizeRatio: false
02:04:14.259 [FXGL Background Thread 3 ] DEBUG Engine               - isProfilingEnabled: false
02:04:14.259 [FXGL Background Thread 3 ] DEBUG Engine               - isScaleAffectedOnResize: true
02:04:14.259 [FXGL Background Thread 3 ] DEBUG Engine               - isSingleStep: false
02:04:14.259 [FXGL Background Thread 3 ] DEBUG Engine               - isUserProfileEnabled: false
02:04:14.259 [FXGL Background Thread 3 ] DEBUG Engine               - isWindows: true
02:04:14.260 [FXGL Background Thread 3 ] DEBUG Engine               - language: ObjectProperty [value: ENGLISH]
02:04:14.260 [FXGL Background Thread 3 ] DEBUG Engine               - menuKey: ESCAPE
02:04:14.260 [FXGL Background Thread 3 ] DEBUG Engine               - mouseSensitivity: 0.2
02:04:14.260 [FXGL Background Thread 3 ] DEBUG Engine               - notificationViewClass: class com.almasb.fxgl.notification.view.XboxNotificationView
02:04:14.260 [FXGL Background Thread 3 ] DEBUG Engine               - pixelsPerMeter: 50.0
02:04:14.260 [FXGL Background Thread 3 ] DEBUG Engine               - platform: WINDOWS
02:04:14.260 [FXGL Background Thread 3 ] DEBUG Engine               - prefHeightProperty: ReadOnlyDoubleProperty [value: 640.0]
02:04:14.260 [FXGL Background Thread 3 ] DEBUG Engine               - prefWidthProperty: ReadOnlyDoubleProperty [value: 960.0]
02:04:14.260 [FXGL Background Thread 3 ] DEBUG Engine               - profileDir: profiles/
02:04:14.260 [FXGL Background Thread 3 ] DEBUG Engine               - profileName: StringProperty [value: DEFAULT]
02:04:14.260 [FXGL Background Thread 3 ] DEBUG Engine               - randomSeed: -1
02:04:14.260 [FXGL Background Thread 3 ] DEBUG Engine               - runtimeInfo: RuntimeInfo(platform=WINDOWS, version=17.2, build=20.08.2022 16.50)
02:04:14.260 [FXGL Background Thread 3 ] DEBUG Engine               - saveFileExt: sav
02:04:14.260 [FXGL Background Thread 3 ] DEBUG Engine               - scaledHeightProp$fxgl: DoubleProperty [bound, value: 640.0]
02:04:14.260 [FXGL Background Thread 3 ] DEBUG Engine               - scaledWidthProp$fxgl: DoubleProperty [bound, value: 960.0]
02:04:14.260 [FXGL Background Thread 3 ] DEBUG Engine               - sceneFactory: com.almasb.fxgl.app.scene.SceneFactory@2031be96
02:04:14.260 [FXGL Background Thread 3 ] DEBUG Engine               - secondsIn24h: 60
02:04:14.260 [FXGL Background Thread 3 ] DEBUG Engine               - soundMenuBack: menu/back.wav
02:04:14.260 [FXGL Background Thread 3 ] DEBUG Engine               - soundMenuPress: menu/press.wav
02:04:14.260 [FXGL Background Thread 3 ] DEBUG Engine               - soundMenuSelect: menu/select.wav
02:04:14.260 [FXGL Background Thread 3 ] DEBUG Engine               - soundNotification: core/notification.wav
02:04:14.261 [FXGL Background Thread 3 ] DEBUG Engine               - stageStyle: DECORATED
02:04:14.261 [FXGL Background Thread 3 ] DEBUG Engine               - supportedLanguages: [ENGLISH, FRENCH, GERMAN, HUNGARIAN, RUSSIAN]
02:04:14.261 [FXGL Background Thread 3 ] DEBUG Engine               - ticksPerSecond: -1
02:04:14.261 [FXGL Background Thread 3 ] DEBUG Engine               - title: Fallout Tower Defense
02:04:14.261 [FXGL Background Thread 3 ] DEBUG Engine               - urlGithub: https://github.com/AlmasB/FXGL
02:04:14.261 [FXGL Background Thread 3 ] DEBUG Engine               - urlLeaderboard: http://fxgl-top.herokuapp.com/
02:04:14.261 [FXGL Background Thread 3 ] DEBUG Engine               - urlPOM: https://raw.githubusercontent.com/AlmasB/FXGL/release/README.md
02:04:14.261 [FXGL Background Thread 3 ] DEBUG Engine               - userAppClass: class fallout.proyecto_poo.FalloutTDApplication
02:04:14.261 [FXGL Background Thread 3 ] DEBUG Engine               - version: 0.4
02:04:14.261 [FXGL Background Thread 3 ] DEBUG Engine               - versionCheckDays: 7
02:04:14.261 [FXGL Background Thread 3 ] DEBUG Engine               - width: 960
02:04:14.261 [FXGL Background Thread 3 ] DEBUG Engine               - Logging services
02:04:14.261 [FXGL Background Thread 3 ] DEBUG Engine               - class com.almasb.fxgl.app.services.FXGLAssetLoaderService
02:04:14.261 [FXGL Background Thread 3 ] DEBUG Engine               - class com.almasb.fxgl.app.FXGLApplication$GameApplicationService
02:04:14.261 [FXGL Background Thread 3 ] DEBUG Engine               - class com.almasb.fxgl.app.services.FXGLDialogService
02:04:14.261 [FXGL Background Thread 3 ] DEBUG Engine               - class com.almasb.fxgl.app.services.IOTaskExecutorService
02:04:14.261 [FXGL Background Thread 3 ] DEBUG Engine               - class com.almasb.fxgl.io.FileSystemService
02:04:14.261 [FXGL Background Thread 3 ] DEBUG Engine               - class com.almasb.fxgl.localization.LocalizationService
02:04:14.261 [FXGL Background Thread 3 ] DEBUG Engine               - class com.almasb.fxgl.app.services.SystemBundleService
02:04:14.261 [FXGL Background Thread 3 ] DEBUG Engine               - class com.almasb.fxgl.profile.SaveLoadService
02:04:14.261 [FXGL Background Thread 3 ] DEBUG Engine               - class com.almasb.fxgl.ui.FXGLUIFactoryServiceProvider
02:04:14.261 [FXGL Background Thread 3 ] DEBUG Engine               - class com.almasb.fxgl.ui.FXGLDialogFactoryServiceProvider
02:04:14.261 [FXGL Background Thread 3 ] DEBUG Engine               - class com.almasb.fxgl.audio.AudioPlayer
02:04:14.261 [FXGL Background Thread 3 ] DEBUG Engine               - class com.almasb.fxgl.notification.impl.NotificationServiceProvider
02:04:14.261 [FXGL Background Thread 3 ] DEBUG Engine               - class com.almasb.fxgl.achievement.AchievementService
02:04:14.261 [FXGL Background Thread 3 ] DEBUG Engine               - class com.almasb.fxgl.cutscene.CutsceneService
02:04:14.261 [FXGL Background Thread 3 ] DEBUG Engine               - class com.almasb.fxgl.minigames.MiniGameService
02:04:14.261 [FXGL Background Thread 3 ] DEBUG Engine               - class com.almasb.fxgl.net.NetService
02:04:14.261 [FXGL Background Thread 3 ] DEBUG Engine               - class com.almasb.fxgl.app.services.UpdaterService
02:04:14.261 [FXGL Background Thread 3 ] DEBUG Engine               - class com.almasb.fxgl.dev.DevService
02:04:15.741 [JavaFX Application Thread] DEBUG FXGLAssetLoaderServi - Loading JSON from: file:/C:/Users/xdan1/OneDrive/Documentos/IdeaProjects/Proyecto_POO/target/classes/assets/json/enemy/scorpion.json
02:04:16.750 [JavaFX Application Thread] DEBUG FXGLAssetLoaderServi - Loading from file system: file:/C:/Users/xdan1/OneDrive/Documentos/IdeaProjects/Proyecto_POO/target/classes/assets/textures/enemy/scorpion.png
02:04:16.759 [JavaFX Application Thread] DEBUG FXGLAssetLoaderServi - Loading from file system: file:/C:/Users/xdan1/OneDrive/Documentos/IdeaProjects/Proyecto_POO/target/classes/assets/textures/bullets/projectile.png
02:04:16.969 [JavaFX Application Thread] DEBUG FXGLAssetLoaderServi - Loading from file system: file:/C:/Users/xdan1/OneDrive/Documentos/IdeaProjects/Proyecto_POO/target/classes/assets/textures/bullets/explosion.png
02:04:17.245 [JavaFX Application Thread] DEBUG FXGLAssetLoaderServi - Loading JSON from: file:/C:/Users/xdan1/OneDrive/Documentos/IdeaProjects/Proyecto_POO/target/classes/assets/json/enemy/scorpion.json
02:04:18.748 [JavaFX Application Thread] DEBUG FXGLApplication      - Exiting FXGL
02:04:18.748 [JavaFX Application Thread] DEBUG LoopRunner           - Stopping loop
02:04:18.748 [JavaFX Application Thread] DEBUG SystemBundleService  - Saving FXGL system data
02:04:18.750 [JavaFX Application Thread] DEBUG FileSystemAccess     - Writing to: C:\Users\xdan1\OneDrive\Documentos\IdeaProjects\Proyecto_POO\system\fxgl.bundle
02:04:18.751 [JavaFX Application Thread] DEBUG Async                - Shutting down background threads
02:04:18.752 [JavaFX Application Thread] DEBUG PrimaryStageWindow   - Closing main window
02:04:18.770 [JavaFX Application Thread] DEBUG Logger               - Closing Logger
