18:30:41.701 [main                     ] DEBUG Logger               - Configured Logger
18:30:41.789 [main                     ] DEBUG GameApplication      - Logging settings
Title: Fallout Tower Defense
Version: 0.0
Width: 600
Height: 600
Fullscreen: false
Intro: false
Profiling: false
Single step:false
App Mode: DEVELOPER
Menu Key: ESCAPE
Stage Style: DECORATED
Scene Factory: class com.almasb.fxgl.app.scene.SceneFactory

18:30:42.884 [JavaFX Application Thread] DEBUG FXGLApplication      - Initializing FXGL
18:30:42.898 [JavaFX Application Thread] INFO  Engine               - FXGL-17.2 (20.08.2022 16.50) on WINDOWS (J:20.0.2 FX:20)
18:30:42.899 [JavaFX Application Thread] DEBUG Engine               - JRE Vendor Name: Oracle Corporation
18:30:42.900 [JavaFX Application Thread] DEBUG Engine               - Running on OS: Windows 11 version 10.0
18:30:42.900 [JavaFX Application Thread] DEBUG Engine               - Architecture: amd64
18:30:42.900 [JavaFX Application Thread] INFO  Engine               - Source code and latest versions at: https://github.com/AlmasB/FXGL
18:30:42.900 [JavaFX Application Thread] INFO  Engine               -       Ask questions and discuss at: https://github.com/AlmasB/FXGL/discussions
18:30:42.902 [JavaFX Application Thread] INFO  Engine               -              Join the FXGL chat at: https://gitter.im/AlmasB/FXGL
18:30:43.093 [JavaFX Application Thread] DEBUG PrimaryStageWindow   - Creating a JavaFX scene
18:30:43.168 [JavaFX Application Thread] DEBUG PrimaryStageWindow   - Target settings size: 600.0 x 600.0
18:30:43.170 [JavaFX Application Thread] DEBUG PrimaryStageWindow   - Scaled scene size:    600.0 x 600.0
18:30:43.170 [JavaFX Application Thread] DEBUG PrimaryStageWindow   - Scaled ratio: (1.0, 1.0)
18:30:43.172 [JavaFX Application Thread] DEBUG PrimaryStageWindow   - Set initial scene to FXGLStartupScene
18:30:43.177 [JavaFX Application Thread] DEBUG PrimaryStageWindow   - Opening main window
18:30:43.322 [JavaFX Application Thread] DEBUG PrimaryStageWindow   - Window border size: (16.0, 39.0)
18:30:43.322 [JavaFX Application Thread] DEBUG PrimaryStageWindow   - Scaled size: 600.0 x 600.0
18:30:43.323 [JavaFX Application Thread] DEBUG PrimaryStageWindow   - Scaled ratio: (1.0, 1.0)
18:30:43.323 [JavaFX Application Thread] DEBUG PrimaryStageWindow   - Scene size: 600.0 x 600.0
18:30:43.323 [JavaFX Application Thread] DEBUG PrimaryStageWindow   - Stage size: 616.0 x 639.0
18:30:43.348 [FXGL Background Thread 1 ] DEBUG Engine               - Initializing environment variables
18:30:43.650 [FXGL Background Thread 1 ] DEBUG FXGLAssetLoaderServi - User app class for loading assets: class com.example.proyecto_poo.FalloutTDApplication
18:30:43.650 [FXGL Background Thread 1 ] DEBUG GameApplicationServi - Applying CSS: fxgl_dark.css
18:30:43.655 [FXGL Background Thread 1 ] DEBUG FXGLAssetLoaderServi - Loading from file system: jar:file:///C:/Users/xdan1/.m2/repository/com/github/almasb/fxgl/17.2/fxgl-17.2.jar!/fxglassets/ui/css/fxgl_dark.css
18:30:43.761 [FXGL Background Thread 1 ] DEBUG GameApplicationServi - Initializing application scenes
18:30:43.975 [FXGL Background Thread 1 ] DEBUG GameWorld            - Game world initialized
18:30:44.091 [FXGL Background Thread 1 ] DEBUG PhysicsWorld         - Physics world initialized: appHeight=600, physics.ppm=50,0
18:30:44.091 [FXGL Background Thread 1 ] DEBUG PhysicsWorld         - Using strategy: BRUTE_FORCE
18:30:44.102 [FXGL Background Thread 1 ] DEBUG GameScene            - Game scene initialized: 600x600
18:30:44.120 [FXGL Background Thread 1 ] WARN  FXGL.DefaultMenu     - FXGLDefaultMenu is not designed for resolutions < 800x600
18:30:44.120 [FXGL Background Thread 1 ] DEBUG FXGL.DefaultMenu     - createMenuBodyGameMenu()
18:30:44.142 [FXGL Background Thread 1 ] DEBUG FXGL.DefaultMenu     - createOptionsMenu()
18:30:44.166 [FXGL Background Thread 1 ] DEBUG FXGLAssetLoaderServi - Loading from file system: jar:file:///C:/Users/xdan1/.m2/repository/com/github/almasb/fxgl/17.2/fxgl-17.2.jar!/fxglassets/textures/particles/smoke.png
18:30:44.468 [FXGL Background Thread 1 ] DEBUG FXGLAssetLoaderServi - Loading from file system: jar:file:///C:/Users/xdan1/.m2/repository/com/github/almasb/fxgl/17.2/fxgl-17.2.jar!/fxglassets/textures/particles/trace_horizontal.png
18:30:44.525 [FXGL Background Thread 1 ] DEBUG GameApplicationServi - Application scenes initialized
18:30:44.566 [FXGL Background Thread 1 ] DEBUG SystemBundleService  - Loading FXGL system data
18:30:44.582 [FXGL Background Thread 1 ] DEBUG FileSystemAccess     - Reading from: C:\Users\xdan1\IdeaProjects\Proyecto\Proyecto_POO\system\fxgl.bundle
18:30:44.599 [FXGL Background Thread 1 ] DEBUG SystemBundleService  - Bundle FXGL: {}
18:30:44.600 [FXGL Background Thread 1 ] DEBUG UpdaterService       - Checking for updates
18:30:44.609 [FXGL Background Thread 1 ] DEBUG FXGLApplication      - Loading default localization
18:30:44.611 [FXGL Background Thread 1 ] DEBUG FXGLAssetLoaderServi - Loading from file system: jar:file:///C:/Users/xdan1/.m2/repository/com/github/almasb/fxgl/17.2/fxgl-17.2.jar!/fxglassets/languages/english.lang
18:30:44.618 [FXGL Background Thread 4 ] DEBUG FXGLApplication      - Loading fonts
18:30:44.619 [FXGL Background Thread 4 ] DEBUG FXGLAssetLoaderServi - Loading from file system: jar:file:///C:/Users/xdan1/.m2/repository/com/github/almasb/fxgl/17.2/fxgl-17.2.jar!/fxglassets/ui/fonts/VarelaRound-Regular.ttf
18:30:44.695 [FXGL Background Thread 1 ] INFO  FXGLApplication      - FXGL initialization took: 1,348 sec
18:30:44.751 [JavaFX Application Thread] DEBUG FXGLAssetLoaderServi - Loading from file system: jar:file:///C:/Users/xdan1/.m2/repository/com/github/almasb/fxgl/17.2/fxgl-17.2.jar!/fxglassets/textures/fxgl_icon.png
18:30:44.805 [JavaFX Application Thread] DEBUG FXGLAssetLoaderServi - Loading from file system: jar:file:///C:/Users/xdan1/.m2/repository/com/github/almasb/fxgl/17.2/fxgl-17.2.jar!/fxglassets/textures/fxgl_default_cursor.png
18:30:44.831 [JavaFX Application Thread] DEBUG Input                - Registered new binding: Screenshot - CTRL+8
18:30:44.832 [JavaFX Application Thread] DEBUG Input                - Registered new binding: System info dump - CTRL+9
18:30:44.832 [JavaFX Application Thread] DEBUG Input                - Registered new binding: Restart - CTRL+R
18:30:44.833 [JavaFX Application Thread] DEBUG Input                - Registered new binding: Toggle Debug Camera - CTRL+7
18:30:44.840 [JavaFX Application Thread] DEBUG LoopRunner           - Starting loop
18:30:44.842 [JavaFX Application Thread] DEBUG LoopRunner           - Initializing JavaFX AnimationTimerLoop
18:30:44.847 [JavaFX Application Thread] DEBUG GameApplicationServi - Starting new game
18:30:44.848 [JavaFX Application Thread] DEBUG Input                - Clearing active input actions
18:30:44.939 [JavaFX Application Thread] DEBUG GameApplicationServi - Removing overlay from FXGLStartupScene and adding to FXGLLoadingScene
18:30:44.940 [JavaFX Application Thread] DEBUG PrimaryStageWindow   - FXGLStartupScene -> FXGLLoadingScene
18:30:44.940 [JavaFX Application Thread] DEBUG GameApplicationServi - Clearing previous game
18:30:44.940 [JavaFX Application Thread] DEBUG GameScene            - Clearing game scene
18:30:44.940 [JavaFX Application Thread] DEBUG GameWorld            - Clearing game world
18:30:44.940 [JavaFX Application Thread] DEBUG PhysicsWorld         - Clearing physics world
18:30:44.950 [FXGL Background Thread 1 ] DEBUG FXGLApplication      - Initializing game
18:30:44.952 [FXGL Background Thread 1 ] INFO  FXGLApplication      - Game initialization took: 0,001 sec
18:30:44.953 [JavaFX Application Thread] DEBUG Input                - Clearing active input actions
18:30:44.980 [JavaFX Application Thread] DEBUG GameApplicationServi - Removing overlay from FXGLLoadingScene and adding to GameScene
18:30:44.980 [JavaFX Application Thread] DEBUG PrimaryStageWindow   - FXGLLoadingScene -> GameScene
18:30:45.318 [FXGL Background Thread 4 ] DEBUG FXGLAssetLoaderServi - Loading from file system: jar:file:///C:/Users/xdan1/.m2/repository/com/github/almasb/fxgl/17.2/fxgl-17.2.jar!/fxglassets/ui/fonts/Abel-Regular.ttf
18:30:45.384 [FXGL Background Thread 4 ] DEBUG FXGLAssetLoaderServi - Loading from file system: jar:file:///C:/Users/xdan1/.m2/repository/com/github/almasb/fxgl/17.2/fxgl-17.2.jar!/fxglassets/ui/fonts/TerminalLandMono-Regular.otf
18:30:45.403 [FXGL Background Thread 4 ] DEBUG FXGLAssetLoaderServi - Loading from file system: jar:file:///C:/Users/xdan1/.m2/repository/com/github/almasb/fxgl/17.2/fxgl-17.2.jar!/fxglassets/ui/fonts/Courier-Prime.ttf
18:30:45.429 [JavaFX Application Thread] DEBUG FXGLApplication      - Registering font factories with UI factory
18:30:47.614 [FXGL Background Thread 3 ] DEBUG Engine               - Logging environment variables
18:30:47.618 [FXGL Background Thread 3 ] DEBUG Engine               - achievements: []
18:30:47.618 [FXGL Background Thread 3 ] DEBUG Engine               - actualHeight: 600.0
18:30:47.622 [FXGL Background Thread 3 ] DEBUG Engine               - actualHeightProperty: ReadOnlyDoubleProperty [value: 600.0]
18:30:47.622 [FXGL Background Thread 3 ] DEBUG Engine               - actualWidth: 600.0
18:30:47.623 [FXGL Background Thread 3 ] DEBUG Engine               - actualWidthProperty: ReadOnlyDoubleProperty [value: 600.0]
18:30:47.625 [FXGL Background Thread 3 ] DEBUG Engine               - appIcon: fxgl_icon.png
18:30:47.630 [FXGL Background Thread 3 ] DEBUG Engine               - applicationMode: DEVELOPER
18:30:47.630 [FXGL Background Thread 3 ] DEBUG Engine               - cSSList: [fxgl_dark.css]
18:30:47.630 [FXGL Background Thread 3 ] DEBUG Engine               - collisionDetectionStrategy: BRUTE_FORCE
18:30:47.631 [FXGL Background Thread 3 ] DEBUG Engine               - configClass: Optional.empty
18:30:47.632 [FXGL Background Thread 3 ] DEBUG Engine               - credits: []
18:30:47.632 [FXGL Background Thread 3 ] DEBUG Engine               - defaultCursor: CursorInfo(imageName=fxgl_default_cursor.png, hotspotX=7.0, hotspotY=6.0)
18:30:47.644 [FXGL Background Thread 3 ] DEBUG Engine               - devBBoxColorProperty: ObjectProperty [value: 0xff0000ff]
18:30:47.645 [FXGL Background Thread 3 ] DEBUG Engine               - devEnableDebugCameraProperty: BooleanProperty [value: false]
18:30:47.645 [FXGL Background Thread 3 ] DEBUG Engine               - devSensorColorProperty: ObjectProperty [value: 0xffff00ff]
18:30:47.651 [FXGL Background Thread 3 ] DEBUG Engine               - devShowBBoxProperty: BooleanProperty [value: false]
18:30:47.651 [FXGL Background Thread 3 ] DEBUG Engine               - devShowPositionProperty: BooleanProperty [value: false]
18:30:47.651 [FXGL Background Thread 3 ] DEBUG Engine               - enabledMenuItems: []
18:30:47.653 [FXGL Background Thread 3 ] DEBUG Engine               - engineServices: [class com.almasb.fxgl.app.services.FXGLAssetLoaderService, class com.almasb.fxgl.app.FXGLApplication$GameApplicationService, class com.almasb.fxgl.app.services.FXGLDialogService, class com.almasb.fxgl.app.services.IOTaskExecutorService, class com.almasb.fxgl.io.FileSystemService, class com.almasb.fxgl.localization.LocalizationService, class com.almasb.fxgl.app.services.SystemBundleService, class com.almasb.fxgl.profile.SaveLoadService, class com.almasb.fxgl.ui.FXGLUIFactoryServiceProvider, class com.almasb.fxgl.ui.FXGLDialogFactoryServiceProvider, class com.almasb.fxgl.audio.AudioPlayer, class com.almasb.fxgl.notification.impl.NotificationServiceProvider, class com.almasb.fxgl.achievement.AchievementService, class com.almasb.fxgl.cutscene.CutsceneService, class com.almasb.fxgl.minigames.MiniGameService, class com.almasb.fxgl.net.NetService, class com.almasb.fxgl.app.services.UpdaterService, class com.almasb.fxgl.dev.DevService]
18:30:47.654 [FXGL Background Thread 3 ] DEBUG Engine               - fontGame: Abel-Regular.ttf
18:30:47.654 [FXGL Background Thread 3 ] DEBUG Engine               - fontMono: TerminalLandMono-Regular.otf
18:30:47.657 [FXGL Background Thread 3 ] DEBUG Engine               - fontText: Courier-Prime.ttf
18:30:47.657 [FXGL Background Thread 3 ] DEBUG Engine               - fontUI: VarelaRound-Regular.ttf
18:30:47.658 [FXGL Background Thread 3 ] DEBUG Engine               - fullScreen: BooleanProperty [value: false]
18:30:47.660 [FXGL Background Thread 3 ] DEBUG Engine               - gameDifficulty: MEDIUM
18:30:47.665 [FXGL Background Thread 3 ] DEBUG Engine               - gameDifficultyProperty: ObjectProperty [value: MEDIUM]
18:30:47.665 [FXGL Background Thread 3 ] DEBUG Engine               - globalMusicVolume: 0.5
18:30:47.665 [FXGL Background Thread 3 ] DEBUG Engine               - globalMusicVolumeProperty: DoubleProperty [value: 0.5]
18:30:47.665 [FXGL Background Thread 3 ] DEBUG Engine               - globalSoundVolume: 0.5
18:30:47.665 [FXGL Background Thread 3 ] DEBUG Engine               - globalSoundVolumeProperty: DoubleProperty [value: 0.5]
18:30:47.665 [FXGL Background Thread 3 ] DEBUG Engine               - height: 600
18:30:47.665 [FXGL Background Thread 3 ] DEBUG Engine               - is3D: false
18:30:47.665 [FXGL Background Thread 3 ] DEBUG Engine               - isAndroid: false
18:30:47.665 [FXGL Background Thread 3 ] DEBUG Engine               - isBrowser: false
18:30:47.666 [FXGL Background Thread 3 ] DEBUG Engine               - isClickFeedbackEnabled: false
18:30:47.666 [FXGL Background Thread 3 ] DEBUG Engine               - isCloseConfirmation: false
18:30:47.666 [FXGL Background Thread 3 ] DEBUG Engine               - isDesktop: true
18:30:47.666 [FXGL Background Thread 3 ] DEBUG Engine               - isDeveloperMenuEnabled: false
18:30:47.666 [FXGL Background Thread 3 ] DEBUG Engine               - isEmbedded: false
18:30:47.666 [FXGL Background Thread 3 ] DEBUG Engine               - isEntityPreloadEnabled: true
18:30:47.666 [FXGL Background Thread 3 ] DEBUG Engine               - isExperimentalTiledLargeMap: false
18:30:47.666 [FXGL Background Thread 3 ] DEBUG Engine               - isFileSystemWriteAllowed: true
18:30:47.667 [FXGL Background Thread 3 ] DEBUG Engine               - isFullScreenAllowed: false
18:30:47.667 [FXGL Background Thread 3 ] DEBUG Engine               - isFullScreenFromStart: false
18:30:47.667 [FXGL Background Thread 3 ] DEBUG Engine               - isGameMenuEnabled: true
18:30:47.671 [FXGL Background Thread 3 ] DEBUG Engine               - isIOS: false
18:30:47.671 [FXGL Background Thread 3 ] DEBUG Engine               - isIntroEnabled: false
18:30:47.671 [FXGL Background Thread 3 ] DEBUG Engine               - isLinux: false
18:30:47.671 [FXGL Background Thread 3 ] DEBUG Engine               - isMac: false
18:30:47.671 [FXGL Background Thread 3 ] DEBUG Engine               - isMainMenuEnabled: false
18:30:47.672 [FXGL Background Thread 3 ] DEBUG Engine               - isManualResizeEnabled: false
18:30:47.672 [FXGL Background Thread 3 ] DEBUG Engine               - isMobile: false
18:30:47.672 [FXGL Background Thread 3 ] DEBUG Engine               - isNative: false
18:30:47.694 [FXGL Background Thread 3 ] DEBUG Engine               - isPauseMusicWhenMinimized: true
18:30:47.695 [FXGL Background Thread 3 ] DEBUG Engine               - isPreserveResizeRatio: false
18:30:47.695 [FXGL Background Thread 3 ] DEBUG Engine               - isProfilingEnabled: false
18:30:47.695 [FXGL Background Thread 3 ] DEBUG Engine               - isScaleAffectedOnResize: true
18:30:47.697 [FXGL Background Thread 3 ] DEBUG Engine               - isSingleStep: false
18:30:47.697 [FXGL Background Thread 3 ] DEBUG Engine               - isUserProfileEnabled: false
18:30:47.698 [FXGL Background Thread 3 ] DEBUG Engine               - isWindows: true
18:30:47.698 [FXGL Background Thread 3 ] DEBUG Engine               - language: ObjectProperty [value: ENGLISH]
18:30:47.699 [FXGL Background Thread 3 ] DEBUG Engine               - menuKey: ESCAPE
18:30:47.707 [FXGL Background Thread 3 ] DEBUG Engine               - mouseSensitivity: 0.2
18:30:47.707 [FXGL Background Thread 3 ] DEBUG Engine               - notificationViewClass: class com.almasb.fxgl.notification.view.XboxNotificationView
18:30:47.707 [FXGL Background Thread 3 ] DEBUG Engine               - pixelsPerMeter: 50.0
18:30:47.707 [FXGL Background Thread 3 ] DEBUG Engine               - platform: WINDOWS
18:30:47.707 [FXGL Background Thread 3 ] DEBUG Engine               - prefHeightProperty: ReadOnlyDoubleProperty [value: 600.0]
18:30:47.707 [FXGL Background Thread 3 ] DEBUG Engine               - prefWidthProperty: ReadOnlyDoubleProperty [value: 600.0]
18:30:47.707 [FXGL Background Thread 3 ] DEBUG Engine               - profileDir: profiles/
18:30:47.707 [FXGL Background Thread 3 ] DEBUG Engine               - profileName: StringProperty [value: DEFAULT]
18:30:47.708 [FXGL Background Thread 3 ] DEBUG Engine               - randomSeed: -1
18:30:47.713 [FXGL Background Thread 3 ] DEBUG Engine               - runtimeInfo: RuntimeInfo(platform=WINDOWS, version=17.2, build=20.08.2022 16.50)
18:30:47.713 [FXGL Background Thread 3 ] DEBUG Engine               - saveFileExt: sav
18:30:47.714 [FXGL Background Thread 3 ] DEBUG Engine               - scaledHeightProp$fxgl: DoubleProperty [bound, value: 600.0]
18:30:47.714 [FXGL Background Thread 3 ] DEBUG Engine               - scaledWidthProp$fxgl: DoubleProperty [bound, value: 600.0]
18:30:47.714 [FXGL Background Thread 3 ] DEBUG Engine               - sceneFactory: com.almasb.fxgl.app.scene.SceneFactory@db1cd03
18:30:47.714 [FXGL Background Thread 3 ] DEBUG Engine               - secondsIn24h: 60
18:30:47.714 [FXGL Background Thread 3 ] DEBUG Engine               - soundMenuBack: menu/back.wav
18:30:47.714 [FXGL Background Thread 3 ] DEBUG Engine               - soundMenuPress: menu/press.wav
18:30:47.714 [FXGL Background Thread 3 ] DEBUG Engine               - soundMenuSelect: menu/select.wav
18:30:47.714 [FXGL Background Thread 3 ] DEBUG Engine               - soundNotification: core/notification.wav
18:30:47.714 [FXGL Background Thread 3 ] DEBUG Engine               - stageStyle: DECORATED
18:30:47.714 [FXGL Background Thread 3 ] DEBUG Engine               - supportedLanguages: [ENGLISH, FRENCH, GERMAN, HUNGARIAN, RUSSIAN]
18:30:47.714 [FXGL Background Thread 3 ] DEBUG Engine               - ticksPerSecond: -1
18:30:47.714 [FXGL Background Thread 3 ] DEBUG Engine               - title: Fallout Tower Defense
18:30:47.714 [FXGL Background Thread 3 ] DEBUG Engine               - urlGithub: https://github.com/AlmasB/FXGL
18:30:47.714 [FXGL Background Thread 3 ] DEBUG Engine               - urlLeaderboard: http://fxgl-top.herokuapp.com/
18:30:47.714 [FXGL Background Thread 3 ] DEBUG Engine               - urlPOM: https://raw.githubusercontent.com/AlmasB/FXGL/release/README.md
18:30:47.714 [FXGL Background Thread 3 ] DEBUG Engine               - userAppClass: class com.example.proyecto_poo.FalloutTDApplication
18:30:47.715 [FXGL Background Thread 3 ] DEBUG Engine               - version: 0.0
18:30:47.715 [FXGL Background Thread 3 ] DEBUG Engine               - versionCheckDays: 7
18:30:47.715 [FXGL Background Thread 3 ] DEBUG Engine               - width: 600
18:30:47.715 [FXGL Background Thread 3 ] DEBUG Engine               - Logging services
18:30:47.715 [FXGL Background Thread 3 ] DEBUG Engine               - class com.almasb.fxgl.app.services.FXGLAssetLoaderService
18:30:47.715 [FXGL Background Thread 3 ] DEBUG Engine               - class com.almasb.fxgl.app.FXGLApplication$GameApplicationService
18:30:47.715 [FXGL Background Thread 3 ] DEBUG Engine               - class com.almasb.fxgl.app.services.FXGLDialogService
18:30:47.715 [FXGL Background Thread 3 ] DEBUG Engine               - class com.almasb.fxgl.app.services.IOTaskExecutorService
18:30:47.715 [FXGL Background Thread 3 ] DEBUG Engine               - class com.almasb.fxgl.io.FileSystemService
18:30:47.715 [FXGL Background Thread 3 ] DEBUG Engine               - class com.almasb.fxgl.localization.LocalizationService
18:30:47.715 [FXGL Background Thread 3 ] DEBUG Engine               - class com.almasb.fxgl.app.services.SystemBundleService
18:30:47.715 [FXGL Background Thread 3 ] DEBUG Engine               - class com.almasb.fxgl.profile.SaveLoadService
18:30:47.715 [FXGL Background Thread 3 ] DEBUG Engine               - class com.almasb.fxgl.ui.FXGLUIFactoryServiceProvider
18:30:47.715 [FXGL Background Thread 3 ] DEBUG Engine               - class com.almasb.fxgl.ui.FXGLDialogFactoryServiceProvider
18:30:47.715 [FXGL Background Thread 3 ] DEBUG Engine               - class com.almasb.fxgl.audio.AudioPlayer
18:30:47.715 [FXGL Background Thread 3 ] DEBUG Engine               - class com.almasb.fxgl.notification.impl.NotificationServiceProvider
18:30:47.717 [FXGL Background Thread 3 ] DEBUG Engine               - class com.almasb.fxgl.achievement.AchievementService
18:30:47.717 [FXGL Background Thread 3 ] DEBUG Engine               - class com.almasb.fxgl.cutscene.CutsceneService
18:30:47.717 [FXGL Background Thread 3 ] DEBUG Engine               - class com.almasb.fxgl.minigames.MiniGameService
18:30:47.717 [FXGL Background Thread 3 ] DEBUG Engine               - class com.almasb.fxgl.net.NetService
18:30:47.717 [FXGL Background Thread 3 ] DEBUG Engine               - class com.almasb.fxgl.app.services.UpdaterService
18:30:47.717 [FXGL Background Thread 3 ] DEBUG Engine               - class com.almasb.fxgl.dev.DevService
18:30:48.828 [FXGL Background Thread 2 ] INFO  UpdaterService       - Your current version:  17.2
18:30:48.829 [FXGL Background Thread 2 ] INFO  UpdaterService       - Latest stable version: 17.3
18:30:51.843 [JavaFX Application Thread] DEBUG FXGLApplication      - Exiting FXGL
18:30:51.843 [JavaFX Application Thread] DEBUG LoopRunner           - Stopping loop
18:30:51.844 [JavaFX Application Thread] DEBUG SystemBundleService  - Saving FXGL system data
18:30:51.851 [JavaFX Application Thread] DEBUG FileSystemAccess     - Writing to: C:\Users\xdan1\IdeaProjects\Proyecto\Proyecto_POO\system\fxgl.bundle
18:30:51.860 [JavaFX Application Thread] DEBUG Async                - Shutting down background threads
18:30:51.860 [JavaFX Application Thread] DEBUG PrimaryStageWindow   - Closing main window
18:30:51.928 [JavaFX Application Thread] DEBUG Logger               - Closing Logger
