03:41:57.515 [main                     ] DEBUG Logger               - Configured Logger
03:41:57.535 [main                     ] DEBUG GameApplication      - Logging settings
Title: Fallout Tower Defense
Version: 0.4
Width: 960
Height: 640
Fullscreen: false
Intro: false
Profiling: false
Single step:false
App Mode: DEVELOPER
Menu Key: ESCAPE
Stage Style: DECORATED
Scene Factory: class com.almasb.fxgl.app.scene.SceneFactory

03:41:57.849 [JavaFX Application Thread] DEBUG FXGLApplication      - Initializing FXGL
03:41:57.853 [JavaFX Application Thread] INFO  Engine               - FXGL-17.2 (20.08.2022 16.50) on WINDOWS (J:21.0.1 FX:20.0.1)
03:41:57.854 [JavaFX Application Thread] DEBUG Engine               - JRE Vendor Name: Oracle Corporation
03:41:57.854 [JavaFX Application Thread] DEBUG Engine               - Running on OS: Windows 11 version 10.0
03:41:57.854 [JavaFX Application Thread] DEBUG Engine               - Architecture: amd64
03:41:57.854 [JavaFX Application Thread] INFO  Engine               - Source code and latest versions at: https://github.com/AlmasB/FXGL
03:41:57.854 [JavaFX Application Thread] INFO  Engine               -       Ask questions and discuss at: https://github.com/AlmasB/FXGL/discussions
03:41:57.854 [JavaFX Application Thread] INFO  Engine               -              Join the FXGL chat at: https://gitter.im/AlmasB/FXGL
03:41:57.920 [JavaFX Application Thread] DEBUG PrimaryStageWindow   - Creating a JavaFX scene
03:41:57.955 [JavaFX Application Thread] DEBUG PrimaryStageWindow   - Target settings size: 960.0 x 640.0
03:41:57.955 [JavaFX Application Thread] DEBUG PrimaryStageWindow   - Scaled scene size:    960.0 x 640.0
03:41:57.955 [JavaFX Application Thread] DEBUG PrimaryStageWindow   - Scaled ratio: (1.0, 1.0)
03:41:57.956 [JavaFX Application Thread] DEBUG PrimaryStageWindow   - Set initial scene to FXGLStartupScene
03:41:57.958 [JavaFX Application Thread] DEBUG PrimaryStageWindow   - Opening main window
03:41:58.037 [JavaFX Application Thread] DEBUG PrimaryStageWindow   - Window border size: (16.0, 39.0)
03:41:58.037 [JavaFX Application Thread] DEBUG PrimaryStageWindow   - Scaled size: 960.0 x 640.0
03:41:58.037 [JavaFX Application Thread] DEBUG PrimaryStageWindow   - Scaled ratio: (1.0, 1.0)
03:41:58.037 [JavaFX Application Thread] DEBUG PrimaryStageWindow   - Scene size: 960.0 x 640.0
03:41:58.037 [JavaFX Application Thread] DEBUG PrimaryStageWindow   - Stage size: 976.0 x 679.0
03:41:58.043 [FXGL Background Thread 1 ] DEBUG Engine               - Initializing environment variables
03:41:58.079 [FXGL Background Thread 1 ] DEBUG FXGLAssetLoaderServi - User app class for loading assets: class fallout.proyecto_poo.FalloutTDApplication
03:41:58.079 [FXGL Background Thread 1 ] DEBUG GameApplicationServi - Applying CSS: fxgl_dark.css
03:41:58.080 [FXGL Background Thread 1 ] DEBUG FXGLAssetLoaderServi - Loading from file system: jar:file:///C:/Users/xdan1/.m2/repository/com/github/almasb/fxgl/17.2/fxgl-17.2.jar!/fxglassets/ui/css/fxgl_dark.css
03:41:58.116 [FXGL Background Thread 1 ] DEBUG GameApplicationServi - Initializing application scenes
03:41:58.141 [FXGL Background Thread 1 ] DEBUG GameWorld            - Game world initialized
03:41:58.196 [FXGL Background Thread 1 ] DEBUG PhysicsWorld         - Physics world initialized: appHeight=640, physics.ppm=50,0
03:41:58.196 [FXGL Background Thread 1 ] DEBUG PhysicsWorld         - Using strategy: BRUTE_FORCE
03:41:58.200 [FXGL Background Thread 1 ] DEBUG GameScene            - Game scene initialized: 960x640
03:41:58.211 [FXGL Background Thread 1 ] DEBUG FXGL.DefaultMenu     - createMenuBodyMainMenu()
03:41:58.222 [FXGL Background Thread 1 ] DEBUG FXGL.DefaultMenu     - createOptionsMenu()
03:41:58.231 [FXGL Background Thread 1 ] DEBUG FXGLAssetLoaderServi - Loading from file system: jar:file:///C:/Users/xdan1/.m2/repository/com/github/almasb/fxgl/17.2/fxgl-17.2.jar!/fxglassets/textures/particles/smoke.png
03:41:58.312 [FXGL Background Thread 1 ] DEBUG FXGLAssetLoaderServi - Loading from file system: jar:file:///C:/Users/xdan1/.m2/repository/com/github/almasb/fxgl/17.2/fxgl-17.2.jar!/fxglassets/textures/particles/trace_horizontal.png
03:41:58.338 [FXGL Background Thread 1 ] DEBUG FXGL.DefaultMenu     - createMenuBodyGameMenu()
03:41:58.339 [FXGL Background Thread 1 ] DEBUG FXGL.DefaultMenu     - createOptionsMenu()
03:41:58.347 [FXGL Background Thread 1 ] DEBUG GameApplicationServi - Application scenes initialized
03:41:58.356 [FXGL Background Thread 1 ] DEBUG SystemBundleService  - Loading FXGL system data
03:41:58.359 [FXGL Background Thread 1 ] DEBUG FileSystemAccess     - Reading from: C:\Users\xdan1\OneDrive\Documentos\IdeaProjects\Proyecto_POO\system\fxgl.bundle
03:41:58.367 [FXGL Background Thread 1 ] DEBUG SystemBundleService  - Bundle FXGL: {}
03:41:58.368 [FXGL Background Thread 1 ] DEBUG UpdaterService       - Checking for updates
03:41:58.370 [FXGL Background Thread 4 ] DEBUG FXGLApplication      - Loading fonts
03:41:58.371 [FXGL Background Thread 4 ] DEBUG FXGLAssetLoaderServi - Loading from file system: jar:file:///C:/Users/xdan1/.m2/repository/com/github/almasb/fxgl/17.2/fxgl-17.2.jar!/fxglassets/ui/fonts/VarelaRound-Regular.ttf
03:41:58.371 [FXGL Background Thread 1 ] DEBUG FXGLApplication      - Loading default localization
03:41:58.371 [FXGL Background Thread 1 ] DEBUG FXGLAssetLoaderServi - Loading from file system: jar:file:///C:/Users/xdan1/.m2/repository/com/github/almasb/fxgl/17.2/fxgl-17.2.jar!/fxglassets/languages/english.lang
03:41:58.401 [FXGL Background Thread 4 ] DEBUG FXGLAssetLoaderServi - Loading from file system: jar:file:///C:/Users/xdan1/.m2/repository/com/github/almasb/fxgl/17.2/fxgl-17.2.jar!/fxglassets/ui/fonts/Abel-Regular.ttf
03:41:58.407 [FXGL Background Thread 1 ] INFO  FXGLApplication      - FXGL initialization took: 0,364 sec
03:41:58.408 [FXGL Background Thread 4 ] DEBUG FXGLAssetLoaderServi - Loading from file system: jar:file:///C:/Users/xdan1/.m2/repository/com/github/almasb/fxgl/17.2/fxgl-17.2.jar!/fxglassets/ui/fonts/TerminalLandMono-Regular.otf
03:41:58.412 [JavaFX Application Thread] DEBUG Input                - Registered new binding: action0 - LMB
03:41:58.412 [JavaFX Application Thread] DEBUG FXGLAssetLoaderServi - Loading from file system: jar:file:///C:/Users/xdan1/.m2/repository/com/github/almasb/fxgl/17.2/fxgl-17.2.jar!/fxglassets/textures/fxgl_icon.png
03:41:58.413 [FXGL Background Thread 4 ] DEBUG FXGLAssetLoaderServi - Loading from file system: jar:file:///C:/Users/xdan1/.m2/repository/com/github/almasb/fxgl/17.2/fxgl-17.2.jar!/fxglassets/ui/fonts/Courier-Prime.ttf
03:41:58.431 [JavaFX Application Thread] DEBUG FXGLAssetLoaderServi - Loading from file system: jar:file:///C:/Users/xdan1/.m2/repository/com/github/almasb/fxgl/17.2/fxgl-17.2.jar!/fxglassets/textures/fxgl_default_cursor.png
03:41:58.439 [JavaFX Application Thread] DEBUG Input                - Registered new binding: Screenshot - CTRL+8
03:41:58.439 [JavaFX Application Thread] DEBUG Input                - Registered new binding: System info dump - CTRL+9
03:41:58.439 [JavaFX Application Thread] DEBUG Input                - Registered new binding: Restart - CTRL+R
03:41:58.439 [JavaFX Application Thread] DEBUG Input                - Registered new binding: Toggle Debug Camera - CTRL+7
03:41:58.443 [JavaFX Application Thread] DEBUG LoopRunner           - Starting loop
03:41:58.443 [JavaFX Application Thread] DEBUG LoopRunner           - Initializing JavaFX AnimationTimerLoop
03:41:58.445 [JavaFX Application Thread] DEBUG Input                - Clearing active input actions
03:41:58.449 [JavaFX Application Thread] DEBUG GameApplicationServi - Removing overlay from FXGLStartupScene and adding to FXGLMainMenuDummyScene
03:41:58.449 [JavaFX Application Thread] DEBUG PrimaryStageWindow   - FXGLStartupScene -> FXGLMainMenuDummyScene
03:41:58.449 [JavaFX Application Thread] DEBUG PrimaryStageWindow   - Push state: FXGLDefaultMenu
03:41:58.464 [JavaFX Application Thread] DEBUG Input                - Clearing active input actions
03:41:58.469 [JavaFX Application Thread] DEBUG GameApplicationServi - Removing overlay from FXGLMainMenuDummyScene and adding to FXGLDefaultMenu
03:41:58.469 [JavaFX Application Thread] DEBUG PrimaryStageWindow   - FXGLMainMenuDummyScene -> FXGLDefaultMenu
03:41:58.474 [JavaFX Application Thread] DEBUG FXGLApplication      - Registering font factories with UI factory
03:41:58.812 [FXGL Background Thread 2 ] INFO  UpdaterService       - Your current version:  17.2
03:41:58.813 [FXGL Background Thread 2 ] INFO  UpdaterService       - Latest stable version: 17.3
03:41:59.235 [JavaFX Application Thread] DEBUG Menu                 - fireNewGame()
03:41:59.236 [JavaFX Application Thread] DEBUG GameApplicationServi - Starting new game
03:41:59.237 [JavaFX Application Thread] DEBUG PrimaryStageWindow   - Pop state: FXGLDefaultMenu
03:41:59.237 [JavaFX Application Thread] DEBUG Input                - Clearing active input actions
03:41:59.237 [JavaFX Application Thread] DEBUG GameApplicationServi - Removing overlay from FXGLDefaultMenu and adding to FXGLMainMenuDummyScene
03:41:59.238 [JavaFX Application Thread] DEBUG PrimaryStageWindow   - FXGLMainMenuDummyScene <- FXGLDefaultMenu
03:41:59.238 [JavaFX Application Thread] DEBUG Input                - Clearing active input actions
03:41:59.245 [JavaFX Application Thread] DEBUG GameApplicationServi - Removing overlay from FXGLMainMenuDummyScene and adding to FXGLLoadingScene
03:41:59.245 [JavaFX Application Thread] DEBUG PrimaryStageWindow   - FXGLMainMenuDummyScene -> FXGLLoadingScene
03:41:59.245 [JavaFX Application Thread] DEBUG GameApplicationServi - Clearing previous game
03:41:59.245 [JavaFX Application Thread] DEBUG GameScene            - Clearing game scene
03:41:59.245 [JavaFX Application Thread] DEBUG GameWorld            - Clearing game world
03:41:59.245 [JavaFX Application Thread] DEBUG PhysicsWorld         - Clearing physics world
03:41:59.247 [FXGL Background Thread 2 ] DEBUG FXGLApplication      - Initializing game
03:41:59.287 [FXGL Background Thread 2 ] WARN  TMXLevelLoader       - TiledMap generated from 1.10.2. Supported version: 1.9.0. Some features may not be parsed fully.
03:41:59.298 [FXGL Background Thread 2 ] DEBUG TMXLevelLoader       - Parsed TiledMap: file:/C:/Users/xdan1/OneDrive/Documentos/IdeaProjects/Proyecto_POO/target/classes/assets/levels/tmx/fallout.tmx
03:41:59.299 [FXGL Background Thread 2 ] DEBUG TMXLevelLoader       - Creating tile layer entities
03:41:59.301 [FXGL Background Thread 2 ] DEBUG TilesetLoader        - Loading view for layer ground
03:41:59.302 [FXGL Background Thread 2 ] DEBUG TilesetLoader        - Created buffer with size 960.0x640.0
03:41:59.312 [FXGL Background Thread 2 ] DEBUG TilesetLoader        - Loading view for layer path
03:41:59.314 [FXGL Background Thread 2 ] DEBUG TilesetLoader        - Created buffer with size 960.0x640.0
03:41:59.315 [FXGL Background Thread 2 ] DEBUG TilesetLoader        - Loading view for layer decor
03:41:59.317 [FXGL Background Thread 2 ] DEBUG TilesetLoader        - Created buffer with size 960.0x640.0
03:41:59.317 [FXGL Background Thread 2 ] DEBUG TMXLevelLoader       - Creating object layer entities
03:41:59.330 [FXGL Background Thread 2 ] DEBUG GameWorld            - Clearing removable entities
03:41:59.331 [FXGL Background Thread 2 ] DEBUG GameWorld            - Setting level: com.almasb.fxgl.entity.level.Level@5e6eeafc
03:41:59.335 [FXGL Background Thread 2 ] DEBUG FXGLAssetLoaderServi - Loading JSON from: file:/C:/Users/xdan1/OneDrive/Documentos/IdeaProjects/Proyecto_POO/target/classes/assets/json/waves/wave1.json
03:41:59.467 [FXGL Background Thread 2 ] DEBUG FXGLAssetLoaderServi - Loading JSON from: file:/C:/Users/xdan1/OneDrive/Documentos/IdeaProjects/Proyecto_POO/target/classes/assets/json/waves/wave2.json
03:41:59.468 [FXGL Background Thread 2 ] DEBUG FXGLAssetLoaderServi - Loading JSON from: file:/C:/Users/xdan1/OneDrive/Documentos/IdeaProjects/Proyecto_POO/target/classes/assets/json/waves/wave3.json
03:41:59.471 [FXGL Background Thread 2 ] DEBUG FXGLAssetLoaderServi - Loading from file system: file:/C:/Users/xdan1/OneDrive/Documentos/IdeaProjects/Proyecto_POO/target/classes/assets/textures/ui/heart.png
03:41:59.485 [FXGL Background Thread 2 ] INFO  FXGLApplication      - Game initialization took: 0,239 sec
03:41:59.486 [JavaFX Application Thread] DEBUG Input                - Clearing active input actions
03:41:59.493 [JavaFX Application Thread] DEBUG GameApplicationServi - Removing overlay from FXGLLoadingScene and adding to GameScene
03:41:59.493 [JavaFX Application Thread] DEBUG PrimaryStageWindow   - FXGLLoadingScene -> GameScene
03:42:00.074 [JavaFX Application Thread] DEBUG FXGLAssetLoaderServi - Loading JSON from: file:/C:/Users/xdan1/OneDrive/Documentos/IdeaProjects/Proyecto_POO/target/classes/assets/json/turrets/simpleTurret.json
03:42:00.077 [JavaFX Application Thread] DEBUG FXGLAssetLoaderServi - Loading from file system: file:/C:/Users/xdan1/OneDrive/Documentos/IdeaProjects/Proyecto_POO/target/classes/assets/textures/turrets/turret.png
03:42:00.694 [JavaFX Application Thread] DEBUG FXGLAssetLoaderServi - Loading JSON from: file:/C:/Users/xdan1/OneDrive/Documentos/IdeaProjects/Proyecto_POO/target/classes/assets/json/turrets/simpleTurret.json
03:42:01.350 [JavaFX Application Thread] DEBUG FXGLAssetLoaderServi - Loading JSON from: file:/C:/Users/xdan1/OneDrive/Documentos/IdeaProjects/Proyecto_POO/target/classes/assets/json/turrets/simpleTurret.json
03:42:01.371 [FXGL Background Thread 3 ] DEBUG Engine               - Logging environment variables
03:42:01.371 [FXGL Background Thread 3 ] DEBUG Engine               - achievements: []
03:42:01.371 [FXGL Background Thread 3 ] DEBUG Engine               - actualHeight: 640.0
03:42:01.371 [FXGL Background Thread 3 ] DEBUG Engine               - actualHeightProperty: ReadOnlyDoubleProperty [value: 640.0]
03:42:01.371 [FXGL Background Thread 3 ] DEBUG Engine               - actualWidth: 960.0
03:42:01.371 [FXGL Background Thread 3 ] DEBUG Engine               - actualWidthProperty: ReadOnlyDoubleProperty [value: 960.0]
03:42:01.371 [FXGL Background Thread 3 ] DEBUG Engine               - appIcon: fxgl_icon.png
03:42:01.371 [FXGL Background Thread 3 ] DEBUG Engine               - applicationMode: DEVELOPER
03:42:01.371 [FXGL Background Thread 3 ] DEBUG Engine               - cSSList: [fxgl_dark.css]
03:42:01.372 [FXGL Background Thread 3 ] DEBUG Engine               - collisionDetectionStrategy: BRUTE_FORCE
03:42:01.372 [FXGL Background Thread 3 ] DEBUG Engine               - configClass: Optional.empty
03:42:01.372 [FXGL Background Thread 3 ] DEBUG Engine               - credits: []
03:42:01.372 [FXGL Background Thread 3 ] DEBUG Engine               - defaultCursor: CursorInfo(imageName=fxgl_default_cursor.png, hotspotX=7.0, hotspotY=6.0)
03:42:01.372 [FXGL Background Thread 3 ] DEBUG Engine               - devBBoxColorProperty: ObjectProperty [value: 0xff0000ff]
03:42:01.372 [FXGL Background Thread 3 ] DEBUG Engine               - devEnableDebugCameraProperty: BooleanProperty [value: false]
03:42:01.372 [FXGL Background Thread 3 ] DEBUG Engine               - devSensorColorProperty: ObjectProperty [value: 0xffff00ff]
03:42:01.372 [FXGL Background Thread 3 ] DEBUG Engine               - devShowBBoxProperty: BooleanProperty [value: false]
03:42:01.372 [FXGL Background Thread 3 ] DEBUG Engine               - devShowPositionProperty: BooleanProperty [value: false]
03:42:01.372 [FXGL Background Thread 3 ] DEBUG Engine               - enabledMenuItems: []
03:42:01.372 [FXGL Background Thread 3 ] DEBUG Engine               - engineServices: [class com.almasb.fxgl.app.services.FXGLAssetLoaderService, class com.almasb.fxgl.app.FXGLApplication$GameApplicationService, class com.almasb.fxgl.app.services.FXGLDialogService, class com.almasb.fxgl.app.services.IOTaskExecutorService, class com.almasb.fxgl.io.FileSystemService, class com.almasb.fxgl.localization.LocalizationService, class com.almasb.fxgl.app.services.SystemBundleService, class com.almasb.fxgl.profile.SaveLoadService, class com.almasb.fxgl.ui.FXGLUIFactoryServiceProvider, class com.almasb.fxgl.ui.FXGLDialogFactoryServiceProvider, class com.almasb.fxgl.audio.AudioPlayer, class com.almasb.fxgl.notification.impl.NotificationServiceProvider, class com.almasb.fxgl.achievement.AchievementService, class com.almasb.fxgl.cutscene.CutsceneService, class com.almasb.fxgl.minigames.MiniGameService, class com.almasb.fxgl.net.NetService, class com.almasb.fxgl.app.services.UpdaterService, class com.almasb.fxgl.dev.DevService]
03:42:01.372 [FXGL Background Thread 3 ] DEBUG Engine               - fontGame: Abel-Regular.ttf
03:42:01.372 [FXGL Background Thread 3 ] DEBUG Engine               - fontMono: TerminalLandMono-Regular.otf
03:42:01.372 [FXGL Background Thread 3 ] DEBUG Engine               - fontText: Courier-Prime.ttf
03:42:01.372 [FXGL Background Thread 3 ] DEBUG Engine               - fontUI: VarelaRound-Regular.ttf
03:42:01.372 [FXGL Background Thread 3 ] DEBUG Engine               - fullScreen: BooleanProperty [value: false]
03:42:01.372 [FXGL Background Thread 3 ] DEBUG Engine               - gameDifficulty: MEDIUM
03:42:01.372 [FXGL Background Thread 3 ] DEBUG Engine               - gameDifficultyProperty: ObjectProperty [value: MEDIUM]
03:42:01.373 [FXGL Background Thread 3 ] DEBUG Engine               - globalMusicVolume: 0.5
03:42:01.373 [FXGL Background Thread 3 ] DEBUG Engine               - globalMusicVolumeProperty: DoubleProperty [value: 0.5]
03:42:01.373 [FXGL Background Thread 3 ] DEBUG Engine               - globalSoundVolume: 0.5
03:42:01.373 [FXGL Background Thread 3 ] DEBUG Engine               - globalSoundVolumeProperty: DoubleProperty [value: 0.5]
03:42:01.373 [FXGL Background Thread 3 ] DEBUG Engine               - height: 640
03:42:01.373 [FXGL Background Thread 3 ] DEBUG Engine               - is3D: false
03:42:01.373 [FXGL Background Thread 3 ] DEBUG Engine               - isAndroid: false
03:42:01.373 [FXGL Background Thread 3 ] DEBUG Engine               - isBrowser: false
03:42:01.373 [FXGL Background Thread 3 ] DEBUG Engine               - isClickFeedbackEnabled: false
03:42:01.373 [FXGL Background Thread 3 ] DEBUG Engine               - isCloseConfirmation: false
03:42:01.373 [FXGL Background Thread 3 ] DEBUG Engine               - isDesktop: true
03:42:01.373 [FXGL Background Thread 3 ] DEBUG Engine               - isDeveloperMenuEnabled: false
03:42:01.373 [FXGL Background Thread 3 ] DEBUG Engine               - isEmbedded: false
03:42:01.373 [FXGL Background Thread 3 ] DEBUG Engine               - isEntityPreloadEnabled: true
03:42:01.373 [FXGL Background Thread 3 ] DEBUG Engine               - isExperimentalTiledLargeMap: false
03:42:01.373 [FXGL Background Thread 3 ] DEBUG Engine               - isFileSystemWriteAllowed: true
03:42:01.373 [FXGL Background Thread 3 ] DEBUG Engine               - isFullScreenAllowed: false
03:42:01.373 [FXGL Background Thread 3 ] DEBUG Engine               - isFullScreenFromStart: false
03:42:01.373 [FXGL Background Thread 3 ] DEBUG Engine               - isGameMenuEnabled: true
03:42:01.373 [FXGL Background Thread 3 ] DEBUG Engine               - isIOS: false
03:42:01.373 [FXGL Background Thread 3 ] DEBUG Engine               - isIntroEnabled: false
03:42:01.373 [FXGL Background Thread 3 ] DEBUG Engine               - isLinux: false
03:42:01.373 [FXGL Background Thread 3 ] DEBUG Engine               - isMac: false
03:42:01.373 [FXGL Background Thread 3 ] DEBUG Engine               - isMainMenuEnabled: true
03:42:01.373 [FXGL Background Thread 3 ] DEBUG Engine               - isManualResizeEnabled: false
03:42:01.373 [FXGL Background Thread 3 ] DEBUG Engine               - isMobile: false
03:42:01.373 [FXGL Background Thread 3 ] DEBUG Engine               - isNative: false
03:42:01.373 [FXGL Background Thread 3 ] DEBUG Engine               - isPauseMusicWhenMinimized: true
03:42:01.373 [FXGL Background Thread 3 ] DEBUG Engine               - isPreserveResizeRatio: false
03:42:01.373 [FXGL Background Thread 3 ] DEBUG Engine               - isProfilingEnabled: false
03:42:01.373 [FXGL Background Thread 3 ] DEBUG Engine               - isScaleAffectedOnResize: true
03:42:01.373 [FXGL Background Thread 3 ] DEBUG Engine               - isSingleStep: false
03:42:01.374 [FXGL Background Thread 3 ] DEBUG Engine               - isUserProfileEnabled: false
03:42:01.374 [FXGL Background Thread 3 ] DEBUG Engine               - isWindows: true
03:42:01.374 [FXGL Background Thread 3 ] DEBUG Engine               - language: ObjectProperty [value: ENGLISH]
03:42:01.374 [FXGL Background Thread 3 ] DEBUG Engine               - menuKey: ESCAPE
03:42:01.374 [FXGL Background Thread 3 ] DEBUG Engine               - mouseSensitivity: 0.2
03:42:01.374 [FXGL Background Thread 3 ] DEBUG Engine               - notificationViewClass: class com.almasb.fxgl.notification.view.XboxNotificationView
03:42:01.374 [FXGL Background Thread 3 ] DEBUG Engine               - pixelsPerMeter: 50.0
03:42:01.374 [FXGL Background Thread 3 ] DEBUG Engine               - platform: WINDOWS
03:42:01.374 [FXGL Background Thread 3 ] DEBUG Engine               - prefHeightProperty: ReadOnlyDoubleProperty [value: 640.0]
03:42:01.374 [FXGL Background Thread 3 ] DEBUG Engine               - prefWidthProperty: ReadOnlyDoubleProperty [value: 960.0]
03:42:01.374 [FXGL Background Thread 3 ] DEBUG Engine               - profileDir: profiles/
03:42:01.374 [FXGL Background Thread 3 ] DEBUG Engine               - profileName: StringProperty [value: DEFAULT]
03:42:01.374 [FXGL Background Thread 3 ] DEBUG Engine               - randomSeed: -1
03:42:01.374 [FXGL Background Thread 3 ] DEBUG Engine               - runtimeInfo: RuntimeInfo(platform=WINDOWS, version=17.2, build=20.08.2022 16.50)
03:42:01.374 [FXGL Background Thread 3 ] DEBUG Engine               - saveFileExt: sav
03:42:01.374 [FXGL Background Thread 3 ] DEBUG Engine               - scaledHeightProp$fxgl: DoubleProperty [bound, value: 640.0]
03:42:01.374 [FXGL Background Thread 3 ] DEBUG Engine               - scaledWidthProp$fxgl: DoubleProperty [bound, value: 960.0]
03:42:01.374 [FXGL Background Thread 3 ] DEBUG Engine               - sceneFactory: com.almasb.fxgl.app.scene.SceneFactory@69e0cb4c
03:42:01.374 [FXGL Background Thread 3 ] DEBUG Engine               - secondsIn24h: 60
03:42:01.374 [FXGL Background Thread 3 ] DEBUG Engine               - soundMenuBack: menu/back.wav
03:42:01.375 [FXGL Background Thread 3 ] DEBUG Engine               - soundMenuPress: menu/press.wav
03:42:01.375 [FXGL Background Thread 3 ] DEBUG Engine               - soundMenuSelect: menu/select.wav
03:42:01.375 [FXGL Background Thread 3 ] DEBUG Engine               - soundNotification: core/notification.wav
03:42:01.375 [FXGL Background Thread 3 ] DEBUG Engine               - stageStyle: DECORATED
03:42:01.375 [FXGL Background Thread 3 ] DEBUG Engine               - supportedLanguages: [ENGLISH, FRENCH, GERMAN, HUNGARIAN, RUSSIAN]
03:42:01.375 [FXGL Background Thread 3 ] DEBUG Engine               - ticksPerSecond: -1
03:42:01.375 [FXGL Background Thread 3 ] DEBUG Engine               - title: Fallout Tower Defense
03:42:01.375 [FXGL Background Thread 3 ] DEBUG Engine               - urlGithub: https://github.com/AlmasB/FXGL
03:42:01.375 [FXGL Background Thread 3 ] DEBUG Engine               - urlLeaderboard: http://fxgl-top.herokuapp.com/
03:42:01.375 [FXGL Background Thread 3 ] DEBUG Engine               - urlPOM: https://raw.githubusercontent.com/AlmasB/FXGL/release/README.md
03:42:01.375 [FXGL Background Thread 3 ] DEBUG Engine               - userAppClass: class fallout.proyecto_poo.FalloutTDApplication
03:42:01.375 [FXGL Background Thread 3 ] DEBUG Engine               - version: 0.4
03:42:01.375 [FXGL Background Thread 3 ] DEBUG Engine               - versionCheckDays: 7
03:42:01.375 [FXGL Background Thread 3 ] DEBUG Engine               - width: 960
03:42:01.375 [FXGL Background Thread 3 ] DEBUG Engine               - Logging services
03:42:01.375 [FXGL Background Thread 3 ] DEBUG Engine               - class com.almasb.fxgl.app.services.FXGLAssetLoaderService
03:42:01.375 [FXGL Background Thread 3 ] DEBUG Engine               - class com.almasb.fxgl.app.FXGLApplication$GameApplicationService
03:42:01.375 [FXGL Background Thread 3 ] DEBUG Engine               - class com.almasb.fxgl.app.services.FXGLDialogService
03:42:01.375 [FXGL Background Thread 3 ] DEBUG Engine               - class com.almasb.fxgl.app.services.IOTaskExecutorService
03:42:01.375 [FXGL Background Thread 3 ] DEBUG Engine               - class com.almasb.fxgl.io.FileSystemService
03:42:01.375 [FXGL Background Thread 3 ] DEBUG Engine               - class com.almasb.fxgl.localization.LocalizationService
03:42:01.375 [FXGL Background Thread 3 ] DEBUG Engine               - class com.almasb.fxgl.app.services.SystemBundleService
03:42:01.375 [FXGL Background Thread 3 ] DEBUG Engine               - class com.almasb.fxgl.profile.SaveLoadService
03:42:01.375 [FXGL Background Thread 3 ] DEBUG Engine               - class com.almasb.fxgl.ui.FXGLUIFactoryServiceProvider
03:42:01.375 [FXGL Background Thread 3 ] DEBUG Engine               - class com.almasb.fxgl.ui.FXGLDialogFactoryServiceProvider
03:42:01.375 [FXGL Background Thread 3 ] DEBUG Engine               - class com.almasb.fxgl.audio.AudioPlayer
03:42:01.375 [FXGL Background Thread 3 ] DEBUG Engine               - class com.almasb.fxgl.notification.impl.NotificationServiceProvider
03:42:01.375 [FXGL Background Thread 3 ] DEBUG Engine               - class com.almasb.fxgl.achievement.AchievementService
03:42:01.375 [FXGL Background Thread 3 ] DEBUG Engine               - class com.almasb.fxgl.cutscene.CutsceneService
03:42:01.375 [FXGL Background Thread 3 ] DEBUG Engine               - class com.almasb.fxgl.minigames.MiniGameService
03:42:01.375 [FXGL Background Thread 3 ] DEBUG Engine               - class com.almasb.fxgl.net.NetService
03:42:01.375 [FXGL Background Thread 3 ] DEBUG Engine               - class com.almasb.fxgl.app.services.UpdaterService
03:42:01.375 [FXGL Background Thread 3 ] DEBUG Engine               - class com.almasb.fxgl.dev.DevService
03:42:01.796 [JavaFX Application Thread] DEBUG FXGLAssetLoaderServi - Loading JSON from: file:/C:/Users/xdan1/OneDrive/Documentos/IdeaProjects/Proyecto_POO/target/classes/assets/json/enemy/scorpion.json
03:42:01.999 [JavaFX Application Thread] DEBUG FXGLAssetLoaderServi - Loading JSON from: file:/C:/Users/xdan1/OneDrive/Documentos/IdeaProjects/Proyecto_POO/target/classes/assets/json/turrets/simpleTurret.json
03:42:02.636 [JavaFX Application Thread] DEBUG FXGLAssetLoaderServi - Loading JSON from: file:/C:/Users/xdan1/OneDrive/Documentos/IdeaProjects/Proyecto_POO/target/classes/assets/json/turrets/simpleTurret.json
03:42:03.010 [JavaFX Application Thread] DEBUG FXGLAssetLoaderServi - Loading from file system: file:/C:/Users/xdan1/OneDrive/Documentos/IdeaProjects/Proyecto_POO/target/classes/assets/textures/enemy/scorpion.png
03:42:03.019 [JavaFX Application Thread] DEBUG FXGLAssetLoaderServi - Loading from file system: file:/C:/Users/xdan1/OneDrive/Documentos/IdeaProjects/Proyecto_POO/target/classes/assets/textures/bullets/projectile.png
03:42:03.344 [JavaFX Application Thread] DEBUG FXGLAssetLoaderServi - Loading from file system: file:/C:/Users/xdan1/OneDrive/Documentos/IdeaProjects/Proyecto_POO/target/classes/assets/textures/bullets/explosion.png
03:42:03.506 [JavaFX Application Thread] DEBUG FXGLAssetLoaderServi - Loading JSON from: file:/C:/Users/xdan1/OneDrive/Documentos/IdeaProjects/Proyecto_POO/target/classes/assets/json/enemy/scorpion.json
03:42:03.869 [JavaFX Application Thread] DEBUG FXGLAssetLoaderServi - Loading JSON from: file:/C:/Users/xdan1/OneDrive/Documentos/IdeaProjects/Proyecto_POO/target/classes/assets/json/turrets/simpleTurret.json
03:42:08.270 [JavaFX Application Thread] DEBUG FXGLAssetLoaderServi - Loading JSON from: file:/C:/Users/xdan1/OneDrive/Documentos/IdeaProjects/Proyecto_POO/target/classes/assets/json/turrets/simpleTurret.json
03:42:08.881 [JavaFX Application Thread] DEBUG FXGLAssetLoaderServi - Loading JSON from: file:/C:/Users/xdan1/OneDrive/Documentos/IdeaProjects/Proyecto_POO/target/classes/assets/json/turrets/simpleTurret.json
03:42:09.491 [JavaFX Application Thread] DEBUG FXGLAssetLoaderServi - Loading JSON from: file:/C:/Users/xdan1/OneDrive/Documentos/IdeaProjects/Proyecto_POO/target/classes/assets/json/turrets/simpleTurret.json
03:42:10.128 [JavaFX Application Thread] DEBUG FXGLApplication      - Exiting FXGL
03:42:10.128 [JavaFX Application Thread] DEBUG LoopRunner           - Stopping loop
03:42:10.128 [JavaFX Application Thread] DEBUG SystemBundleService  - Saving FXGL system data
03:42:10.130 [JavaFX Application Thread] DEBUG FileSystemAccess     - Writing to: C:\Users\xdan1\OneDrive\Documentos\IdeaProjects\Proyecto_POO\system\fxgl.bundle
03:42:10.131 [JavaFX Application Thread] DEBUG Async                - Shutting down background threads
03:42:10.131 [JavaFX Application Thread] DEBUG PrimaryStageWindow   - Closing main window
03:42:10.144 [JavaFX Application Thread] DEBUG Logger               - Closing Logger
