20:16:14.719 [main                     ] DEBUG Logger               - Configured Logger
20:16:14.744 [main                     ] DEBUG GameApplication      - Logging settings
Title: Fallout Tower Defense
Version: 0.0
Width: 960
Height: 640
Fullscreen: false
Intro: false
Profiling: false
Single step:false
App Mode: DEVELOPER
Menu Key: ESCAPE
Stage Style: DECORATED
Scene Factory: class com.almasb.fxgl.app.scene.SceneFactory

20:16:15.057 [JavaFX Application Thread] DEBUG FXGLApplication      - Initializing FXGL
20:16:15.060 [JavaFX Application Thread] INFO  Engine               - FXGL-17.2 (20.08.2022 16.50) on WINDOWS (J:21.0.1 FX:20.0.1)
20:16:15.060 [JavaFX Application Thread] DEBUG Engine               - JRE Vendor Name: Oracle Corporation
20:16:15.061 [JavaFX Application Thread] DEBUG Engine               - Running on OS: Windows 11 version 10.0
20:16:15.061 [JavaFX Application Thread] DEBUG Engine               - Architecture: amd64
20:16:15.061 [JavaFX Application Thread] INFO  Engine               - Source code and latest versions at: https://github.com/AlmasB/FXGL
20:16:15.061 [JavaFX Application Thread] INFO  Engine               -       Ask questions and discuss at: https://github.com/AlmasB/FXGL/discussions
20:16:15.061 [JavaFX Application Thread] INFO  Engine               -              Join the FXGL chat at: https://gitter.im/AlmasB/FXGL
20:16:15.123 [JavaFX Application Thread] DEBUG PrimaryStageWindow   - Creating a JavaFX scene
20:16:15.159 [JavaFX Application Thread] DEBUG PrimaryStageWindow   - Target settings size: 960.0 x 640.0
20:16:15.159 [JavaFX Application Thread] DEBUG PrimaryStageWindow   - Scaled scene size:    960.0 x 640.0
20:16:15.159 [JavaFX Application Thread] DEBUG PrimaryStageWindow   - Scaled ratio: (1.0, 1.0)
20:16:15.160 [JavaFX Application Thread] DEBUG PrimaryStageWindow   - Set initial scene to FXGLStartupScene
20:16:15.162 [JavaFX Application Thread] DEBUG PrimaryStageWindow   - Opening main window
20:16:15.236 [JavaFX Application Thread] DEBUG PrimaryStageWindow   - Window border size: (16.0, 39.0)
20:16:15.236 [JavaFX Application Thread] DEBUG PrimaryStageWindow   - Scaled size: 960.0 x 640.0
20:16:15.236 [JavaFX Application Thread] DEBUG PrimaryStageWindow   - Scaled ratio: (1.0, 1.0)
20:16:15.236 [JavaFX Application Thread] DEBUG PrimaryStageWindow   - Scene size: 960.0 x 640.0
20:16:15.237 [JavaFX Application Thread] DEBUG PrimaryStageWindow   - Stage size: 976.0 x 679.0
20:16:15.243 [FXGL Background Thread 1 ] DEBUG Engine               - Initializing environment variables
20:16:15.285 [FXGL Background Thread 1 ] DEBUG FXGLAssetLoaderServi - User app class for loading assets: class fallout.proyecto_poo.FalloutTDApplication
20:16:15.285 [FXGL Background Thread 1 ] DEBUG GameApplicationServi - Applying CSS: fxgl_dark.css
20:16:15.287 [FXGL Background Thread 1 ] DEBUG FXGLAssetLoaderServi - Loading from file system: jar:file:///C:/Users/xdan1/.m2/repository/com/github/almasb/fxgl/17.2/fxgl-17.2.jar!/fxglassets/ui/css/fxgl_dark.css
20:16:15.322 [FXGL Background Thread 1 ] DEBUG GameApplicationServi - Initializing application scenes
20:16:15.349 [FXGL Background Thread 1 ] DEBUG GameWorld            - Game world initialized
20:16:15.401 [FXGL Background Thread 1 ] DEBUG PhysicsWorld         - Physics world initialized: appHeight=640, physics.ppm=50,0
20:16:15.401 [FXGL Background Thread 1 ] DEBUG PhysicsWorld         - Using strategy: BRUTE_FORCE
20:16:15.403 [FXGL Background Thread 1 ] DEBUG GameScene            - Game scene initialized: 960x640
20:16:15.414 [FXGL Background Thread 1 ] DEBUG FXGL.DefaultMenu     - createMenuBodyMainMenu()
20:16:15.422 [FXGL Background Thread 1 ] DEBUG FXGL.DefaultMenu     - createOptionsMenu()
20:16:15.429 [FXGL Background Thread 1 ] DEBUG FXGLAssetLoaderServi - Loading from file system: jar:file:///C:/Users/xdan1/.m2/repository/com/github/almasb/fxgl/17.2/fxgl-17.2.jar!/fxglassets/textures/particles/smoke.png
20:16:15.510 [FXGL Background Thread 1 ] DEBUG FXGLAssetLoaderServi - Loading from file system: jar:file:///C:/Users/xdan1/.m2/repository/com/github/almasb/fxgl/17.2/fxgl-17.2.jar!/fxglassets/textures/particles/trace_horizontal.png
20:16:15.536 [FXGL Background Thread 1 ] DEBUG FXGL.DefaultMenu     - createMenuBodyGameMenu()
20:16:15.536 [FXGL Background Thread 1 ] DEBUG FXGL.DefaultMenu     - createOptionsMenu()
20:16:15.547 [FXGL Background Thread 1 ] DEBUG GameApplicationServi - Application scenes initialized
20:16:15.558 [FXGL Background Thread 1 ] DEBUG SystemBundleService  - Loading FXGL system data
20:16:15.562 [FXGL Background Thread 1 ] DEBUG FileSystemAccess     - Reading from: C:\Users\xdan1\OneDrive\Documentos\IdeaProjects\Proyecto_POO\system\fxgl.bundle
20:16:15.573 [FXGL Background Thread 1 ] DEBUG SystemBundleService  - Bundle FXGL: {}
20:16:15.573 [FXGL Background Thread 1 ] DEBUG UpdaterService       - Checking for updates
20:16:15.577 [FXGL Background Thread 1 ] DEBUG FXGLApplication      - Loading default localization
20:16:15.578 [FXGL Background Thread 1 ] DEBUG FXGLAssetLoaderServi - Loading from file system: jar:file:///C:/Users/xdan1/.m2/repository/com/github/almasb/fxgl/17.2/fxgl-17.2.jar!/fxglassets/languages/english.lang
20:16:15.579 [FXGL Background Thread 4 ] DEBUG FXGLApplication      - Loading fonts
20:16:15.580 [FXGL Background Thread 4 ] DEBUG FXGLAssetLoaderServi - Loading from file system: jar:file:///C:/Users/xdan1/.m2/repository/com/github/almasb/fxgl/17.2/fxgl-17.2.jar!/fxglassets/ui/fonts/VarelaRound-Regular.ttf
20:16:15.602 [FXGL Background Thread 1 ] INFO  FXGLApplication      - FXGL initialization took: 0,360 sec
20:16:15.612 [FXGL Background Thread 4 ] DEBUG FXGLAssetLoaderServi - Loading from file system: jar:file:///C:/Users/xdan1/.m2/repository/com/github/almasb/fxgl/17.2/fxgl-17.2.jar!/fxglassets/ui/fonts/Abel-Regular.ttf
20:16:15.614 [JavaFX Application Thread] DEBUG Input                - Registered new binding: action0 - LMB
20:16:15.614 [JavaFX Application Thread] DEBUG FXGLAssetLoaderServi - Loading from file system: jar:file:///C:/Users/xdan1/.m2/repository/com/github/almasb/fxgl/17.2/fxgl-17.2.jar!/fxglassets/textures/fxgl_icon.png
20:16:15.620 [FXGL Background Thread 4 ] DEBUG FXGLAssetLoaderServi - Loading from file system: jar:file:///C:/Users/xdan1/.m2/repository/com/github/almasb/fxgl/17.2/fxgl-17.2.jar!/fxglassets/ui/fonts/TerminalLandMono-Regular.otf
20:16:15.628 [FXGL Background Thread 4 ] DEBUG FXGLAssetLoaderServi - Loading from file system: jar:file:///C:/Users/xdan1/.m2/repository/com/github/almasb/fxgl/17.2/fxgl-17.2.jar!/fxglassets/ui/fonts/Courier-Prime.ttf
20:16:15.631 [JavaFX Application Thread] DEBUG FXGLAssetLoaderServi - Loading from file system: jar:file:///C:/Users/xdan1/.m2/repository/com/github/almasb/fxgl/17.2/fxgl-17.2.jar!/fxglassets/textures/fxgl_default_cursor.png
20:16:15.640 [JavaFX Application Thread] DEBUG Input                - Registered new binding: Screenshot - CTRL+8
20:16:15.640 [JavaFX Application Thread] DEBUG Input                - Registered new binding: System info dump - CTRL+9
20:16:15.640 [JavaFX Application Thread] DEBUG Input                - Registered new binding: Restart - CTRL+R
20:16:15.642 [JavaFX Application Thread] DEBUG Input                - Registered new binding: Toggle Debug Camera - CTRL+7
20:16:15.645 [JavaFX Application Thread] DEBUG LoopRunner           - Starting loop
20:16:15.645 [JavaFX Application Thread] DEBUG LoopRunner           - Initializing JavaFX AnimationTimerLoop
20:16:15.647 [JavaFX Application Thread] DEBUG Input                - Clearing active input actions
20:16:15.652 [JavaFX Application Thread] DEBUG GameApplicationServi - Removing overlay from FXGLStartupScene and adding to FXGLMainMenuDummyScene
20:16:15.652 [JavaFX Application Thread] DEBUG PrimaryStageWindow   - FXGLStartupScene -> FXGLMainMenuDummyScene
20:16:15.652 [JavaFX Application Thread] DEBUG PrimaryStageWindow   - Push state: FXGLDefaultMenu
20:16:15.667 [JavaFX Application Thread] DEBUG Input                - Clearing active input actions
20:16:15.679 [JavaFX Application Thread] DEBUG GameApplicationServi - Removing overlay from FXGLMainMenuDummyScene and adding to FXGLDefaultMenu
20:16:15.680 [JavaFX Application Thread] DEBUG PrimaryStageWindow   - FXGLMainMenuDummyScene -> FXGLDefaultMenu
20:16:15.688 [JavaFX Application Thread] DEBUG FXGLApplication      - Registering font factories with UI factory
20:16:16.041 [FXGL Background Thread 2 ] INFO  UpdaterService       - Your current version:  17.2
20:16:16.042 [FXGL Background Thread 2 ] INFO  UpdaterService       - Latest stable version: 17.3
20:16:16.531 [JavaFX Application Thread] DEBUG Menu                 - fireNewGame()
20:16:16.531 [JavaFX Application Thread] DEBUG GameApplicationServi - Starting new game
20:16:16.532 [JavaFX Application Thread] DEBUG PrimaryStageWindow   - Pop state: FXGLDefaultMenu
20:16:16.532 [JavaFX Application Thread] DEBUG Input                - Clearing active input actions
20:16:16.533 [JavaFX Application Thread] DEBUG GameApplicationServi - Removing overlay from FXGLDefaultMenu and adding to FXGLMainMenuDummyScene
20:16:16.533 [JavaFX Application Thread] DEBUG PrimaryStageWindow   - FXGLMainMenuDummyScene <- FXGLDefaultMenu
20:16:16.533 [JavaFX Application Thread] DEBUG Input                - Clearing active input actions
20:16:16.540 [JavaFX Application Thread] DEBUG GameApplicationServi - Removing overlay from FXGLMainMenuDummyScene and adding to FXGLLoadingScene
20:16:16.540 [JavaFX Application Thread] DEBUG PrimaryStageWindow   - FXGLMainMenuDummyScene -> FXGLLoadingScene
20:16:16.540 [JavaFX Application Thread] DEBUG GameApplicationServi - Clearing previous game
20:16:16.540 [JavaFX Application Thread] DEBUG GameScene            - Clearing game scene
20:16:16.540 [JavaFX Application Thread] DEBUG GameWorld            - Clearing game world
20:16:16.540 [JavaFX Application Thread] DEBUG PhysicsWorld         - Clearing physics world
20:16:16.541 [FXGL Background Thread 2 ] DEBUG FXGLApplication      - Initializing game
20:16:16.573 [FXGL Background Thread 2 ] WARN  TMXLevelLoader       - TiledMap generated from 1.10.2. Supported version: 1.9.0. Some features may not be parsed fully.
20:16:16.592 [FXGL Background Thread 2 ] DEBUG TMXLevelLoader       - Parsed TiledMap: file:/C:/Users/xdan1/OneDrive/Documentos/IdeaProjects/Proyecto_POO/target/classes/assets/levels/tmx/fallout.tmx
20:16:16.593 [FXGL Background Thread 2 ] DEBUG TMXLevelLoader       - Creating tile layer entities
20:16:16.595 [FXGL Background Thread 2 ] DEBUG TilesetLoader        - Loading view for layer ground
20:16:16.596 [FXGL Background Thread 2 ] DEBUG TilesetLoader        - Created buffer with size 960.0x640.0
20:16:16.613 [FXGL Background Thread 2 ] DEBUG TilesetLoader        - Loading view for layer path
20:16:16.614 [FXGL Background Thread 2 ] DEBUG TilesetLoader        - Created buffer with size 960.0x640.0
20:16:16.618 [FXGL Background Thread 2 ] DEBUG TilesetLoader        - Loading view for layer decor
20:16:16.618 [FXGL Background Thread 2 ] DEBUG TilesetLoader        - Created buffer with size 960.0x640.0
20:16:16.619 [FXGL Background Thread 2 ] DEBUG TMXLevelLoader       - Creating object layer entities
20:16:16.629 [FXGL Background Thread 2 ] DEBUG GameWorld            - Clearing removable entities
20:16:16.629 [FXGL Background Thread 2 ] DEBUG GameWorld            - Setting level: com.almasb.fxgl.entity.level.Level@2b33ebe8
20:16:16.633 [FXGL Background Thread 2 ] DEBUG FXGLAssetLoaderServi - Loading JSON from: file:/C:/Users/xdan1/OneDrive/Documentos/IdeaProjects/Proyecto_POO/target/classes/assets/json/waves/wave1.json
20:16:16.774 [FXGL Background Thread 2 ] DEBUG FXGLAssetLoaderServi - Loading JSON from: file:/C:/Users/xdan1/OneDrive/Documentos/IdeaProjects/Proyecto_POO/target/classes/assets/json/waves/wave2.json
20:16:16.775 [FXGL Background Thread 2 ] DEBUG FXGLAssetLoaderServi - Loading JSON from: file:/C:/Users/xdan1/OneDrive/Documentos/IdeaProjects/Proyecto_POO/target/classes/assets/json/waves/wave3.json
20:16:16.777 [FXGL Background Thread 2 ] DEBUG FXGLAssetLoaderServi - Loading JSON from: file:/C:/Users/xdan1/OneDrive/Documentos/IdeaProjects/Proyecto_POO/target/classes/assets/json/enemy/scorpion.json
20:16:16.780 [FXGL Background Thread 2 ] DEBUG FXGLAssetLoaderServi - Loading JSON from: file:/C:/Users/xdan1/OneDrive/Documentos/IdeaProjects/Proyecto_POO/target/classes/assets/json/enemy/scorpion.json
20:16:16.782 [FXGL Background Thread 2 ] DEBUG FXGLAssetLoaderServi - Loading JSON from: file:/C:/Users/xdan1/OneDrive/Documentos/IdeaProjects/Proyecto_POO/target/classes/assets/json/enemy/scorpion.json
20:16:16.783 [FXGL Background Thread 2 ] DEBUG FXGLAssetLoaderServi - Loading JSON from: file:/C:/Users/xdan1/OneDrive/Documentos/IdeaProjects/Proyecto_POO/target/classes/assets/json/enemy/scorpion.json
20:16:16.784 [FXGL Background Thread 2 ] DEBUG FXGLAssetLoaderServi - Loading JSON from: file:/C:/Users/xdan1/OneDrive/Documentos/IdeaProjects/Proyecto_POO/target/classes/assets/json/enemy/scorpion.json
20:16:16.785 [FXGL Background Thread 2 ] DEBUG FXGLAssetLoaderServi - Loading JSON from: file:/C:/Users/xdan1/OneDrive/Documentos/IdeaProjects/Proyecto_POO/target/classes/assets/json/enemy/scorpion.json
20:16:16.786 [FXGL Background Thread 2 ] DEBUG FXGLAssetLoaderServi - Loading JSON from: file:/C:/Users/xdan1/OneDrive/Documentos/IdeaProjects/Proyecto_POO/target/classes/assets/json/enemy/scorpion.json
20:16:16.786 [FXGL Background Thread 2 ] DEBUG FXGLAssetLoaderServi - Loading JSON from: file:/C:/Users/xdan1/OneDrive/Documentos/IdeaProjects/Proyecto_POO/target/classes/assets/json/enemy/scorpion.json
20:16:16.787 [FXGL Background Thread 2 ] DEBUG FXGLAssetLoaderServi - Loading JSON from: file:/C:/Users/xdan1/OneDrive/Documentos/IdeaProjects/Proyecto_POO/target/classes/assets/json/enemy/scorpion.json
20:16:16.788 [FXGL Background Thread 2 ] DEBUG FXGLAssetLoaderServi - Loading JSON from: file:/C:/Users/xdan1/OneDrive/Documentos/IdeaProjects/Proyecto_POO/target/classes/assets/json/enemy/scorpion.json
20:16:16.789 [FXGL Background Thread 2 ] INFO  FXGLApplication      - Game initialization took: 0,248 sec
20:16:16.790 [JavaFX Application Thread] DEBUG Input                - Clearing active input actions
20:16:16.793 [JavaFX Application Thread] DEBUG GameApplicationServi - Removing overlay from FXGLLoadingScene and adding to GameScene
20:16:16.793 [JavaFX Application Thread] DEBUG PrimaryStageWindow   - FXGLLoadingScene -> GameScene
20:16:17.270 [JavaFX Application Thread] DEBUG FXGLAssetLoaderServi - Loading JSON from: file:/C:/Users/xdan1/OneDrive/Documentos/IdeaProjects/Proyecto_POO/target/classes/assets/json/turrets/simpleTurret.json
20:16:17.273 [JavaFX Application Thread] DEBUG FXGLAssetLoaderServi - Loading from file system: file:/C:/Users/xdan1/OneDrive/Documentos/IdeaProjects/Proyecto_POO/target/classes/assets/textures/turrets/turret.png
20:16:17.397 [JavaFX Application Thread] DEBUG FXGLAssetLoaderServi - Loading JSON from: file:/C:/Users/xdan1/OneDrive/Documentos/IdeaProjects/Proyecto_POO/target/classes/assets/json/turrets/simpleTurret.json
20:16:17.559 [JavaFX Application Thread] DEBUG FXGLAssetLoaderServi - Loading JSON from: file:/C:/Users/xdan1/OneDrive/Documentos/IdeaProjects/Proyecto_POO/target/classes/assets/json/turrets/simpleTurret.json
20:16:17.674 [JavaFX Application Thread] DEBUG FXGLAssetLoaderServi - Loading from file system: file:/C:/Users/xdan1/OneDrive/Documentos/IdeaProjects/Proyecto_POO/target/classes/assets/textures/enemy/scorpion.png
20:16:17.691 [JavaFX Application Thread] DEBUG FXGLAssetLoaderServi - Loading from file system: file:/C:/Users/xdan1/OneDrive/Documentos/IdeaProjects/Proyecto_POO/target/classes/assets/textures/bullets/projectile.png
20:16:17.719 [JavaFX Application Thread] DEBUG FXGLAssetLoaderServi - Loading JSON from: file:/C:/Users/xdan1/OneDrive/Documentos/IdeaProjects/Proyecto_POO/target/classes/assets/json/turrets/simpleTurret.json
20:16:17.906 [JavaFX Application Thread] DEBUG FXGLAssetLoaderServi - Loading JSON from: file:/C:/Users/xdan1/OneDrive/Documentos/IdeaProjects/Proyecto_POO/target/classes/assets/json/turrets/simpleTurret.json
20:16:18.077 [JavaFX Application Thread] DEBUG FXGLAssetLoaderServi - Loading JSON from: file:/C:/Users/xdan1/OneDrive/Documentos/IdeaProjects/Proyecto_POO/target/classes/assets/json/turrets/simpleTurret.json
20:16:18.140 [JavaFX Application Thread] DEBUG FXGLAssetLoaderServi - Loading from file system: file:/C:/Users/xdan1/OneDrive/Documentos/IdeaProjects/Proyecto_POO/target/classes/assets/textures/bullets/explosion.png
20:16:18.249 [JavaFX Application Thread] DEBUG FXGLAssetLoaderServi - Loading JSON from: file:/C:/Users/xdan1/OneDrive/Documentos/IdeaProjects/Proyecto_POO/target/classes/assets/json/turrets/simpleTurret.json
20:16:18.419 [JavaFX Application Thread] DEBUG FXGLAssetLoaderServi - Loading JSON from: file:/C:/Users/xdan1/OneDrive/Documentos/IdeaProjects/Proyecto_POO/target/classes/assets/json/turrets/simpleTurret.json
20:16:18.577 [JavaFX Application Thread] DEBUG FXGLAssetLoaderServi - Loading JSON from: file:/C:/Users/xdan1/OneDrive/Documentos/IdeaProjects/Proyecto_POO/target/classes/assets/json/turrets/simpleTurret.json
20:16:18.577 [FXGL Background Thread 3 ] DEBUG Engine               - Logging environment variables
20:16:18.577 [FXGL Background Thread 3 ] DEBUG Engine               - achievements: []
20:16:18.577 [FXGL Background Thread 3 ] DEBUG Engine               - actualHeight: 640.0
20:16:18.577 [FXGL Background Thread 3 ] DEBUG Engine               - actualHeightProperty: ReadOnlyDoubleProperty [value: 640.0]
20:16:18.577 [FXGL Background Thread 3 ] DEBUG Engine               - actualWidth: 960.0
20:16:18.577 [FXGL Background Thread 3 ] DEBUG Engine               - actualWidthProperty: ReadOnlyDoubleProperty [value: 960.0]
20:16:18.577 [FXGL Background Thread 3 ] DEBUG Engine               - appIcon: fxgl_icon.png
20:16:18.577 [FXGL Background Thread 3 ] DEBUG Engine               - applicationMode: DEVELOPER
20:16:18.577 [FXGL Background Thread 3 ] DEBUG Engine               - cSSList: [fxgl_dark.css]
20:16:18.577 [FXGL Background Thread 3 ] DEBUG Engine               - collisionDetectionStrategy: BRUTE_FORCE
20:16:18.577 [FXGL Background Thread 3 ] DEBUG Engine               - configClass: Optional.empty
20:16:18.577 [FXGL Background Thread 3 ] DEBUG Engine               - credits: []
20:16:18.578 [FXGL Background Thread 3 ] DEBUG Engine               - defaultCursor: CursorInfo(imageName=fxgl_default_cursor.png, hotspotX=7.0, hotspotY=6.0)
20:16:18.578 [FXGL Background Thread 3 ] DEBUG Engine               - devBBoxColorProperty: ObjectProperty [value: 0xff0000ff]
20:16:18.578 [FXGL Background Thread 3 ] DEBUG Engine               - devEnableDebugCameraProperty: BooleanProperty [value: false]
20:16:18.578 [FXGL Background Thread 3 ] DEBUG Engine               - devSensorColorProperty: ObjectProperty [value: 0xffff00ff]
20:16:18.578 [FXGL Background Thread 3 ] DEBUG Engine               - devShowBBoxProperty: BooleanProperty [value: false]
20:16:18.578 [FXGL Background Thread 3 ] DEBUG Engine               - devShowPositionProperty: BooleanProperty [value: false]
20:16:18.578 [FXGL Background Thread 3 ] DEBUG Engine               - enabledMenuItems: []
20:16:18.578 [FXGL Background Thread 3 ] DEBUG Engine               - engineServices: [class com.almasb.fxgl.app.services.FXGLAssetLoaderService, class com.almasb.fxgl.app.FXGLApplication$GameApplicationService, class com.almasb.fxgl.app.services.FXGLDialogService, class com.almasb.fxgl.app.services.IOTaskExecutorService, class com.almasb.fxgl.io.FileSystemService, class com.almasb.fxgl.localization.LocalizationService, class com.almasb.fxgl.app.services.SystemBundleService, class com.almasb.fxgl.profile.SaveLoadService, class com.almasb.fxgl.ui.FXGLUIFactoryServiceProvider, class com.almasb.fxgl.ui.FXGLDialogFactoryServiceProvider, class com.almasb.fxgl.audio.AudioPlayer, class com.almasb.fxgl.notification.impl.NotificationServiceProvider, class com.almasb.fxgl.achievement.AchievementService, class com.almasb.fxgl.cutscene.CutsceneService, class com.almasb.fxgl.minigames.MiniGameService, class com.almasb.fxgl.net.NetService, class com.almasb.fxgl.app.services.UpdaterService, class com.almasb.fxgl.dev.DevService]
20:16:18.578 [FXGL Background Thread 3 ] DEBUG Engine               - fontGame: Abel-Regular.ttf
20:16:18.578 [FXGL Background Thread 3 ] DEBUG Engine               - fontMono: TerminalLandMono-Regular.otf
20:16:18.578 [FXGL Background Thread 3 ] DEBUG Engine               - fontText: Courier-Prime.ttf
20:16:18.578 [FXGL Background Thread 3 ] DEBUG Engine               - fontUI: VarelaRound-Regular.ttf
20:16:18.578 [FXGL Background Thread 3 ] DEBUG Engine               - fullScreen: BooleanProperty [value: false]
20:16:18.578 [FXGL Background Thread 3 ] DEBUG Engine               - gameDifficulty: MEDIUM
20:16:18.578 [FXGL Background Thread 3 ] DEBUG Engine               - gameDifficultyProperty: ObjectProperty [value: MEDIUM]
20:16:18.578 [FXGL Background Thread 3 ] DEBUG Engine               - globalMusicVolume: 0.5
20:16:18.578 [FXGL Background Thread 3 ] DEBUG Engine               - globalMusicVolumeProperty: DoubleProperty [value: 0.5]
20:16:18.578 [FXGL Background Thread 3 ] DEBUG Engine               - globalSoundVolume: 0.5
20:16:18.578 [FXGL Background Thread 3 ] DEBUG Engine               - globalSoundVolumeProperty: DoubleProperty [value: 0.5]
20:16:18.578 [FXGL Background Thread 3 ] DEBUG Engine               - height: 640
20:16:18.578 [FXGL Background Thread 3 ] DEBUG Engine               - is3D: false
20:16:18.578 [FXGL Background Thread 3 ] DEBUG Engine               - isAndroid: false
20:16:18.578 [FXGL Background Thread 3 ] DEBUG Engine               - isBrowser: false
20:16:18.579 [FXGL Background Thread 3 ] DEBUG Engine               - isClickFeedbackEnabled: false
20:16:18.579 [FXGL Background Thread 3 ] DEBUG Engine               - isCloseConfirmation: false
20:16:18.579 [FXGL Background Thread 3 ] DEBUG Engine               - isDesktop: true
20:16:18.579 [FXGL Background Thread 3 ] DEBUG Engine               - isDeveloperMenuEnabled: false
20:16:18.579 [FXGL Background Thread 3 ] DEBUG Engine               - isEmbedded: false
20:16:18.579 [FXGL Background Thread 3 ] DEBUG Engine               - isEntityPreloadEnabled: true
20:16:18.579 [FXGL Background Thread 3 ] DEBUG Engine               - isExperimentalTiledLargeMap: false
20:16:18.579 [FXGL Background Thread 3 ] DEBUG Engine               - isFileSystemWriteAllowed: true
20:16:18.579 [FXGL Background Thread 3 ] DEBUG Engine               - isFullScreenAllowed: false
20:16:18.579 [FXGL Background Thread 3 ] DEBUG Engine               - isFullScreenFromStart: false
20:16:18.579 [FXGL Background Thread 3 ] DEBUG Engine               - isGameMenuEnabled: true
20:16:18.579 [FXGL Background Thread 3 ] DEBUG Engine               - isIOS: false
20:16:18.579 [FXGL Background Thread 3 ] DEBUG Engine               - isIntroEnabled: false
20:16:18.579 [FXGL Background Thread 3 ] DEBUG Engine               - isLinux: false
20:16:18.579 [FXGL Background Thread 3 ] DEBUG Engine               - isMac: false
20:16:18.579 [FXGL Background Thread 3 ] DEBUG Engine               - isMainMenuEnabled: true
20:16:18.579 [FXGL Background Thread 3 ] DEBUG Engine               - isManualResizeEnabled: false
20:16:18.579 [FXGL Background Thread 3 ] DEBUG Engine               - isMobile: false
20:16:18.579 [FXGL Background Thread 3 ] DEBUG Engine               - isNative: false
20:16:18.579 [FXGL Background Thread 3 ] DEBUG Engine               - isPauseMusicWhenMinimized: true
20:16:18.579 [FXGL Background Thread 3 ] DEBUG Engine               - isPreserveResizeRatio: false
20:16:18.579 [FXGL Background Thread 3 ] DEBUG Engine               - isProfilingEnabled: false
20:16:18.579 [FXGL Background Thread 3 ] DEBUG Engine               - isScaleAffectedOnResize: true
20:16:18.579 [FXGL Background Thread 3 ] DEBUG Engine               - isSingleStep: false
20:16:18.579 [FXGL Background Thread 3 ] DEBUG Engine               - isUserProfileEnabled: false
20:16:18.579 [FXGL Background Thread 3 ] DEBUG Engine               - isWindows: true
20:16:18.579 [FXGL Background Thread 3 ] DEBUG Engine               - language: ObjectProperty [value: ENGLISH]
20:16:18.579 [FXGL Background Thread 3 ] DEBUG Engine               - menuKey: ESCAPE
20:16:18.579 [FXGL Background Thread 3 ] DEBUG Engine               - mouseSensitivity: 0.2
20:16:18.579 [FXGL Background Thread 3 ] DEBUG Engine               - notificationViewClass: class com.almasb.fxgl.notification.view.XboxNotificationView
20:16:18.579 [FXGL Background Thread 3 ] DEBUG Engine               - pixelsPerMeter: 50.0
20:16:18.579 [FXGL Background Thread 3 ] DEBUG Engine               - platform: WINDOWS
20:16:18.579 [FXGL Background Thread 3 ] DEBUG Engine               - prefHeightProperty: ReadOnlyDoubleProperty [value: 640.0]
20:16:18.579 [FXGL Background Thread 3 ] DEBUG Engine               - prefWidthProperty: ReadOnlyDoubleProperty [value: 960.0]
20:16:18.579 [FXGL Background Thread 3 ] DEBUG Engine               - profileDir: profiles/
20:16:18.579 [FXGL Background Thread 3 ] DEBUG Engine               - profileName: StringProperty [value: DEFAULT]
20:16:18.579 [FXGL Background Thread 3 ] DEBUG Engine               - randomSeed: -1
20:16:18.580 [FXGL Background Thread 3 ] DEBUG Engine               - runtimeInfo: RuntimeInfo(platform=WINDOWS, version=17.2, build=20.08.2022 16.50)
20:16:18.580 [FXGL Background Thread 3 ] DEBUG Engine               - saveFileExt: sav
20:16:18.580 [FXGL Background Thread 3 ] DEBUG Engine               - scaledHeightProp$fxgl: DoubleProperty [bound, value: 640.0]
20:16:18.580 [FXGL Background Thread 3 ] DEBUG Engine               - scaledWidthProp$fxgl: DoubleProperty [bound, value: 960.0]
20:16:18.580 [FXGL Background Thread 3 ] DEBUG Engine               - sceneFactory: com.almasb.fxgl.app.scene.SceneFactory@d003fa8
20:16:18.580 [FXGL Background Thread 3 ] DEBUG Engine               - secondsIn24h: 60
20:16:18.580 [FXGL Background Thread 3 ] DEBUG Engine               - soundMenuBack: menu/back.wav
20:16:18.580 [FXGL Background Thread 3 ] DEBUG Engine               - soundMenuPress: menu/press.wav
20:16:18.580 [FXGL Background Thread 3 ] DEBUG Engine               - soundMenuSelect: menu/select.wav
20:16:18.580 [FXGL Background Thread 3 ] DEBUG Engine               - soundNotification: core/notification.wav
20:16:18.580 [FXGL Background Thread 3 ] DEBUG Engine               - stageStyle: DECORATED
20:16:18.580 [FXGL Background Thread 3 ] DEBUG Engine               - supportedLanguages: [ENGLISH, FRENCH, GERMAN, HUNGARIAN, RUSSIAN]
20:16:18.580 [FXGL Background Thread 3 ] DEBUG Engine               - ticksPerSecond: -1
20:16:18.580 [FXGL Background Thread 3 ] DEBUG Engine               - title: Fallout Tower Defense
20:16:18.580 [FXGL Background Thread 3 ] DEBUG Engine               - urlGithub: https://github.com/AlmasB/FXGL
20:16:18.580 [FXGL Background Thread 3 ] DEBUG Engine               - urlLeaderboard: http://fxgl-top.herokuapp.com/
20:16:18.580 [FXGL Background Thread 3 ] DEBUG Engine               - urlPOM: https://raw.githubusercontent.com/AlmasB/FXGL/release/README.md
20:16:18.580 [FXGL Background Thread 3 ] DEBUG Engine               - userAppClass: class fallout.proyecto_poo.FalloutTDApplication
20:16:18.580 [FXGL Background Thread 3 ] DEBUG Engine               - version: 0.0
20:16:18.580 [FXGL Background Thread 3 ] DEBUG Engine               - versionCheckDays: 7
20:16:18.580 [FXGL Background Thread 3 ] DEBUG Engine               - width: 960
20:16:18.580 [FXGL Background Thread 3 ] DEBUG Engine               - Logging services
20:16:18.580 [FXGL Background Thread 3 ] DEBUG Engine               - class com.almasb.fxgl.app.services.FXGLAssetLoaderService
20:16:18.580 [FXGL Background Thread 3 ] DEBUG Engine               - class com.almasb.fxgl.app.FXGLApplication$GameApplicationService
20:16:18.580 [FXGL Background Thread 3 ] DEBUG Engine               - class com.almasb.fxgl.app.services.FXGLDialogService
20:16:18.580 [FXGL Background Thread 3 ] DEBUG Engine               - class com.almasb.fxgl.app.services.IOTaskExecutorService
20:16:18.580 [FXGL Background Thread 3 ] DEBUG Engine               - class com.almasb.fxgl.io.FileSystemService
20:16:18.580 [FXGL Background Thread 3 ] DEBUG Engine               - class com.almasb.fxgl.localization.LocalizationService
20:16:18.580 [FXGL Background Thread 3 ] DEBUG Engine               - class com.almasb.fxgl.app.services.SystemBundleService
20:16:18.580 [FXGL Background Thread 3 ] DEBUG Engine               - class com.almasb.fxgl.profile.SaveLoadService
20:16:18.580 [FXGL Background Thread 3 ] DEBUG Engine               - class com.almasb.fxgl.ui.FXGLUIFactoryServiceProvider
20:16:18.580 [FXGL Background Thread 3 ] DEBUG Engine               - class com.almasb.fxgl.ui.FXGLDialogFactoryServiceProvider
20:16:18.580 [FXGL Background Thread 3 ] DEBUG Engine               - class com.almasb.fxgl.audio.AudioPlayer
20:16:18.580 [FXGL Background Thread 3 ] DEBUG Engine               - class com.almasb.fxgl.notification.impl.NotificationServiceProvider
20:16:18.580 [FXGL Background Thread 3 ] DEBUG Engine               - class com.almasb.fxgl.achievement.AchievementService
20:16:18.580 [FXGL Background Thread 3 ] DEBUG Engine               - class com.almasb.fxgl.cutscene.CutsceneService
20:16:18.580 [FXGL Background Thread 3 ] DEBUG Engine               - class com.almasb.fxgl.minigames.MiniGameService
20:16:18.580 [FXGL Background Thread 3 ] DEBUG Engine               - class com.almasb.fxgl.net.NetService
20:16:18.580 [FXGL Background Thread 3 ] DEBUG Engine               - class com.almasb.fxgl.app.services.UpdaterService
20:16:18.580 [FXGL Background Thread 3 ] DEBUG Engine               - class com.almasb.fxgl.dev.DevService
20:16:18.894 [JavaFX Application Thread] DEBUG FXGLAssetLoaderServi - Loading JSON from: file:/C:/Users/xdan1/OneDrive/Documentos/IdeaProjects/Proyecto_POO/target/classes/assets/json/turrets/simpleTurret.json
20:16:19.077 [JavaFX Application Thread] DEBUG FXGLAssetLoaderServi - Loading JSON from: file:/C:/Users/xdan1/OneDrive/Documentos/IdeaProjects/Proyecto_POO/target/classes/assets/json/turrets/simpleTurret.json
20:16:19.311 [JavaFX Application Thread] DEBUG FXGLAssetLoaderServi - Loading JSON from: file:/C:/Users/xdan1/OneDrive/Documentos/IdeaProjects/Proyecto_POO/target/classes/assets/json/turrets/simpleTurret.json
20:16:19.491 [JavaFX Application Thread] DEBUG FXGLAssetLoaderServi - Loading JSON from: file:/C:/Users/xdan1/OneDrive/Documentos/IdeaProjects/Proyecto_POO/target/classes/assets/json/turrets/simpleTurret.json
20:16:19.661 [JavaFX Application Thread] DEBUG FXGLAssetLoaderServi - Loading JSON from: file:/C:/Users/xdan1/OneDrive/Documentos/IdeaProjects/Proyecto_POO/target/classes/assets/json/turrets/simpleTurret.json
20:16:19.838 [JavaFX Application Thread] DEBUG FXGLAssetLoaderServi - Loading JSON from: file:/C:/Users/xdan1/OneDrive/Documentos/IdeaProjects/Proyecto_POO/target/classes/assets/json/turrets/simpleTurret.json
20:16:19.998 [JavaFX Application Thread] DEBUG FXGLAssetLoaderServi - Loading JSON from: file:/C:/Users/xdan1/OneDrive/Documentos/IdeaProjects/Proyecto_POO/target/classes/assets/json/turrets/simpleTurret.json
20:16:20.323 [JavaFX Application Thread] DEBUG FXGLAssetLoaderServi - Loading JSON from: file:/C:/Users/xdan1/OneDrive/Documentos/IdeaProjects/Proyecto_POO/target/classes/assets/json/turrets/simpleTurret.json
20:16:20.525 [JavaFX Application Thread] DEBUG FXGLAssetLoaderServi - Loading JSON from: file:/C:/Users/xdan1/OneDrive/Documentos/IdeaProjects/Proyecto_POO/target/classes/assets/json/turrets/simpleTurret.json
20:16:20.701 [JavaFX Application Thread] DEBUG FXGLAssetLoaderServi - Loading JSON from: file:/C:/Users/xdan1/OneDrive/Documentos/IdeaProjects/Proyecto_POO/target/classes/assets/json/turrets/simpleTurret.json
20:16:20.887 [JavaFX Application Thread] DEBUG FXGLAssetLoaderServi - Loading JSON from: file:/C:/Users/xdan1/OneDrive/Documentos/IdeaProjects/Proyecto_POO/target/classes/assets/json/turrets/simpleTurret.json
20:16:21.064 [JavaFX Application Thread] DEBUG FXGLAssetLoaderServi - Loading JSON from: file:/C:/Users/xdan1/OneDrive/Documentos/IdeaProjects/Proyecto_POO/target/classes/assets/json/turrets/simpleTurret.json
20:16:21.239 [JavaFX Application Thread] DEBUG FXGLAssetLoaderServi - Loading JSON from: file:/C:/Users/xdan1/OneDrive/Documentos/IdeaProjects/Proyecto_POO/target/classes/assets/json/turrets/simpleTurret.json
20:16:21.426 [JavaFX Application Thread] DEBUG FXGLAssetLoaderServi - Loading JSON from: file:/C:/Users/xdan1/OneDrive/Documentos/IdeaProjects/Proyecto_POO/target/classes/assets/json/turrets/simpleTurret.json
20:16:21.597 [JavaFX Application Thread] DEBUG FXGLAssetLoaderServi - Loading JSON from: file:/C:/Users/xdan1/OneDrive/Documentos/IdeaProjects/Proyecto_POO/target/classes/assets/json/turrets/simpleTurret.json
20:16:21.936 [JavaFX Application Thread] DEBUG FXGLAssetLoaderServi - Loading JSON from: file:/C:/Users/xdan1/OneDrive/Documentos/IdeaProjects/Proyecto_POO/target/classes/assets/json/turrets/simpleTurret.json
20:16:22.133 [JavaFX Application Thread] DEBUG FXGLAssetLoaderServi - Loading JSON from: file:/C:/Users/xdan1/OneDrive/Documentos/IdeaProjects/Proyecto_POO/target/classes/assets/json/turrets/simpleTurret.json
20:16:22.337 [JavaFX Application Thread] DEBUG FXGLAssetLoaderServi - Loading JSON from: file:/C:/Users/xdan1/OneDrive/Documentos/IdeaProjects/Proyecto_POO/target/classes/assets/json/turrets/simpleTurret.json
20:16:22.541 [JavaFX Application Thread] DEBUG FXGLAssetLoaderServi - Loading JSON from: file:/C:/Users/xdan1/OneDrive/Documentos/IdeaProjects/Proyecto_POO/target/classes/assets/json/turrets/simpleTurret.json
20:16:22.734 [JavaFX Application Thread] DEBUG FXGLAssetLoaderServi - Loading JSON from: file:/C:/Users/xdan1/OneDrive/Documentos/IdeaProjects/Proyecto_POO/target/classes/assets/json/turrets/simpleTurret.json
20:16:22.918 [JavaFX Application Thread] DEBUG FXGLAssetLoaderServi - Loading JSON from: file:/C:/Users/xdan1/OneDrive/Documentos/IdeaProjects/Proyecto_POO/target/classes/assets/json/turrets/simpleTurret.json
20:16:23.106 [JavaFX Application Thread] DEBUG FXGLAssetLoaderServi - Loading JSON from: file:/C:/Users/xdan1/OneDrive/Documentos/IdeaProjects/Proyecto_POO/target/classes/assets/json/turrets/simpleTurret.json
20:16:23.311 [JavaFX Application Thread] DEBUG FXGLAssetLoaderServi - Loading JSON from: file:/C:/Users/xdan1/OneDrive/Documentos/IdeaProjects/Proyecto_POO/target/classes/assets/json/turrets/simpleTurret.json
20:16:31.644 [JavaFX Application Thread] DEBUG FXGLApplication      - Exiting FXGL
20:16:31.644 [JavaFX Application Thread] DEBUG LoopRunner           - Stopping loop
20:16:31.644 [JavaFX Application Thread] DEBUG SystemBundleService  - Saving FXGL system data
20:16:31.646 [JavaFX Application Thread] DEBUG FileSystemAccess     - Writing to: C:\Users\xdan1\OneDrive\Documentos\IdeaProjects\Proyecto_POO\system\fxgl.bundle
20:16:31.647 [JavaFX Application Thread] DEBUG Async                - Shutting down background threads
20:16:31.648 [JavaFX Application Thread] DEBUG PrimaryStageWindow   - Closing main window
20:16:31.663 [JavaFX Application Thread] DEBUG Logger               - Closing Logger
