22:38:05.035 [main                     ] DEBUG Logger               - Configured Logger
22:38:05.052 [main                     ] DEBUG GameApplication      - Logging settings
Title: Fallout Tower Defense
Version: 0.0
Width: 960
Height: 640
Fullscreen: false
Intro: false
Profiling: false
Single step:false
App Mode: DEVELOPER
Menu Key: ESCAPE
Stage Style: DECORATED
Scene Factory: class com.almasb.fxgl.app.scene.SceneFactory

22:38:05.394 [JavaFX Application Thread] DEBUG FXGLApplication      - Initializing FXGL
22:38:05.398 [JavaFX Application Thread] INFO  Engine               - FXGL-17.2 (20.08.2022 16.50) on WINDOWS (J:21.0.1 FX:20.0.1)
22:38:05.398 [JavaFX Application Thread] DEBUG Engine               - JRE Vendor Name: Oracle Corporation
22:38:05.398 [JavaFX Application Thread] DEBUG Engine               - Running on OS: Windows 11 version 10.0
22:38:05.398 [JavaFX Application Thread] DEBUG Engine               - Architecture: amd64
22:38:05.398 [JavaFX Application Thread] INFO  Engine               - Source code and latest versions at: https://github.com/AlmasB/FXGL
22:38:05.399 [JavaFX Application Thread] INFO  Engine               -       Ask questions and discuss at: https://github.com/AlmasB/FXGL/discussions
22:38:05.399 [JavaFX Application Thread] INFO  Engine               -              Join the FXGL chat at: https://gitter.im/AlmasB/FXGL
22:38:05.464 [JavaFX Application Thread] DEBUG PrimaryStageWindow   - Creating a JavaFX scene
22:38:05.499 [JavaFX Application Thread] DEBUG PrimaryStageWindow   - Target settings size: 960.0 x 640.0
22:38:05.500 [JavaFX Application Thread] DEBUG PrimaryStageWindow   - Scaled scene size:    960.0 x 640.0
22:38:05.500 [JavaFX Application Thread] DEBUG PrimaryStageWindow   - Scaled ratio: (1.0, 1.0)
22:38:05.500 [JavaFX Application Thread] DEBUG PrimaryStageWindow   - Set initial scene to FXGLStartupScene
22:38:05.502 [JavaFX Application Thread] DEBUG PrimaryStageWindow   - Opening main window
22:38:05.582 [JavaFX Application Thread] DEBUG PrimaryStageWindow   - Window border size: (16.0, 39.0)
22:38:05.582 [JavaFX Application Thread] DEBUG PrimaryStageWindow   - Scaled size: 960.0 x 640.0
22:38:05.582 [JavaFX Application Thread] DEBUG PrimaryStageWindow   - Scaled ratio: (1.0, 1.0)
22:38:05.582 [JavaFX Application Thread] DEBUG PrimaryStageWindow   - Scene size: 960.0 x 640.0
22:38:05.582 [JavaFX Application Thread] DEBUG PrimaryStageWindow   - Stage size: 976.0 x 679.0
22:38:05.588 [FXGL Background Thread 1 ] DEBUG Engine               - Initializing environment variables
22:38:05.623 [FXGL Background Thread 1 ] DEBUG FXGLAssetLoaderServi - User app class for loading assets: class fallout.proyecto_poo.FalloutTDApplication
22:38:05.623 [FXGL Background Thread 1 ] DEBUG GameApplicationServi - Applying CSS: fxgl_dark.css
22:38:05.623 [FXGL Background Thread 1 ] DEBUG FXGLAssetLoaderServi - Loading from file system: jar:file:///C:/Users/xdan1/.m2/repository/com/github/almasb/fxgl/17.2/fxgl-17.2.jar!/fxglassets/ui/css/fxgl_dark.css
22:38:05.658 [FXGL Background Thread 1 ] DEBUG GameApplicationServi - Initializing application scenes
22:38:05.685 [FXGL Background Thread 1 ] DEBUG GameWorld            - Game world initialized
22:38:05.741 [FXGL Background Thread 1 ] DEBUG PhysicsWorld         - Physics world initialized: appHeight=640, physics.ppm=50,0
22:38:05.741 [FXGL Background Thread 1 ] DEBUG PhysicsWorld         - Using strategy: BRUTE_FORCE
22:38:05.743 [FXGL Background Thread 1 ] DEBUG GameScene            - Game scene initialized: 960x640
22:38:05.751 [FXGL Background Thread 1 ] DEBUG FXGL.DefaultMenu     - createMenuBodyMainMenu()
22:38:05.760 [FXGL Background Thread 1 ] DEBUG FXGL.DefaultMenu     - createOptionsMenu()
22:38:05.770 [FXGL Background Thread 1 ] DEBUG FXGLAssetLoaderServi - Loading from file system: jar:file:///C:/Users/xdan1/.m2/repository/com/github/almasb/fxgl/17.2/fxgl-17.2.jar!/fxglassets/textures/particles/smoke.png
22:38:05.844 [FXGL Background Thread 1 ] DEBUG FXGLAssetLoaderServi - Loading from file system: jar:file:///C:/Users/xdan1/.m2/repository/com/github/almasb/fxgl/17.2/fxgl-17.2.jar!/fxglassets/textures/particles/trace_horizontal.png
22:38:05.870 [FXGL Background Thread 1 ] DEBUG FXGL.DefaultMenu     - createMenuBodyGameMenu()
22:38:05.871 [FXGL Background Thread 1 ] DEBUG FXGL.DefaultMenu     - createOptionsMenu()
22:38:05.880 [FXGL Background Thread 1 ] DEBUG GameApplicationServi - Application scenes initialized
22:38:05.890 [FXGL Background Thread 1 ] DEBUG SystemBundleService  - Loading FXGL system data
22:38:05.893 [FXGL Background Thread 1 ] DEBUG FileSystemAccess     - Reading from: C:\Users\xdan1\OneDrive\Documentos\IdeaProjects\Proyecto_POO\system\fxgl.bundle
22:38:05.903 [FXGL Background Thread 1 ] DEBUG SystemBundleService  - Bundle FXGL: {}
22:38:05.903 [FXGL Background Thread 1 ] DEBUG UpdaterService       - Checking for updates
22:38:05.907 [FXGL Background Thread 4 ] DEBUG FXGLApplication      - Loading fonts
22:38:05.908 [FXGL Background Thread 1 ] DEBUG FXGLApplication      - Loading default localization
22:38:05.908 [FXGL Background Thread 4 ] DEBUG FXGLAssetLoaderServi - Loading from file system: jar:file:///C:/Users/xdan1/.m2/repository/com/github/almasb/fxgl/17.2/fxgl-17.2.jar!/fxglassets/ui/fonts/VarelaRound-Regular.ttf
22:38:05.908 [FXGL Background Thread 1 ] DEBUG FXGLAssetLoaderServi - Loading from file system: jar:file:///C:/Users/xdan1/.m2/repository/com/github/almasb/fxgl/17.2/fxgl-17.2.jar!/fxglassets/languages/english.lang
22:38:05.939 [FXGL Background Thread 1 ] INFO  FXGLApplication      - FXGL initialization took: 0,351 sec
22:38:05.942 [FXGL Background Thread 4 ] DEBUG FXGLAssetLoaderServi - Loading from file system: jar:file:///C:/Users/xdan1/.m2/repository/com/github/almasb/fxgl/17.2/fxgl-17.2.jar!/fxglassets/ui/fonts/Abel-Regular.ttf
22:38:05.948 [JavaFX Application Thread] DEBUG Input                - Registered new binding: action0 - LMB
22:38:05.948 [FXGL Background Thread 4 ] DEBUG FXGLAssetLoaderServi - Loading from file system: jar:file:///C:/Users/xdan1/.m2/repository/com/github/almasb/fxgl/17.2/fxgl-17.2.jar!/fxglassets/ui/fonts/TerminalLandMono-Regular.otf
22:38:05.949 [JavaFX Application Thread] DEBUG FXGLAssetLoaderServi - Loading from file system: jar:file:///C:/Users/xdan1/.m2/repository/com/github/almasb/fxgl/17.2/fxgl-17.2.jar!/fxglassets/textures/fxgl_icon.png
22:38:05.955 [FXGL Background Thread 4 ] DEBUG FXGLAssetLoaderServi - Loading from file system: jar:file:///C:/Users/xdan1/.m2/repository/com/github/almasb/fxgl/17.2/fxgl-17.2.jar!/fxglassets/ui/fonts/Courier-Prime.ttf
22:38:05.969 [JavaFX Application Thread] DEBUG FXGLAssetLoaderServi - Loading from file system: jar:file:///C:/Users/xdan1/.m2/repository/com/github/almasb/fxgl/17.2/fxgl-17.2.jar!/fxglassets/textures/fxgl_default_cursor.png
22:38:05.978 [JavaFX Application Thread] DEBUG Input                - Registered new binding: Screenshot - CTRL+8
22:38:05.979 [JavaFX Application Thread] DEBUG Input                - Registered new binding: System info dump - CTRL+9
22:38:05.979 [JavaFX Application Thread] DEBUG Input                - Registered new binding: Restart - CTRL+R
22:38:05.981 [JavaFX Application Thread] DEBUG Input                - Registered new binding: Toggle Debug Camera - CTRL+7
22:38:05.985 [JavaFX Application Thread] DEBUG LoopRunner           - Starting loop
22:38:05.985 [JavaFX Application Thread] DEBUG LoopRunner           - Initializing JavaFX AnimationTimerLoop
22:38:05.989 [JavaFX Application Thread] DEBUG Input                - Clearing active input actions
22:38:05.993 [JavaFX Application Thread] DEBUG GameApplicationServi - Removing overlay from FXGLStartupScene and adding to FXGLMainMenuDummyScene
22:38:05.994 [JavaFX Application Thread] DEBUG PrimaryStageWindow   - FXGLStartupScene -> FXGLMainMenuDummyScene
22:38:05.994 [JavaFX Application Thread] DEBUG PrimaryStageWindow   - Push state: FXGLDefaultMenu
22:38:06.010 [JavaFX Application Thread] DEBUG Input                - Clearing active input actions
22:38:06.022 [JavaFX Application Thread] DEBUG GameApplicationServi - Removing overlay from FXGLMainMenuDummyScene and adding to FXGLDefaultMenu
22:38:06.023 [JavaFX Application Thread] DEBUG PrimaryStageWindow   - FXGLMainMenuDummyScene -> FXGLDefaultMenu
22:38:06.023 [JavaFX Application Thread] DEBUG FXGLApplication      - Registering font factories with UI factory
22:38:06.579 [FXGL Background Thread 2 ] INFO  UpdaterService       - Your current version:  17.2
22:38:06.579 [FXGL Background Thread 2 ] INFO  UpdaterService       - Latest stable version: 17.3
22:38:06.870 [JavaFX Application Thread] DEBUG Menu                 - fireNewGame()
22:38:06.870 [JavaFX Application Thread] DEBUG GameApplicationServi - Starting new game
22:38:06.871 [JavaFX Application Thread] DEBUG PrimaryStageWindow   - Pop state: FXGLDefaultMenu
22:38:06.871 [JavaFX Application Thread] DEBUG Input                - Clearing active input actions
22:38:06.872 [JavaFX Application Thread] DEBUG GameApplicationServi - Removing overlay from FXGLDefaultMenu and adding to FXGLMainMenuDummyScene
22:38:06.872 [JavaFX Application Thread] DEBUG PrimaryStageWindow   - FXGLMainMenuDummyScene <- FXGLDefaultMenu
22:38:06.872 [JavaFX Application Thread] DEBUG Input                - Clearing active input actions
22:38:06.878 [JavaFX Application Thread] DEBUG GameApplicationServi - Removing overlay from FXGLMainMenuDummyScene and adding to FXGLLoadingScene
22:38:06.878 [JavaFX Application Thread] DEBUG PrimaryStageWindow   - FXGLMainMenuDummyScene -> FXGLLoadingScene
22:38:06.878 [JavaFX Application Thread] DEBUG GameApplicationServi - Clearing previous game
22:38:06.878 [JavaFX Application Thread] DEBUG GameScene            - Clearing game scene
22:38:06.878 [JavaFX Application Thread] DEBUG GameWorld            - Clearing game world
22:38:06.878 [JavaFX Application Thread] DEBUG PhysicsWorld         - Clearing physics world
22:38:06.880 [FXGL Background Thread 2 ] DEBUG FXGLApplication      - Initializing game
22:38:06.911 [FXGL Background Thread 2 ] WARN  TMXLevelLoader       - TiledMap generated from 1.10.2. Supported version: 1.9.0. Some features may not be parsed fully.
22:38:06.920 [FXGL Background Thread 2 ] DEBUG TMXLevelLoader       - Parsed TiledMap: file:/C:/Users/xdan1/OneDrive/Documentos/IdeaProjects/Proyecto_POO/target/classes/assets/levels/tmx/fallout.tmx
22:38:06.921 [FXGL Background Thread 2 ] DEBUG TMXLevelLoader       - Creating tile layer entities
22:38:06.922 [FXGL Background Thread 2 ] DEBUG TilesetLoader        - Loading view for layer ground
22:38:06.923 [FXGL Background Thread 2 ] DEBUG TilesetLoader        - Created buffer with size 960.0x640.0
22:38:06.935 [FXGL Background Thread 2 ] DEBUG TilesetLoader        - Loading view for layer path
22:38:06.936 [FXGL Background Thread 2 ] DEBUG TilesetLoader        - Created buffer with size 960.0x640.0
22:38:06.938 [FXGL Background Thread 2 ] DEBUG TilesetLoader        - Loading view for layer decor
22:38:06.939 [FXGL Background Thread 2 ] DEBUG TilesetLoader        - Created buffer with size 960.0x640.0
22:38:06.940 [FXGL Background Thread 2 ] DEBUG TMXLevelLoader       - Creating object layer entities
22:38:06.953 [FXGL Background Thread 2 ] DEBUG GameWorld            - Clearing removable entities
22:38:06.954 [FXGL Background Thread 2 ] DEBUG GameWorld            - Setting level: com.almasb.fxgl.entity.level.Level@2b33ebe8
22:38:06.958 [FXGL Background Thread 2 ] DEBUG FXGLAssetLoaderServi - Loading JSON from: file:/C:/Users/xdan1/OneDrive/Documentos/IdeaProjects/Proyecto_POO/target/classes/assets/json/waves/wave1.json
22:38:07.128 [FXGL Background Thread 2 ] DEBUG FXGLAssetLoaderServi - Loading JSON from: file:/C:/Users/xdan1/OneDrive/Documentos/IdeaProjects/Proyecto_POO/target/classes/assets/json/waves/wave2.json
22:38:07.130 [FXGL Background Thread 2 ] DEBUG FXGLAssetLoaderServi - Loading JSON from: file:/C:/Users/xdan1/OneDrive/Documentos/IdeaProjects/Proyecto_POO/target/classes/assets/json/waves/wave3.json
22:38:07.131 [FXGL Background Thread 2 ] DEBUG FXGLAssetLoaderServi - Loading JSON from: file:/C:/Users/xdan1/OneDrive/Documentos/IdeaProjects/Proyecto_POO/target/classes/assets/json/enemy/scorpion.json
22:38:07.135 [FXGL Background Thread 2 ] DEBUG FXGLAssetLoaderServi - Loading JSON from: file:/C:/Users/xdan1/OneDrive/Documentos/IdeaProjects/Proyecto_POO/target/classes/assets/json/enemy/scorpion.json
22:38:07.136 [FXGL Background Thread 2 ] DEBUG FXGLAssetLoaderServi - Loading JSON from: file:/C:/Users/xdan1/OneDrive/Documentos/IdeaProjects/Proyecto_POO/target/classes/assets/json/enemy/scorpion.json
22:38:07.137 [FXGL Background Thread 2 ] DEBUG FXGLAssetLoaderServi - Loading JSON from: file:/C:/Users/xdan1/OneDrive/Documentos/IdeaProjects/Proyecto_POO/target/classes/assets/json/enemy/scorpion.json
22:38:07.138 [FXGL Background Thread 2 ] DEBUG FXGLAssetLoaderServi - Loading JSON from: file:/C:/Users/xdan1/OneDrive/Documentos/IdeaProjects/Proyecto_POO/target/classes/assets/json/enemy/scorpion.json
22:38:07.138 [FXGL Background Thread 2 ] DEBUG FXGLAssetLoaderServi - Loading JSON from: file:/C:/Users/xdan1/OneDrive/Documentos/IdeaProjects/Proyecto_POO/target/classes/assets/json/enemy/scorpion.json
22:38:07.139 [FXGL Background Thread 2 ] DEBUG FXGLAssetLoaderServi - Loading JSON from: file:/C:/Users/xdan1/OneDrive/Documentos/IdeaProjects/Proyecto_POO/target/classes/assets/json/enemy/scorpion.json
22:38:07.140 [FXGL Background Thread 2 ] DEBUG FXGLAssetLoaderServi - Loading JSON from: file:/C:/Users/xdan1/OneDrive/Documentos/IdeaProjects/Proyecto_POO/target/classes/assets/json/enemy/scorpion.json
22:38:07.141 [FXGL Background Thread 2 ] DEBUG FXGLAssetLoaderServi - Loading JSON from: file:/C:/Users/xdan1/OneDrive/Documentos/IdeaProjects/Proyecto_POO/target/classes/assets/json/enemy/scorpion.json
22:38:07.142 [FXGL Background Thread 2 ] DEBUG FXGLAssetLoaderServi - Loading JSON from: file:/C:/Users/xdan1/OneDrive/Documentos/IdeaProjects/Proyecto_POO/target/classes/assets/json/enemy/scorpion.json
22:38:07.143 [FXGL Background Thread 2 ] INFO  FXGLApplication      - Game initialization took: 0,263 sec
22:38:07.144 [JavaFX Application Thread] DEBUG Input                - Clearing active input actions
22:38:07.147 [JavaFX Application Thread] DEBUG GameApplicationServi - Removing overlay from FXGLLoadingScene and adding to GameScene
22:38:07.147 [JavaFX Application Thread] DEBUG PrimaryStageWindow   - FXGLLoadingScene -> GameScene
22:38:08.107 [JavaFX Application Thread] DEBUG FXGLAssetLoaderServi - Loading from file system: file:/C:/Users/xdan1/OneDrive/Documentos/IdeaProjects/Proyecto_POO/target/classes/assets/textures/enemy/scorpion.png
22:38:08.907 [FXGL Background Thread 3 ] DEBUG Engine               - Logging environment variables
22:38:08.907 [FXGL Background Thread 3 ] DEBUG Engine               - achievements: []
22:38:08.907 [FXGL Background Thread 3 ] DEBUG Engine               - actualHeight: 640.0
22:38:08.907 [FXGL Background Thread 3 ] DEBUG Engine               - actualHeightProperty: ReadOnlyDoubleProperty [value: 640.0]
22:38:08.907 [FXGL Background Thread 3 ] DEBUG Engine               - actualWidth: 960.0
22:38:08.907 [FXGL Background Thread 3 ] DEBUG Engine               - actualWidthProperty: ReadOnlyDoubleProperty [value: 960.0]
22:38:08.907 [FXGL Background Thread 3 ] DEBUG Engine               - appIcon: fxgl_icon.png
22:38:08.907 [FXGL Background Thread 3 ] DEBUG Engine               - applicationMode: DEVELOPER
22:38:08.907 [FXGL Background Thread 3 ] DEBUG Engine               - cSSList: [fxgl_dark.css]
22:38:08.907 [FXGL Background Thread 3 ] DEBUG Engine               - collisionDetectionStrategy: BRUTE_FORCE
22:38:08.908 [FXGL Background Thread 3 ] DEBUG Engine               - configClass: Optional.empty
22:38:08.908 [FXGL Background Thread 3 ] DEBUG Engine               - credits: []
22:38:08.908 [FXGL Background Thread 3 ] DEBUG Engine               - defaultCursor: CursorInfo(imageName=fxgl_default_cursor.png, hotspotX=7.0, hotspotY=6.0)
22:38:08.908 [FXGL Background Thread 3 ] DEBUG Engine               - devBBoxColorProperty: ObjectProperty [value: 0xff0000ff]
22:38:08.908 [FXGL Background Thread 3 ] DEBUG Engine               - devEnableDebugCameraProperty: BooleanProperty [value: false]
22:38:08.908 [FXGL Background Thread 3 ] DEBUG Engine               - devSensorColorProperty: ObjectProperty [value: 0xffff00ff]
22:38:08.908 [FXGL Background Thread 3 ] DEBUG Engine               - devShowBBoxProperty: BooleanProperty [value: false]
22:38:08.908 [FXGL Background Thread 3 ] DEBUG Engine               - devShowPositionProperty: BooleanProperty [value: false]
22:38:08.908 [FXGL Background Thread 3 ] DEBUG Engine               - enabledMenuItems: []
22:38:08.908 [FXGL Background Thread 3 ] DEBUG Engine               - engineServices: [class com.almasb.fxgl.app.services.FXGLAssetLoaderService, class com.almasb.fxgl.app.FXGLApplication$GameApplicationService, class com.almasb.fxgl.app.services.FXGLDialogService, class com.almasb.fxgl.app.services.IOTaskExecutorService, class com.almasb.fxgl.io.FileSystemService, class com.almasb.fxgl.localization.LocalizationService, class com.almasb.fxgl.app.services.SystemBundleService, class com.almasb.fxgl.profile.SaveLoadService, class com.almasb.fxgl.ui.FXGLUIFactoryServiceProvider, class com.almasb.fxgl.ui.FXGLDialogFactoryServiceProvider, class com.almasb.fxgl.audio.AudioPlayer, class com.almasb.fxgl.notification.impl.NotificationServiceProvider, class com.almasb.fxgl.achievement.AchievementService, class com.almasb.fxgl.cutscene.CutsceneService, class com.almasb.fxgl.minigames.MiniGameService, class com.almasb.fxgl.net.NetService, class com.almasb.fxgl.app.services.UpdaterService, class com.almasb.fxgl.dev.DevService]
22:38:08.908 [FXGL Background Thread 3 ] DEBUG Engine               - fontGame: Abel-Regular.ttf
22:38:08.908 [FXGL Background Thread 3 ] DEBUG Engine               - fontMono: TerminalLandMono-Regular.otf
22:38:08.908 [FXGL Background Thread 3 ] DEBUG Engine               - fontText: Courier-Prime.ttf
22:38:08.908 [FXGL Background Thread 3 ] DEBUG Engine               - fontUI: VarelaRound-Regular.ttf
22:38:08.908 [FXGL Background Thread 3 ] DEBUG Engine               - fullScreen: BooleanProperty [value: false]
22:38:08.908 [FXGL Background Thread 3 ] DEBUG Engine               - gameDifficulty: MEDIUM
22:38:08.908 [FXGL Background Thread 3 ] DEBUG Engine               - gameDifficultyProperty: ObjectProperty [value: MEDIUM]
22:38:08.908 [FXGL Background Thread 3 ] DEBUG Engine               - globalMusicVolume: 0.5
22:38:08.908 [FXGL Background Thread 3 ] DEBUG Engine               - globalMusicVolumeProperty: DoubleProperty [value: 0.5]
22:38:08.909 [FXGL Background Thread 3 ] DEBUG Engine               - globalSoundVolume: 0.5
22:38:08.909 [FXGL Background Thread 3 ] DEBUG Engine               - globalSoundVolumeProperty: DoubleProperty [value: 0.5]
22:38:08.909 [FXGL Background Thread 3 ] DEBUG Engine               - height: 640
22:38:08.909 [FXGL Background Thread 3 ] DEBUG Engine               - is3D: false
22:38:08.909 [FXGL Background Thread 3 ] DEBUG Engine               - isAndroid: false
22:38:08.909 [FXGL Background Thread 3 ] DEBUG Engine               - isBrowser: false
22:38:08.909 [FXGL Background Thread 3 ] DEBUG Engine               - isClickFeedbackEnabled: false
22:38:08.909 [FXGL Background Thread 3 ] DEBUG Engine               - isCloseConfirmation: false
22:38:08.909 [FXGL Background Thread 3 ] DEBUG Engine               - isDesktop: true
22:38:08.909 [FXGL Background Thread 3 ] DEBUG Engine               - isDeveloperMenuEnabled: false
22:38:08.909 [FXGL Background Thread 3 ] DEBUG Engine               - isEmbedded: false
22:38:08.909 [FXGL Background Thread 3 ] DEBUG Engine               - isEntityPreloadEnabled: true
22:38:08.909 [FXGL Background Thread 3 ] DEBUG Engine               - isExperimentalTiledLargeMap: false
22:38:08.909 [FXGL Background Thread 3 ] DEBUG Engine               - isFileSystemWriteAllowed: true
22:38:08.909 [FXGL Background Thread 3 ] DEBUG Engine               - isFullScreenAllowed: false
22:38:08.909 [FXGL Background Thread 3 ] DEBUG Engine               - isFullScreenFromStart: false
22:38:08.909 [FXGL Background Thread 3 ] DEBUG Engine               - isGameMenuEnabled: true
22:38:08.909 [FXGL Background Thread 3 ] DEBUG Engine               - isIOS: false
22:38:08.909 [FXGL Background Thread 3 ] DEBUG Engine               - isIntroEnabled: false
22:38:08.909 [FXGL Background Thread 3 ] DEBUG Engine               - isLinux: false
22:38:08.909 [FXGL Background Thread 3 ] DEBUG Engine               - isMac: false
22:38:08.909 [FXGL Background Thread 3 ] DEBUG Engine               - isMainMenuEnabled: true
22:38:08.909 [FXGL Background Thread 3 ] DEBUG Engine               - isManualResizeEnabled: false
22:38:08.909 [FXGL Background Thread 3 ] DEBUG Engine               - isMobile: false
22:38:08.909 [FXGL Background Thread 3 ] DEBUG Engine               - isNative: false
22:38:08.909 [FXGL Background Thread 3 ] DEBUG Engine               - isPauseMusicWhenMinimized: true
22:38:08.909 [FXGL Background Thread 3 ] DEBUG Engine               - isPreserveResizeRatio: false
22:38:08.909 [FXGL Background Thread 3 ] DEBUG Engine               - isProfilingEnabled: false
22:38:08.909 [FXGL Background Thread 3 ] DEBUG Engine               - isScaleAffectedOnResize: true
22:38:08.909 [FXGL Background Thread 3 ] DEBUG Engine               - isSingleStep: false
22:38:08.909 [FXGL Background Thread 3 ] DEBUG Engine               - isUserProfileEnabled: false
22:38:08.909 [FXGL Background Thread 3 ] DEBUG Engine               - isWindows: true
22:38:08.910 [FXGL Background Thread 3 ] DEBUG Engine               - language: ObjectProperty [value: ENGLISH]
22:38:08.910 [FXGL Background Thread 3 ] DEBUG Engine               - menuKey: ESCAPE
22:38:08.910 [FXGL Background Thread 3 ] DEBUG Engine               - mouseSensitivity: 0.2
22:38:08.910 [FXGL Background Thread 3 ] DEBUG Engine               - notificationViewClass: class com.almasb.fxgl.notification.view.XboxNotificationView
22:38:08.910 [FXGL Background Thread 3 ] DEBUG Engine               - pixelsPerMeter: 50.0
22:38:08.910 [FXGL Background Thread 3 ] DEBUG Engine               - platform: WINDOWS
22:38:08.910 [FXGL Background Thread 3 ] DEBUG Engine               - prefHeightProperty: ReadOnlyDoubleProperty [value: 640.0]
22:38:08.910 [FXGL Background Thread 3 ] DEBUG Engine               - prefWidthProperty: ReadOnlyDoubleProperty [value: 960.0]
22:38:08.910 [FXGL Background Thread 3 ] DEBUG Engine               - profileDir: profiles/
22:38:08.910 [FXGL Background Thread 3 ] DEBUG Engine               - profileName: StringProperty [value: DEFAULT]
22:38:08.910 [FXGL Background Thread 3 ] DEBUG Engine               - randomSeed: -1
22:38:08.910 [FXGL Background Thread 3 ] DEBUG Engine               - runtimeInfo: RuntimeInfo(platform=WINDOWS, version=17.2, build=20.08.2022 16.50)
22:38:08.910 [FXGL Background Thread 3 ] DEBUG Engine               - saveFileExt: sav
22:38:08.910 [FXGL Background Thread 3 ] DEBUG Engine               - scaledHeightProp$fxgl: DoubleProperty [bound, value: 640.0]
22:38:08.910 [FXGL Background Thread 3 ] DEBUG Engine               - scaledWidthProp$fxgl: DoubleProperty [bound, value: 960.0]
22:38:08.910 [FXGL Background Thread 3 ] DEBUG Engine               - sceneFactory: com.almasb.fxgl.app.scene.SceneFactory@74efcd9a
22:38:08.910 [FXGL Background Thread 3 ] DEBUG Engine               - secondsIn24h: 60
22:38:08.910 [FXGL Background Thread 3 ] DEBUG Engine               - soundMenuBack: menu/back.wav
22:38:08.910 [FXGL Background Thread 3 ] DEBUG Engine               - soundMenuPress: menu/press.wav
22:38:08.910 [FXGL Background Thread 3 ] DEBUG Engine               - soundMenuSelect: menu/select.wav
22:38:08.910 [FXGL Background Thread 3 ] DEBUG Engine               - soundNotification: core/notification.wav
22:38:08.910 [FXGL Background Thread 3 ] DEBUG Engine               - stageStyle: DECORATED
22:38:08.910 [FXGL Background Thread 3 ] DEBUG Engine               - supportedLanguages: [ENGLISH, FRENCH, GERMAN, HUNGARIAN, RUSSIAN]
22:38:08.910 [FXGL Background Thread 3 ] DEBUG Engine               - ticksPerSecond: -1
22:38:08.910 [FXGL Background Thread 3 ] DEBUG Engine               - title: Fallout Tower Defense
22:38:08.910 [FXGL Background Thread 3 ] DEBUG Engine               - urlGithub: https://github.com/AlmasB/FXGL
22:38:08.910 [FXGL Background Thread 3 ] DEBUG Engine               - urlLeaderboard: http://fxgl-top.herokuapp.com/
22:38:08.910 [FXGL Background Thread 3 ] DEBUG Engine               - urlPOM: https://raw.githubusercontent.com/AlmasB/FXGL/release/README.md
22:38:08.910 [FXGL Background Thread 3 ] DEBUG Engine               - userAppClass: class fallout.proyecto_poo.FalloutTDApplication
22:38:08.911 [FXGL Background Thread 3 ] DEBUG Engine               - version: 0.0
22:38:08.911 [FXGL Background Thread 3 ] DEBUG Engine               - versionCheckDays: 7
22:38:08.911 [FXGL Background Thread 3 ] DEBUG Engine               - width: 960
22:38:08.911 [FXGL Background Thread 3 ] DEBUG Engine               - Logging services
22:38:08.911 [FXGL Background Thread 3 ] DEBUG Engine               - class com.almasb.fxgl.app.services.FXGLAssetLoaderService
22:38:08.911 [FXGL Background Thread 3 ] DEBUG Engine               - class com.almasb.fxgl.app.FXGLApplication$GameApplicationService
22:38:08.911 [FXGL Background Thread 3 ] DEBUG Engine               - class com.almasb.fxgl.app.services.FXGLDialogService
22:38:08.911 [FXGL Background Thread 3 ] DEBUG Engine               - class com.almasb.fxgl.app.services.IOTaskExecutorService
22:38:08.911 [FXGL Background Thread 3 ] DEBUG Engine               - class com.almasb.fxgl.io.FileSystemService
22:38:08.911 [FXGL Background Thread 3 ] DEBUG Engine               - class com.almasb.fxgl.localization.LocalizationService
22:38:08.911 [FXGL Background Thread 3 ] DEBUG Engine               - class com.almasb.fxgl.app.services.SystemBundleService
22:38:08.911 [FXGL Background Thread 3 ] DEBUG Engine               - class com.almasb.fxgl.profile.SaveLoadService
22:38:08.911 [FXGL Background Thread 3 ] DEBUG Engine               - class com.almasb.fxgl.ui.FXGLUIFactoryServiceProvider
22:38:08.911 [FXGL Background Thread 3 ] DEBUG Engine               - class com.almasb.fxgl.ui.FXGLDialogFactoryServiceProvider
22:38:08.911 [FXGL Background Thread 3 ] DEBUG Engine               - class com.almasb.fxgl.audio.AudioPlayer
22:38:08.911 [FXGL Background Thread 3 ] DEBUG Engine               - class com.almasb.fxgl.notification.impl.NotificationServiceProvider
22:38:08.911 [FXGL Background Thread 3 ] DEBUG Engine               - class com.almasb.fxgl.achievement.AchievementService
22:38:08.911 [FXGL Background Thread 3 ] DEBUG Engine               - class com.almasb.fxgl.cutscene.CutsceneService
22:38:08.911 [FXGL Background Thread 3 ] DEBUG Engine               - class com.almasb.fxgl.minigames.MiniGameService
22:38:08.911 [FXGL Background Thread 3 ] DEBUG Engine               - class com.almasb.fxgl.net.NetService
22:38:08.911 [FXGL Background Thread 3 ] DEBUG Engine               - class com.almasb.fxgl.app.services.UpdaterService
22:38:08.911 [FXGL Background Thread 3 ] DEBUG Engine               - class com.almasb.fxgl.dev.DevService
22:38:09.219 [JavaFX Application Thread] DEBUG FXGLAssetLoaderServi - Loading JSON from: file:/C:/Users/xdan1/OneDrive/Documentos/IdeaProjects/Proyecto_POO/target/classes/assets/json/turrets/simpleTurret.json
22:38:09.223 [JavaFX Application Thread] DEBUG FXGLAssetLoaderServi - Loading from file system: file:/C:/Users/xdan1/OneDrive/Documentos/IdeaProjects/Proyecto_POO/target/classes/assets/textures/turrets/turret.png
22:38:09.357 [JavaFX Application Thread] DEBUG FXGLAssetLoaderServi - Loading from file system: file:/C:/Users/xdan1/OneDrive/Documentos/IdeaProjects/Proyecto_POO/target/classes/assets/textures/bullets/projectile.png
22:38:09.532 [JavaFX Application Thread] DEBUG FXGLAssetLoaderServi - Loading from file system: file:/C:/Users/xdan1/OneDrive/Documentos/IdeaProjects/Proyecto_POO/target/classes/assets/textures/bullets/explosion.png
22:38:15.702 [JavaFX Application Thread] DEBUG FXGLApplication      - Exiting FXGL
22:38:15.702 [JavaFX Application Thread] DEBUG LoopRunner           - Stopping loop
22:38:15.702 [JavaFX Application Thread] DEBUG SystemBundleService  - Saving FXGL system data
22:38:15.704 [JavaFX Application Thread] DEBUG FileSystemAccess     - Writing to: C:\Users\xdan1\OneDrive\Documentos\IdeaProjects\Proyecto_POO\system\fxgl.bundle
22:38:15.706 [JavaFX Application Thread] DEBUG Async                - Shutting down background threads
22:38:15.706 [JavaFX Application Thread] DEBUG PrimaryStageWindow   - Closing main window
22:38:15.721 [JavaFX Application Thread] DEBUG Logger               - Closing Logger
