14:12:08.103 [main                     ] DEBUG Logger               - Configured Logger
14:12:08.122 [main                     ] DEBUG GameApplication      - Logging settings
Title: Fallout Tower Defense
Version: 0.0
Width: 960
Height: 640
Fullscreen: false
Intro: false
Profiling: false
Single step:false
App Mode: DEVELOPER
Menu Key: ESCAPE
Stage Style: DECORATED
Scene Factory: class com.almasb.fxgl.app.scene.SceneFactory

14:12:08.872 [JavaFX Application Thread] DEBUG FXGLApplication      - Initializing FXGL
14:12:08.875 [JavaFX Application Thread] INFO  Engine               - FXGL-17.2 (20.08.2022 16.50) on WINDOWS (J:20.0.1 FX:20.0.1)
14:12:08.875 [JavaFX Application Thread] DEBUG Engine               - JRE Vendor Name: Oracle Corporation
14:12:08.875 [JavaFX Application Thread] DEBUG Engine               - Running on OS: Windows 11 version 10.0
14:12:08.875 [JavaFX Application Thread] DEBUG Engine               - Architecture: amd64
14:12:08.875 [JavaFX Application Thread] INFO  Engine               - Source code and latest versions at: https://github.com/AlmasB/FXGL
14:12:08.875 [JavaFX Application Thread] INFO  Engine               -       Ask questions and discuss at: https://github.com/AlmasB/FXGL/discussions
14:12:08.875 [JavaFX Application Thread] INFO  Engine               -              Join the FXGL chat at: https://gitter.im/AlmasB/FXGL
14:12:08.929 [JavaFX Application Thread] DEBUG PrimaryStageWindow   - Creating a JavaFX scene
14:12:08.956 [JavaFX Application Thread] DEBUG PrimaryStageWindow   - Target settings size: 960.0 x 640.0
14:12:08.956 [JavaFX Application Thread] DEBUG PrimaryStageWindow   - Scaled scene size:    960.0 x 640.0
14:12:08.956 [JavaFX Application Thread] DEBUG PrimaryStageWindow   - Scaled ratio: (1.0, 1.0)
14:12:08.957 [JavaFX Application Thread] DEBUG PrimaryStageWindow   - Set initial scene to FXGLStartupScene
14:12:08.959 [JavaFX Application Thread] DEBUG PrimaryStageWindow   - Opening main window
14:12:09.026 [JavaFX Application Thread] DEBUG PrimaryStageWindow   - Window border size: (16.0, 39.0)
14:12:09.026 [JavaFX Application Thread] DEBUG PrimaryStageWindow   - Scaled size: 960.0 x 640.0
14:12:09.026 [JavaFX Application Thread] DEBUG PrimaryStageWindow   - Scaled ratio: (1.0, 1.0)
14:12:09.027 [JavaFX Application Thread] DEBUG PrimaryStageWindow   - Scene size: 960.0 x 640.0
14:12:09.027 [JavaFX Application Thread] DEBUG PrimaryStageWindow   - Stage size: 976.0 x 679.0
14:12:09.031 [FXGL Background Thread 1 ] DEBUG Engine               - Initializing environment variables
14:12:09.063 [FXGL Background Thread 1 ] DEBUG FXGLAssetLoaderServi - User app class for loading assets: class fallout.proyecto_poo.FalloutTDApplication
14:12:09.063 [FXGL Background Thread 1 ] DEBUG GameApplicationServi - Applying CSS: fxgl_dark.css
14:12:09.064 [FXGL Background Thread 1 ] DEBUG FXGLAssetLoaderServi - Loading from file system: jar:file:///C:/Users/xdan1/.m2/repository/com/github/almasb/fxgl/17.2/fxgl-17.2.jar!/fxglassets/ui/css/fxgl_dark.css
14:12:09.093 [FXGL Background Thread 1 ] DEBUG GameApplicationServi - Initializing application scenes
14:12:09.133 [FXGL Background Thread 1 ] DEBUG GameWorld            - Game world initialized
14:12:09.188 [FXGL Background Thread 1 ] DEBUG PhysicsWorld         - Physics world initialized: appHeight=640, physics.ppm=50,0
14:12:09.188 [FXGL Background Thread 1 ] DEBUG PhysicsWorld         - Using strategy: BRUTE_FORCE
14:12:09.191 [FXGL Background Thread 1 ] DEBUG GameScene            - Game scene initialized: 960x640
14:12:09.197 [FXGL Background Thread 1 ] DEBUG FXGL.DefaultMenu     - createMenuBodyGameMenu()
14:12:09.205 [FXGL Background Thread 1 ] DEBUG FXGL.DefaultMenu     - createOptionsMenu()
14:12:09.211 [FXGL Background Thread 1 ] DEBUG FXGLAssetLoaderServi - Loading from file system: jar:file:///C:/Users/xdan1/.m2/repository/com/github/almasb/fxgl/17.2/fxgl-17.2.jar!/fxglassets/textures/particles/smoke.png
14:12:09.271 [FXGL Background Thread 1 ] DEBUG FXGLAssetLoaderServi - Loading from file system: jar:file:///C:/Users/xdan1/.m2/repository/com/github/almasb/fxgl/17.2/fxgl-17.2.jar!/fxglassets/textures/particles/trace_horizontal.png
14:12:09.293 [FXGL Background Thread 1 ] DEBUG GameApplicationServi - Application scenes initialized
14:12:09.301 [FXGL Background Thread 1 ] DEBUG SystemBundleService  - Loading FXGL system data
14:12:09.303 [FXGL Background Thread 1 ] DEBUG FileSystemAccess     - Reading from: C:\Users\xdan1\IdeaProjects\Proyecto_POO\system\fxgl.bundle
14:12:09.310 [FXGL Background Thread 1 ] DEBUG SystemBundleService  - Bundle FXGL: {}
14:12:09.310 [FXGL Background Thread 1 ] DEBUG UpdaterService       - Checking for updates
14:12:09.312 [FXGL Background Thread 4 ] DEBUG FXGLApplication      - Loading fonts
14:12:09.312 [FXGL Background Thread 1 ] DEBUG FXGLApplication      - Loading default localization
14:12:09.312 [FXGL Background Thread 4 ] DEBUG FXGLAssetLoaderServi - Loading from file system: jar:file:///C:/Users/xdan1/.m2/repository/com/github/almasb/fxgl/17.2/fxgl-17.2.jar!/fxglassets/ui/fonts/VarelaRound-Regular.ttf
14:12:09.313 [FXGL Background Thread 1 ] DEBUG FXGLAssetLoaderServi - Loading from file system: jar:file:///C:/Users/xdan1/.m2/repository/com/github/almasb/fxgl/17.2/fxgl-17.2.jar!/fxglassets/languages/english.lang
14:12:09.325 [FXGL Background Thread 1 ] INFO  FXGLApplication      - FXGL initialization took: 0,293 sec
14:12:09.326 [JavaFX Application Thread] DEBUG FXGLAssetLoaderServi - Loading from file system: jar:file:///C:/Users/xdan1/.m2/repository/com/github/almasb/fxgl/17.2/fxgl-17.2.jar!/fxglassets/textures/fxgl_icon.png
14:12:09.345 [JavaFX Application Thread] DEBUG FXGLAssetLoaderServi - Loading from file system: jar:file:///C:/Users/xdan1/.m2/repository/com/github/almasb/fxgl/17.2/fxgl-17.2.jar!/fxglassets/textures/fxgl_default_cursor.png
14:12:09.346 [FXGL Background Thread 4 ] DEBUG FXGLAssetLoaderServi - Loading from file system: jar:file:///C:/Users/xdan1/.m2/repository/com/github/almasb/fxgl/17.2/fxgl-17.2.jar!/fxglassets/ui/fonts/Abel-Regular.ttf
14:12:09.353 [FXGL Background Thread 4 ] DEBUG FXGLAssetLoaderServi - Loading from file system: jar:file:///C:/Users/xdan1/.m2/repository/com/github/almasb/fxgl/17.2/fxgl-17.2.jar!/fxglassets/ui/fonts/TerminalLandMono-Regular.otf
14:12:09.353 [JavaFX Application Thread] DEBUG Input                - Registered new binding: Screenshot - CTRL+8
14:12:09.353 [JavaFX Application Thread] DEBUG Input                - Registered new binding: System info dump - CTRL+9
14:12:09.354 [JavaFX Application Thread] DEBUG Input                - Registered new binding: Restart - CTRL+R
14:12:09.354 [JavaFX Application Thread] DEBUG Input                - Registered new binding: Toggle Debug Camera - CTRL+7
14:12:09.356 [JavaFX Application Thread] DEBUG LoopRunner           - Starting loop
14:12:09.356 [JavaFX Application Thread] DEBUG LoopRunner           - Initializing JavaFX AnimationTimerLoop
14:12:09.357 [JavaFX Application Thread] DEBUG GameApplicationServi - Starting new game
14:12:09.357 [JavaFX Application Thread] DEBUG Input                - Clearing active input actions
14:12:09.359 [FXGL Background Thread 4 ] DEBUG FXGLAssetLoaderServi - Loading from file system: jar:file:///C:/Users/xdan1/.m2/repository/com/github/almasb/fxgl/17.2/fxgl-17.2.jar!/fxglassets/ui/fonts/Courier-Prime.ttf
14:12:09.365 [JavaFX Application Thread] DEBUG GameApplicationServi - Removing overlay from FXGLStartupScene and adding to FXGLLoadingScene
14:12:09.365 [JavaFX Application Thread] DEBUG PrimaryStageWindow   - FXGLStartupScene -> FXGLLoadingScene
14:12:09.365 [JavaFX Application Thread] DEBUG GameApplicationServi - Clearing previous game
14:12:09.365 [JavaFX Application Thread] DEBUG GameScene            - Clearing game scene
14:12:09.365 [JavaFX Application Thread] DEBUG GameWorld            - Clearing game world
14:12:09.365 [JavaFX Application Thread] DEBUG PhysicsWorld         - Clearing physics world
14:12:09.366 [FXGL Background Thread 1 ] DEBUG FXGLApplication      - Initializing game
14:12:09.394 [FXGL Background Thread 1 ] WARN  TMXLevelLoader       - TiledMap generated from 1.10.2. Supported version: 1.9.0. Some features may not be parsed fully.
14:12:09.397 [FXGL Background Thread 1 ] DEBUG TMXLevelLoader       - Parsed TiledMap: file:/C:/Users/xdan1/IdeaProjects/Proyecto_POO/target/classes/assets/levels/fallout.tmx
14:12:09.398 [JavaFX Application Thread] DEBUG FXGLApplication      - Registering font factories with UI factory
14:12:09.398 [FXGL Background Thread 1 ] DEBUG TMXLevelLoader       - Creating tile layer entities
14:12:09.399 [FXGL Background Thread 1 ] DEBUG TilesetLoader        - Loading view for layer ground
14:12:09.400 [FXGL Background Thread 1 ] DEBUG TilesetLoader        - Created buffer with size 960.0x640.0
14:12:09.402 [FXGL Background Thread 1 ] WARN  TilesetLoader        - buildings-removebg-preview.png cannot be loaded using mapURL=file:/C:/Users/xdan1/IdeaProjects/Proyecto_POO/target/classes/assets/levels/fallout.tmx
java.io.FileNotFoundException: C:\Users\xdan1\IdeaProjects\Proyecto_POO\target\classes\assets\levels\buildings-removebg-preview.png (El sistema no puede encontrar el archivo especificado)
	at java.base/java.io.FileInputStream.open0(Native Method)
	at java.base/java.io.FileInputStream.open(FileInputStream.java:219)
	at java.base/java.io.FileInputStream.<init>(FileInputStream.java:158)
	at java.base/java.io.FileInputStream.<init>(FileInputStream.java:112)
	at java.base/sun.net.www.protocol.file.FileURLConnection.connect(FileURLConnection.java:84)
	at java.base/sun.net.www.protocol.file.FileURLConnection.getInputStream(FileURLConnection.java:180)
	at java.base/java.net.URL.openStream(URL.java:1317)
	at com.almasb.fxgl.entity@17.2/com.almasb.fxgl.entity.level.tiled.TilesetLoader.loadImage(TilesetLoader.kt:403)
	at com.almasb.fxgl.entity@17.2/com.almasb.fxgl.entity.level.tiled.TilesetLoader.loadView(TilesetLoader.kt:133)
	at com.almasb.fxgl.entity@17.2/com.almasb.fxgl.entity.level.tiled.TMXLevelLoader.createTileLayerEntities$lambda-4(TMXLevelLoader.kt:100)
	at java.base/java.util.stream.ReferencePipeline$3$1.accept(ReferencePipeline.java:197)
	at java.base/java.util.ArrayList$ArrayListSpliterator.forEachRemaining(ArrayList.java:1625)
	at java.base/java.util.stream.AbstractPipeline.copyInto(AbstractPipeline.java:509)
	at java.base/java.util.stream.AbstractPipeline.wrapAndCopyInto(AbstractPipeline.java:499)
	at java.base/java.util.stream.ReduceOps$ReduceOp.evaluateSequential(ReduceOps.java:921)
	at java.base/java.util.stream.AbstractPipeline.evaluate(AbstractPipeline.java:234)
	at java.base/java.util.stream.ReferencePipeline.collect(ReferencePipeline.java:682)
	at com.almasb.fxgl.entity@17.2/com.almasb.fxgl.entity.level.tiled.TMXLevelLoader.createTileLayerEntities(TMXLevelLoader.kt:117)
	at com.almasb.fxgl.entity@17.2/com.almasb.fxgl.entity.level.tiled.TMXLevelLoader.load(TMXLevelLoader.kt:58)
	at com.almasb.fxgl.all@17.2/com.almasb.fxgl.app.services.FXGLAssetLoaderService.loadLevel(FXGLAssetLoaderService.kt:446)
	at com.almasb.fxgl.all@17.2/com.almasb.fxgl.dsl.FXGL$Companion.setLevelFromMap(FXGL.kt:634)
	at com.almasb.fxgl.all@17.2/com.almasb.fxgl.dsl.FXGL.setLevelFromMap(FXGL.kt)
	at fallout.proyecto_poo/fallout.proyecto_poo.FalloutTDApplication.initGame(FalloutTDApplication.java:20)
	at com.almasb.fxgl.all@17.2/com.almasb.fxgl.app.FXGLApplication$InitAppTask.initGame(FXGLApplication.kt:339)
	at com.almasb.fxgl.all@17.2/com.almasb.fxgl.app.FXGLApplication$InitAppTask.call(FXGLApplication.kt:319)
	at com.almasb.fxgl.all@17.2/com.almasb.fxgl.app.FXGLApplication$InitAppTask.call(FXGLApplication.kt:311)
	at javafx.graphics@20.0.1/javafx.concurrent.Task$TaskCallable.call(Task.java:1426)
	at java.base/java.util.concurrent.FutureTask.run(FutureTask.java:317)
	at java.base/java.util.concurrent.Executors$RunnableAdapter.call(Executors.java:577)
	at java.base/java.util.concurrent.FutureTask.run(FutureTask.java:317)
	at java.base/java.util.concurrent.ThreadPoolExecutor.runWorker(ThreadPoolExecutor.java:1144)
	at java.base/java.util.concurrent.ThreadPoolExecutor$Worker.run(ThreadPoolExecutor.java:642)
	at java.base/java.lang.Thread.run(Thread.java:1623)

14:12:09.449 [FXGL Background Thread 1 ] DEBUG TilesetLoader        - Loading view for layer path
14:12:09.450 [FXGL Background Thread 1 ] DEBUG TilesetLoader        - Created buffer with size 960.0x640.0
14:12:09.452 [FXGL Background Thread 1 ] DEBUG TilesetLoader        - Loading view for layer decor
14:12:09.453 [FXGL Background Thread 1 ] DEBUG TilesetLoader        - Created buffer with size 960.0x640.0
14:12:09.454 [FXGL Background Thread 1 ] DEBUG TMXLevelLoader       - Creating object layer entities
14:12:09.454 [FXGL Background Thread 1 ] DEBUG GameWorld            - Clearing removable entities
14:12:09.455 [FXGL Background Thread 1 ] DEBUG GameWorld            - Setting level: com.almasb.fxgl.entity.level.Level@41452043
14:12:09.457 [FXGL Background Thread 1 ] INFO  FXGLApplication      - Game initialization took: 0,091 sec
14:12:09.458 [JavaFX Application Thread] DEBUG Input                - Clearing active input actions
14:12:09.462 [JavaFX Application Thread] DEBUG GameApplicationServi - Removing overlay from FXGLLoadingScene and adding to GameScene
14:12:09.463 [JavaFX Application Thread] DEBUG PrimaryStageWindow   - FXGLLoadingScene -> GameScene
14:12:09.785 [FXGL Background Thread 2 ] INFO  UpdaterService       - Your current version:  17.2
14:12:09.785 [FXGL Background Thread 2 ] INFO  UpdaterService       - Latest stable version: 17.3
14:12:12.312 [FXGL Background Thread 3 ] DEBUG Engine               - Logging environment variables
14:12:12.312 [FXGL Background Thread 3 ] DEBUG Engine               - achievements: []
14:12:12.312 [FXGL Background Thread 3 ] DEBUG Engine               - actualHeight: 640.0
14:12:12.312 [FXGL Background Thread 3 ] DEBUG Engine               - actualHeightProperty: ReadOnlyDoubleProperty [value: 640.0]
14:12:12.312 [FXGL Background Thread 3 ] DEBUG Engine               - actualWidth: 960.0
14:12:12.312 [FXGL Background Thread 3 ] DEBUG Engine               - actualWidthProperty: ReadOnlyDoubleProperty [value: 960.0]
14:12:12.312 [FXGL Background Thread 3 ] DEBUG Engine               - appIcon: fxgl_icon.png
14:12:12.312 [FXGL Background Thread 3 ] DEBUG Engine               - applicationMode: DEVELOPER
14:12:12.312 [FXGL Background Thread 3 ] DEBUG Engine               - cSSList: [fxgl_dark.css]
14:12:12.312 [FXGL Background Thread 3 ] DEBUG Engine               - collisionDetectionStrategy: BRUTE_FORCE
14:12:12.313 [FXGL Background Thread 3 ] DEBUG Engine               - configClass: Optional.empty
14:12:12.313 [FXGL Background Thread 3 ] DEBUG Engine               - credits: []
14:12:12.313 [FXGL Background Thread 3 ] DEBUG Engine               - defaultCursor: CursorInfo(imageName=fxgl_default_cursor.png, hotspotX=7.0, hotspotY=6.0)
14:12:12.313 [FXGL Background Thread 3 ] DEBUG Engine               - devBBoxColorProperty: ObjectProperty [value: 0xff0000ff]
14:12:12.313 [FXGL Background Thread 3 ] DEBUG Engine               - devEnableDebugCameraProperty: BooleanProperty [value: false]
14:12:12.313 [FXGL Background Thread 3 ] DEBUG Engine               - devSensorColorProperty: ObjectProperty [value: 0xffff00ff]
14:12:12.313 [FXGL Background Thread 3 ] DEBUG Engine               - devShowBBoxProperty: BooleanProperty [value: false]
14:12:12.313 [FXGL Background Thread 3 ] DEBUG Engine               - devShowPositionProperty: BooleanProperty [value: false]
14:12:12.313 [FXGL Background Thread 3 ] DEBUG Engine               - enabledMenuItems: []
14:12:12.313 [FXGL Background Thread 3 ] DEBUG Engine               - engineServices: [class com.almasb.fxgl.app.services.FXGLAssetLoaderService, class com.almasb.fxgl.app.FXGLApplication$GameApplicationService, class com.almasb.fxgl.app.services.FXGLDialogService, class com.almasb.fxgl.app.services.IOTaskExecutorService, class com.almasb.fxgl.io.FileSystemService, class com.almasb.fxgl.localization.LocalizationService, class com.almasb.fxgl.app.services.SystemBundleService, class com.almasb.fxgl.profile.SaveLoadService, class com.almasb.fxgl.ui.FXGLUIFactoryServiceProvider, class com.almasb.fxgl.ui.FXGLDialogFactoryServiceProvider, class com.almasb.fxgl.audio.AudioPlayer, class com.almasb.fxgl.notification.impl.NotificationServiceProvider, class com.almasb.fxgl.achievement.AchievementService, class com.almasb.fxgl.cutscene.CutsceneService, class com.almasb.fxgl.minigames.MiniGameService, class com.almasb.fxgl.net.NetService, class com.almasb.fxgl.app.services.UpdaterService, class com.almasb.fxgl.dev.DevService]
14:12:12.313 [FXGL Background Thread 3 ] DEBUG Engine               - fontGame: Abel-Regular.ttf
14:12:12.313 [FXGL Background Thread 3 ] DEBUG Engine               - fontMono: TerminalLandMono-Regular.otf
14:12:12.313 [FXGL Background Thread 3 ] DEBUG Engine               - fontText: Courier-Prime.ttf
14:12:12.313 [FXGL Background Thread 3 ] DEBUG Engine               - fontUI: VarelaRound-Regular.ttf
14:12:12.313 [FXGL Background Thread 3 ] DEBUG Engine               - fullScreen: BooleanProperty [value: false]
14:12:12.313 [FXGL Background Thread 3 ] DEBUG Engine               - gameDifficulty: MEDIUM
14:12:12.313 [FXGL Background Thread 3 ] DEBUG Engine               - gameDifficultyProperty: ObjectProperty [value: MEDIUM]
14:12:12.313 [FXGL Background Thread 3 ] DEBUG Engine               - globalMusicVolume: 0.5
14:12:12.313 [FXGL Background Thread 3 ] DEBUG Engine               - globalMusicVolumeProperty: DoubleProperty [value: 0.5]
14:12:12.313 [FXGL Background Thread 3 ] DEBUG Engine               - globalSoundVolume: 0.5
14:12:12.314 [FXGL Background Thread 3 ] DEBUG Engine               - globalSoundVolumeProperty: DoubleProperty [value: 0.5]
14:12:12.314 [FXGL Background Thread 3 ] DEBUG Engine               - height: 640
14:12:12.314 [FXGL Background Thread 3 ] DEBUG Engine               - is3D: false
14:12:12.314 [FXGL Background Thread 3 ] DEBUG Engine               - isAndroid: false
14:12:12.314 [FXGL Background Thread 3 ] DEBUG Engine               - isBrowser: false
14:12:12.314 [FXGL Background Thread 3 ] DEBUG Engine               - isClickFeedbackEnabled: false
14:12:12.314 [FXGL Background Thread 3 ] DEBUG Engine               - isCloseConfirmation: false
14:12:12.314 [FXGL Background Thread 3 ] DEBUG Engine               - isDesktop: true
14:12:12.314 [FXGL Background Thread 3 ] DEBUG Engine               - isDeveloperMenuEnabled: false
14:12:12.314 [FXGL Background Thread 3 ] DEBUG Engine               - isEmbedded: false
14:12:12.314 [FXGL Background Thread 3 ] DEBUG Engine               - isEntityPreloadEnabled: true
14:12:12.314 [FXGL Background Thread 3 ] DEBUG Engine               - isExperimentalTiledLargeMap: false
14:12:12.314 [FXGL Background Thread 3 ] DEBUG Engine               - isFileSystemWriteAllowed: true
14:12:12.314 [FXGL Background Thread 3 ] DEBUG Engine               - isFullScreenAllowed: false
14:12:12.314 [FXGL Background Thread 3 ] DEBUG Engine               - isFullScreenFromStart: false
14:12:12.314 [FXGL Background Thread 3 ] DEBUG Engine               - isGameMenuEnabled: true
14:12:12.314 [FXGL Background Thread 3 ] DEBUG Engine               - isIOS: false
14:12:12.314 [FXGL Background Thread 3 ] DEBUG Engine               - isIntroEnabled: false
14:12:12.314 [FXGL Background Thread 3 ] DEBUG Engine               - isLinux: false
14:12:12.314 [FXGL Background Thread 3 ] DEBUG Engine               - isMac: false
14:12:12.314 [FXGL Background Thread 3 ] DEBUG Engine               - isMainMenuEnabled: false
14:12:12.314 [FXGL Background Thread 3 ] DEBUG Engine               - isManualResizeEnabled: false
14:12:12.314 [FXGL Background Thread 3 ] DEBUG Engine               - isMobile: false
14:12:12.314 [FXGL Background Thread 3 ] DEBUG Engine               - isNative: false
14:12:12.314 [FXGL Background Thread 3 ] DEBUG Engine               - isPauseMusicWhenMinimized: true
14:12:12.314 [FXGL Background Thread 3 ] DEBUG Engine               - isPreserveResizeRatio: false
14:12:12.314 [FXGL Background Thread 3 ] DEBUG Engine               - isProfilingEnabled: false
14:12:12.314 [FXGL Background Thread 3 ] DEBUG Engine               - isScaleAffectedOnResize: true
14:12:12.314 [FXGL Background Thread 3 ] DEBUG Engine               - isSingleStep: false
14:12:12.314 [FXGL Background Thread 3 ] DEBUG Engine               - isUserProfileEnabled: false
14:12:12.314 [FXGL Background Thread 3 ] DEBUG Engine               - isWindows: true
14:12:12.315 [FXGL Background Thread 3 ] DEBUG Engine               - language: ObjectProperty [value: ENGLISH]
14:12:12.315 [FXGL Background Thread 3 ] DEBUG Engine               - menuKey: ESCAPE
14:12:12.315 [FXGL Background Thread 3 ] DEBUG Engine               - mouseSensitivity: 0.2
14:12:12.315 [FXGL Background Thread 3 ] DEBUG Engine               - notificationViewClass: class com.almasb.fxgl.notification.view.XboxNotificationView
14:12:12.315 [FXGL Background Thread 3 ] DEBUG Engine               - pixelsPerMeter: 50.0
14:12:12.315 [FXGL Background Thread 3 ] DEBUG Engine               - platform: WINDOWS
14:12:12.315 [FXGL Background Thread 3 ] DEBUG Engine               - prefHeightProperty: ReadOnlyDoubleProperty [value: 640.0]
14:12:12.315 [FXGL Background Thread 3 ] DEBUG Engine               - prefWidthProperty: ReadOnlyDoubleProperty [value: 960.0]
14:12:12.315 [FXGL Background Thread 3 ] DEBUG Engine               - profileDir: profiles/
14:12:12.315 [FXGL Background Thread 3 ] DEBUG Engine               - profileName: StringProperty [value: DEFAULT]
14:12:12.315 [FXGL Background Thread 3 ] DEBUG Engine               - randomSeed: -1
14:12:12.315 [FXGL Background Thread 3 ] DEBUG Engine               - runtimeInfo: RuntimeInfo(platform=WINDOWS, version=17.2, build=20.08.2022 16.50)
14:12:12.315 [FXGL Background Thread 3 ] DEBUG Engine               - saveFileExt: sav
14:12:12.315 [FXGL Background Thread 3 ] DEBUG Engine               - scaledHeightProp$fxgl: DoubleProperty [bound, value: 640.0]
14:12:12.315 [FXGL Background Thread 3 ] DEBUG Engine               - scaledWidthProp$fxgl: DoubleProperty [bound, value: 960.0]
14:12:12.315 [FXGL Background Thread 3 ] DEBUG Engine               - sceneFactory: com.almasb.fxgl.app.scene.SceneFactory@7fe39393
14:12:12.315 [FXGL Background Thread 3 ] DEBUG Engine               - secondsIn24h: 60
14:12:12.315 [FXGL Background Thread 3 ] DEBUG Engine               - soundMenuBack: menu/back.wav
14:12:12.315 [FXGL Background Thread 3 ] DEBUG Engine               - soundMenuPress: menu/press.wav
14:12:12.315 [FXGL Background Thread 3 ] DEBUG Engine               - soundMenuSelect: menu/select.wav
14:12:12.315 [FXGL Background Thread 3 ] DEBUG Engine               - soundNotification: core/notification.wav
14:12:12.315 [FXGL Background Thread 3 ] DEBUG Engine               - stageStyle: DECORATED
14:12:12.315 [FXGL Background Thread 3 ] DEBUG Engine               - supportedLanguages: [ENGLISH, FRENCH, GERMAN, HUNGARIAN, RUSSIAN]
14:12:12.315 [FXGL Background Thread 3 ] DEBUG Engine               - ticksPerSecond: -1
14:12:12.315 [FXGL Background Thread 3 ] DEBUG Engine               - title: Fallout Tower Defense
14:12:12.316 [FXGL Background Thread 3 ] DEBUG Engine               - urlGithub: https://github.com/AlmasB/FXGL
14:12:12.316 [FXGL Background Thread 3 ] DEBUG Engine               - urlLeaderboard: http://fxgl-top.herokuapp.com/
14:12:12.316 [FXGL Background Thread 3 ] DEBUG Engine               - urlPOM: https://raw.githubusercontent.com/AlmasB/FXGL/release/README.md
14:12:12.316 [FXGL Background Thread 3 ] DEBUG Engine               - userAppClass: class fallout.proyecto_poo.FalloutTDApplication
14:12:12.316 [FXGL Background Thread 3 ] DEBUG Engine               - version: 0.0
14:12:12.316 [FXGL Background Thread 3 ] DEBUG Engine               - versionCheckDays: 7
14:12:12.316 [FXGL Background Thread 3 ] DEBUG Engine               - width: 960
14:12:12.316 [FXGL Background Thread 3 ] DEBUG Engine               - Logging services
14:12:12.316 [FXGL Background Thread 3 ] DEBUG Engine               - class com.almasb.fxgl.app.services.FXGLAssetLoaderService
14:12:12.316 [FXGL Background Thread 3 ] DEBUG Engine               - class com.almasb.fxgl.app.FXGLApplication$GameApplicationService
14:12:12.316 [FXGL Background Thread 3 ] DEBUG Engine               - class com.almasb.fxgl.app.services.FXGLDialogService
14:12:12.316 [FXGL Background Thread 3 ] DEBUG Engine               - class com.almasb.fxgl.app.services.IOTaskExecutorService
14:12:12.316 [FXGL Background Thread 3 ] DEBUG Engine               - class com.almasb.fxgl.io.FileSystemService
14:12:12.316 [FXGL Background Thread 3 ] DEBUG Engine               - class com.almasb.fxgl.localization.LocalizationService
14:12:12.316 [FXGL Background Thread 3 ] DEBUG Engine               - class com.almasb.fxgl.app.services.SystemBundleService
14:12:12.316 [FXGL Background Thread 3 ] DEBUG Engine               - class com.almasb.fxgl.profile.SaveLoadService
14:12:12.316 [FXGL Background Thread 3 ] DEBUG Engine               - class com.almasb.fxgl.ui.FXGLUIFactoryServiceProvider
14:12:12.316 [FXGL Background Thread 3 ] DEBUG Engine               - class com.almasb.fxgl.ui.FXGLDialogFactoryServiceProvider
14:12:12.316 [FXGL Background Thread 3 ] DEBUG Engine               - class com.almasb.fxgl.audio.AudioPlayer
14:12:12.316 [FXGL Background Thread 3 ] DEBUG Engine               - class com.almasb.fxgl.notification.impl.NotificationServiceProvider
14:12:12.316 [FXGL Background Thread 3 ] DEBUG Engine               - class com.almasb.fxgl.achievement.AchievementService
14:12:12.316 [FXGL Background Thread 3 ] DEBUG Engine               - class com.almasb.fxgl.cutscene.CutsceneService
14:12:12.316 [FXGL Background Thread 3 ] DEBUG Engine               - class com.almasb.fxgl.minigames.MiniGameService
14:12:12.316 [FXGL Background Thread 3 ] DEBUG Engine               - class com.almasb.fxgl.net.NetService
14:12:12.316 [FXGL Background Thread 3 ] DEBUG Engine               - class com.almasb.fxgl.app.services.UpdaterService
14:12:12.316 [FXGL Background Thread 3 ] DEBUG Engine               - class com.almasb.fxgl.dev.DevService
14:14:20.535 [JavaFX Application Thread] DEBUG FXGLApplication      - Exiting FXGL
14:14:20.535 [JavaFX Application Thread] DEBUG LoopRunner           - Stopping loop
14:14:20.536 [JavaFX Application Thread] DEBUG SystemBundleService  - Saving FXGL system data
14:14:20.540 [JavaFX Application Thread] DEBUG FileSystemAccess     - Writing to: C:\Users\xdan1\IdeaProjects\Proyecto_POO\system\fxgl.bundle
14:14:20.542 [JavaFX Application Thread] DEBUG Async                - Shutting down background threads
14:14:20.542 [JavaFX Application Thread] DEBUG PrimaryStageWindow   - Closing main window
14:14:20.553 [JavaFX Application Thread] DEBUG Logger               - Closing Logger
