20:17:09.258 [main                     ] DEBUG Logger               - Configured Logger
20:17:09.292 [main                     ] DEBUG GameApplication      - Logging settings
Title: Fallout Tower Defense
Version: 0.0
Width: 960
Height: 640
Fullscreen: false
Intro: false
Profiling: false
Single step:false
App Mode: DEVELOPER
Menu Key: ESCAPE
Stage Style: DECORATED
Scene Factory: class com.almasb.fxgl.app.scene.SceneFactory

20:17:09.642 [JavaFX Application Thread] DEBUG FXGLApplication      - Initializing FXGL
20:17:09.646 [JavaFX Application Thread] INFO  Engine               - FXGL-17.2 (20.08.2022 16.50) on WINDOWS (J:21.0.1 FX:20.0.1)
20:17:09.647 [JavaFX Application Thread] DEBUG Engine               - JRE Vendor Name: Oracle Corporation
20:17:09.647 [JavaFX Application Thread] DEBUG Engine               - Running on OS: Windows 11 version 10.0
20:17:09.647 [JavaFX Application Thread] DEBUG Engine               - Architecture: amd64
20:17:09.647 [JavaFX Application Thread] INFO  Engine               - Source code and latest versions at: https://github.com/AlmasB/FXGL
20:17:09.648 [JavaFX Application Thread] INFO  Engine               -       Ask questions and discuss at: https://github.com/AlmasB/FXGL/discussions
20:17:09.648 [JavaFX Application Thread] INFO  Engine               -              Join the FXGL chat at: https://gitter.im/AlmasB/FXGL
20:17:09.738 [JavaFX Application Thread] DEBUG PrimaryStageWindow   - Creating a JavaFX scene
20:17:09.784 [JavaFX Application Thread] DEBUG PrimaryStageWindow   - Target settings size: 960.0 x 640.0
20:17:09.784 [JavaFX Application Thread] DEBUG PrimaryStageWindow   - Scaled scene size:    960.0 x 640.0
20:17:09.784 [JavaFX Application Thread] DEBUG PrimaryStageWindow   - Scaled ratio: (1.0, 1.0)
20:17:09.786 [JavaFX Application Thread] DEBUG PrimaryStageWindow   - Set initial scene to FXGLStartupScene
20:17:09.790 [JavaFX Application Thread] DEBUG PrimaryStageWindow   - Opening main window
20:17:09.878 [JavaFX Application Thread] DEBUG PrimaryStageWindow   - Window border size: (16.0, 39.0)
20:17:09.878 [JavaFX Application Thread] DEBUG PrimaryStageWindow   - Scaled size: 960.0 x 640.0
20:17:09.879 [JavaFX Application Thread] DEBUG PrimaryStageWindow   - Scaled ratio: (1.0, 1.0)
20:17:09.879 [JavaFX Application Thread] DEBUG PrimaryStageWindow   - Scene size: 960.0 x 640.0
20:17:09.879 [JavaFX Application Thread] DEBUG PrimaryStageWindow   - Stage size: 976.0 x 679.0
20:17:09.888 [FXGL Background Thread 1 ] DEBUG Engine               - Initializing environment variables
20:17:09.946 [FXGL Background Thread 1 ] DEBUG FXGLAssetLoaderServi - User app class for loading assets: class fallout.proyecto_poo.FalloutTDApplication
20:17:09.947 [FXGL Background Thread 1 ] DEBUG GameApplicationServi - Applying CSS: fxgl_dark.css
20:17:09.949 [FXGL Background Thread 1 ] DEBUG FXGLAssetLoaderServi - Loading from file system: jar:file:///C:/Users/xdan1/.m2/repository/com/github/almasb/fxgl/17.2/fxgl-17.2.jar!/fxglassets/ui/css/fxgl_dark.css
20:17:10.077 [FXGL Background Thread 1 ] DEBUG GameApplicationServi - Initializing application scenes
20:17:10.191 [FXGL Background Thread 1 ] DEBUG GameWorld            - Game world initialized
20:17:10.270 [FXGL Background Thread 1 ] DEBUG PhysicsWorld         - Physics world initialized: appHeight=640, physics.ppm=50,0
20:17:10.271 [FXGL Background Thread 1 ] DEBUG PhysicsWorld         - Using strategy: BRUTE_FORCE
20:17:10.277 [FXGL Background Thread 1 ] DEBUG GameScene            - Game scene initialized: 960x640
20:17:10.290 [FXGL Background Thread 1 ] DEBUG FXGL.DefaultMenu     - createMenuBodyMainMenu()
20:17:10.305 [FXGL Background Thread 1 ] DEBUG FXGL.DefaultMenu     - createOptionsMenu()
20:17:10.316 [FXGL Background Thread 1 ] DEBUG FXGLAssetLoaderServi - Loading from file system: jar:file:///C:/Users/xdan1/.m2/repository/com/github/almasb/fxgl/17.2/fxgl-17.2.jar!/fxglassets/textures/particles/smoke.png
20:17:10.412 [FXGL Background Thread 1 ] DEBUG FXGLAssetLoaderServi - Loading from file system: jar:file:///C:/Users/xdan1/.m2/repository/com/github/almasb/fxgl/17.2/fxgl-17.2.jar!/fxglassets/textures/particles/trace_horizontal.png
20:17:10.444 [FXGL Background Thread 1 ] DEBUG FXGL.DefaultMenu     - createMenuBodyGameMenu()
20:17:10.445 [FXGL Background Thread 1 ] DEBUG FXGL.DefaultMenu     - createOptionsMenu()
20:17:10.459 [FXGL Background Thread 1 ] DEBUG GameApplicationServi - Application scenes initialized
20:17:10.472 [FXGL Background Thread 1 ] DEBUG SystemBundleService  - Loading FXGL system data
20:17:10.486 [FXGL Background Thread 1 ] DEBUG FileSystemAccess     - Reading from: C:\Users\xdan1\OneDrive\Documentos\IdeaProjects\Proyecto_POO\system\fxgl.bundle
20:17:10.497 [FXGL Background Thread 1 ] DEBUG SystemBundleService  - Bundle FXGL: {}
20:17:10.497 [FXGL Background Thread 1 ] DEBUG UpdaterService       - Checking for updates
20:17:10.501 [FXGL Background Thread 4 ] DEBUG FXGLApplication      - Loading fonts
20:17:10.502 [FXGL Background Thread 1 ] DEBUG FXGLApplication      - Loading default localization
20:17:10.502 [FXGL Background Thread 4 ] DEBUG FXGLAssetLoaderServi - Loading from file system: jar:file:///C:/Users/xdan1/.m2/repository/com/github/almasb/fxgl/17.2/fxgl-17.2.jar!/fxglassets/ui/fonts/VarelaRound-Regular.ttf
20:17:10.502 [FXGL Background Thread 1 ] DEBUG FXGLAssetLoaderServi - Loading from file system: jar:file:///C:/Users/xdan1/.m2/repository/com/github/almasb/fxgl/17.2/fxgl-17.2.jar!/fxglassets/languages/english.lang
20:17:10.535 [FXGL Background Thread 1 ] INFO  FXGLApplication      - FXGL initialization took: 0,646 sec
20:17:10.538 [FXGL Background Thread 4 ] DEBUG FXGLAssetLoaderServi - Loading from file system: jar:file:///C:/Users/xdan1/.m2/repository/com/github/almasb/fxgl/17.2/fxgl-17.2.jar!/fxglassets/ui/fonts/Abel-Regular.ttf
20:17:10.541 [JavaFX Application Thread] DEBUG Input                - Registered new binding: action0 - LMB
20:17:10.541 [JavaFX Application Thread] DEBUG FXGLAssetLoaderServi - Loading from file system: jar:file:///C:/Users/xdan1/.m2/repository/com/github/almasb/fxgl/17.2/fxgl-17.2.jar!/fxglassets/textures/fxgl_icon.png
20:17:10.548 [FXGL Background Thread 4 ] DEBUG FXGLAssetLoaderServi - Loading from file system: jar:file:///C:/Users/xdan1/.m2/repository/com/github/almasb/fxgl/17.2/fxgl-17.2.jar!/fxglassets/ui/fonts/TerminalLandMono-Regular.otf
20:17:10.558 [FXGL Background Thread 4 ] DEBUG FXGLAssetLoaderServi - Loading from file system: jar:file:///C:/Users/xdan1/.m2/repository/com/github/almasb/fxgl/17.2/fxgl-17.2.jar!/fxglassets/ui/fonts/Courier-Prime.ttf
20:17:10.563 [JavaFX Application Thread] DEBUG FXGLAssetLoaderServi - Loading from file system: jar:file:///C:/Users/xdan1/.m2/repository/com/github/almasb/fxgl/17.2/fxgl-17.2.jar!/fxglassets/textures/fxgl_default_cursor.png
20:17:10.577 [JavaFX Application Thread] DEBUG Input                - Registered new binding: Screenshot - CTRL+8
20:17:10.577 [JavaFX Application Thread] DEBUG Input                - Registered new binding: System info dump - CTRL+9
20:17:10.578 [JavaFX Application Thread] DEBUG Input                - Registered new binding: Restart - CTRL+R
20:17:10.579 [JavaFX Application Thread] DEBUG Input                - Registered new binding: Toggle Debug Camera - CTRL+7
20:17:10.583 [JavaFX Application Thread] DEBUG LoopRunner           - Starting loop
20:17:10.583 [JavaFX Application Thread] DEBUG LoopRunner           - Initializing JavaFX AnimationTimerLoop
20:17:10.589 [JavaFX Application Thread] DEBUG Input                - Clearing active input actions
20:17:10.595 [JavaFX Application Thread] DEBUG GameApplicationServi - Removing overlay from FXGLStartupScene and adding to FXGLMainMenuDummyScene
20:17:10.595 [JavaFX Application Thread] DEBUG PrimaryStageWindow   - FXGLStartupScene -> FXGLMainMenuDummyScene
20:17:10.595 [JavaFX Application Thread] DEBUG PrimaryStageWindow   - Push state: FXGLDefaultMenu
20:17:10.610 [JavaFX Application Thread] DEBUG Input                - Clearing active input actions
20:17:10.621 [JavaFX Application Thread] DEBUG GameApplicationServi - Removing overlay from FXGLMainMenuDummyScene and adding to FXGLDefaultMenu
20:17:10.622 [JavaFX Application Thread] DEBUG PrimaryStageWindow   - FXGLMainMenuDummyScene -> FXGLDefaultMenu
20:17:10.622 [JavaFX Application Thread] DEBUG FXGLApplication      - Registering font factories with UI factory
20:17:11.179 [FXGL Background Thread 2 ] INFO  UpdaterService       - Your current version:  17.2
20:17:11.180 [FXGL Background Thread 2 ] INFO  UpdaterService       - Latest stable version: 17.3
20:17:12.105 [JavaFX Application Thread] DEBUG Menu                 - fireNewGame()
20:17:12.105 [JavaFX Application Thread] DEBUG GameApplicationServi - Starting new game
20:17:12.106 [JavaFX Application Thread] DEBUG PrimaryStageWindow   - Pop state: FXGLDefaultMenu
20:17:12.106 [JavaFX Application Thread] DEBUG Input                - Clearing active input actions
20:17:12.107 [JavaFX Application Thread] DEBUG GameApplicationServi - Removing overlay from FXGLDefaultMenu and adding to FXGLMainMenuDummyScene
20:17:12.107 [JavaFX Application Thread] DEBUG PrimaryStageWindow   - FXGLMainMenuDummyScene <- FXGLDefaultMenu
20:17:12.107 [JavaFX Application Thread] DEBUG Input                - Clearing active input actions
20:17:12.116 [JavaFX Application Thread] DEBUG GameApplicationServi - Removing overlay from FXGLMainMenuDummyScene and adding to FXGLLoadingScene
20:17:12.117 [JavaFX Application Thread] DEBUG PrimaryStageWindow   - FXGLMainMenuDummyScene -> FXGLLoadingScene
20:17:12.117 [JavaFX Application Thread] DEBUG GameApplicationServi - Clearing previous game
20:17:12.117 [JavaFX Application Thread] DEBUG GameScene            - Clearing game scene
20:17:12.117 [JavaFX Application Thread] DEBUG GameWorld            - Clearing game world
20:17:12.117 [JavaFX Application Thread] DEBUG PhysicsWorld         - Clearing physics world
20:17:12.118 [FXGL Background Thread 2 ] DEBUG FXGLApplication      - Initializing game
20:17:12.153 [FXGL Background Thread 2 ] WARN  TMXLevelLoader       - TiledMap generated from 1.10.2. Supported version: 1.9.0. Some features may not be parsed fully.
20:17:12.164 [FXGL Background Thread 2 ] DEBUG TMXLevelLoader       - Parsed TiledMap: file:/C:/Users/xdan1/OneDrive/Documentos/IdeaProjects/Proyecto_POO/target/classes/assets/levels/tmx/fallout.tmx
20:17:12.165 [FXGL Background Thread 2 ] DEBUG TMXLevelLoader       - Creating tile layer entities
20:17:12.166 [FXGL Background Thread 2 ] DEBUG TilesetLoader        - Loading view for layer ground
20:17:12.166 [FXGL Background Thread 2 ] DEBUG TilesetLoader        - Created buffer with size 960.0x640.0
20:17:12.176 [FXGL Background Thread 2 ] DEBUG TilesetLoader        - Loading view for layer path
20:17:12.176 [FXGL Background Thread 2 ] DEBUG TilesetLoader        - Created buffer with size 960.0x640.0
20:17:12.178 [FXGL Background Thread 2 ] DEBUG TilesetLoader        - Loading view for layer decor
20:17:12.178 [FXGL Background Thread 2 ] DEBUG TilesetLoader        - Created buffer with size 960.0x640.0
20:17:12.178 [FXGL Background Thread 2 ] DEBUG TMXLevelLoader       - Creating object layer entities
20:17:12.187 [FXGL Background Thread 2 ] DEBUG GameWorld            - Clearing removable entities
20:17:12.187 [FXGL Background Thread 2 ] DEBUG GameWorld            - Setting level: com.almasb.fxgl.entity.level.Level@15f95ca2
20:17:12.191 [FXGL Background Thread 2 ] DEBUG FXGLAssetLoaderServi - Loading JSON from: file:/C:/Users/xdan1/OneDrive/Documentos/IdeaProjects/Proyecto_POO/target/classes/assets/json/waves/wave1.json
20:17:12.327 [FXGL Background Thread 2 ] DEBUG FXGLAssetLoaderServi - Loading JSON from: file:/C:/Users/xdan1/OneDrive/Documentos/IdeaProjects/Proyecto_POO/target/classes/assets/json/waves/wave2.json
20:17:12.328 [FXGL Background Thread 2 ] DEBUG FXGLAssetLoaderServi - Loading JSON from: file:/C:/Users/xdan1/OneDrive/Documentos/IdeaProjects/Proyecto_POO/target/classes/assets/json/waves/wave3.json
20:17:12.329 [FXGL Background Thread 2 ] DEBUG FXGLAssetLoaderServi - Loading JSON from: file:/C:/Users/xdan1/OneDrive/Documentos/IdeaProjects/Proyecto_POO/target/classes/assets/json/enemy/scorpion.json
20:17:12.333 [FXGL Background Thread 2 ] DEBUG FXGLAssetLoaderServi - Loading JSON from: file:/C:/Users/xdan1/OneDrive/Documentos/IdeaProjects/Proyecto_POO/target/classes/assets/json/enemy/scorpion.json
20:17:12.336 [FXGL Background Thread 2 ] DEBUG FXGLAssetLoaderServi - Loading JSON from: file:/C:/Users/xdan1/OneDrive/Documentos/IdeaProjects/Proyecto_POO/target/classes/assets/json/enemy/scorpion.json
20:17:12.336 [FXGL Background Thread 2 ] DEBUG FXGLAssetLoaderServi - Loading JSON from: file:/C:/Users/xdan1/OneDrive/Documentos/IdeaProjects/Proyecto_POO/target/classes/assets/json/enemy/scorpion.json
20:17:12.337 [FXGL Background Thread 2 ] DEBUG FXGLAssetLoaderServi - Loading JSON from: file:/C:/Users/xdan1/OneDrive/Documentos/IdeaProjects/Proyecto_POO/target/classes/assets/json/enemy/scorpion.json
20:17:12.338 [FXGL Background Thread 2 ] DEBUG FXGLAssetLoaderServi - Loading JSON from: file:/C:/Users/xdan1/OneDrive/Documentos/IdeaProjects/Proyecto_POO/target/classes/assets/json/enemy/scorpion.json
20:17:12.339 [FXGL Background Thread 2 ] DEBUG FXGLAssetLoaderServi - Loading JSON from: file:/C:/Users/xdan1/OneDrive/Documentos/IdeaProjects/Proyecto_POO/target/classes/assets/json/enemy/scorpion.json
20:17:12.339 [FXGL Background Thread 2 ] DEBUG FXGLAssetLoaderServi - Loading JSON from: file:/C:/Users/xdan1/OneDrive/Documentos/IdeaProjects/Proyecto_POO/target/classes/assets/json/enemy/scorpion.json
20:17:12.340 [FXGL Background Thread 2 ] DEBUG FXGLAssetLoaderServi - Loading JSON from: file:/C:/Users/xdan1/OneDrive/Documentos/IdeaProjects/Proyecto_POO/target/classes/assets/json/enemy/scorpion.json
20:17:12.341 [FXGL Background Thread 2 ] DEBUG FXGLAssetLoaderServi - Loading JSON from: file:/C:/Users/xdan1/OneDrive/Documentos/IdeaProjects/Proyecto_POO/target/classes/assets/json/enemy/scorpion.json
20:17:12.342 [FXGL Background Thread 2 ] INFO  FXGLApplication      - Game initialization took: 0,223 sec
20:17:12.342 [JavaFX Application Thread] DEBUG Input                - Clearing active input actions
20:17:12.345 [JavaFX Application Thread] DEBUG GameApplicationServi - Removing overlay from FXGLLoadingScene and adding to GameScene
20:17:12.346 [JavaFX Application Thread] DEBUG PrimaryStageWindow   - FXGLLoadingScene -> GameScene
20:17:13.044 [JavaFX Application Thread] DEBUG FXGLAssetLoaderServi - Loading JSON from: file:/C:/Users/xdan1/OneDrive/Documentos/IdeaProjects/Proyecto_POO/target/classes/assets/json/turrets/simpleTurret.json
20:17:13.049 [JavaFX Application Thread] DEBUG FXGLAssetLoaderServi - Loading from file system: file:/C:/Users/xdan1/OneDrive/Documentos/IdeaProjects/Proyecto_POO/target/classes/assets/textures/turrets/turret.png
20:17:13.501 [FXGL Background Thread 3 ] DEBUG Engine               - Logging environment variables
20:17:13.501 [FXGL Background Thread 3 ] DEBUG Engine               - achievements: []
20:17:13.501 [FXGL Background Thread 3 ] DEBUG Engine               - actualHeight: 640.0
20:17:13.501 [FXGL Background Thread 3 ] DEBUG Engine               - actualHeightProperty: ReadOnlyDoubleProperty [value: 640.0]
20:17:13.501 [FXGL Background Thread 3 ] DEBUG Engine               - actualWidth: 960.0
20:17:13.501 [FXGL Background Thread 3 ] DEBUG Engine               - actualWidthProperty: ReadOnlyDoubleProperty [value: 960.0]
20:17:13.501 [FXGL Background Thread 3 ] DEBUG Engine               - appIcon: fxgl_icon.png
20:17:13.501 [FXGL Background Thread 3 ] DEBUG Engine               - applicationMode: DEVELOPER
20:17:13.501 [FXGL Background Thread 3 ] DEBUG Engine               - cSSList: [fxgl_dark.css]
20:17:13.501 [FXGL Background Thread 3 ] DEBUG Engine               - collisionDetectionStrategy: BRUTE_FORCE
20:17:13.501 [FXGL Background Thread 3 ] DEBUG Engine               - configClass: Optional.empty
20:17:13.501 [FXGL Background Thread 3 ] DEBUG Engine               - credits: []
20:17:13.502 [FXGL Background Thread 3 ] DEBUG Engine               - defaultCursor: CursorInfo(imageName=fxgl_default_cursor.png, hotspotX=7.0, hotspotY=6.0)
20:17:13.502 [FXGL Background Thread 3 ] DEBUG Engine               - devBBoxColorProperty: ObjectProperty [value: 0xff0000ff]
20:17:13.502 [FXGL Background Thread 3 ] DEBUG Engine               - devEnableDebugCameraProperty: BooleanProperty [value: false]
20:17:13.502 [FXGL Background Thread 3 ] DEBUG Engine               - devSensorColorProperty: ObjectProperty [value: 0xffff00ff]
20:17:13.502 [FXGL Background Thread 3 ] DEBUG Engine               - devShowBBoxProperty: BooleanProperty [value: false]
20:17:13.502 [FXGL Background Thread 3 ] DEBUG Engine               - devShowPositionProperty: BooleanProperty [value: false]
20:17:13.502 [FXGL Background Thread 3 ] DEBUG Engine               - enabledMenuItems: []
20:17:13.502 [FXGL Background Thread 3 ] DEBUG Engine               - engineServices: [class com.almasb.fxgl.app.services.FXGLAssetLoaderService, class com.almasb.fxgl.app.FXGLApplication$GameApplicationService, class com.almasb.fxgl.app.services.FXGLDialogService, class com.almasb.fxgl.app.services.IOTaskExecutorService, class com.almasb.fxgl.io.FileSystemService, class com.almasb.fxgl.localization.LocalizationService, class com.almasb.fxgl.app.services.SystemBundleService, class com.almasb.fxgl.profile.SaveLoadService, class com.almasb.fxgl.ui.FXGLUIFactoryServiceProvider, class com.almasb.fxgl.ui.FXGLDialogFactoryServiceProvider, class com.almasb.fxgl.audio.AudioPlayer, class com.almasb.fxgl.notification.impl.NotificationServiceProvider, class com.almasb.fxgl.achievement.AchievementService, class com.almasb.fxgl.cutscene.CutsceneService, class com.almasb.fxgl.minigames.MiniGameService, class com.almasb.fxgl.net.NetService, class com.almasb.fxgl.app.services.UpdaterService, class com.almasb.fxgl.dev.DevService]
20:17:13.502 [FXGL Background Thread 3 ] DEBUG Engine               - fontGame: Abel-Regular.ttf
20:17:13.502 [FXGL Background Thread 3 ] DEBUG Engine               - fontMono: TerminalLandMono-Regular.otf
20:17:13.502 [FXGL Background Thread 3 ] DEBUG Engine               - fontText: Courier-Prime.ttf
20:17:13.502 [FXGL Background Thread 3 ] DEBUG Engine               - fontUI: VarelaRound-Regular.ttf
20:17:13.502 [FXGL Background Thread 3 ] DEBUG Engine               - fullScreen: BooleanProperty [value: false]
20:17:13.502 [FXGL Background Thread 3 ] DEBUG Engine               - gameDifficulty: MEDIUM
20:17:13.502 [FXGL Background Thread 3 ] DEBUG Engine               - gameDifficultyProperty: ObjectProperty [value: MEDIUM]
20:17:13.502 [FXGL Background Thread 3 ] DEBUG Engine               - globalMusicVolume: 0.5
20:17:13.502 [FXGL Background Thread 3 ] DEBUG Engine               - globalMusicVolumeProperty: DoubleProperty [value: 0.5]
20:17:13.502 [FXGL Background Thread 3 ] DEBUG Engine               - globalSoundVolume: 0.5
20:17:13.502 [FXGL Background Thread 3 ] DEBUG Engine               - globalSoundVolumeProperty: DoubleProperty [value: 0.5]
20:17:13.502 [FXGL Background Thread 3 ] DEBUG Engine               - height: 640
20:17:13.502 [FXGL Background Thread 3 ] DEBUG Engine               - is3D: false
20:17:13.502 [FXGL Background Thread 3 ] DEBUG Engine               - isAndroid: false
20:17:13.503 [FXGL Background Thread 3 ] DEBUG Engine               - isBrowser: false
20:17:13.503 [FXGL Background Thread 3 ] DEBUG Engine               - isClickFeedbackEnabled: false
20:17:13.503 [FXGL Background Thread 3 ] DEBUG Engine               - isCloseConfirmation: false
20:17:13.503 [FXGL Background Thread 3 ] DEBUG Engine               - isDesktop: true
20:17:13.503 [FXGL Background Thread 3 ] DEBUG Engine               - isDeveloperMenuEnabled: false
20:17:13.503 [FXGL Background Thread 3 ] DEBUG Engine               - isEmbedded: false
20:17:13.503 [FXGL Background Thread 3 ] DEBUG Engine               - isEntityPreloadEnabled: true
20:17:13.503 [FXGL Background Thread 3 ] DEBUG Engine               - isExperimentalTiledLargeMap: false
20:17:13.503 [FXGL Background Thread 3 ] DEBUG Engine               - isFileSystemWriteAllowed: true
20:17:13.503 [FXGL Background Thread 3 ] DEBUG Engine               - isFullScreenAllowed: false
20:17:13.503 [FXGL Background Thread 3 ] DEBUG Engine               - isFullScreenFromStart: false
20:17:13.503 [FXGL Background Thread 3 ] DEBUG Engine               - isGameMenuEnabled: true
20:17:13.503 [FXGL Background Thread 3 ] DEBUG Engine               - isIOS: false
20:17:13.503 [FXGL Background Thread 3 ] DEBUG Engine               - isIntroEnabled: false
20:17:13.503 [FXGL Background Thread 3 ] DEBUG Engine               - isLinux: false
20:17:13.503 [FXGL Background Thread 3 ] DEBUG Engine               - isMac: false
20:17:13.503 [FXGL Background Thread 3 ] DEBUG Engine               - isMainMenuEnabled: true
20:17:13.503 [FXGL Background Thread 3 ] DEBUG Engine               - isManualResizeEnabled: false
20:17:13.503 [FXGL Background Thread 3 ] DEBUG Engine               - isMobile: false
20:17:13.503 [FXGL Background Thread 3 ] DEBUG Engine               - isNative: false
20:17:13.504 [FXGL Background Thread 3 ] DEBUG Engine               - isPauseMusicWhenMinimized: true
20:17:13.504 [FXGL Background Thread 3 ] DEBUG Engine               - isPreserveResizeRatio: false
20:17:13.504 [FXGL Background Thread 3 ] DEBUG Engine               - isProfilingEnabled: false
20:17:13.504 [FXGL Background Thread 3 ] DEBUG Engine               - isScaleAffectedOnResize: true
20:17:13.504 [FXGL Background Thread 3 ] DEBUG Engine               - isSingleStep: false
20:17:13.504 [FXGL Background Thread 3 ] DEBUG Engine               - isUserProfileEnabled: false
20:17:13.504 [FXGL Background Thread 3 ] DEBUG Engine               - isWindows: true
20:17:13.504 [FXGL Background Thread 3 ] DEBUG Engine               - language: ObjectProperty [value: ENGLISH]
20:17:13.504 [FXGL Background Thread 3 ] DEBUG Engine               - menuKey: ESCAPE
20:17:13.504 [FXGL Background Thread 3 ] DEBUG Engine               - mouseSensitivity: 0.2
20:17:13.504 [FXGL Background Thread 3 ] DEBUG Engine               - notificationViewClass: class com.almasb.fxgl.notification.view.XboxNotificationView
20:17:13.504 [FXGL Background Thread 3 ] DEBUG Engine               - pixelsPerMeter: 50.0
20:17:13.504 [FXGL Background Thread 3 ] DEBUG Engine               - platform: WINDOWS
20:17:13.504 [FXGL Background Thread 3 ] DEBUG Engine               - prefHeightProperty: ReadOnlyDoubleProperty [value: 640.0]
20:17:13.504 [FXGL Background Thread 3 ] DEBUG Engine               - prefWidthProperty: ReadOnlyDoubleProperty [value: 960.0]
20:17:13.504 [FXGL Background Thread 3 ] DEBUG Engine               - profileDir: profiles/
20:17:13.504 [FXGL Background Thread 3 ] DEBUG Engine               - profileName: StringProperty [value: DEFAULT]
20:17:13.504 [FXGL Background Thread 3 ] DEBUG Engine               - randomSeed: -1
20:17:13.504 [FXGL Background Thread 3 ] DEBUG Engine               - runtimeInfo: RuntimeInfo(platform=WINDOWS, version=17.2, build=20.08.2022 16.50)
20:17:13.504 [FXGL Background Thread 3 ] DEBUG Engine               - saveFileExt: sav
20:17:13.504 [FXGL Background Thread 3 ] DEBUG Engine               - scaledHeightProp$fxgl: DoubleProperty [bound, value: 640.0]
20:17:13.504 [FXGL Background Thread 3 ] DEBUG Engine               - scaledWidthProp$fxgl: DoubleProperty [bound, value: 960.0]
20:17:13.504 [FXGL Background Thread 3 ] DEBUG Engine               - sceneFactory: com.almasb.fxgl.app.scene.SceneFactory@368043ac
20:17:13.504 [FXGL Background Thread 3 ] DEBUG Engine               - secondsIn24h: 60
20:17:13.504 [FXGL Background Thread 3 ] DEBUG Engine               - soundMenuBack: menu/back.wav
20:17:13.504 [FXGL Background Thread 3 ] DEBUG Engine               - soundMenuPress: menu/press.wav
20:17:13.504 [FXGL Background Thread 3 ] DEBUG Engine               - soundMenuSelect: menu/select.wav
20:17:13.504 [FXGL Background Thread 3 ] DEBUG Engine               - soundNotification: core/notification.wav
20:17:13.504 [FXGL Background Thread 3 ] DEBUG Engine               - stageStyle: DECORATED
20:17:13.504 [FXGL Background Thread 3 ] DEBUG Engine               - supportedLanguages: [ENGLISH, FRENCH, GERMAN, HUNGARIAN, RUSSIAN]
20:17:13.504 [FXGL Background Thread 3 ] DEBUG Engine               - ticksPerSecond: -1
20:17:13.504 [FXGL Background Thread 3 ] DEBUG Engine               - title: Fallout Tower Defense
20:17:13.504 [FXGL Background Thread 3 ] DEBUG Engine               - urlGithub: https://github.com/AlmasB/FXGL
20:17:13.504 [FXGL Background Thread 3 ] DEBUG Engine               - urlLeaderboard: http://fxgl-top.herokuapp.com/
20:17:13.504 [FXGL Background Thread 3 ] DEBUG Engine               - urlPOM: https://raw.githubusercontent.com/AlmasB/FXGL/release/README.md
20:17:13.504 [FXGL Background Thread 3 ] DEBUG Engine               - userAppClass: class fallout.proyecto_poo.FalloutTDApplication
20:17:13.504 [FXGL Background Thread 3 ] DEBUG Engine               - version: 0.0
20:17:13.504 [FXGL Background Thread 3 ] DEBUG Engine               - versionCheckDays: 7
20:17:13.504 [FXGL Background Thread 3 ] DEBUG Engine               - width: 960
20:17:13.504 [FXGL Background Thread 3 ] DEBUG Engine               - Logging services
20:17:13.504 [FXGL Background Thread 3 ] DEBUG Engine               - class com.almasb.fxgl.app.services.FXGLAssetLoaderService
20:17:13.504 [FXGL Background Thread 3 ] DEBUG Engine               - class com.almasb.fxgl.app.FXGLApplication$GameApplicationService
20:17:13.504 [FXGL Background Thread 3 ] DEBUG Engine               - class com.almasb.fxgl.app.services.FXGLDialogService
20:17:13.505 [FXGL Background Thread 3 ] DEBUG Engine               - class com.almasb.fxgl.app.services.IOTaskExecutorService
20:17:13.505 [FXGL Background Thread 3 ] DEBUG Engine               - class com.almasb.fxgl.io.FileSystemService
20:17:13.505 [FXGL Background Thread 3 ] DEBUG Engine               - class com.almasb.fxgl.localization.LocalizationService
20:17:13.505 [FXGL Background Thread 3 ] DEBUG Engine               - class com.almasb.fxgl.app.services.SystemBundleService
20:17:13.505 [FXGL Background Thread 3 ] DEBUG Engine               - class com.almasb.fxgl.profile.SaveLoadService
20:17:13.505 [FXGL Background Thread 3 ] DEBUG Engine               - class com.almasb.fxgl.ui.FXGLUIFactoryServiceProvider
20:17:13.505 [FXGL Background Thread 3 ] DEBUG Engine               - class com.almasb.fxgl.ui.FXGLDialogFactoryServiceProvider
20:17:13.505 [FXGL Background Thread 3 ] DEBUG Engine               - class com.almasb.fxgl.audio.AudioPlayer
20:17:13.505 [FXGL Background Thread 3 ] DEBUG Engine               - class com.almasb.fxgl.notification.impl.NotificationServiceProvider
20:17:13.505 [FXGL Background Thread 3 ] DEBUG Engine               - class com.almasb.fxgl.achievement.AchievementService
20:17:13.505 [FXGL Background Thread 3 ] DEBUG Engine               - class com.almasb.fxgl.cutscene.CutsceneService
20:17:13.505 [FXGL Background Thread 3 ] DEBUG Engine               - class com.almasb.fxgl.minigames.MiniGameService
20:17:13.505 [FXGL Background Thread 3 ] DEBUG Engine               - class com.almasb.fxgl.net.NetService
20:17:13.505 [FXGL Background Thread 3 ] DEBUG Engine               - class com.almasb.fxgl.app.services.UpdaterService
20:17:13.505 [FXGL Background Thread 3 ] DEBUG Engine               - class com.almasb.fxgl.dev.DevService
20:17:13.889 [JavaFX Application Thread] DEBUG FXGLAssetLoaderServi - Loading from file system: file:/C:/Users/xdan1/OneDrive/Documentos/IdeaProjects/Proyecto_POO/target/classes/assets/textures/enemy/scorpion.png
20:17:13.906 [JavaFX Application Thread] DEBUG FXGLAssetLoaderServi - Loading from file system: file:/C:/Users/xdan1/OneDrive/Documentos/IdeaProjects/Proyecto_POO/target/classes/assets/textures/bullets/projectile.png
20:17:14.386 [JavaFX Application Thread] DEBUG FXGLAssetLoaderServi - Loading from file system: file:/C:/Users/xdan1/OneDrive/Documentos/IdeaProjects/Proyecto_POO/target/classes/assets/textures/bullets/explosion.png
20:17:16.985 [JavaFX Application Thread] DEBUG FXGLAssetLoaderServi - Loading JSON from: file:/C:/Users/xdan1/OneDrive/Documentos/IdeaProjects/Proyecto_POO/target/classes/assets/json/turrets/simpleTurret.json
20:17:17.126 [JavaFX Application Thread] DEBUG FXGLAssetLoaderServi - Loading JSON from: file:/C:/Users/xdan1/OneDrive/Documentos/IdeaProjects/Proyecto_POO/target/classes/assets/json/turrets/simpleTurret.json
20:17:19.830 [JavaFX Application Thread] DEBUG FXGLApplication      - Exiting FXGL
20:17:19.830 [JavaFX Application Thread] DEBUG LoopRunner           - Stopping loop
20:17:19.830 [JavaFX Application Thread] DEBUG SystemBundleService  - Saving FXGL system data
20:17:19.832 [JavaFX Application Thread] DEBUG FileSystemAccess     - Writing to: C:\Users\xdan1\OneDrive\Documentos\IdeaProjects\Proyecto_POO\system\fxgl.bundle
20:17:19.834 [JavaFX Application Thread] DEBUG Async                - Shutting down background threads
20:17:19.834 [JavaFX Application Thread] DEBUG PrimaryStageWindow   - Closing main window
20:17:19.846 [JavaFX Application Thread] DEBUG Logger               - Closing Logger
