22:55:52.215 [main                     ] DEBUG Logger               - Configured Logger
22:55:52.236 [main                     ] DEBUG GameApplication      - Logging settings
Title: Fallout Tower Defense
Version: 0.0
Width: 960
Height: 640
Fullscreen: false
Intro: false
Profiling: false
Single step:false
App Mode: DEVELOPER
Menu Key: ESCAPE
Stage Style: DECORATED
Scene Factory: class com.almasb.fxgl.app.scene.SceneFactory

22:55:52.570 [JavaFX Application Thread] DEBUG FXGLApplication      - Initializing FXGL
22:55:52.574 [JavaFX Application Thread] INFO  Engine               - FXGL-17.2 (20.08.2022 16.50) on WINDOWS (J:21.0.1 FX:20.0.1)
22:55:52.575 [JavaFX Application Thread] DEBUG Engine               - JRE Vendor Name: Oracle Corporation
22:55:52.575 [JavaFX Application Thread] DEBUG Engine               - Running on OS: Windows 11 version 10.0
22:55:52.575 [JavaFX Application Thread] DEBUG Engine               - Architecture: amd64
22:55:52.575 [JavaFX Application Thread] INFO  Engine               - Source code and latest versions at: https://github.com/AlmasB/FXGL
22:55:52.575 [JavaFX Application Thread] INFO  Engine               -       Ask questions and discuss at: https://github.com/AlmasB/FXGL/discussions
22:55:52.575 [JavaFX Application Thread] INFO  Engine               -              Join the FXGL chat at: https://gitter.im/AlmasB/FXGL
22:55:52.643 [JavaFX Application Thread] DEBUG PrimaryStageWindow   - Creating a JavaFX scene
22:55:52.678 [JavaFX Application Thread] DEBUG PrimaryStageWindow   - Target settings size: 960.0 x 640.0
22:55:52.678 [JavaFX Application Thread] DEBUG PrimaryStageWindow   - Scaled scene size:    960.0 x 640.0
22:55:52.678 [JavaFX Application Thread] DEBUG PrimaryStageWindow   - Scaled ratio: (1.0, 1.0)
22:55:52.679 [JavaFX Application Thread] DEBUG PrimaryStageWindow   - Set initial scene to FXGLStartupScene
22:55:52.681 [JavaFX Application Thread] DEBUG PrimaryStageWindow   - Opening main window
22:55:52.758 [JavaFX Application Thread] DEBUG PrimaryStageWindow   - Window border size: (16.0, 39.0)
22:55:52.758 [JavaFX Application Thread] DEBUG PrimaryStageWindow   - Scaled size: 960.0 x 640.0
22:55:52.758 [JavaFX Application Thread] DEBUG PrimaryStageWindow   - Scaled ratio: (1.0, 1.0)
22:55:52.758 [JavaFX Application Thread] DEBUG PrimaryStageWindow   - Scene size: 960.0 x 640.0
22:55:52.758 [JavaFX Application Thread] DEBUG PrimaryStageWindow   - Stage size: 976.0 x 679.0
22:55:52.763 [FXGL Background Thread 1 ] DEBUG Engine               - Initializing environment variables
22:55:52.797 [FXGL Background Thread 1 ] DEBUG FXGLAssetLoaderServi - User app class for loading assets: class fallout.proyecto_poo.FalloutTDApplication
22:55:52.797 [FXGL Background Thread 1 ] DEBUG GameApplicationServi - Applying CSS: fxgl_dark.css
22:55:52.798 [FXGL Background Thread 1 ] DEBUG FXGLAssetLoaderServi - Loading from file system: jar:file:///C:/Users/xdan1/.m2/repository/com/github/almasb/fxgl/17.2/fxgl-17.2.jar!/fxglassets/ui/css/fxgl_dark.css
22:55:52.832 [FXGL Background Thread 1 ] DEBUG GameApplicationServi - Initializing application scenes
22:55:52.863 [FXGL Background Thread 1 ] DEBUG GameWorld            - Game world initialized
22:55:52.931 [FXGL Background Thread 1 ] DEBUG PhysicsWorld         - Physics world initialized: appHeight=640, physics.ppm=50,0
22:55:52.931 [FXGL Background Thread 1 ] DEBUG PhysicsWorld         - Using strategy: BRUTE_FORCE
22:55:52.933 [FXGL Background Thread 1 ] DEBUG GameScene            - Game scene initialized: 960x640
22:55:52.942 [FXGL Background Thread 1 ] DEBUG FXGL.DefaultMenu     - createMenuBodyMainMenu()
22:55:52.953 [FXGL Background Thread 1 ] DEBUG FXGL.DefaultMenu     - createOptionsMenu()
22:55:52.962 [FXGL Background Thread 1 ] DEBUG FXGLAssetLoaderServi - Loading from file system: jar:file:///C:/Users/xdan1/.m2/repository/com/github/almasb/fxgl/17.2/fxgl-17.2.jar!/fxglassets/textures/particles/smoke.png
22:55:53.045 [FXGL Background Thread 1 ] DEBUG FXGLAssetLoaderServi - Loading from file system: jar:file:///C:/Users/xdan1/.m2/repository/com/github/almasb/fxgl/17.2/fxgl-17.2.jar!/fxglassets/textures/particles/trace_horizontal.png
22:55:53.070 [FXGL Background Thread 1 ] DEBUG FXGL.DefaultMenu     - createMenuBodyGameMenu()
22:55:53.071 [FXGL Background Thread 1 ] DEBUG FXGL.DefaultMenu     - createOptionsMenu()
22:55:53.080 [FXGL Background Thread 1 ] DEBUG GameApplicationServi - Application scenes initialized
22:55:53.091 [FXGL Background Thread 1 ] DEBUG SystemBundleService  - Loading FXGL system data
22:55:53.094 [FXGL Background Thread 1 ] DEBUG FileSystemAccess     - Reading from: C:\Users\xdan1\OneDrive\Documentos\IdeaProjects\Proyecto_POO\system\fxgl.bundle
22:55:53.101 [FXGL Background Thread 1 ] DEBUG SystemBundleService  - Bundle FXGL: {}
22:55:53.102 [FXGL Background Thread 1 ] DEBUG UpdaterService       - Checking for updates
22:55:53.105 [FXGL Background Thread 4 ] DEBUG FXGLApplication      - Loading fonts
22:55:53.105 [FXGL Background Thread 4 ] DEBUG FXGLAssetLoaderServi - Loading from file system: jar:file:///C:/Users/xdan1/.m2/repository/com/github/almasb/fxgl/17.2/fxgl-17.2.jar!/fxglassets/ui/fonts/VarelaRound-Regular.ttf
22:55:53.105 [FXGL Background Thread 1 ] DEBUG FXGLApplication      - Loading default localization
22:55:53.106 [FXGL Background Thread 1 ] DEBUG FXGLAssetLoaderServi - Loading from file system: jar:file:///C:/Users/xdan1/.m2/repository/com/github/almasb/fxgl/17.2/fxgl-17.2.jar!/fxglassets/languages/english.lang
22:55:53.136 [FXGL Background Thread 4 ] DEBUG FXGLAssetLoaderServi - Loading from file system: jar:file:///C:/Users/xdan1/.m2/repository/com/github/almasb/fxgl/17.2/fxgl-17.2.jar!/fxglassets/ui/fonts/Abel-Regular.ttf
22:55:53.140 [FXGL Background Thread 1 ] INFO  FXGLApplication      - FXGL initialization took: 0,377 sec
22:55:53.143 [JavaFX Application Thread] DEBUG Input                - Registered new binding: action0 - LMB
22:55:53.143 [FXGL Background Thread 4 ] DEBUG FXGLAssetLoaderServi - Loading from file system: jar:file:///C:/Users/xdan1/.m2/repository/com/github/almasb/fxgl/17.2/fxgl-17.2.jar!/fxglassets/ui/fonts/TerminalLandMono-Regular.otf
22:55:53.144 [JavaFX Application Thread] DEBUG FXGLAssetLoaderServi - Loading from file system: jar:file:///C:/Users/xdan1/.m2/repository/com/github/almasb/fxgl/17.2/fxgl-17.2.jar!/fxglassets/textures/fxgl_icon.png
22:55:53.151 [FXGL Background Thread 4 ] DEBUG FXGLAssetLoaderServi - Loading from file system: jar:file:///C:/Users/xdan1/.m2/repository/com/github/almasb/fxgl/17.2/fxgl-17.2.jar!/fxglassets/ui/fonts/Courier-Prime.ttf
22:55:53.161 [JavaFX Application Thread] DEBUG FXGLAssetLoaderServi - Loading from file system: jar:file:///C:/Users/xdan1/.m2/repository/com/github/almasb/fxgl/17.2/fxgl-17.2.jar!/fxglassets/textures/fxgl_default_cursor.png
22:55:53.170 [JavaFX Application Thread] DEBUG Input                - Registered new binding: Screenshot - CTRL+8
22:55:53.171 [JavaFX Application Thread] DEBUG Input                - Registered new binding: System info dump - CTRL+9
22:55:53.171 [JavaFX Application Thread] DEBUG Input                - Registered new binding: Restart - CTRL+R
22:55:53.173 [JavaFX Application Thread] DEBUG Input                - Registered new binding: Toggle Debug Camera - CTRL+7
22:55:53.177 [JavaFX Application Thread] DEBUG LoopRunner           - Starting loop
22:55:53.177 [JavaFX Application Thread] DEBUG LoopRunner           - Initializing JavaFX AnimationTimerLoop
22:55:53.180 [JavaFX Application Thread] DEBUG Input                - Clearing active input actions
22:55:53.185 [JavaFX Application Thread] DEBUG GameApplicationServi - Removing overlay from FXGLStartupScene and adding to FXGLMainMenuDummyScene
22:55:53.185 [JavaFX Application Thread] DEBUG PrimaryStageWindow   - FXGLStartupScene -> FXGLMainMenuDummyScene
22:55:53.186 [JavaFX Application Thread] DEBUG PrimaryStageWindow   - Push state: FXGLDefaultMenu
22:55:53.199 [JavaFX Application Thread] DEBUG Input                - Clearing active input actions
22:55:53.212 [JavaFX Application Thread] DEBUG GameApplicationServi - Removing overlay from FXGLMainMenuDummyScene and adding to FXGLDefaultMenu
22:55:53.213 [JavaFX Application Thread] DEBUG PrimaryStageWindow   - FXGLMainMenuDummyScene -> FXGLDefaultMenu
22:55:53.221 [JavaFX Application Thread] DEBUG FXGLApplication      - Registering font factories with UI factory
22:55:53.555 [FXGL Background Thread 2 ] INFO  UpdaterService       - Your current version:  17.2
22:55:53.555 [FXGL Background Thread 2 ] INFO  UpdaterService       - Latest stable version: 17.3
22:55:54.679 [JavaFX Application Thread] DEBUG Menu                 - fireNewGame()
22:55:54.679 [JavaFX Application Thread] DEBUG GameApplicationServi - Starting new game
22:55:54.680 [JavaFX Application Thread] DEBUG PrimaryStageWindow   - Pop state: FXGLDefaultMenu
22:55:54.680 [JavaFX Application Thread] DEBUG Input                - Clearing active input actions
22:55:54.681 [JavaFX Application Thread] DEBUG GameApplicationServi - Removing overlay from FXGLDefaultMenu and adding to FXGLMainMenuDummyScene
22:55:54.681 [JavaFX Application Thread] DEBUG PrimaryStageWindow   - FXGLMainMenuDummyScene <- FXGLDefaultMenu
22:55:54.682 [JavaFX Application Thread] DEBUG Input                - Clearing active input actions
22:55:54.688 [JavaFX Application Thread] DEBUG GameApplicationServi - Removing overlay from FXGLMainMenuDummyScene and adding to FXGLLoadingScene
22:55:54.688 [JavaFX Application Thread] DEBUG PrimaryStageWindow   - FXGLMainMenuDummyScene -> FXGLLoadingScene
22:55:54.688 [JavaFX Application Thread] DEBUG GameApplicationServi - Clearing previous game
22:55:54.688 [JavaFX Application Thread] DEBUG GameScene            - Clearing game scene
22:55:54.688 [JavaFX Application Thread] DEBUG GameWorld            - Clearing game world
22:55:54.688 [JavaFX Application Thread] DEBUG PhysicsWorld         - Clearing physics world
22:55:54.689 [FXGL Background Thread 2 ] DEBUG FXGLApplication      - Initializing game
22:55:54.717 [FXGL Background Thread 2 ] WARN  TMXLevelLoader       - TiledMap generated from 1.10.2. Supported version: 1.9.0. Some features may not be parsed fully.
22:55:54.725 [FXGL Background Thread 2 ] DEBUG TMXLevelLoader       - Parsed TiledMap: file:/C:/Users/xdan1/OneDrive/Documentos/IdeaProjects/Proyecto_POO/target/classes/assets/levels/tmx/fallout.tmx
22:55:54.726 [FXGL Background Thread 2 ] DEBUG TMXLevelLoader       - Creating tile layer entities
22:55:54.728 [FXGL Background Thread 2 ] DEBUG TilesetLoader        - Loading view for layer ground
22:55:54.728 [FXGL Background Thread 2 ] DEBUG TilesetLoader        - Created buffer with size 960.0x640.0
22:55:54.739 [FXGL Background Thread 2 ] DEBUG TilesetLoader        - Loading view for layer path
22:55:54.740 [FXGL Background Thread 2 ] DEBUG TilesetLoader        - Created buffer with size 960.0x640.0
22:55:54.743 [FXGL Background Thread 2 ] DEBUG TilesetLoader        - Loading view for layer decor
22:55:54.743 [FXGL Background Thread 2 ] DEBUG TilesetLoader        - Created buffer with size 960.0x640.0
22:55:54.744 [FXGL Background Thread 2 ] DEBUG TMXLevelLoader       - Creating object layer entities
22:55:54.758 [FXGL Background Thread 2 ] DEBUG GameWorld            - Clearing removable entities
22:55:54.759 [FXGL Background Thread 2 ] DEBUG GameWorld            - Setting level: com.almasb.fxgl.entity.level.Level@181387d3
22:55:54.769 [FXGL Background Thread 2 ] DEBUG FXGLAssetLoaderServi - Loading JSON from: file:/C:/Users/xdan1/OneDrive/Documentos/IdeaProjects/Proyecto_POO/target/classes/assets/json/waves/wave1.json
22:55:54.928 [FXGL Background Thread 2 ] DEBUG FXGLAssetLoaderServi - Loading JSON from: file:/C:/Users/xdan1/OneDrive/Documentos/IdeaProjects/Proyecto_POO/target/classes/assets/json/waves/wave2.json
22:55:54.930 [FXGL Background Thread 2 ] DEBUG FXGLAssetLoaderServi - Loading JSON from: file:/C:/Users/xdan1/OneDrive/Documentos/IdeaProjects/Proyecto_POO/target/classes/assets/json/waves/wave3.json
22:55:54.931 [FXGL Background Thread 2 ] DEBUG FXGLAssetLoaderServi - Loading JSON from: file:/C:/Users/xdan1/OneDrive/Documentos/IdeaProjects/Proyecto_POO/target/classes/assets/json/enemy/scorpion.json
22:55:54.936 [FXGL Background Thread 2 ] DEBUG FXGLAssetLoaderServi - Loading JSON from: file:/C:/Users/xdan1/OneDrive/Documentos/IdeaProjects/Proyecto_POO/target/classes/assets/json/enemy/scorpion.json
22:55:54.937 [FXGL Background Thread 2 ] DEBUG FXGLAssetLoaderServi - Loading JSON from: file:/C:/Users/xdan1/OneDrive/Documentos/IdeaProjects/Proyecto_POO/target/classes/assets/json/enemy/scorpion.json
22:55:54.938 [FXGL Background Thread 2 ] DEBUG FXGLAssetLoaderServi - Loading JSON from: file:/C:/Users/xdan1/OneDrive/Documentos/IdeaProjects/Proyecto_POO/target/classes/assets/json/enemy/scorpion.json
22:55:54.939 [FXGL Background Thread 2 ] DEBUG FXGLAssetLoaderServi - Loading JSON from: file:/C:/Users/xdan1/OneDrive/Documentos/IdeaProjects/Proyecto_POO/target/classes/assets/json/enemy/scorpion.json
22:55:54.940 [FXGL Background Thread 2 ] DEBUG FXGLAssetLoaderServi - Loading JSON from: file:/C:/Users/xdan1/OneDrive/Documentos/IdeaProjects/Proyecto_POO/target/classes/assets/json/enemy/scorpion.json
22:55:54.941 [FXGL Background Thread 2 ] DEBUG FXGLAssetLoaderServi - Loading JSON from: file:/C:/Users/xdan1/OneDrive/Documentos/IdeaProjects/Proyecto_POO/target/classes/assets/json/enemy/scorpion.json
22:55:54.942 [FXGL Background Thread 2 ] DEBUG FXGLAssetLoaderServi - Loading JSON from: file:/C:/Users/xdan1/OneDrive/Documentos/IdeaProjects/Proyecto_POO/target/classes/assets/json/enemy/scorpion.json
22:55:54.943 [FXGL Background Thread 2 ] DEBUG FXGLAssetLoaderServi - Loading JSON from: file:/C:/Users/xdan1/OneDrive/Documentos/IdeaProjects/Proyecto_POO/target/classes/assets/json/enemy/scorpion.json
22:55:54.944 [FXGL Background Thread 2 ] DEBUG FXGLAssetLoaderServi - Loading JSON from: file:/C:/Users/xdan1/OneDrive/Documentos/IdeaProjects/Proyecto_POO/target/classes/assets/json/enemy/scorpion.json
22:55:54.944 [FXGL Background Thread 2 ] INFO  FXGLApplication      - Game initialization took: 0,254 sec
22:55:54.946 [JavaFX Application Thread] DEBUG Input                - Clearing active input actions
22:55:54.950 [JavaFX Application Thread] DEBUG GameApplicationServi - Removing overlay from FXGLLoadingScene and adding to GameScene
22:55:54.950 [JavaFX Application Thread] DEBUG PrimaryStageWindow   - FXGLLoadingScene -> GameScene
22:55:56.105 [FXGL Background Thread 3 ] DEBUG Engine               - Logging environment variables
22:55:56.105 [FXGL Background Thread 3 ] DEBUG Engine               - achievements: []
22:55:56.105 [FXGL Background Thread 3 ] DEBUG Engine               - actualHeight: 640.0
22:55:56.105 [FXGL Background Thread 3 ] DEBUG Engine               - actualHeightProperty: ReadOnlyDoubleProperty [value: 640.0]
22:55:56.105 [FXGL Background Thread 3 ] DEBUG Engine               - actualWidth: 960.0
22:55:56.105 [FXGL Background Thread 3 ] DEBUG Engine               - actualWidthProperty: ReadOnlyDoubleProperty [value: 960.0]
22:55:56.105 [FXGL Background Thread 3 ] DEBUG Engine               - appIcon: fxgl_icon.png
22:55:56.105 [FXGL Background Thread 3 ] DEBUG Engine               - applicationMode: DEVELOPER
22:55:56.105 [FXGL Background Thread 3 ] DEBUG Engine               - cSSList: [fxgl_dark.css]
22:55:56.105 [FXGL Background Thread 3 ] DEBUG Engine               - collisionDetectionStrategy: BRUTE_FORCE
22:55:56.105 [FXGL Background Thread 3 ] DEBUG Engine               - configClass: Optional.empty
22:55:56.105 [FXGL Background Thread 3 ] DEBUG Engine               - credits: []
22:55:56.105 [FXGL Background Thread 3 ] DEBUG Engine               - defaultCursor: CursorInfo(imageName=fxgl_default_cursor.png, hotspotX=7.0, hotspotY=6.0)
22:55:56.107 [FXGL Background Thread 3 ] DEBUG Engine               - devBBoxColorProperty: ObjectProperty [value: 0xff0000ff]
22:55:56.107 [FXGL Background Thread 3 ] DEBUG Engine               - devEnableDebugCameraProperty: BooleanProperty [value: false]
22:55:56.107 [FXGL Background Thread 3 ] DEBUG Engine               - devSensorColorProperty: ObjectProperty [value: 0xffff00ff]
22:55:56.107 [FXGL Background Thread 3 ] DEBUG Engine               - devShowBBoxProperty: BooleanProperty [value: false]
22:55:56.107 [FXGL Background Thread 3 ] DEBUG Engine               - devShowPositionProperty: BooleanProperty [value: false]
22:55:56.107 [FXGL Background Thread 3 ] DEBUG Engine               - enabledMenuItems: []
22:55:56.107 [FXGL Background Thread 3 ] DEBUG Engine               - engineServices: [class com.almasb.fxgl.app.services.FXGLAssetLoaderService, class com.almasb.fxgl.app.FXGLApplication$GameApplicationService, class com.almasb.fxgl.app.services.FXGLDialogService, class com.almasb.fxgl.app.services.IOTaskExecutorService, class com.almasb.fxgl.io.FileSystemService, class com.almasb.fxgl.localization.LocalizationService, class com.almasb.fxgl.app.services.SystemBundleService, class com.almasb.fxgl.profile.SaveLoadService, class com.almasb.fxgl.ui.FXGLUIFactoryServiceProvider, class com.almasb.fxgl.ui.FXGLDialogFactoryServiceProvider, class com.almasb.fxgl.audio.AudioPlayer, class com.almasb.fxgl.notification.impl.NotificationServiceProvider, class com.almasb.fxgl.achievement.AchievementService, class com.almasb.fxgl.cutscene.CutsceneService, class com.almasb.fxgl.minigames.MiniGameService, class com.almasb.fxgl.net.NetService, class com.almasb.fxgl.app.services.UpdaterService, class com.almasb.fxgl.dev.DevService]
22:55:56.107 [FXGL Background Thread 3 ] DEBUG Engine               - fontGame: Abel-Regular.ttf
22:55:56.107 [FXGL Background Thread 3 ] DEBUG Engine               - fontMono: TerminalLandMono-Regular.otf
22:55:56.107 [FXGL Background Thread 3 ] DEBUG Engine               - fontText: Courier-Prime.ttf
22:55:56.107 [FXGL Background Thread 3 ] DEBUG Engine               - fontUI: VarelaRound-Regular.ttf
22:55:56.107 [FXGL Background Thread 3 ] DEBUG Engine               - fullScreen: BooleanProperty [value: false]
22:55:56.107 [FXGL Background Thread 3 ] DEBUG Engine               - gameDifficulty: MEDIUM
22:55:56.107 [FXGL Background Thread 3 ] DEBUG Engine               - gameDifficultyProperty: ObjectProperty [value: MEDIUM]
22:55:56.107 [FXGL Background Thread 3 ] DEBUG Engine               - globalMusicVolume: 0.5
22:55:56.107 [FXGL Background Thread 3 ] DEBUG Engine               - globalMusicVolumeProperty: DoubleProperty [value: 0.5]
22:55:56.107 [FXGL Background Thread 3 ] DEBUG Engine               - globalSoundVolume: 0.5
22:55:56.107 [FXGL Background Thread 3 ] DEBUG Engine               - globalSoundVolumeProperty: DoubleProperty [value: 0.5]
22:55:56.107 [FXGL Background Thread 3 ] DEBUG Engine               - height: 640
22:55:56.107 [FXGL Background Thread 3 ] DEBUG Engine               - is3D: false
22:55:56.107 [FXGL Background Thread 3 ] DEBUG Engine               - isAndroid: false
22:55:56.107 [FXGL Background Thread 3 ] DEBUG Engine               - isBrowser: false
22:55:56.107 [FXGL Background Thread 3 ] DEBUG Engine               - isClickFeedbackEnabled: false
22:55:56.107 [FXGL Background Thread 3 ] DEBUG Engine               - isCloseConfirmation: false
22:55:56.107 [FXGL Background Thread 3 ] DEBUG Engine               - isDesktop: true
22:55:56.107 [FXGL Background Thread 3 ] DEBUG Engine               - isDeveloperMenuEnabled: false
22:55:56.107 [FXGL Background Thread 3 ] DEBUG Engine               - isEmbedded: false
22:55:56.107 [FXGL Background Thread 3 ] DEBUG Engine               - isEntityPreloadEnabled: true
22:55:56.107 [FXGL Background Thread 3 ] DEBUG Engine               - isExperimentalTiledLargeMap: false
22:55:56.107 [FXGL Background Thread 3 ] DEBUG Engine               - isFileSystemWriteAllowed: true
22:55:56.107 [FXGL Background Thread 3 ] DEBUG Engine               - isFullScreenAllowed: false
22:55:56.107 [FXGL Background Thread 3 ] DEBUG Engine               - isFullScreenFromStart: false
22:55:56.107 [FXGL Background Thread 3 ] DEBUG Engine               - isGameMenuEnabled: true
22:55:56.107 [FXGL Background Thread 3 ] DEBUG Engine               - isIOS: false
22:55:56.107 [FXGL Background Thread 3 ] DEBUG Engine               - isIntroEnabled: false
22:55:56.107 [FXGL Background Thread 3 ] DEBUG Engine               - isLinux: false
22:55:56.107 [FXGL Background Thread 3 ] DEBUG Engine               - isMac: false
22:55:56.107 [FXGL Background Thread 3 ] DEBUG Engine               - isMainMenuEnabled: true
22:55:56.107 [FXGL Background Thread 3 ] DEBUG Engine               - isManualResizeEnabled: false
22:55:56.107 [FXGL Background Thread 3 ] DEBUG Engine               - isMobile: false
22:55:56.107 [FXGL Background Thread 3 ] DEBUG Engine               - isNative: false
22:55:56.107 [FXGL Background Thread 3 ] DEBUG Engine               - isPauseMusicWhenMinimized: true
22:55:56.107 [FXGL Background Thread 3 ] DEBUG Engine               - isPreserveResizeRatio: false
22:55:56.107 [FXGL Background Thread 3 ] DEBUG Engine               - isProfilingEnabled: false
22:55:56.107 [FXGL Background Thread 3 ] DEBUG Engine               - isScaleAffectedOnResize: true
22:55:56.107 [FXGL Background Thread 3 ] DEBUG Engine               - isSingleStep: false
22:55:56.107 [FXGL Background Thread 3 ] DEBUG Engine               - isUserProfileEnabled: false
22:55:56.107 [FXGL Background Thread 3 ] DEBUG Engine               - isWindows: true
22:55:56.107 [FXGL Background Thread 3 ] DEBUG Engine               - language: ObjectProperty [value: ENGLISH]
22:55:56.107 [FXGL Background Thread 3 ] DEBUG Engine               - menuKey: ESCAPE
22:55:56.107 [FXGL Background Thread 3 ] DEBUG Engine               - mouseSensitivity: 0.2
22:55:56.107 [FXGL Background Thread 3 ] DEBUG Engine               - notificationViewClass: class com.almasb.fxgl.notification.view.XboxNotificationView
22:55:56.107 [FXGL Background Thread 3 ] DEBUG Engine               - pixelsPerMeter: 50.0
22:55:56.107 [FXGL Background Thread 3 ] DEBUG Engine               - platform: WINDOWS
22:55:56.107 [FXGL Background Thread 3 ] DEBUG Engine               - prefHeightProperty: ReadOnlyDoubleProperty [value: 640.0]
22:55:56.108 [FXGL Background Thread 3 ] DEBUG Engine               - prefWidthProperty: ReadOnlyDoubleProperty [value: 960.0]
22:55:56.108 [FXGL Background Thread 3 ] DEBUG Engine               - profileDir: profiles/
22:55:56.108 [FXGL Background Thread 3 ] DEBUG Engine               - profileName: StringProperty [value: DEFAULT]
22:55:56.108 [FXGL Background Thread 3 ] DEBUG Engine               - randomSeed: -1
22:55:56.108 [FXGL Background Thread 3 ] DEBUG Engine               - runtimeInfo: RuntimeInfo(platform=WINDOWS, version=17.2, build=20.08.2022 16.50)
22:55:56.108 [FXGL Background Thread 3 ] DEBUG Engine               - saveFileExt: sav
22:55:56.108 [FXGL Background Thread 3 ] DEBUG Engine               - scaledHeightProp$fxgl: DoubleProperty [bound, value: 640.0]
22:55:56.108 [FXGL Background Thread 3 ] DEBUG Engine               - scaledWidthProp$fxgl: DoubleProperty [bound, value: 960.0]
22:55:56.108 [FXGL Background Thread 3 ] DEBUG Engine               - sceneFactory: com.almasb.fxgl.app.scene.SceneFactory@3fa8adc0
22:55:56.108 [FXGL Background Thread 3 ] DEBUG Engine               - secondsIn24h: 60
22:55:56.108 [FXGL Background Thread 3 ] DEBUG Engine               - soundMenuBack: menu/back.wav
22:55:56.108 [FXGL Background Thread 3 ] DEBUG Engine               - soundMenuPress: menu/press.wav
22:55:56.108 [FXGL Background Thread 3 ] DEBUG Engine               - soundMenuSelect: menu/select.wav
22:55:56.108 [FXGL Background Thread 3 ] DEBUG Engine               - soundNotification: core/notification.wav
22:55:56.108 [FXGL Background Thread 3 ] DEBUG Engine               - stageStyle: DECORATED
22:55:56.108 [FXGL Background Thread 3 ] DEBUG Engine               - supportedLanguages: [ENGLISH, FRENCH, GERMAN, HUNGARIAN, RUSSIAN]
22:55:56.108 [FXGL Background Thread 3 ] DEBUG Engine               - ticksPerSecond: -1
22:55:56.108 [FXGL Background Thread 3 ] DEBUG Engine               - title: Fallout Tower Defense
22:55:56.108 [FXGL Background Thread 3 ] DEBUG Engine               - urlGithub: https://github.com/AlmasB/FXGL
22:55:56.108 [FXGL Background Thread 3 ] DEBUG Engine               - urlLeaderboard: http://fxgl-top.herokuapp.com/
22:55:56.108 [FXGL Background Thread 3 ] DEBUG Engine               - urlPOM: https://raw.githubusercontent.com/AlmasB/FXGL/release/README.md
22:55:56.108 [FXGL Background Thread 3 ] DEBUG Engine               - userAppClass: class fallout.proyecto_poo.FalloutTDApplication
22:55:56.108 [FXGL Background Thread 3 ] DEBUG Engine               - version: 0.0
22:55:56.108 [FXGL Background Thread 3 ] DEBUG Engine               - versionCheckDays: 7
22:55:56.108 [FXGL Background Thread 3 ] DEBUG Engine               - width: 960
22:55:56.108 [FXGL Background Thread 3 ] DEBUG Engine               - Logging services
22:55:56.109 [FXGL Background Thread 3 ] DEBUG Engine               - class com.almasb.fxgl.app.services.FXGLAssetLoaderService
22:55:56.109 [FXGL Background Thread 3 ] DEBUG Engine               - class com.almasb.fxgl.app.FXGLApplication$GameApplicationService
22:55:56.109 [FXGL Background Thread 3 ] DEBUG Engine               - class com.almasb.fxgl.app.services.FXGLDialogService
22:55:56.109 [FXGL Background Thread 3 ] DEBUG Engine               - class com.almasb.fxgl.app.services.IOTaskExecutorService
22:55:56.109 [FXGL Background Thread 3 ] DEBUG Engine               - class com.almasb.fxgl.io.FileSystemService
22:55:56.109 [FXGL Background Thread 3 ] DEBUG Engine               - class com.almasb.fxgl.localization.LocalizationService
22:55:56.109 [FXGL Background Thread 3 ] DEBUG Engine               - class com.almasb.fxgl.app.services.SystemBundleService
22:55:56.109 [FXGL Background Thread 3 ] DEBUG Engine               - class com.almasb.fxgl.profile.SaveLoadService
22:55:56.109 [FXGL Background Thread 3 ] DEBUG Engine               - class com.almasb.fxgl.ui.FXGLUIFactoryServiceProvider
22:55:56.109 [FXGL Background Thread 3 ] DEBUG Engine               - class com.almasb.fxgl.ui.FXGLDialogFactoryServiceProvider
22:55:56.109 [FXGL Background Thread 3 ] DEBUG Engine               - class com.almasb.fxgl.audio.AudioPlayer
22:55:56.109 [FXGL Background Thread 3 ] DEBUG Engine               - class com.almasb.fxgl.notification.impl.NotificationServiceProvider
22:55:56.109 [FXGL Background Thread 3 ] DEBUG Engine               - class com.almasb.fxgl.achievement.AchievementService
22:55:56.109 [FXGL Background Thread 3 ] DEBUG Engine               - class com.almasb.fxgl.cutscene.CutsceneService
22:55:56.109 [FXGL Background Thread 3 ] DEBUG Engine               - class com.almasb.fxgl.minigames.MiniGameService
22:55:56.109 [FXGL Background Thread 3 ] DEBUG Engine               - class com.almasb.fxgl.net.NetService
22:55:56.109 [FXGL Background Thread 3 ] DEBUG Engine               - class com.almasb.fxgl.app.services.UpdaterService
22:55:56.109 [FXGL Background Thread 3 ] DEBUG Engine               - class com.almasb.fxgl.dev.DevService
22:55:56.562 [JavaFX Application Thread] DEBUG FXGLAssetLoaderServi - Loading from file system: file:/C:/Users/xdan1/OneDrive/Documentos/IdeaProjects/Proyecto_POO/target/classes/assets/textures/enemy/scorpion.png
22:55:58.906 [JavaFX Application Thread] DEBUG FXGLAssetLoaderServi - Loading JSON from: file:/C:/Users/xdan1/OneDrive/Documentos/IdeaProjects/Proyecto_POO/target/classes/assets/json/turrets/simpleTurret.json
22:55:58.910 [JavaFX Application Thread] DEBUG FXGLAssetLoaderServi - Loading from file system: file:/C:/Users/xdan1/OneDrive/Documentos/IdeaProjects/Proyecto_POO/target/classes/assets/textures/turrets/turret.png
22:55:59.026 [JavaFX Application Thread] DEBUG FXGLAssetLoaderServi - Loading from file system: file:/C:/Users/xdan1/OneDrive/Documentos/IdeaProjects/Proyecto_POO/target/classes/assets/textures/bullets/projectile.png
22:55:59.054 [JavaFX Application Thread] DEBUG FXGLAssetLoaderServi - Loading JSON from: file:/C:/Users/xdan1/OneDrive/Documentos/IdeaProjects/Proyecto_POO/target/classes/assets/json/turrets/simpleTurret.json
22:55:59.120 [JavaFX Application Thread] DEBUG FXGLAssetLoaderServi - Loading from file system: file:/C:/Users/xdan1/OneDrive/Documentos/IdeaProjects/Proyecto_POO/target/classes/assets/textures/bullets/explosion.png
22:55:59.218 [JavaFX Application Thread] DEBUG FXGLAssetLoaderServi - Loading JSON from: file:/C:/Users/xdan1/OneDrive/Documentos/IdeaProjects/Proyecto_POO/target/classes/assets/json/turrets/simpleTurret.json
22:55:59.383 [JavaFX Application Thread] DEBUG FXGLAssetLoaderServi - Loading JSON from: file:/C:/Users/xdan1/OneDrive/Documentos/IdeaProjects/Proyecto_POO/target/classes/assets/json/turrets/simpleTurret.json
22:55:59.557 [JavaFX Application Thread] DEBUG FXGLAssetLoaderServi - Loading JSON from: file:/C:/Users/xdan1/OneDrive/Documentos/IdeaProjects/Proyecto_POO/target/classes/assets/json/turrets/simpleTurret.json
22:55:59.710 [JavaFX Application Thread] DEBUG FXGLAssetLoaderServi - Loading JSON from: file:/C:/Users/xdan1/OneDrive/Documentos/IdeaProjects/Proyecto_POO/target/classes/assets/json/turrets/simpleTurret.json
22:55:59.865 [JavaFX Application Thread] DEBUG FXGLAssetLoaderServi - Loading JSON from: file:/C:/Users/xdan1/OneDrive/Documentos/IdeaProjects/Proyecto_POO/target/classes/assets/json/turrets/simpleTurret.json
22:56:00.036 [JavaFX Application Thread] DEBUG FXGLAssetLoaderServi - Loading JSON from: file:/C:/Users/xdan1/OneDrive/Documentos/IdeaProjects/Proyecto_POO/target/classes/assets/json/turrets/simpleTurret.json
22:56:00.231 [JavaFX Application Thread] DEBUG FXGLAssetLoaderServi - Loading JSON from: file:/C:/Users/xdan1/OneDrive/Documentos/IdeaProjects/Proyecto_POO/target/classes/assets/json/turrets/simpleTurret.json
22:56:00.403 [JavaFX Application Thread] DEBUG FXGLAssetLoaderServi - Loading JSON from: file:/C:/Users/xdan1/OneDrive/Documentos/IdeaProjects/Proyecto_POO/target/classes/assets/json/turrets/simpleTurret.json
22:56:00.577 [JavaFX Application Thread] DEBUG FXGLAssetLoaderServi - Loading JSON from: file:/C:/Users/xdan1/OneDrive/Documentos/IdeaProjects/Proyecto_POO/target/classes/assets/json/turrets/simpleTurret.json
22:56:00.736 [JavaFX Application Thread] DEBUG FXGLAssetLoaderServi - Loading JSON from: file:/C:/Users/xdan1/OneDrive/Documentos/IdeaProjects/Proyecto_POO/target/classes/assets/json/turrets/simpleTurret.json
22:56:01.039 [JavaFX Application Thread] DEBUG FXGLAssetLoaderServi - Loading JSON from: file:/C:/Users/xdan1/OneDrive/Documentos/IdeaProjects/Proyecto_POO/target/classes/assets/json/turrets/simpleTurret.json
22:56:01.218 [JavaFX Application Thread] DEBUG FXGLAssetLoaderServi - Loading JSON from: file:/C:/Users/xdan1/OneDrive/Documentos/IdeaProjects/Proyecto_POO/target/classes/assets/json/turrets/simpleTurret.json
22:56:01.397 [JavaFX Application Thread] DEBUG FXGLAssetLoaderServi - Loading JSON from: file:/C:/Users/xdan1/OneDrive/Documentos/IdeaProjects/Proyecto_POO/target/classes/assets/json/turrets/simpleTurret.json
22:56:01.557 [JavaFX Application Thread] DEBUG FXGLAssetLoaderServi - Loading JSON from: file:/C:/Users/xdan1/OneDrive/Documentos/IdeaProjects/Proyecto_POO/target/classes/assets/json/turrets/simpleTurret.json
22:56:02.012 [JavaFX Application Thread] DEBUG FXGLAssetLoaderServi - Loading JSON from: file:/C:/Users/xdan1/OneDrive/Documentos/IdeaProjects/Proyecto_POO/target/classes/assets/json/turrets/simpleTurret.json
22:56:02.181 [JavaFX Application Thread] DEBUG FXGLAssetLoaderServi - Loading JSON from: file:/C:/Users/xdan1/OneDrive/Documentos/IdeaProjects/Proyecto_POO/target/classes/assets/json/turrets/simpleTurret.json
22:56:02.358 [JavaFX Application Thread] DEBUG FXGLAssetLoaderServi - Loading JSON from: file:/C:/Users/xdan1/OneDrive/Documentos/IdeaProjects/Proyecto_POO/target/classes/assets/json/turrets/simpleTurret.json
22:56:02.541 [JavaFX Application Thread] DEBUG FXGLAssetLoaderServi - Loading JSON from: file:/C:/Users/xdan1/OneDrive/Documentos/IdeaProjects/Proyecto_POO/target/classes/assets/json/turrets/simpleTurret.json
22:56:02.726 [JavaFX Application Thread] DEBUG FXGLAssetLoaderServi - Loading JSON from: file:/C:/Users/xdan1/OneDrive/Documentos/IdeaProjects/Proyecto_POO/target/classes/assets/json/turrets/simpleTurret.json
22:56:02.766 [JavaFX Application Thread] DEBUG FXGLAssetLoaderServi - Loading JSON from: file:/C:/Users/xdan1/OneDrive/Documentos/IdeaProjects/Proyecto_POO/target/classes/assets/json/enemy/scorpion.json
22:56:02.767 [JavaFX Application Thread] DEBUG FXGLAssetLoaderServi - Loading JSON from: file:/C:/Users/xdan1/OneDrive/Documentos/IdeaProjects/Proyecto_POO/target/classes/assets/json/enemy/scorpion.json
22:56:02.768 [JavaFX Application Thread] DEBUG FXGLAssetLoaderServi - Loading JSON from: file:/C:/Users/xdan1/OneDrive/Documentos/IdeaProjects/Proyecto_POO/target/classes/assets/json/enemy/scorpion.json
22:56:02.768 [JavaFX Application Thread] DEBUG FXGLAssetLoaderServi - Loading JSON from: file:/C:/Users/xdan1/OneDrive/Documentos/IdeaProjects/Proyecto_POO/target/classes/assets/json/enemy/scorpion.json
22:56:02.769 [JavaFX Application Thread] DEBUG FXGLAssetLoaderServi - Loading JSON from: file:/C:/Users/xdan1/OneDrive/Documentos/IdeaProjects/Proyecto_POO/target/classes/assets/json/enemy/scorpion.json
22:56:02.904 [JavaFX Application Thread] DEBUG FXGLAssetLoaderServi - Loading JSON from: file:/C:/Users/xdan1/OneDrive/Documentos/IdeaProjects/Proyecto_POO/target/classes/assets/json/turrets/simpleTurret.json
22:56:03.094 [JavaFX Application Thread] DEBUG FXGLAssetLoaderServi - Loading JSON from: file:/C:/Users/xdan1/OneDrive/Documentos/IdeaProjects/Proyecto_POO/target/classes/assets/json/turrets/simpleTurret.json
22:56:03.281 [JavaFX Application Thread] DEBUG FXGLAssetLoaderServi - Loading JSON from: file:/C:/Users/xdan1/OneDrive/Documentos/IdeaProjects/Proyecto_POO/target/classes/assets/json/turrets/simpleTurret.json
22:56:03.462 [JavaFX Application Thread] DEBUG FXGLAssetLoaderServi - Loading JSON from: file:/C:/Users/xdan1/OneDrive/Documentos/IdeaProjects/Proyecto_POO/target/classes/assets/json/turrets/simpleTurret.json
22:56:03.632 [JavaFX Application Thread] DEBUG LoopRunner           - Stopping loop
22:56:03.633 [JavaFX Application Thread] FATAL FXGLApplication      - Uncaught Exception:
java.lang.ArrayIndexOutOfBoundsException: Index 3 out of bounds for length 3
	at java.base/java.util.ImmutableCollections$ListN.get(ImmutableCollections.java:687)
	at fallout.proyecto_poo/fallout.proyecto_poo.FalloutTDApplication.scheduleNextWave(FalloutTDApplication.java:97)
	at fallout.proyecto_poo/fallout.proyecto_poo.FalloutTDApplication.onWaveEnd(FalloutTDApplication.java:104)
	at fallout.proyecto_poo/fallout.proyecto_poo.FalloutTDApplication.lambda$initVarListeners$0(FalloutTDApplication.java:75)
	at com.almasb.fxgl.core@17.2/com.almasb.fxgl.core.collection.PropertyMap.addListener$lambda-5(PropertyMap.kt:180)
	at javafx.base@20.0.1/com.sun.javafx.binding.ExpressionHelper$Generic.fireValueChangedEvent(ExpressionHelper.java:360)
	at javafx.base@20.0.1/com.sun.javafx.binding.ExpressionHelper.fireValueChangedEvent(ExpressionHelper.java:80)
	at javafx.base@20.0.1/javafx.beans.property.IntegerPropertyBase.fireValueChangedEvent(IntegerPropertyBase.java:107)
	at javafx.base@20.0.1/javafx.beans.property.IntegerPropertyBase.markInvalid(IntegerPropertyBase.java:114)
	at javafx.base@20.0.1/javafx.beans.property.IntegerPropertyBase.set(IntegerPropertyBase.java:148)
	at javafx.base@20.0.1/javafx.beans.property.IntegerProperty.setValue(IntegerProperty.java:77)
	at com.almasb.fxgl.core@17.2/com.almasb.fxgl.core.collection.PropertyMap.increment(PropertyMap.kt:143)
	at com.almasb.fxgl.all@17.2/com.almasb.fxgl.dsl.FXGL$Companion.inc(FXGL.kt:326)
	at com.almasb.fxgl.all@17.2/com.almasb.fxgl.dsl.FXGL.inc(FXGL.kt)
	at fallout.proyecto_poo/fallout.proyecto_poo.FalloutTDApplication.onEnemyKilled(FalloutTDApplication.java:80)
	at fallout.proyecto_poo/fallout.proyecto_poo.components.BulletComponent.onUpdate(BulletComponent.java:36)
	at com.almasb.fxgl.entity@17.2/com.almasb.fxgl.entity.Entity$ComponentMap.update(Entity.java:60)
	at com.almasb.fxgl.entity@17.2/com.almasb.fxgl.entity.Entity.update(Entity.java:248)
	at com.almasb.fxgl.entity@17.2/com.almasb.fxgl.entity.GameWorld.onUpdate(GameWorld.kt:177)
	at com.almasb.fxgl.all@17.2/com.almasb.fxgl.app.scene.GameScene.step(GameScene.kt:228)
	at com.almasb.fxgl.all@17.2/com.almasb.fxgl.app.scene.GameScene.onUpdate(GameScene.kt:224)
	at com.almasb.fxgl.scene@17.2/com.almasb.fxgl.scene.Scene.update(Scene.kt:105)
	at com.almasb.fxgl.all@17.2/com.almasb.fxgl.app.MainWindow$update$1.invoke(MainWindow.kt:115)
	at com.almasb.fxgl.all@17.2/com.almasb.fxgl.app.MainWindow$update$1.invoke(MainWindow.kt:115)
	at com.almasb.fxgl.core@17.2/com.almasb.fxgl.core.fsm.StateMachine.runOnActiveStates(StateMachine.kt:69)
	at com.almasb.fxgl.all@17.2/com.almasb.fxgl.app.MainWindow.update(MainWindow.kt:115)
	at com.almasb.fxgl.all@17.2/com.almasb.fxgl.app.FXGLApplication$GameApplicationService.onUpdate(FXGLApplication.kt:426)
	at com.almasb.fxgl.all@17.2/com.almasb.fxgl.app.Engine.loop(Engine.kt:134)
	at com.almasb.fxgl.all@17.2/com.almasb.fxgl.app.Engine.access$loop(Engine.kt:24)
	at com.almasb.fxgl.all@17.2/com.almasb.fxgl.app.Engine$loop$1.invoke(Engine.kt:28)
	at com.almasb.fxgl.all@17.2/com.almasb.fxgl.app.Engine$loop$1.invoke(Engine.kt:28)
	at com.almasb.fxgl.all@17.2/com.almasb.fxgl.app.LoopRunner.frame(LoopRunner.kt:103)
	at com.almasb.fxgl.all@17.2/com.almasb.fxgl.app.LoopRunner.access$frame(LoopRunner.kt:23)
	at com.almasb.fxgl.all@17.2/com.almasb.fxgl.app.LoopRunner$impl$2$1.onTick(LoopRunner.kt:57)
	at com.almasb.fxgl.all@17.2/com.almasb.fxgl.app.AnimationTimerLoop$timer$1.handle(LoopRunner.kt:137)
	at javafx.graphics@20.0.1/javafx.animation.AnimationTimer$AnimationTimerReceiver.lambda$handle$0(AnimationTimer.java:58)
	at java.base/java.security.AccessController.doPrivileged(AccessController.java:400)
	at javafx.graphics@20.0.1/javafx.animation.AnimationTimer$AnimationTimerReceiver.handle(AnimationTimer.java:57)
	at javafx.graphics@20.0.1/com.sun.scenario.animation.AbstractPrimaryTimer.timePulseImpl(AbstractPrimaryTimer.java:356)
	at javafx.graphics@20.0.1/com.sun.scenario.animation.AbstractPrimaryTimer$MainLoop.run(AbstractPrimaryTimer.java:266)
	at javafx.graphics@20.0.1/com.sun.javafx.tk.quantum.QuantumToolkit.pulse(QuantumToolkit.java:588)
	at javafx.graphics@20.0.1/com.sun.javafx.tk.quantum.QuantumToolkit.pulse(QuantumToolkit.java:572)
	at javafx.graphics@20.0.1/com.sun.javafx.tk.quantum.QuantumToolkit.pulseFromQueue(QuantumToolkit.java:565)
	at javafx.graphics@20.0.1/com.sun.javafx.tk.quantum.QuantumToolkit.lambda$runToolkit$11(QuantumToolkit.java:352)
	at javafx.graphics@20.0.1/com.sun.glass.ui.InvokeLaterDispatcher$Future.run(InvokeLaterDispatcher.java:95)
	at javafx.graphics@20.0.1/com.sun.glass.ui.win.WinApplication._runLoop(Native Method)
	at javafx.graphics@20.0.1/com.sun.glass.ui.win.WinApplication.lambda$runLoop$3(WinApplication.java:185)
	at java.base/java.lang.Thread.run(Thread.java:1583)

22:56:03.633 [JavaFX Application Thread] FATAL FXGLApplication      - Application will now exit
22:56:03.646 [JavaFX Application Thread] DEBUG PrimaryStageWindow   - Push state: ErrorSubScene
22:56:03.646 [JavaFX Application Thread] DEBUG Input                - Clearing active input actions
22:56:03.647 [JavaFX Application Thread] DEBUG GameApplicationServi - Removing overlay from GameScene and adding to ErrorSubScene
22:56:03.647 [JavaFX Application Thread] DEBUG PrimaryStageWindow   - GameScene -> ErrorSubScene
22:56:08.257 [JavaFX Application Thread] DEBUG FXGLApplication      - Exiting FXGL
22:56:08.258 [JavaFX Application Thread] DEBUG Async                - Shutting down background threads
22:56:08.258 [JavaFX Application Thread] DEBUG PrimaryStageWindow   - Closing main window
22:56:08.271 [JavaFX Application Thread] DEBUG Logger               - Closing Logger
