18:31:06.726 [main                     ] DEBUG Logger               - Configured Logger
18:31:06.806 [main                     ] DEBUG GameApplication      - Logging settings
Title: Fallout Tower Defense
Version: 0.0
Width: 800
Height: 600
Fullscreen: false
Intro: false
Profiling: false
Single step:false
App Mode: DEVELOPER
Menu Key: ESCAPE
Stage Style: DECORATED
Scene Factory: class com.almasb.fxgl.app.scene.SceneFactory

18:31:07.427 [JavaFX Application Thread] DEBUG FXGLApplication      - Initializing FXGL
18:31:07.440 [JavaFX Application Thread] INFO  Engine               - FXGL-17.2 (20.08.2022 16.50) on WINDOWS (J:20.0.2 FX:20)
18:31:07.442 [JavaFX Application Thread] DEBUG Engine               - JRE Vendor Name: Oracle Corporation
18:31:07.443 [JavaFX Application Thread] DEBUG Engine               - Running on OS: Windows 11 version 10.0
18:31:07.444 [JavaFX Application Thread] DEBUG Engine               - Architecture: amd64
18:31:07.444 [JavaFX Application Thread] INFO  Engine               - Source code and latest versions at: https://github.com/AlmasB/FXGL
18:31:07.444 [JavaFX Application Thread] INFO  Engine               -       Ask questions and discuss at: https://github.com/AlmasB/FXGL/discussions
18:31:07.445 [JavaFX Application Thread] INFO  Engine               -              Join the FXGL chat at: https://gitter.im/AlmasB/FXGL
18:31:07.614 [JavaFX Application Thread] DEBUG PrimaryStageWindow   - Creating a JavaFX scene
18:31:07.735 [JavaFX Application Thread] DEBUG PrimaryStageWindow   - Target settings size: 800.0 x 600.0
18:31:07.735 [JavaFX Application Thread] DEBUG PrimaryStageWindow   - Scaled scene size:    800.0 x 600.0
18:31:07.735 [JavaFX Application Thread] DEBUG PrimaryStageWindow   - Scaled ratio: (1.0, 1.0)
18:31:07.738 [JavaFX Application Thread] DEBUG PrimaryStageWindow   - Set initial scene to FXGLStartupScene
18:31:07.783 [JavaFX Application Thread] DEBUG PrimaryStageWindow   - Opening main window
18:31:07.935 [JavaFX Application Thread] DEBUG PrimaryStageWindow   - Window border size: (16.0, 39.0)
18:31:07.936 [JavaFX Application Thread] DEBUG PrimaryStageWindow   - Scaled size: 800.0 x 600.0
18:31:07.936 [JavaFX Application Thread] DEBUG PrimaryStageWindow   - Scaled ratio: (1.0, 1.0)
18:31:07.936 [JavaFX Application Thread] DEBUG PrimaryStageWindow   - Scene size: 800.0 x 600.0
18:31:07.937 [JavaFX Application Thread] DEBUG PrimaryStageWindow   - Stage size: 816.0 x 639.0
18:31:07.996 [FXGL Background Thread 1 ] DEBUG Engine               - Initializing environment variables
18:31:08.099 [FXGL Background Thread 1 ] DEBUG FXGLAssetLoaderServi - User app class for loading assets: class com.example.proyecto_poo.FalloutTDApplication
18:31:08.099 [FXGL Background Thread 1 ] DEBUG GameApplicationServi - Applying CSS: fxgl_dark.css
18:31:08.100 [FXGL Background Thread 1 ] DEBUG FXGLAssetLoaderServi - Loading from file system: jar:file:///C:/Users/xdan1/.m2/repository/com/github/almasb/fxgl/17.2/fxgl-17.2.jar!/fxglassets/ui/css/fxgl_dark.css
18:31:08.220 [FXGL Background Thread 1 ] DEBUG GameApplicationServi - Initializing application scenes
18:31:08.476 [FXGL Background Thread 1 ] DEBUG GameWorld            - Game world initialized
18:31:08.569 [FXGL Background Thread 1 ] DEBUG PhysicsWorld         - Physics world initialized: appHeight=600, physics.ppm=50,0
18:31:08.570 [FXGL Background Thread 1 ] DEBUG PhysicsWorld         - Using strategy: BRUTE_FORCE
18:31:08.583 [FXGL Background Thread 1 ] DEBUG GameScene            - Game scene initialized: 800x600
18:31:08.601 [FXGL Background Thread 1 ] DEBUG FXGL.DefaultMenu     - createMenuBodyGameMenu()
18:31:08.627 [FXGL Background Thread 1 ] DEBUG FXGL.DefaultMenu     - createOptionsMenu()
18:31:08.646 [FXGL Background Thread 1 ] DEBUG FXGLAssetLoaderServi - Loading from file system: jar:file:///C:/Users/xdan1/.m2/repository/com/github/almasb/fxgl/17.2/fxgl-17.2.jar!/fxglassets/textures/particles/smoke.png
18:31:08.946 [FXGL Background Thread 1 ] DEBUG FXGLAssetLoaderServi - Loading from file system: jar:file:///C:/Users/xdan1/.m2/repository/com/github/almasb/fxgl/17.2/fxgl-17.2.jar!/fxglassets/textures/particles/trace_horizontal.png
18:31:09.022 [FXGL Background Thread 1 ] DEBUG GameApplicationServi - Application scenes initialized
18:31:09.062 [FXGL Background Thread 1 ] DEBUG SystemBundleService  - Loading FXGL system data
18:31:09.082 [FXGL Background Thread 1 ] DEBUG FileSystemAccess     - Reading from: C:\Users\xdan1\IdeaProjects\Proyecto\Proyecto_POO\system\fxgl.bundle
18:31:09.103 [FXGL Background Thread 1 ] DEBUG SystemBundleService  - Bundle FXGL: {}
18:31:09.103 [FXGL Background Thread 1 ] DEBUG UpdaterService       - Checking for updates
18:31:09.111 [FXGL Background Thread 1 ] DEBUG FXGLApplication      - Loading default localization
18:31:09.112 [FXGL Background Thread 1 ] DEBUG FXGLAssetLoaderServi - Loading from file system: jar:file:///C:/Users/xdan1/.m2/repository/com/github/almasb/fxgl/17.2/fxgl-17.2.jar!/fxglassets/languages/english.lang
18:31:09.152 [FXGL Background Thread 1 ] INFO  FXGLApplication      - FXGL initialization took: 1,153 sec
18:31:09.155 [JavaFX Application Thread] DEBUG FXGLAssetLoaderServi - Loading from file system: jar:file:///C:/Users/xdan1/.m2/repository/com/github/almasb/fxgl/17.2/fxgl-17.2.jar!/fxglassets/textures/fxgl_icon.png
18:31:09.186 [JavaFX Application Thread] DEBUG FXGLAssetLoaderServi - Loading from file system: jar:file:///C:/Users/xdan1/.m2/repository/com/github/almasb/fxgl/17.2/fxgl-17.2.jar!/fxglassets/textures/fxgl_default_cursor.png
18:31:09.202 [JavaFX Application Thread] DEBUG Input                - Registered new binding: Screenshot - CTRL+8
18:31:09.203 [JavaFX Application Thread] DEBUG Input                - Registered new binding: System info dump - CTRL+9
18:31:09.204 [JavaFX Application Thread] DEBUG Input                - Registered new binding: Restart - CTRL+R
18:31:09.204 [JavaFX Application Thread] DEBUG Input                - Registered new binding: Toggle Debug Camera - CTRL+7
18:31:09.209 [JavaFX Application Thread] DEBUG LoopRunner           - Starting loop
18:31:09.209 [JavaFX Application Thread] DEBUG LoopRunner           - Initializing JavaFX AnimationTimerLoop
18:31:09.213 [JavaFX Application Thread] DEBUG GameApplicationServi - Starting new game
18:31:09.218 [JavaFX Application Thread] DEBUG Input                - Clearing active input actions
18:31:09.253 [JavaFX Application Thread] DEBUG GameApplicationServi - Removing overlay from FXGLStartupScene and adding to FXGLLoadingScene
18:31:09.253 [JavaFX Application Thread] DEBUG PrimaryStageWindow   - FXGLStartupScene -> FXGLLoadingScene
18:31:09.254 [JavaFX Application Thread] DEBUG GameApplicationServi - Clearing previous game
18:31:09.254 [JavaFX Application Thread] DEBUG GameScene            - Clearing game scene
18:31:09.254 [JavaFX Application Thread] DEBUG GameWorld            - Clearing game world
18:31:09.254 [JavaFX Application Thread] DEBUG PhysicsWorld         - Clearing physics world
18:31:09.258 [FXGL Background Thread 1 ] DEBUG FXGLApplication      - Initializing game
18:31:09.264 [FXGL Background Thread 1 ] INFO  FXGLApplication      - Game initialization took: 0,006 sec
18:31:09.402 [FXGL Background Thread 4 ] DEBUG FXGLApplication      - Loading fonts
18:31:09.403 [FXGL Background Thread 4 ] DEBUG FXGLAssetLoaderServi - Loading from file system: jar:file:///C:/Users/xdan1/.m2/repository/com/github/almasb/fxgl/17.2/fxgl-17.2.jar!/fxglassets/ui/fonts/VarelaRound-Regular.ttf
18:31:09.466 [JavaFX Application Thread] DEBUG Input                - Clearing active input actions
18:31:09.473 [JavaFX Application Thread] DEBUG GameApplicationServi - Removing overlay from FXGLLoadingScene and adding to GameScene
18:31:09.474 [JavaFX Application Thread] DEBUG PrimaryStageWindow   - FXGLLoadingScene -> GameScene
18:31:09.843 [FXGL Background Thread 4 ] DEBUG FXGLAssetLoaderServi - Loading from file system: jar:file:///C:/Users/xdan1/.m2/repository/com/github/almasb/fxgl/17.2/fxgl-17.2.jar!/fxglassets/ui/fonts/Abel-Regular.ttf
18:31:09.853 [FXGL Background Thread 4 ] DEBUG FXGLAssetLoaderServi - Loading from file system: jar:file:///C:/Users/xdan1/.m2/repository/com/github/almasb/fxgl/17.2/fxgl-17.2.jar!/fxglassets/ui/fonts/TerminalLandMono-Regular.otf
18:31:09.868 [FXGL Background Thread 4 ] DEBUG FXGLAssetLoaderServi - Loading from file system: jar:file:///C:/Users/xdan1/.m2/repository/com/github/almasb/fxgl/17.2/fxgl-17.2.jar!/fxglassets/ui/fonts/Courier-Prime.ttf
18:31:09.882 [JavaFX Application Thread] DEBUG FXGLApplication      - Registering font factories with UI factory
18:31:10.945 [JavaFX Application Thread] DEBUG FXGLApplication      - Exiting FXGL
18:31:10.945 [JavaFX Application Thread] DEBUG LoopRunner           - Stopping loop
18:31:10.945 [JavaFX Application Thread] DEBUG SystemBundleService  - Saving FXGL system data
18:31:10.948 [JavaFX Application Thread] DEBUG FileSystemAccess     - Writing to: C:\Users\xdan1\IdeaProjects\Proyecto\Proyecto_POO\system\fxgl.bundle
18:31:10.954 [JavaFX Application Thread] DEBUG Async                - Shutting down background threads
18:31:10.954 [JavaFX Application Thread] DEBUG PrimaryStageWindow   - Closing main window
18:31:10.978 [JavaFX Application Thread] DEBUG Logger               - Closing Logger
