20:21:50.242 [main                     ] DEBUG Logger               - Configured Logger
20:21:50.269 [main                     ] DEBUG GameApplication      - Logging settings
Title: Fallout Tower Defense
Version: 0.0
Width: 960
Height: 640
Fullscreen: false
Intro: false
Profiling: false
Single step:false
App Mode: DEVELOPER
Menu Key: ESCAPE
Stage Style: DECORATED
Scene Factory: class com.almasb.fxgl.app.scene.SceneFactory

20:21:50.703 [JavaFX Application Thread] DEBUG FXGLApplication      - Initializing FXGL
20:21:50.709 [JavaFX Application Thread] INFO  Engine               - FXGL-17.2 (20.08.2022 16.50) on WINDOWS (J:20 FX:20.0.1)
20:21:50.709 [JavaFX Application Thread] DEBUG Engine               - JRE Vendor Name: Oracle Corporation
20:21:50.710 [JavaFX Application Thread] DEBUG Engine               - Running on OS: Windows 11 version 10.0
20:21:50.710 [JavaFX Application Thread] DEBUG Engine               - Architecture: amd64
20:21:50.710 [JavaFX Application Thread] INFO  Engine               - Source code and latest versions at: https://github.com/AlmasB/FXGL
20:21:50.710 [JavaFX Application Thread] INFO  Engine               -       Ask questions and discuss at: https://github.com/AlmasB/FXGL/discussions
20:21:50.711 [JavaFX Application Thread] INFO  Engine               -              Join the FXGL chat at: https://gitter.im/AlmasB/FXGL
20:21:50.811 [JavaFX Application Thread] DEBUG PrimaryStageWindow   - Creating a JavaFX scene
20:21:50.869 [JavaFX Application Thread] DEBUG PrimaryStageWindow   - Target settings size: 960.0 x 640.0
20:21:50.870 [JavaFX Application Thread] DEBUG PrimaryStageWindow   - Scaled scene size:    960.0 x 640.0
20:21:50.870 [JavaFX Application Thread] DEBUG PrimaryStageWindow   - Scaled ratio: (1.0, 1.0)
20:21:50.871 [JavaFX Application Thread] DEBUG PrimaryStageWindow   - Set initial scene to FXGLStartupScene
20:21:50.876 [JavaFX Application Thread] DEBUG PrimaryStageWindow   - Opening main window
20:21:50.978 [JavaFX Application Thread] DEBUG PrimaryStageWindow   - Window border size: (14.4000244140625, 37.5999755859375)
20:21:50.979 [JavaFX Application Thread] DEBUG PrimaryStageWindow   - Scaled size: 960.0 x 640.0
20:21:50.979 [JavaFX Application Thread] DEBUG PrimaryStageWindow   - Scaled ratio: (1.0, 1.0)
20:21:50.979 [JavaFX Application Thread] DEBUG PrimaryStageWindow   - Scene size: 960.0 x 640.0
20:21:50.980 [JavaFX Application Thread] DEBUG PrimaryStageWindow   - Stage size: 974.4000244140625 x 677.5999755859375
20:21:50.989 [FXGL Background Thread 1 ] DEBUG Engine               - Initializing environment variables
20:21:51.062 [FXGL Background Thread 1 ] DEBUG FXGLAssetLoaderServi - User app class for loading assets: class fallout.proyecto_poo.FalloutTDApplication
20:21:51.062 [FXGL Background Thread 1 ] DEBUG GameApplicationServi - Applying CSS: fxgl_dark.css
20:21:51.064 [FXGL Background Thread 1 ] DEBUG FXGLAssetLoaderServi - Loading from file system: jar:file:///C:/Users/hesto/.m2/repository/com/github/almasb/fxgl/17.2/fxgl-17.2.jar!/fxglassets/ui/css/fxgl_dark.css
20:21:51.128 [FXGL Background Thread 1 ] DEBUG GameApplicationServi - Initializing application scenes
20:21:51.183 [FXGL Background Thread 1 ] DEBUG GameWorld            - Game world initialized
20:21:51.261 [FXGL Background Thread 1 ] DEBUG PhysicsWorld         - Physics world initialized: appHeight=640, physics.ppm=50,0
20:21:51.262 [FXGL Background Thread 1 ] DEBUG PhysicsWorld         - Using strategy: BRUTE_FORCE
20:21:51.266 [FXGL Background Thread 1 ] DEBUG GameScene            - Game scene initialized: 960x640
20:21:51.279 [FXGL Background Thread 1 ] DEBUG FXGL.DefaultMenu     - createMenuBodyGameMenu()
20:21:51.295 [FXGL Background Thread 1 ] DEBUG FXGL.DefaultMenu     - createOptionsMenu()
20:21:51.307 [FXGL Background Thread 1 ] DEBUG FXGLAssetLoaderServi - Loading from file system: jar:file:///C:/Users/hesto/.m2/repository/com/github/almasb/fxgl/17.2/fxgl-17.2.jar!/fxglassets/textures/particles/smoke.png
20:21:51.400 [FXGL Background Thread 1 ] DEBUG FXGLAssetLoaderServi - Loading from file system: jar:file:///C:/Users/hesto/.m2/repository/com/github/almasb/fxgl/17.2/fxgl-17.2.jar!/fxglassets/textures/particles/trace_horizontal.png
20:21:51.430 [FXGL Background Thread 1 ] DEBUG GameApplicationServi - Application scenes initialized
20:21:51.444 [FXGL Background Thread 1 ] DEBUG SystemBundleService  - Loading FXGL system data
20:21:51.449 [FXGL Background Thread 1 ] DEBUG FileSystemAccess     - Reading from: C:\Users\hesto\IdeaProjects\Proyecto_POO-andresBranch\system\fxgl.bundle
20:21:51.459 [FXGL Background Thread 1 ] DEBUG SystemBundleService  - Bundle FXGL: {}
20:21:51.459 [FXGL Background Thread 1 ] DEBUG UpdaterService       - Checking for updates
20:21:51.464 [FXGL Background Thread 4 ] DEBUG FXGLApplication      - Loading fonts
20:21:51.465 [FXGL Background Thread 1 ] DEBUG FXGLApplication      - Loading default localization
20:21:51.465 [FXGL Background Thread 4 ] DEBUG FXGLAssetLoaderServi - Loading from file system: jar:file:///C:/Users/hesto/.m2/repository/com/github/almasb/fxgl/17.2/fxgl-17.2.jar!/fxglassets/ui/fonts/VarelaRound-Regular.ttf
20:21:51.465 [FXGL Background Thread 1 ] DEBUG FXGLAssetLoaderServi - Loading from file system: jar:file:///C:/Users/hesto/.m2/repository/com/github/almasb/fxgl/17.2/fxgl-17.2.jar!/fxglassets/languages/english.lang
20:21:51.486 [FXGL Background Thread 1 ] INFO  FXGLApplication      - FXGL initialization took: 0,498 sec
20:21:51.489 [JavaFX Application Thread] DEBUG FXGLAssetLoaderServi - Loading from file system: jar:file:///C:/Users/hesto/.m2/repository/com/github/almasb/fxgl/17.2/fxgl-17.2.jar!/fxglassets/textures/fxgl_icon.png
20:21:51.515 [JavaFX Application Thread] DEBUG FXGLAssetLoaderServi - Loading from file system: jar:file:///C:/Users/hesto/.m2/repository/com/github/almasb/fxgl/17.2/fxgl-17.2.jar!/fxglassets/textures/fxgl_default_cursor.png
20:21:51.531 [JavaFX Application Thread] DEBUG Input                - Registered new binding: Screenshot - CTRL+8
20:21:51.531 [JavaFX Application Thread] DEBUG Input                - Registered new binding: System info dump - CTRL+9
20:21:51.532 [JavaFX Application Thread] DEBUG Input                - Registered new binding: Restart - CTRL+R
20:21:51.532 [JavaFX Application Thread] DEBUG Input                - Registered new binding: Toggle Debug Camera - CTRL+7
20:21:51.535 [JavaFX Application Thread] DEBUG LoopRunner           - Starting loop
20:21:51.535 [JavaFX Application Thread] DEBUG LoopRunner           - Initializing JavaFX AnimationTimerLoop
20:21:51.536 [JavaFX Application Thread] DEBUG GameApplicationServi - Starting new game
20:21:51.537 [JavaFX Application Thread] DEBUG Input                - Clearing active input actions
20:21:51.553 [JavaFX Application Thread] DEBUG GameApplicationServi - Removing overlay from FXGLStartupScene and adding to FXGLLoadingScene
20:21:51.554 [JavaFX Application Thread] DEBUG PrimaryStageWindow   - FXGLStartupScene -> FXGLLoadingScene
20:21:51.554 [JavaFX Application Thread] DEBUG GameApplicationServi - Clearing previous game
20:21:51.554 [JavaFX Application Thread] DEBUG GameScene            - Clearing game scene
20:21:51.554 [JavaFX Application Thread] DEBUG GameWorld            - Clearing game world
20:21:51.554 [JavaFX Application Thread] DEBUG PhysicsWorld         - Clearing physics world
20:21:51.556 [FXGL Background Thread 1 ] DEBUG FXGLApplication      - Initializing game
20:21:51.586 [FXGL Background Thread 4 ] DEBUG FXGLAssetLoaderServi - Loading from file system: jar:file:///C:/Users/hesto/.m2/repository/com/github/almasb/fxgl/17.2/fxgl-17.2.jar!/fxglassets/ui/fonts/Abel-Regular.ttf
20:21:51.592 [FXGL Background Thread 4 ] DEBUG FXGLAssetLoaderServi - Loading from file system: jar:file:///C:/Users/hesto/.m2/repository/com/github/almasb/fxgl/17.2/fxgl-17.2.jar!/fxglassets/ui/fonts/TerminalLandMono-Regular.otf
20:21:51.600 [FXGL Background Thread 4 ] DEBUG FXGLAssetLoaderServi - Loading from file system: jar:file:///C:/Users/hesto/.m2/repository/com/github/almasb/fxgl/17.2/fxgl-17.2.jar!/fxglassets/ui/fonts/Courier-Prime.ttf
20:21:51.626 [JavaFX Application Thread] DEBUG FXGLApplication      - Registering font factories with UI factory
20:21:51.657 [FXGL Background Thread 1 ] WARN  TMXLevelLoader       - TiledMap generated from 1.10.2. Supported version: 1.9.0. Some features may not be parsed fully.
20:21:51.737 [FXGL Background Thread 1 ] DEBUG TMXLevelLoader       - Parsed TiledMap: file:/C:/Users/hesto/IdeaProjects/Proyecto_POO-andresBranch/target/classes/assets/levels/fallout.tmx
20:21:51.739 [FXGL Background Thread 1 ] DEBUG TMXLevelLoader       - Creating tile layer entities
20:21:51.742 [FXGL Background Thread 1 ] DEBUG TilesetLoader        - Loading view for layer ground
20:21:51.743 [FXGL Background Thread 1 ] DEBUG TilesetLoader        - Created buffer with size 960.0x640.0
20:21:51.748 [FXGL Background Thread 1 ] WARN  TilesetLoader        - buildings-removebg-preview.png cannot be loaded using mapURL=file:/C:/Users/hesto/IdeaProjects/Proyecto_POO-andresBranch/target/classes/assets/levels/fallout.tmx
java.io.FileNotFoundException: C:\Users\hesto\IdeaProjects\Proyecto_POO-andresBranch\target\classes\assets\levels\buildings-removebg-preview.png (El sistema no puede encontrar el archivo especificado)
	at java.base/java.io.FileInputStream.open0(Native Method)
	at java.base/java.io.FileInputStream.open(FileInputStream.java:219)
	at java.base/java.io.FileInputStream.<init>(FileInputStream.java:158)
	at java.base/java.io.FileInputStream.<init>(FileInputStream.java:112)
	at java.base/sun.net.www.protocol.file.FileURLConnection.connect(FileURLConnection.java:84)
	at java.base/sun.net.www.protocol.file.FileURLConnection.getInputStream(FileURLConnection.java:180)
	at java.base/java.net.URL.openStream(URL.java:1317)
	at com.almasb.fxgl.entity@17.2/com.almasb.fxgl.entity.level.tiled.TilesetLoader.loadImage(TilesetLoader.kt:403)
	at com.almasb.fxgl.entity@17.2/com.almasb.fxgl.entity.level.tiled.TilesetLoader.loadView(TilesetLoader.kt:133)
	at com.almasb.fxgl.entity@17.2/com.almasb.fxgl.entity.level.tiled.TMXLevelLoader.createTileLayerEntities$lambda-4(TMXLevelLoader.kt:100)
	at java.base/java.util.stream.ReferencePipeline$3$1.accept(ReferencePipeline.java:197)
	at java.base/java.util.ArrayList$ArrayListSpliterator.forEachRemaining(ArrayList.java:1625)
	at java.base/java.util.stream.AbstractPipeline.copyInto(AbstractPipeline.java:509)
	at java.base/java.util.stream.AbstractPipeline.wrapAndCopyInto(AbstractPipeline.java:499)
	at java.base/java.util.stream.ReduceOps$ReduceOp.evaluateSequential(ReduceOps.java:921)
	at java.base/java.util.stream.AbstractPipeline.evaluate(AbstractPipeline.java:234)
	at java.base/java.util.stream.ReferencePipeline.collect(ReferencePipeline.java:682)
	at com.almasb.fxgl.entity@17.2/com.almasb.fxgl.entity.level.tiled.TMXLevelLoader.createTileLayerEntities(TMXLevelLoader.kt:117)
	at com.almasb.fxgl.entity@17.2/com.almasb.fxgl.entity.level.tiled.TMXLevelLoader.load(TMXLevelLoader.kt:58)
	at com.almasb.fxgl.all@17.2/com.almasb.fxgl.app.services.FXGLAssetLoaderService.loadLevel(FXGLAssetLoaderService.kt:446)
	at com.almasb.fxgl.all@17.2/com.almasb.fxgl.dsl.FXGL$Companion.setLevelFromMap(FXGL.kt:634)
	at com.almasb.fxgl.all@17.2/com.almasb.fxgl.dsl.FXGL.setLevelFromMap(FXGL.kt)
	at fallout.proyecto_poo/fallout.proyecto_poo.FalloutTDApplication.initGame(FalloutTDApplication.java:35)
	at com.almasb.fxgl.all@17.2/com.almasb.fxgl.app.FXGLApplication$InitAppTask.initGame(FXGLApplication.kt:339)
	at com.almasb.fxgl.all@17.2/com.almasb.fxgl.app.FXGLApplication$InitAppTask.call(FXGLApplication.kt:319)
	at com.almasb.fxgl.all@17.2/com.almasb.fxgl.app.FXGLApplication$InitAppTask.call(FXGLApplication.kt:311)
	at javafx.graphics@20.0.1/javafx.concurrent.Task$TaskCallable.call(Task.java:1426)
	at java.base/java.util.concurrent.FutureTask.run(FutureTask.java:317)
	at java.base/java.util.concurrent.Executors$RunnableAdapter.call(Executors.java:577)
	at java.base/java.util.concurrent.FutureTask.run(FutureTask.java:317)
	at java.base/java.util.concurrent.ThreadPoolExecutor.runWorker(ThreadPoolExecutor.java:1144)
	at java.base/java.util.concurrent.ThreadPoolExecutor$Worker.run(ThreadPoolExecutor.java:642)
	at java.base/java.lang.Thread.run(Thread.java:1623)

20:21:51.981 [FXGL Background Thread 1 ] DEBUG TilesetLoader        - Loading view for layer path
20:21:51.983 [FXGL Background Thread 1 ] DEBUG TilesetLoader        - Created buffer with size 960.0x640.0
20:21:51.990 [FXGL Background Thread 1 ] DEBUG TilesetLoader        - Loading view for layer decor
20:21:51.992 [FXGL Background Thread 1 ] DEBUG TilesetLoader        - Created buffer with size 960.0x640.0
20:21:51.994 [FXGL Background Thread 1 ] DEBUG TMXLevelLoader       - Creating object layer entities
20:21:51.994 [FXGL Background Thread 1 ] DEBUG GameWorld            - Clearing removable entities
20:21:51.995 [FXGL Background Thread 1 ] DEBUG GameWorld            - Setting level: com.almasb.fxgl.entity.level.Level@418c4669
20:21:52.000 [FXGL Background Thread 1 ] INFO  FXGLApplication      - Game initialization took: 0,444 sec
20:21:52.001 [JavaFX Application Thread] DEBUG Input                - Clearing active input actions
20:21:52.018 [JavaFX Application Thread] DEBUG GameApplicationServi - Removing overlay from FXGLLoadingScene and adding to GameScene
20:21:52.018 [JavaFX Application Thread] DEBUG PrimaryStageWindow   - FXGLLoadingScene -> GameScene
20:21:52.359 [FXGL Background Thread 2 ] INFO  UpdaterService       - Your current version:  17.2
20:21:52.360 [FXGL Background Thread 2 ] INFO  UpdaterService       - Latest stable version: 17.3
20:21:54.463 [FXGL Background Thread 3 ] DEBUG Engine               - Logging environment variables
20:21:54.463 [FXGL Background Thread 3 ] DEBUG Engine               - achievements: []
20:21:54.463 [FXGL Background Thread 3 ] DEBUG Engine               - actualHeight: 640.0
20:21:54.464 [FXGL Background Thread 3 ] DEBUG Engine               - actualHeightProperty: ReadOnlyDoubleProperty [value: 640.0]
20:21:54.464 [FXGL Background Thread 3 ] DEBUG Engine               - actualWidth: 960.0
20:21:54.464 [FXGL Background Thread 3 ] DEBUG Engine               - actualWidthProperty: ReadOnlyDoubleProperty [value: 960.0]
20:21:54.464 [FXGL Background Thread 3 ] DEBUG Engine               - appIcon: fxgl_icon.png
20:21:54.464 [FXGL Background Thread 3 ] DEBUG Engine               - applicationMode: DEVELOPER
20:21:54.464 [FXGL Background Thread 3 ] DEBUG Engine               - cSSList: [fxgl_dark.css]
20:21:54.464 [FXGL Background Thread 3 ] DEBUG Engine               - collisionDetectionStrategy: BRUTE_FORCE
20:21:54.464 [FXGL Background Thread 3 ] DEBUG Engine               - configClass: Optional.empty
20:21:54.464 [FXGL Background Thread 3 ] DEBUG Engine               - credits: []
20:21:54.464 [FXGL Background Thread 3 ] DEBUG Engine               - defaultCursor: CursorInfo(imageName=fxgl_default_cursor.png, hotspotX=7.0, hotspotY=6.0)
20:21:54.464 [FXGL Background Thread 3 ] DEBUG Engine               - devBBoxColorProperty: ObjectProperty [value: 0xff0000ff]
20:21:54.465 [FXGL Background Thread 3 ] DEBUG Engine               - devEnableDebugCameraProperty: BooleanProperty [value: false]
20:21:54.465 [FXGL Background Thread 3 ] DEBUG Engine               - devSensorColorProperty: ObjectProperty [value: 0xffff00ff]
20:21:54.465 [FXGL Background Thread 3 ] DEBUG Engine               - devShowBBoxProperty: BooleanProperty [value: false]
20:21:54.465 [FXGL Background Thread 3 ] DEBUG Engine               - devShowPositionProperty: BooleanProperty [value: false]
20:21:54.465 [FXGL Background Thread 3 ] DEBUG Engine               - enabledMenuItems: []
20:21:54.465 [FXGL Background Thread 3 ] DEBUG Engine               - engineServices: [class com.almasb.fxgl.app.services.FXGLAssetLoaderService, class com.almasb.fxgl.app.FXGLApplication$GameApplicationService, class com.almasb.fxgl.app.services.FXGLDialogService, class com.almasb.fxgl.app.services.IOTaskExecutorService, class com.almasb.fxgl.io.FileSystemService, class com.almasb.fxgl.localization.LocalizationService, class com.almasb.fxgl.app.services.SystemBundleService, class com.almasb.fxgl.profile.SaveLoadService, class com.almasb.fxgl.ui.FXGLUIFactoryServiceProvider, class com.almasb.fxgl.ui.FXGLDialogFactoryServiceProvider, class com.almasb.fxgl.audio.AudioPlayer, class com.almasb.fxgl.notification.impl.NotificationServiceProvider, class com.almasb.fxgl.achievement.AchievementService, class com.almasb.fxgl.cutscene.CutsceneService, class com.almasb.fxgl.minigames.MiniGameService, class com.almasb.fxgl.net.NetService, class com.almasb.fxgl.app.services.UpdaterService, class com.almasb.fxgl.dev.DevService]
20:21:54.465 [FXGL Background Thread 3 ] DEBUG Engine               - fontGame: Abel-Regular.ttf
20:21:54.465 [FXGL Background Thread 3 ] DEBUG Engine               - fontMono: TerminalLandMono-Regular.otf
20:21:54.465 [FXGL Background Thread 3 ] DEBUG Engine               - fontText: Courier-Prime.ttf
20:21:54.465 [FXGL Background Thread 3 ] DEBUG Engine               - fontUI: VarelaRound-Regular.ttf
20:21:54.465 [FXGL Background Thread 3 ] DEBUG Engine               - fullScreen: BooleanProperty [value: false]
20:21:54.465 [FXGL Background Thread 3 ] DEBUG Engine               - gameDifficulty: MEDIUM
20:21:54.465 [FXGL Background Thread 3 ] DEBUG Engine               - gameDifficultyProperty: ObjectProperty [value: MEDIUM]
20:21:54.465 [FXGL Background Thread 3 ] DEBUG Engine               - globalMusicVolume: 0.5
20:21:54.466 [FXGL Background Thread 3 ] DEBUG Engine               - globalMusicVolumeProperty: DoubleProperty [value: 0.5]
20:21:54.466 [FXGL Background Thread 3 ] DEBUG Engine               - globalSoundVolume: 0.5
20:21:54.466 [FXGL Background Thread 3 ] DEBUG Engine               - globalSoundVolumeProperty: DoubleProperty [value: 0.5]
20:21:54.466 [FXGL Background Thread 3 ] DEBUG Engine               - height: 640
20:21:54.466 [FXGL Background Thread 3 ] DEBUG Engine               - is3D: false
20:21:54.466 [FXGL Background Thread 3 ] DEBUG Engine               - isAndroid: false
20:21:54.466 [FXGL Background Thread 3 ] DEBUG Engine               - isBrowser: false
20:21:54.466 [FXGL Background Thread 3 ] DEBUG Engine               - isClickFeedbackEnabled: false
20:21:54.466 [FXGL Background Thread 3 ] DEBUG Engine               - isCloseConfirmation: false
20:21:54.466 [FXGL Background Thread 3 ] DEBUG Engine               - isDesktop: true
20:21:54.466 [FXGL Background Thread 3 ] DEBUG Engine               - isDeveloperMenuEnabled: false
20:21:54.466 [FXGL Background Thread 3 ] DEBUG Engine               - isEmbedded: false
20:21:54.466 [FXGL Background Thread 3 ] DEBUG Engine               - isEntityPreloadEnabled: true
20:21:54.466 [FXGL Background Thread 3 ] DEBUG Engine               - isExperimentalTiledLargeMap: false
20:21:54.467 [FXGL Background Thread 3 ] DEBUG Engine               - isFileSystemWriteAllowed: true
20:21:54.467 [FXGL Background Thread 3 ] DEBUG Engine               - isFullScreenAllowed: false
20:21:54.467 [FXGL Background Thread 3 ] DEBUG Engine               - isFullScreenFromStart: false
20:21:54.467 [FXGL Background Thread 3 ] DEBUG Engine               - isGameMenuEnabled: true
20:21:54.467 [FXGL Background Thread 3 ] DEBUG Engine               - isIOS: false
20:21:54.467 [FXGL Background Thread 3 ] DEBUG Engine               - isIntroEnabled: false
20:21:54.467 [FXGL Background Thread 3 ] DEBUG Engine               - isLinux: false
20:21:54.467 [FXGL Background Thread 3 ] DEBUG Engine               - isMac: false
20:21:54.467 [FXGL Background Thread 3 ] DEBUG Engine               - isMainMenuEnabled: false
20:21:54.467 [FXGL Background Thread 3 ] DEBUG Engine               - isManualResizeEnabled: false
20:21:54.467 [FXGL Background Thread 3 ] DEBUG Engine               - isMobile: false
20:21:54.467 [FXGL Background Thread 3 ] DEBUG Engine               - isNative: false
20:21:54.467 [FXGL Background Thread 3 ] DEBUG Engine               - isPauseMusicWhenMinimized: true
20:21:54.467 [FXGL Background Thread 3 ] DEBUG Engine               - isPreserveResizeRatio: false
20:21:54.467 [FXGL Background Thread 3 ] DEBUG Engine               - isProfilingEnabled: false
20:21:54.467 [FXGL Background Thread 3 ] DEBUG Engine               - isScaleAffectedOnResize: true
20:21:54.467 [FXGL Background Thread 3 ] DEBUG Engine               - isSingleStep: false
20:21:54.468 [FXGL Background Thread 3 ] DEBUG Engine               - isUserProfileEnabled: false
20:21:54.468 [FXGL Background Thread 3 ] DEBUG Engine               - isWindows: true
20:21:54.468 [FXGL Background Thread 3 ] DEBUG Engine               - language: ObjectProperty [value: ENGLISH]
20:21:54.468 [FXGL Background Thread 3 ] DEBUG Engine               - menuKey: ESCAPE
20:21:54.468 [FXGL Background Thread 3 ] DEBUG Engine               - mouseSensitivity: 0.2
20:21:54.468 [FXGL Background Thread 3 ] DEBUG Engine               - notificationViewClass: class com.almasb.fxgl.notification.view.XboxNotificationView
20:21:54.468 [FXGL Background Thread 3 ] DEBUG Engine               - pixelsPerMeter: 50.0
20:21:54.468 [FXGL Background Thread 3 ] DEBUG Engine               - platform: WINDOWS
20:21:54.468 [FXGL Background Thread 3 ] DEBUG Engine               - prefHeightProperty: ReadOnlyDoubleProperty [value: 640.0]
20:21:54.468 [FXGL Background Thread 3 ] DEBUG Engine               - prefWidthProperty: ReadOnlyDoubleProperty [value: 960.0]
20:21:54.468 [FXGL Background Thread 3 ] DEBUG Engine               - profileDir: profiles/
20:21:54.468 [FXGL Background Thread 3 ] DEBUG Engine               - profileName: StringProperty [value: DEFAULT]
20:21:54.468 [FXGL Background Thread 3 ] DEBUG Engine               - randomSeed: -1
20:21:54.469 [FXGL Background Thread 3 ] DEBUG Engine               - runtimeInfo: RuntimeInfo(platform=WINDOWS, version=17.2, build=20.08.2022 16.50)
20:21:54.469 [FXGL Background Thread 3 ] DEBUG Engine               - saveFileExt: sav
20:21:54.469 [FXGL Background Thread 3 ] DEBUG Engine               - scaledHeightProp$fxgl: DoubleProperty [bound, value: 640.0]
20:21:54.469 [FXGL Background Thread 3 ] DEBUG Engine               - scaledWidthProp$fxgl: DoubleProperty [bound, value: 960.0]
20:21:54.469 [FXGL Background Thread 3 ] DEBUG Engine               - sceneFactory: com.almasb.fxgl.app.scene.SceneFactory@5e83177b
20:21:54.469 [FXGL Background Thread 3 ] DEBUG Engine               - secondsIn24h: 60
20:21:54.469 [FXGL Background Thread 3 ] DEBUG Engine               - soundMenuBack: menu/back.wav
20:21:54.469 [FXGL Background Thread 3 ] DEBUG Engine               - soundMenuPress: menu/press.wav
20:21:54.469 [FXGL Background Thread 3 ] DEBUG Engine               - soundMenuSelect: menu/select.wav
20:21:54.469 [FXGL Background Thread 3 ] DEBUG Engine               - soundNotification: core/notification.wav
20:21:54.469 [FXGL Background Thread 3 ] DEBUG Engine               - stageStyle: DECORATED
20:21:54.469 [FXGL Background Thread 3 ] DEBUG Engine               - supportedLanguages: [ENGLISH, FRENCH, GERMAN, HUNGARIAN, RUSSIAN]
20:21:54.469 [FXGL Background Thread 3 ] DEBUG Engine               - ticksPerSecond: -1
20:21:54.469 [FXGL Background Thread 3 ] DEBUG Engine               - title: Fallout Tower Defense
20:21:54.469 [FXGL Background Thread 3 ] DEBUG Engine               - urlGithub: https://github.com/AlmasB/FXGL
20:21:54.469 [FXGL Background Thread 3 ] DEBUG Engine               - urlLeaderboard: http://fxgl-top.herokuapp.com/
20:21:54.469 [FXGL Background Thread 3 ] DEBUG Engine               - urlPOM: https://raw.githubusercontent.com/AlmasB/FXGL/release/README.md
20:21:54.469 [FXGL Background Thread 3 ] DEBUG Engine               - userAppClass: class fallout.proyecto_poo.FalloutTDApplication
20:21:54.470 [FXGL Background Thread 3 ] DEBUG Engine               - version: 0.0
20:21:54.470 [FXGL Background Thread 3 ] DEBUG Engine               - versionCheckDays: 7
20:21:54.470 [FXGL Background Thread 3 ] DEBUG Engine               - width: 960
20:21:54.470 [FXGL Background Thread 3 ] DEBUG Engine               - Logging services
20:21:54.470 [FXGL Background Thread 3 ] DEBUG Engine               - class com.almasb.fxgl.app.services.FXGLAssetLoaderService
20:21:54.470 [FXGL Background Thread 3 ] DEBUG Engine               - class com.almasb.fxgl.app.FXGLApplication$GameApplicationService
20:21:54.470 [FXGL Background Thread 3 ] DEBUG Engine               - class com.almasb.fxgl.app.services.FXGLDialogService
20:21:54.470 [FXGL Background Thread 3 ] DEBUG Engine               - class com.almasb.fxgl.app.services.IOTaskExecutorService
20:21:54.470 [FXGL Background Thread 3 ] DEBUG Engine               - class com.almasb.fxgl.io.FileSystemService
20:21:54.470 [FXGL Background Thread 3 ] DEBUG Engine               - class com.almasb.fxgl.localization.LocalizationService
20:21:54.470 [FXGL Background Thread 3 ] DEBUG Engine               - class com.almasb.fxgl.app.services.SystemBundleService
20:21:54.470 [FXGL Background Thread 3 ] DEBUG Engine               - class com.almasb.fxgl.profile.SaveLoadService
20:21:54.470 [FXGL Background Thread 3 ] DEBUG Engine               - class com.almasb.fxgl.ui.FXGLUIFactoryServiceProvider
20:21:54.470 [FXGL Background Thread 3 ] DEBUG Engine               - class com.almasb.fxgl.ui.FXGLDialogFactoryServiceProvider
20:21:54.470 [FXGL Background Thread 3 ] DEBUG Engine               - class com.almasb.fxgl.audio.AudioPlayer
20:21:54.470 [FXGL Background Thread 3 ] DEBUG Engine               - class com.almasb.fxgl.notification.impl.NotificationServiceProvider
20:21:54.470 [FXGL Background Thread 3 ] DEBUG Engine               - class com.almasb.fxgl.achievement.AchievementService
20:21:54.470 [FXGL Background Thread 3 ] DEBUG Engine               - class com.almasb.fxgl.cutscene.CutsceneService
20:21:54.470 [FXGL Background Thread 3 ] DEBUG Engine               - class com.almasb.fxgl.minigames.MiniGameService
20:21:54.470 [FXGL Background Thread 3 ] DEBUG Engine               - class com.almasb.fxgl.net.NetService
20:21:54.471 [FXGL Background Thread 3 ] DEBUG Engine               - class com.almasb.fxgl.app.services.UpdaterService
20:21:54.471 [FXGL Background Thread 3 ] DEBUG Engine               - class com.almasb.fxgl.dev.DevService
20:21:58.629 [JavaFX Application Thread] DEBUG FXGLApplication      - Exiting FXGL
20:21:58.630 [JavaFX Application Thread] DEBUG LoopRunner           - Stopping loop
20:21:58.630 [JavaFX Application Thread] DEBUG SystemBundleService  - Saving FXGL system data
20:21:58.638 [JavaFX Application Thread] DEBUG FileSystemAccess     - Writing to: C:\Users\hesto\IdeaProjects\Proyecto_POO-andresBranch\system\fxgl.bundle
20:21:58.640 [JavaFX Application Thread] DEBUG Async                - Shutting down background threads
20:21:58.640 [JavaFX Application Thread] DEBUG PrimaryStageWindow   - Closing main window
20:21:58.657 [JavaFX Application Thread] DEBUG Logger               - Closing Logger
