19:49:31.598 [main                     ] DEBUG Logger               - Configured Logger
19:49:31.625 [main                     ] DEBUG GameApplication      - Logging settings
Title: Fallout Tower Defense
Version: 0.0
Width: 960
Height: 640
Fullscreen: false
Intro: false
Profiling: false
Single step:false
App Mode: DEVELOPER
Menu Key: ESCAPE
Stage Style: DECORATED
Scene Factory: class com.almasb.fxgl.app.scene.SceneFactory

19:49:32.134 [JavaFX Application Thread] DEBUG FXGLApplication      - Initializing FXGL
19:49:32.140 [JavaFX Application Thread] INFO  Engine               - FXGL-17.2 (20.08.2022 16.50) on WINDOWS (J:20 FX:20.0.1)
19:49:32.141 [JavaFX Application Thread] DEBUG Engine               - JRE Vendor Name: Oracle Corporation
19:49:32.141 [JavaFX Application Thread] DEBUG Engine               - Running on OS: Windows 11 version 10.0
19:49:32.141 [JavaFX Application Thread] DEBUG Engine               - Architecture: amd64
19:49:32.141 [JavaFX Application Thread] INFO  Engine               - Source code and latest versions at: https://github.com/AlmasB/FXGL
19:49:32.142 [JavaFX Application Thread] INFO  Engine               -       Ask questions and discuss at: https://github.com/AlmasB/FXGL/discussions
19:49:32.142 [JavaFX Application Thread] INFO  Engine               -              Join the FXGL chat at: https://gitter.im/AlmasB/FXGL
19:49:32.261 [JavaFX Application Thread] DEBUG PrimaryStageWindow   - Creating a JavaFX scene
19:49:32.336 [JavaFX Application Thread] DEBUG PrimaryStageWindow   - Target settings size: 960.0 x 640.0
19:49:32.337 [JavaFX Application Thread] DEBUG PrimaryStageWindow   - Scaled scene size:    960.0 x 640.0
19:49:32.337 [JavaFX Application Thread] DEBUG PrimaryStageWindow   - Scaled ratio: (1.0, 1.0)
19:49:32.339 [JavaFX Application Thread] DEBUG PrimaryStageWindow   - Set initial scene to FXGLStartupScene
19:49:32.344 [JavaFX Application Thread] DEBUG PrimaryStageWindow   - Opening main window
19:49:32.452 [JavaFX Application Thread] DEBUG PrimaryStageWindow   - Window border size: (14.4000244140625, 37.5999755859375)
19:49:32.452 [JavaFX Application Thread] DEBUG PrimaryStageWindow   - Scaled size: 960.0 x 640.0
19:49:32.453 [JavaFX Application Thread] DEBUG PrimaryStageWindow   - Scaled ratio: (1.0, 1.0)
19:49:32.453 [JavaFX Application Thread] DEBUG PrimaryStageWindow   - Scene size: 960.0 x 640.0
19:49:32.453 [JavaFX Application Thread] DEBUG PrimaryStageWindow   - Stage size: 974.4000244140625 x 677.5999755859375
19:49:32.463 [FXGL Background Thread 1 ] DEBUG Engine               - Initializing environment variables
19:49:32.531 [FXGL Background Thread 1 ] DEBUG FXGLAssetLoaderServi - User app class for loading assets: class fallout.proyecto_poo.FalloutTDApplication
19:49:32.531 [FXGL Background Thread 1 ] DEBUG GameApplicationServi - Applying CSS: fxgl_dark.css
19:49:32.532 [FXGL Background Thread 1 ] DEBUG FXGLAssetLoaderServi - Loading from file system: jar:file:///C:/Users/hesto/.m2/repository/com/github/almasb/fxgl/17.2/fxgl-17.2.jar!/fxglassets/ui/css/fxgl_dark.css
19:49:32.587 [FXGL Background Thread 1 ] DEBUG GameApplicationServi - Initializing application scenes
19:49:32.656 [FXGL Background Thread 1 ] DEBUG GameWorld            - Game world initialized
19:49:32.756 [FXGL Background Thread 1 ] DEBUG PhysicsWorld         - Physics world initialized: appHeight=640, physics.ppm=50,0
19:49:32.756 [FXGL Background Thread 1 ] DEBUG PhysicsWorld         - Using strategy: BRUTE_FORCE
19:49:32.762 [FXGL Background Thread 1 ] DEBUG GameScene            - Game scene initialized: 960x640
19:49:32.779 [FXGL Background Thread 1 ] DEBUG FXGL.DefaultMenu     - createMenuBodyGameMenu()
19:49:32.797 [FXGL Background Thread 1 ] DEBUG FXGL.DefaultMenu     - createOptionsMenu()
19:49:32.809 [FXGL Background Thread 1 ] DEBUG FXGLAssetLoaderServi - Loading from file system: jar:file:///C:/Users/hesto/.m2/repository/com/github/almasb/fxgl/17.2/fxgl-17.2.jar!/fxglassets/textures/particles/smoke.png
19:49:32.904 [FXGL Background Thread 1 ] DEBUG FXGLAssetLoaderServi - Loading from file system: jar:file:///C:/Users/hesto/.m2/repository/com/github/almasb/fxgl/17.2/fxgl-17.2.jar!/fxglassets/textures/particles/trace_horizontal.png
19:49:32.942 [FXGL Background Thread 1 ] DEBUG GameApplicationServi - Application scenes initialized
19:49:32.956 [FXGL Background Thread 1 ] DEBUG SystemBundleService  - Loading FXGL system data
19:49:32.961 [FXGL Background Thread 1 ] DEBUG FileSystemAccess     - Reading from: C:\Users\hesto\IdeaProjects\Proyecto_POO-andresBranch\system\fxgl.bundle
19:49:32.971 [FXGL Background Thread 1 ] DEBUG SystemBundleService  - Bundle FXGL: {}
19:49:32.972 [FXGL Background Thread 1 ] DEBUG UpdaterService       - Checking for updates
19:49:32.978 [FXGL Background Thread 4 ] DEBUG FXGLApplication      - Loading fonts
19:49:32.978 [FXGL Background Thread 4 ] DEBUG FXGLAssetLoaderServi - Loading from file system: jar:file:///C:/Users/hesto/.m2/repository/com/github/almasb/fxgl/17.2/fxgl-17.2.jar!/fxglassets/ui/fonts/VarelaRound-Regular.ttf
19:49:32.978 [FXGL Background Thread 1 ] DEBUG FXGLApplication      - Loading default localization
19:49:32.979 [FXGL Background Thread 1 ] DEBUG FXGLAssetLoaderServi - Loading from file system: jar:file:///C:/Users/hesto/.m2/repository/com/github/almasb/fxgl/17.2/fxgl-17.2.jar!/fxglassets/languages/english.lang
19:49:33.003 [FXGL Background Thread 1 ] INFO  FXGLApplication      - FXGL initialization took: 0,540 sec
19:49:33.005 [JavaFX Application Thread] DEBUG FXGLAssetLoaderServi - Loading from file system: jar:file:///C:/Users/hesto/.m2/repository/com/github/almasb/fxgl/17.2/fxgl-17.2.jar!/fxglassets/textures/fxgl_icon.png
19:49:33.035 [JavaFX Application Thread] DEBUG FXGLAssetLoaderServi - Loading from file system: jar:file:///C:/Users/hesto/.m2/repository/com/github/almasb/fxgl/17.2/fxgl-17.2.jar!/fxglassets/textures/fxgl_default_cursor.png
19:49:33.052 [JavaFX Application Thread] DEBUG Input                - Registered new binding: Screenshot - CTRL+8
19:49:33.052 [JavaFX Application Thread] DEBUG Input                - Registered new binding: System info dump - CTRL+9
19:49:33.053 [JavaFX Application Thread] DEBUG Input                - Registered new binding: Restart - CTRL+R
19:49:33.054 [JavaFX Application Thread] DEBUG Input                - Registered new binding: Toggle Debug Camera - CTRL+7
19:49:33.058 [JavaFX Application Thread] DEBUG LoopRunner           - Starting loop
19:49:33.058 [JavaFX Application Thread] DEBUG LoopRunner           - Initializing JavaFX AnimationTimerLoop
19:49:33.060 [JavaFX Application Thread] DEBUG GameApplicationServi - Starting new game
19:49:33.060 [JavaFX Application Thread] DEBUG Input                - Clearing active input actions
19:49:33.082 [JavaFX Application Thread] DEBUG GameApplicationServi - Removing overlay from FXGLStartupScene and adding to FXGLLoadingScene
19:49:33.083 [JavaFX Application Thread] DEBUG PrimaryStageWindow   - FXGLStartupScene -> FXGLLoadingScene
19:49:33.083 [JavaFX Application Thread] DEBUG GameApplicationServi - Clearing previous game
19:49:33.083 [JavaFX Application Thread] DEBUG GameScene            - Clearing game scene
19:49:33.083 [JavaFX Application Thread] DEBUG GameWorld            - Clearing game world
19:49:33.084 [JavaFX Application Thread] DEBUG PhysicsWorld         - Clearing physics world
19:49:33.088 [FXGL Background Thread 1 ] DEBUG FXGLApplication      - Initializing game
19:49:33.095 [FXGL Background Thread 4 ] DEBUG FXGLAssetLoaderServi - Loading from file system: jar:file:///C:/Users/hesto/.m2/repository/com/github/almasb/fxgl/17.2/fxgl-17.2.jar!/fxglassets/ui/fonts/Abel-Regular.ttf
19:49:33.101 [FXGL Background Thread 4 ] DEBUG FXGLAssetLoaderServi - Loading from file system: jar:file:///C:/Users/hesto/.m2/repository/com/github/almasb/fxgl/17.2/fxgl-17.2.jar!/fxglassets/ui/fonts/TerminalLandMono-Regular.otf
19:49:33.109 [FXGL Background Thread 4 ] DEBUG FXGLAssetLoaderServi - Loading from file system: jar:file:///C:/Users/hesto/.m2/repository/com/github/almasb/fxgl/17.2/fxgl-17.2.jar!/fxglassets/ui/fonts/Courier-Prime.ttf
19:49:33.168 [JavaFX Application Thread] DEBUG FXGLApplication      - Registering font factories with UI factory
19:49:33.230 [FXGL Background Thread 1 ] WARN  TMXLevelLoader       - TiledMap generated from 1.10.2. Supported version: 1.9.0. Some features may not be parsed fully.
19:49:33.243 [FXGL Background Thread 1 ] DEBUG TMXLevelLoader       - Parsed TiledMap: file:/C:/Users/hesto/IdeaProjects/Proyecto_POO-andresBranch/target/classes/assets/levels/fallout.tmx
19:49:33.244 [FXGL Background Thread 1 ] DEBUG TMXLevelLoader       - Creating tile layer entities
19:49:33.248 [FXGL Background Thread 1 ] DEBUG TilesetLoader        - Loading view for layer ground
19:49:33.250 [FXGL Background Thread 1 ] DEBUG TilesetLoader        - Created buffer with size 960.0x640.0
19:49:33.255 [FXGL Background Thread 1 ] WARN  TilesetLoader        - buildings-removebg-preview.png cannot be loaded using mapURL=file:/C:/Users/hesto/IdeaProjects/Proyecto_POO-andresBranch/target/classes/assets/levels/fallout.tmx
java.io.FileNotFoundException: C:\Users\hesto\IdeaProjects\Proyecto_POO-andresBranch\target\classes\assets\levels\buildings-removebg-preview.png (El sistema no puede encontrar el archivo especificado)
	at java.base/java.io.FileInputStream.open0(Native Method)
	at java.base/java.io.FileInputStream.open(FileInputStream.java:219)
	at java.base/java.io.FileInputStream.<init>(FileInputStream.java:158)
	at java.base/java.io.FileInputStream.<init>(FileInputStream.java:112)
	at java.base/sun.net.www.protocol.file.FileURLConnection.connect(FileURLConnection.java:84)
	at java.base/sun.net.www.protocol.file.FileURLConnection.getInputStream(FileURLConnection.java:180)
	at java.base/java.net.URL.openStream(URL.java:1317)
	at com.almasb.fxgl.entity@17.2/com.almasb.fxgl.entity.level.tiled.TilesetLoader.loadImage(TilesetLoader.kt:403)
	at com.almasb.fxgl.entity@17.2/com.almasb.fxgl.entity.level.tiled.TilesetLoader.loadView(TilesetLoader.kt:133)
	at com.almasb.fxgl.entity@17.2/com.almasb.fxgl.entity.level.tiled.TMXLevelLoader.createTileLayerEntities$lambda-4(TMXLevelLoader.kt:100)
	at java.base/java.util.stream.ReferencePipeline$3$1.accept(ReferencePipeline.java:197)
	at java.base/java.util.ArrayList$ArrayListSpliterator.forEachRemaining(ArrayList.java:1625)
	at java.base/java.util.stream.AbstractPipeline.copyInto(AbstractPipeline.java:509)
	at java.base/java.util.stream.AbstractPipeline.wrapAndCopyInto(AbstractPipeline.java:499)
	at java.base/java.util.stream.ReduceOps$ReduceOp.evaluateSequential(ReduceOps.java:921)
	at java.base/java.util.stream.AbstractPipeline.evaluate(AbstractPipeline.java:234)
	at java.base/java.util.stream.ReferencePipeline.collect(ReferencePipeline.java:682)
	at com.almasb.fxgl.entity@17.2/com.almasb.fxgl.entity.level.tiled.TMXLevelLoader.createTileLayerEntities(TMXLevelLoader.kt:117)
	at com.almasb.fxgl.entity@17.2/com.almasb.fxgl.entity.level.tiled.TMXLevelLoader.load(TMXLevelLoader.kt:58)
	at com.almasb.fxgl.all@17.2/com.almasb.fxgl.app.services.FXGLAssetLoaderService.loadLevel(FXGLAssetLoaderService.kt:446)
	at com.almasb.fxgl.all@17.2/com.almasb.fxgl.dsl.FXGL$Companion.setLevelFromMap(FXGL.kt:634)
	at com.almasb.fxgl.all@17.2/com.almasb.fxgl.dsl.FXGL.setLevelFromMap(FXGL.kt)
	at fallout.proyecto_poo/fallout.proyecto_poo.FalloutTDApplication.initGame(FalloutTDApplication.java:24)
	at com.almasb.fxgl.all@17.2/com.almasb.fxgl.app.FXGLApplication$InitAppTask.initGame(FXGLApplication.kt:339)
	at com.almasb.fxgl.all@17.2/com.almasb.fxgl.app.FXGLApplication$InitAppTask.call(FXGLApplication.kt:319)
	at com.almasb.fxgl.all@17.2/com.almasb.fxgl.app.FXGLApplication$InitAppTask.call(FXGLApplication.kt:311)
	at javafx.graphics@20.0.1/javafx.concurrent.Task$TaskCallable.call(Task.java:1426)
	at java.base/java.util.concurrent.FutureTask.run(FutureTask.java:317)
	at java.base/java.util.concurrent.Executors$RunnableAdapter.call(Executors.java:577)
	at java.base/java.util.concurrent.FutureTask.run(FutureTask.java:317)
	at java.base/java.util.concurrent.ThreadPoolExecutor.runWorker(ThreadPoolExecutor.java:1144)
	at java.base/java.util.concurrent.ThreadPoolExecutor$Worker.run(ThreadPoolExecutor.java:642)
	at java.base/java.lang.Thread.run(Thread.java:1623)

19:49:33.442 [FXGL Background Thread 1 ] DEBUG TilesetLoader        - Loading view for layer path
19:49:33.444 [FXGL Background Thread 1 ] DEBUG TilesetLoader        - Created buffer with size 960.0x640.0
19:49:33.453 [FXGL Background Thread 1 ] DEBUG TilesetLoader        - Loading view for layer decor
19:49:33.455 [FXGL Background Thread 1 ] DEBUG TilesetLoader        - Created buffer with size 960.0x640.0
19:49:33.457 [FXGL Background Thread 1 ] DEBUG TMXLevelLoader       - Creating object layer entities
19:49:33.458 [FXGL Background Thread 1 ] DEBUG GameWorld            - Clearing removable entities
19:49:33.461 [FXGL Background Thread 1 ] DEBUG GameWorld            - Setting level: com.almasb.fxgl.entity.level.Level@4b3b059f
19:49:33.473 [FXGL Background Thread 1 ] INFO  FXGLApplication      - Game initialization took: 0,385 sec
19:49:33.474 [JavaFX Application Thread] DEBUG Input                - Clearing active input actions
19:49:33.501 [JavaFX Application Thread] DEBUG GameApplicationServi - Removing overlay from FXGLLoadingScene and adding to GameScene
19:49:33.502 [JavaFX Application Thread] DEBUG PrimaryStageWindow   - FXGLLoadingScene -> GameScene
19:49:34.021 [FXGL Background Thread 2 ] INFO  UpdaterService       - Your current version:  17.2
19:49:34.021 [FXGL Background Thread 2 ] INFO  UpdaterService       - Latest stable version: 17.3
19:49:35.977 [FXGL Background Thread 3 ] DEBUG Engine               - Logging environment variables
19:49:35.977 [FXGL Background Thread 3 ] DEBUG Engine               - achievements: []
19:49:35.977 [FXGL Background Thread 3 ] DEBUG Engine               - actualHeight: 640.0
19:49:35.977 [FXGL Background Thread 3 ] DEBUG Engine               - actualHeightProperty: ReadOnlyDoubleProperty [value: 640.0]
19:49:35.977 [FXGL Background Thread 3 ] DEBUG Engine               - actualWidth: 960.0
19:49:35.977 [FXGL Background Thread 3 ] DEBUG Engine               - actualWidthProperty: ReadOnlyDoubleProperty [value: 960.0]
19:49:35.977 [FXGL Background Thread 3 ] DEBUG Engine               - appIcon: fxgl_icon.png
19:49:35.977 [FXGL Background Thread 3 ] DEBUG Engine               - applicationMode: DEVELOPER
19:49:35.977 [FXGL Background Thread 3 ] DEBUG Engine               - cSSList: [fxgl_dark.css]
19:49:35.977 [FXGL Background Thread 3 ] DEBUG Engine               - collisionDetectionStrategy: BRUTE_FORCE
19:49:35.977 [FXGL Background Thread 3 ] DEBUG Engine               - configClass: Optional.empty
19:49:35.977 [FXGL Background Thread 3 ] DEBUG Engine               - credits: []
19:49:35.978 [FXGL Background Thread 3 ] DEBUG Engine               - defaultCursor: CursorInfo(imageName=fxgl_default_cursor.png, hotspotX=7.0, hotspotY=6.0)
19:49:35.978 [FXGL Background Thread 3 ] DEBUG Engine               - devBBoxColorProperty: ObjectProperty [value: 0xff0000ff]
19:49:35.978 [FXGL Background Thread 3 ] DEBUG Engine               - devEnableDebugCameraProperty: BooleanProperty [value: false]
19:49:35.978 [FXGL Background Thread 3 ] DEBUG Engine               - devSensorColorProperty: ObjectProperty [value: 0xffff00ff]
19:49:35.978 [FXGL Background Thread 3 ] DEBUG Engine               - devShowBBoxProperty: BooleanProperty [value: false]
19:49:35.978 [FXGL Background Thread 3 ] DEBUG Engine               - devShowPositionProperty: BooleanProperty [value: false]
19:49:35.978 [FXGL Background Thread 3 ] DEBUG Engine               - enabledMenuItems: []
19:49:35.978 [FXGL Background Thread 3 ] DEBUG Engine               - engineServices: [class com.almasb.fxgl.app.services.FXGLAssetLoaderService, class com.almasb.fxgl.app.FXGLApplication$GameApplicationService, class com.almasb.fxgl.app.services.FXGLDialogService, class com.almasb.fxgl.app.services.IOTaskExecutorService, class com.almasb.fxgl.io.FileSystemService, class com.almasb.fxgl.localization.LocalizationService, class com.almasb.fxgl.app.services.SystemBundleService, class com.almasb.fxgl.profile.SaveLoadService, class com.almasb.fxgl.ui.FXGLUIFactoryServiceProvider, class com.almasb.fxgl.ui.FXGLDialogFactoryServiceProvider, class com.almasb.fxgl.audio.AudioPlayer, class com.almasb.fxgl.notification.impl.NotificationServiceProvider, class com.almasb.fxgl.achievement.AchievementService, class com.almasb.fxgl.cutscene.CutsceneService, class com.almasb.fxgl.minigames.MiniGameService, class com.almasb.fxgl.net.NetService, class com.almasb.fxgl.app.services.UpdaterService, class com.almasb.fxgl.dev.DevService]
19:49:35.978 [FXGL Background Thread 3 ] DEBUG Engine               - fontGame: Abel-Regular.ttf
19:49:35.978 [FXGL Background Thread 3 ] DEBUG Engine               - fontMono: TerminalLandMono-Regular.otf
19:49:35.979 [FXGL Background Thread 3 ] DEBUG Engine               - fontText: Courier-Prime.ttf
19:49:35.979 [FXGL Background Thread 3 ] DEBUG Engine               - fontUI: VarelaRound-Regular.ttf
19:49:35.979 [FXGL Background Thread 3 ] DEBUG Engine               - fullScreen: BooleanProperty [value: false]
19:49:35.979 [FXGL Background Thread 3 ] DEBUG Engine               - gameDifficulty: MEDIUM
19:49:35.979 [FXGL Background Thread 3 ] DEBUG Engine               - gameDifficultyProperty: ObjectProperty [value: MEDIUM]
19:49:35.979 [FXGL Background Thread 3 ] DEBUG Engine               - globalMusicVolume: 0.5
19:49:35.979 [FXGL Background Thread 3 ] DEBUG Engine               - globalMusicVolumeProperty: DoubleProperty [value: 0.5]
19:49:35.979 [FXGL Background Thread 3 ] DEBUG Engine               - globalSoundVolume: 0.5
19:49:35.979 [FXGL Background Thread 3 ] DEBUG Engine               - globalSoundVolumeProperty: DoubleProperty [value: 0.5]
19:49:35.979 [FXGL Background Thread 3 ] DEBUG Engine               - height: 640
19:49:35.979 [FXGL Background Thread 3 ] DEBUG Engine               - is3D: false
19:49:35.979 [FXGL Background Thread 3 ] DEBUG Engine               - isAndroid: false
19:49:35.979 [FXGL Background Thread 3 ] DEBUG Engine               - isBrowser: false
19:49:35.980 [FXGL Background Thread 3 ] DEBUG Engine               - isClickFeedbackEnabled: false
19:49:35.980 [FXGL Background Thread 3 ] DEBUG Engine               - isCloseConfirmation: false
19:49:35.980 [FXGL Background Thread 3 ] DEBUG Engine               - isDesktop: true
19:49:35.980 [FXGL Background Thread 3 ] DEBUG Engine               - isDeveloperMenuEnabled: false
19:49:35.980 [FXGL Background Thread 3 ] DEBUG Engine               - isEmbedded: false
19:49:35.980 [FXGL Background Thread 3 ] DEBUG Engine               - isEntityPreloadEnabled: true
19:49:35.980 [FXGL Background Thread 3 ] DEBUG Engine               - isExperimentalTiledLargeMap: false
19:49:35.980 [FXGL Background Thread 3 ] DEBUG Engine               - isFileSystemWriteAllowed: true
19:49:35.980 [FXGL Background Thread 3 ] DEBUG Engine               - isFullScreenAllowed: false
19:49:35.980 [FXGL Background Thread 3 ] DEBUG Engine               - isFullScreenFromStart: false
19:49:35.980 [FXGL Background Thread 3 ] DEBUG Engine               - isGameMenuEnabled: true
19:49:35.980 [FXGL Background Thread 3 ] DEBUG Engine               - isIOS: false
19:49:35.980 [FXGL Background Thread 3 ] DEBUG Engine               - isIntroEnabled: false
19:49:35.980 [FXGL Background Thread 3 ] DEBUG Engine               - isLinux: false
19:49:35.980 [FXGL Background Thread 3 ] DEBUG Engine               - isMac: false
19:49:35.980 [FXGL Background Thread 3 ] DEBUG Engine               - isMainMenuEnabled: false
19:49:35.981 [FXGL Background Thread 3 ] DEBUG Engine               - isManualResizeEnabled: false
19:49:35.981 [FXGL Background Thread 3 ] DEBUG Engine               - isMobile: false
19:49:35.981 [FXGL Background Thread 3 ] DEBUG Engine               - isNative: false
19:49:35.981 [FXGL Background Thread 3 ] DEBUG Engine               - isPauseMusicWhenMinimized: true
19:49:35.981 [FXGL Background Thread 3 ] DEBUG Engine               - isPreserveResizeRatio: false
19:49:35.981 [FXGL Background Thread 3 ] DEBUG Engine               - isProfilingEnabled: false
19:49:35.981 [FXGL Background Thread 3 ] DEBUG Engine               - isScaleAffectedOnResize: true
19:49:35.981 [FXGL Background Thread 3 ] DEBUG Engine               - isSingleStep: false
19:49:35.981 [FXGL Background Thread 3 ] DEBUG Engine               - isUserProfileEnabled: false
19:49:35.981 [FXGL Background Thread 3 ] DEBUG Engine               - isWindows: true
19:49:35.981 [FXGL Background Thread 3 ] DEBUG Engine               - language: ObjectProperty [value: ENGLISH]
19:49:35.981 [FXGL Background Thread 3 ] DEBUG Engine               - menuKey: ESCAPE
19:49:35.981 [FXGL Background Thread 3 ] DEBUG Engine               - mouseSensitivity: 0.2
19:49:35.981 [FXGL Background Thread 3 ] DEBUG Engine               - notificationViewClass: class com.almasb.fxgl.notification.view.XboxNotificationView
19:49:35.981 [FXGL Background Thread 3 ] DEBUG Engine               - pixelsPerMeter: 50.0
19:49:35.981 [FXGL Background Thread 3 ] DEBUG Engine               - platform: WINDOWS
19:49:35.981 [FXGL Background Thread 3 ] DEBUG Engine               - prefHeightProperty: ReadOnlyDoubleProperty [value: 640.0]
19:49:35.982 [FXGL Background Thread 3 ] DEBUG Engine               - prefWidthProperty: ReadOnlyDoubleProperty [value: 960.0]
19:49:35.982 [FXGL Background Thread 3 ] DEBUG Engine               - profileDir: profiles/
19:49:35.982 [FXGL Background Thread 3 ] DEBUG Engine               - profileName: StringProperty [value: DEFAULT]
19:49:35.982 [FXGL Background Thread 3 ] DEBUG Engine               - randomSeed: -1
19:49:35.982 [FXGL Background Thread 3 ] DEBUG Engine               - runtimeInfo: RuntimeInfo(platform=WINDOWS, version=17.2, build=20.08.2022 16.50)
19:49:35.982 [FXGL Background Thread 3 ] DEBUG Engine               - saveFileExt: sav
19:49:35.982 [FXGL Background Thread 3 ] DEBUG Engine               - scaledHeightProp$fxgl: DoubleProperty [bound, value: 640.0]
19:49:35.982 [FXGL Background Thread 3 ] DEBUG Engine               - scaledWidthProp$fxgl: DoubleProperty [bound, value: 960.0]
19:49:35.982 [FXGL Background Thread 3 ] DEBUG Engine               - sceneFactory: com.almasb.fxgl.app.scene.SceneFactory@1d570749
19:49:35.982 [FXGL Background Thread 3 ] DEBUG Engine               - secondsIn24h: 60
19:49:35.982 [FXGL Background Thread 3 ] DEBUG Engine               - soundMenuBack: menu/back.wav
19:49:35.982 [FXGL Background Thread 3 ] DEBUG Engine               - soundMenuPress: menu/press.wav
19:49:35.982 [FXGL Background Thread 3 ] DEBUG Engine               - soundMenuSelect: menu/select.wav
19:49:35.983 [FXGL Background Thread 3 ] DEBUG Engine               - soundNotification: core/notification.wav
19:49:35.983 [FXGL Background Thread 3 ] DEBUG Engine               - stageStyle: DECORATED
19:49:35.983 [FXGL Background Thread 3 ] DEBUG Engine               - supportedLanguages: [ENGLISH, FRENCH, GERMAN, HUNGARIAN, RUSSIAN]
19:49:35.983 [FXGL Background Thread 3 ] DEBUG Engine               - ticksPerSecond: -1
19:49:35.983 [FXGL Background Thread 3 ] DEBUG Engine               - title: Fallout Tower Defense
19:49:35.983 [FXGL Background Thread 3 ] DEBUG Engine               - urlGithub: https://github.com/AlmasB/FXGL
19:49:35.983 [FXGL Background Thread 3 ] DEBUG Engine               - urlLeaderboard: http://fxgl-top.herokuapp.com/
19:49:35.983 [FXGL Background Thread 3 ] DEBUG Engine               - urlPOM: https://raw.githubusercontent.com/AlmasB/FXGL/release/README.md
19:49:35.983 [FXGL Background Thread 3 ] DEBUG Engine               - userAppClass: class fallout.proyecto_poo.FalloutTDApplication
19:49:35.983 [FXGL Background Thread 3 ] DEBUG Engine               - version: 0.0
19:49:35.983 [FXGL Background Thread 3 ] DEBUG Engine               - versionCheckDays: 7
19:49:35.983 [FXGL Background Thread 3 ] DEBUG Engine               - width: 960
19:49:35.983 [FXGL Background Thread 3 ] DEBUG Engine               - Logging services
19:49:35.983 [FXGL Background Thread 3 ] DEBUG Engine               - class com.almasb.fxgl.app.services.FXGLAssetLoaderService
19:49:35.983 [FXGL Background Thread 3 ] DEBUG Engine               - class com.almasb.fxgl.app.FXGLApplication$GameApplicationService
19:49:35.983 [FXGL Background Thread 3 ] DEBUG Engine               - class com.almasb.fxgl.app.services.FXGLDialogService
19:49:35.983 [FXGL Background Thread 3 ] DEBUG Engine               - class com.almasb.fxgl.app.services.IOTaskExecutorService
19:49:35.983 [FXGL Background Thread 3 ] DEBUG Engine               - class com.almasb.fxgl.io.FileSystemService
19:49:35.983 [FXGL Background Thread 3 ] DEBUG Engine               - class com.almasb.fxgl.localization.LocalizationService
19:49:35.984 [FXGL Background Thread 3 ] DEBUG Engine               - class com.almasb.fxgl.app.services.SystemBundleService
19:49:35.984 [FXGL Background Thread 3 ] DEBUG Engine               - class com.almasb.fxgl.profile.SaveLoadService
19:49:35.984 [FXGL Background Thread 3 ] DEBUG Engine               - class com.almasb.fxgl.ui.FXGLUIFactoryServiceProvider
19:49:35.984 [FXGL Background Thread 3 ] DEBUG Engine               - class com.almasb.fxgl.ui.FXGLDialogFactoryServiceProvider
19:49:35.984 [FXGL Background Thread 3 ] DEBUG Engine               - class com.almasb.fxgl.audio.AudioPlayer
19:49:35.984 [FXGL Background Thread 3 ] DEBUG Engine               - class com.almasb.fxgl.notification.impl.NotificationServiceProvider
19:49:35.984 [FXGL Background Thread 3 ] DEBUG Engine               - class com.almasb.fxgl.achievement.AchievementService
19:49:35.984 [FXGL Background Thread 3 ] DEBUG Engine               - class com.almasb.fxgl.cutscene.CutsceneService
19:49:35.984 [FXGL Background Thread 3 ] DEBUG Engine               - class com.almasb.fxgl.minigames.MiniGameService
19:49:35.984 [FXGL Background Thread 3 ] DEBUG Engine               - class com.almasb.fxgl.net.NetService
19:49:35.984 [FXGL Background Thread 3 ] DEBUG Engine               - class com.almasb.fxgl.app.services.UpdaterService
19:49:35.984 [FXGL Background Thread 3 ] DEBUG Engine               - class com.almasb.fxgl.dev.DevService
19:49:42.822 [JavaFX Application Thread] DEBUG FXGLApplication      - Exiting FXGL
19:49:42.822 [JavaFX Application Thread] DEBUG LoopRunner           - Stopping loop
19:49:42.822 [JavaFX Application Thread] DEBUG SystemBundleService  - Saving FXGL system data
19:49:42.827 [JavaFX Application Thread] DEBUG FileSystemAccess     - Writing to: C:\Users\hesto\IdeaProjects\Proyecto_POO-andresBranch\system\fxgl.bundle
19:49:42.833 [JavaFX Application Thread] DEBUG Async                - Shutting down background threads
19:49:42.834 [JavaFX Application Thread] DEBUG PrimaryStageWindow   - Closing main window
19:49:42.884 [JavaFX Application Thread] DEBUG Logger               - Closing Logger
