21:15:28.609 [main                     ] DEBUG Logger               - Configured Logger
21:15:28.637 [main                     ] DEBUG GameApplication      - Logging settings
Title: Fallout Tower Defense
Version: 0.0
Width: 960
Height: 640
Fullscreen: false
Intro: false
Profiling: false
Single step:false
App Mode: DEVELOPER
Menu Key: ESCAPE
Stage Style: DECORATED
Scene Factory: class com.almasb.fxgl.app.scene.SceneFactory

21:15:29.048 [JavaFX Application Thread] DEBUG FXGLApplication      - Initializing FXGL
21:15:29.054 [JavaFX Application Thread] INFO  Engine               - FXGL-17.2 (20.08.2022 16.50) on WINDOWS (J:20 FX:20.0.1)
21:15:29.055 [JavaFX Application Thread] DEBUG Engine               - JRE Vendor Name: Oracle Corporation
21:15:29.055 [JavaFX Application Thread] DEBUG Engine               - Running on OS: Windows 11 version 10.0
21:15:29.055 [JavaFX Application Thread] DEBUG Engine               - Architecture: amd64
21:15:29.055 [JavaFX Application Thread] INFO  Engine               - Source code and latest versions at: https://github.com/AlmasB/FXGL
21:15:29.056 [JavaFX Application Thread] INFO  Engine               -       Ask questions and discuss at: https://github.com/AlmasB/FXGL/discussions
21:15:29.056 [JavaFX Application Thread] INFO  Engine               -              Join the FXGL chat at: https://gitter.im/AlmasB/FXGL
21:15:29.148 [JavaFX Application Thread] DEBUG PrimaryStageWindow   - Creating a JavaFX scene
21:15:29.200 [JavaFX Application Thread] DEBUG PrimaryStageWindow   - Target settings size: 960.0 x 640.0
21:15:29.201 [JavaFX Application Thread] DEBUG PrimaryStageWindow   - Scaled scene size:    960.0 x 640.0
21:15:29.201 [JavaFX Application Thread] DEBUG PrimaryStageWindow   - Scaled ratio: (1.0, 1.0)
21:15:29.202 [JavaFX Application Thread] DEBUG PrimaryStageWindow   - Set initial scene to FXGLStartupScene
21:15:29.207 [JavaFX Application Thread] DEBUG PrimaryStageWindow   - Opening main window
21:15:29.311 [JavaFX Application Thread] DEBUG PrimaryStageWindow   - Window border size: (14.4000244140625, 37.5999755859375)
21:15:29.312 [JavaFX Application Thread] DEBUG PrimaryStageWindow   - Scaled size: 960.0 x 640.0
21:15:29.313 [JavaFX Application Thread] DEBUG PrimaryStageWindow   - Scaled ratio: (1.0, 1.0)
21:15:29.313 [JavaFX Application Thread] DEBUG PrimaryStageWindow   - Scene size: 960.0 x 640.0
21:15:29.313 [JavaFX Application Thread] DEBUG PrimaryStageWindow   - Stage size: 974.4000244140625 x 677.5999755859375
21:15:29.323 [FXGL Background Thread 1 ] DEBUG Engine               - Initializing environment variables
21:15:29.399 [FXGL Background Thread 1 ] DEBUG FXGLAssetLoaderServi - User app class for loading assets: class fallout.proyecto_poo.FalloutTDApplication
21:15:29.400 [FXGL Background Thread 1 ] DEBUG GameApplicationServi - Applying CSS: fxgl_dark.css
21:15:29.401 [FXGL Background Thread 1 ] DEBUG FXGLAssetLoaderServi - Loading from file system: jar:file:///C:/Users/hesto/.m2/repository/com/github/almasb/fxgl/17.2/fxgl-17.2.jar!/fxglassets/ui/css/fxgl_dark.css
21:15:29.472 [FXGL Background Thread 1 ] DEBUG GameApplicationServi - Initializing application scenes
21:15:29.521 [FXGL Background Thread 1 ] DEBUG GameWorld            - Game world initialized
21:15:29.599 [FXGL Background Thread 1 ] DEBUG PhysicsWorld         - Physics world initialized: appHeight=640, physics.ppm=50,0
21:15:29.600 [FXGL Background Thread 1 ] DEBUG PhysicsWorld         - Using strategy: BRUTE_FORCE
21:15:29.605 [FXGL Background Thread 1 ] DEBUG GameScene            - Game scene initialized: 960x640
21:15:29.621 [FXGL Background Thread 1 ] DEBUG FXGL.DefaultMenu     - createMenuBodyGameMenu()
21:15:29.638 [FXGL Background Thread 1 ] DEBUG FXGL.DefaultMenu     - createOptionsMenu()
21:15:29.649 [FXGL Background Thread 1 ] DEBUG FXGLAssetLoaderServi - Loading from file system: jar:file:///C:/Users/hesto/.m2/repository/com/github/almasb/fxgl/17.2/fxgl-17.2.jar!/fxglassets/textures/particles/smoke.png
21:15:29.757 [FXGL Background Thread 1 ] DEBUG FXGLAssetLoaderServi - Loading from file system: jar:file:///C:/Users/hesto/.m2/repository/com/github/almasb/fxgl/17.2/fxgl-17.2.jar!/fxglassets/textures/particles/trace_horizontal.png
21:15:29.793 [FXGL Background Thread 1 ] DEBUG GameApplicationServi - Application scenes initialized
21:15:29.808 [FXGL Background Thread 1 ] DEBUG SystemBundleService  - Loading FXGL system data
21:15:29.814 [FXGL Background Thread 1 ] DEBUG FileSystemAccess     - Reading from: C:\Users\hesto\IdeaProjects\Proyecto_POO-andresBranch\system\fxgl.bundle
21:15:29.826 [FXGL Background Thread 1 ] DEBUG SystemBundleService  - Bundle FXGL: {}
21:15:29.826 [FXGL Background Thread 1 ] DEBUG UpdaterService       - Checking for updates
21:15:29.834 [FXGL Background Thread 4 ] DEBUG FXGLApplication      - Loading fonts
21:15:29.835 [FXGL Background Thread 1 ] DEBUG FXGLApplication      - Loading default localization
21:15:29.835 [FXGL Background Thread 4 ] DEBUG FXGLAssetLoaderServi - Loading from file system: jar:file:///C:/Users/hesto/.m2/repository/com/github/almasb/fxgl/17.2/fxgl-17.2.jar!/fxglassets/ui/fonts/VarelaRound-Regular.ttf
21:15:29.836 [FXGL Background Thread 1 ] DEBUG FXGLAssetLoaderServi - Loading from file system: jar:file:///C:/Users/hesto/.m2/repository/com/github/almasb/fxgl/17.2/fxgl-17.2.jar!/fxglassets/languages/english.lang
21:15:29.862 [FXGL Background Thread 1 ] INFO  FXGLApplication      - FXGL initialization took: 0,539 sec
21:15:29.863 [JavaFX Application Thread] DEBUG FXGLAssetLoaderServi - Loading from file system: jar:file:///C:/Users/hesto/.m2/repository/com/github/almasb/fxgl/17.2/fxgl-17.2.jar!/fxglassets/textures/fxgl_icon.png
21:15:29.890 [JavaFX Application Thread] DEBUG FXGLAssetLoaderServi - Loading from file system: jar:file:///C:/Users/hesto/.m2/repository/com/github/almasb/fxgl/17.2/fxgl-17.2.jar!/fxglassets/textures/fxgl_default_cursor.png
21:15:29.905 [JavaFX Application Thread] DEBUG Input                - Registered new binding: Screenshot - CTRL+8
21:15:29.906 [JavaFX Application Thread] DEBUG Input                - Registered new binding: System info dump - CTRL+9
21:15:29.906 [JavaFX Application Thread] DEBUG Input                - Registered new binding: Restart - CTRL+R
21:15:29.907 [JavaFX Application Thread] DEBUG Input                - Registered new binding: Toggle Debug Camera - CTRL+7
21:15:29.910 [JavaFX Application Thread] DEBUG LoopRunner           - Starting loop
21:15:29.910 [JavaFX Application Thread] DEBUG LoopRunner           - Initializing JavaFX AnimationTimerLoop
21:15:29.912 [JavaFX Application Thread] DEBUG GameApplicationServi - Starting new game
21:15:29.912 [JavaFX Application Thread] DEBUG Input                - Clearing active input actions
21:15:29.929 [JavaFX Application Thread] DEBUG GameApplicationServi - Removing overlay from FXGLStartupScene and adding to FXGLLoadingScene
21:15:29.930 [JavaFX Application Thread] DEBUG PrimaryStageWindow   - FXGLStartupScene -> FXGLLoadingScene
21:15:29.930 [JavaFX Application Thread] DEBUG GameApplicationServi - Clearing previous game
21:15:29.930 [JavaFX Application Thread] DEBUG GameScene            - Clearing game scene
21:15:29.930 [JavaFX Application Thread] DEBUG GameWorld            - Clearing game world
21:15:29.930 [JavaFX Application Thread] DEBUG PhysicsWorld         - Clearing physics world
21:15:29.933 [FXGL Background Thread 1 ] DEBUG FXGLApplication      - Initializing game
21:15:29.942 [FXGL Background Thread 4 ] DEBUG FXGLAssetLoaderServi - Loading from file system: jar:file:///C:/Users/hesto/.m2/repository/com/github/almasb/fxgl/17.2/fxgl-17.2.jar!/fxglassets/ui/fonts/Abel-Regular.ttf
21:15:29.948 [FXGL Background Thread 4 ] DEBUG FXGLAssetLoaderServi - Loading from file system: jar:file:///C:/Users/hesto/.m2/repository/com/github/almasb/fxgl/17.2/fxgl-17.2.jar!/fxglassets/ui/fonts/TerminalLandMono-Regular.otf
21:15:29.964 [FXGL Background Thread 4 ] DEBUG FXGLAssetLoaderServi - Loading from file system: jar:file:///C:/Users/hesto/.m2/repository/com/github/almasb/fxgl/17.2/fxgl-17.2.jar!/fxglassets/ui/fonts/Courier-Prime.ttf
21:15:29.991 [JavaFX Application Thread] DEBUG FXGLApplication      - Registering font factories with UI factory
21:15:30.016 [FXGL Background Thread 1 ] WARN  TMXLevelLoader       - TiledMap generated from 1.10.2. Supported version: 1.9.0. Some features may not be parsed fully.
21:15:30.032 [FXGL Background Thread 1 ] DEBUG TMXLevelLoader       - Parsed TiledMap: file:/C:/Users/hesto/IdeaProjects/Proyecto_POO-andresBranch/target/classes/assets/levels/fallout.tmx
21:15:30.035 [FXGL Background Thread 1 ] DEBUG TMXLevelLoader       - Creating tile layer entities
21:15:30.037 [FXGL Background Thread 1 ] DEBUG TilesetLoader        - Loading view for layer ground
21:15:30.039 [FXGL Background Thread 1 ] DEBUG TilesetLoader        - Created buffer with size 960.0x640.0
21:15:30.045 [FXGL Background Thread 1 ] WARN  TilesetLoader        - buildings-removebg-preview.png cannot be loaded using mapURL=file:/C:/Users/hesto/IdeaProjects/Proyecto_POO-andresBranch/target/classes/assets/levels/fallout.tmx
java.io.FileNotFoundException: C:\Users\hesto\IdeaProjects\Proyecto_POO-andresBranch\target\classes\assets\levels\buildings-removebg-preview.png (El sistema no puede encontrar el archivo especificado)
	at java.base/java.io.FileInputStream.open0(Native Method)
	at java.base/java.io.FileInputStream.open(FileInputStream.java:219)
	at java.base/java.io.FileInputStream.<init>(FileInputStream.java:158)
	at java.base/java.io.FileInputStream.<init>(FileInputStream.java:112)
	at java.base/sun.net.www.protocol.file.FileURLConnection.connect(FileURLConnection.java:84)
	at java.base/sun.net.www.protocol.file.FileURLConnection.getInputStream(FileURLConnection.java:180)
	at java.base/java.net.URL.openStream(URL.java:1317)
	at com.almasb.fxgl.entity@17.2/com.almasb.fxgl.entity.level.tiled.TilesetLoader.loadImage(TilesetLoader.kt:403)
	at com.almasb.fxgl.entity@17.2/com.almasb.fxgl.entity.level.tiled.TilesetLoader.loadView(TilesetLoader.kt:133)
	at com.almasb.fxgl.entity@17.2/com.almasb.fxgl.entity.level.tiled.TMXLevelLoader.createTileLayerEntities$lambda-4(TMXLevelLoader.kt:100)
	at java.base/java.util.stream.ReferencePipeline$3$1.accept(ReferencePipeline.java:197)
	at java.base/java.util.ArrayList$ArrayListSpliterator.forEachRemaining(ArrayList.java:1625)
	at java.base/java.util.stream.AbstractPipeline.copyInto(AbstractPipeline.java:509)
	at java.base/java.util.stream.AbstractPipeline.wrapAndCopyInto(AbstractPipeline.java:499)
	at java.base/java.util.stream.ReduceOps$ReduceOp.evaluateSequential(ReduceOps.java:921)
	at java.base/java.util.stream.AbstractPipeline.evaluate(AbstractPipeline.java:234)
	at java.base/java.util.stream.ReferencePipeline.collect(ReferencePipeline.java:682)
	at com.almasb.fxgl.entity@17.2/com.almasb.fxgl.entity.level.tiled.TMXLevelLoader.createTileLayerEntities(TMXLevelLoader.kt:117)
	at com.almasb.fxgl.entity@17.2/com.almasb.fxgl.entity.level.tiled.TMXLevelLoader.load(TMXLevelLoader.kt:58)
	at com.almasb.fxgl.all@17.2/com.almasb.fxgl.app.services.FXGLAssetLoaderService.loadLevel(FXGLAssetLoaderService.kt:446)
	at com.almasb.fxgl.all@17.2/com.almasb.fxgl.dsl.FXGL$Companion.setLevelFromMap(FXGL.kt:634)
	at com.almasb.fxgl.all@17.2/com.almasb.fxgl.dsl.FXGL.setLevelFromMap(FXGL.kt)
	at fallout.proyecto_poo/fallout.proyecto_poo.FalloutTDApplication.initGame(FalloutTDApplication.java:32)
	at com.almasb.fxgl.all@17.2/com.almasb.fxgl.app.FXGLApplication$InitAppTask.initGame(FXGLApplication.kt:339)
	at com.almasb.fxgl.all@17.2/com.almasb.fxgl.app.FXGLApplication$InitAppTask.call(FXGLApplication.kt:319)
	at com.almasb.fxgl.all@17.2/com.almasb.fxgl.app.FXGLApplication$InitAppTask.call(FXGLApplication.kt:311)
	at javafx.graphics@20.0.1/javafx.concurrent.Task$TaskCallable.call(Task.java:1426)
	at java.base/java.util.concurrent.FutureTask.run(FutureTask.java:317)
	at java.base/java.util.concurrent.Executors$RunnableAdapter.call(Executors.java:577)
	at java.base/java.util.concurrent.FutureTask.run(FutureTask.java:317)
	at java.base/java.util.concurrent.ThreadPoolExecutor.runWorker(ThreadPoolExecutor.java:1144)
	at java.base/java.util.concurrent.ThreadPoolExecutor$Worker.run(ThreadPoolExecutor.java:642)
	at java.base/java.lang.Thread.run(Thread.java:1623)

21:15:30.264 [FXGL Background Thread 1 ] DEBUG TilesetLoader        - Loading view for layer path
21:15:30.266 [FXGL Background Thread 1 ] DEBUG TilesetLoader        - Created buffer with size 960.0x640.0
21:15:30.273 [FXGL Background Thread 1 ] DEBUG TilesetLoader        - Loading view for layer decor
21:15:30.275 [FXGL Background Thread 1 ] DEBUG TilesetLoader        - Created buffer with size 960.0x640.0
21:15:30.277 [FXGL Background Thread 1 ] DEBUG TMXLevelLoader       - Creating object layer entities
21:15:30.279 [FXGL Background Thread 1 ] DEBUG GameWorld            - Clearing removable entities
21:15:30.280 [FXGL Background Thread 1 ] DEBUG GameWorld            - Setting level: com.almasb.fxgl.entity.level.Level@10d01622
21:15:30.286 [FXGL Background Thread 1 ] INFO  FXGLApplication      - Game initialization took: 0,354 sec
21:15:30.287 [JavaFX Application Thread] DEBUG Input                - Clearing active input actions
21:15:30.305 [JavaFX Application Thread] DEBUG GameApplicationServi - Removing overlay from FXGLLoadingScene and adding to GameScene
21:15:30.305 [JavaFX Application Thread] DEBUG PrimaryStageWindow   - FXGLLoadingScene -> GameScene
21:15:30.530 [FXGL Background Thread 2 ] INFO  UpdaterService       - Your current version:  17.2
21:15:30.530 [FXGL Background Thread 2 ] INFO  UpdaterService       - Latest stable version: 17.3
21:15:32.833 [FXGL Background Thread 3 ] DEBUG Engine               - Logging environment variables
21:15:32.834 [FXGL Background Thread 3 ] DEBUG Engine               - achievements: []
21:15:32.835 [FXGL Background Thread 3 ] DEBUG Engine               - actualHeight: 640.0
21:15:32.835 [FXGL Background Thread 3 ] DEBUG Engine               - actualHeightProperty: ReadOnlyDoubleProperty [value: 640.0]
21:15:32.836 [FXGL Background Thread 3 ] DEBUG Engine               - actualWidth: 960.0
21:15:32.836 [FXGL Background Thread 3 ] DEBUG Engine               - actualWidthProperty: ReadOnlyDoubleProperty [value: 960.0]
21:15:32.836 [FXGL Background Thread 3 ] DEBUG Engine               - appIcon: fxgl_icon.png
21:15:32.836 [FXGL Background Thread 3 ] DEBUG Engine               - applicationMode: DEVELOPER
21:15:32.837 [FXGL Background Thread 3 ] DEBUG Engine               - cSSList: [fxgl_dark.css]
21:15:32.837 [FXGL Background Thread 3 ] DEBUG Engine               - collisionDetectionStrategy: BRUTE_FORCE
21:15:32.837 [FXGL Background Thread 3 ] DEBUG Engine               - configClass: Optional.empty
21:15:32.837 [FXGL Background Thread 3 ] DEBUG Engine               - credits: []
21:15:32.838 [FXGL Background Thread 3 ] DEBUG Engine               - defaultCursor: CursorInfo(imageName=fxgl_default_cursor.png, hotspotX=7.0, hotspotY=6.0)
21:15:32.839 [FXGL Background Thread 3 ] DEBUG Engine               - devBBoxColorProperty: ObjectProperty [value: 0xff0000ff]
21:15:32.839 [FXGL Background Thread 3 ] DEBUG Engine               - devEnableDebugCameraProperty: BooleanProperty [value: false]
21:15:32.839 [FXGL Background Thread 3 ] DEBUG Engine               - devSensorColorProperty: ObjectProperty [value: 0xffff00ff]
21:15:32.840 [FXGL Background Thread 3 ] DEBUG Engine               - devShowBBoxProperty: BooleanProperty [value: false]
21:15:32.840 [FXGL Background Thread 3 ] DEBUG Engine               - devShowPositionProperty: BooleanProperty [value: false]
21:15:32.840 [FXGL Background Thread 3 ] DEBUG Engine               - enabledMenuItems: []
21:15:32.840 [FXGL Background Thread 3 ] DEBUG Engine               - engineServices: [class com.almasb.fxgl.app.services.FXGLAssetLoaderService, class com.almasb.fxgl.app.FXGLApplication$GameApplicationService, class com.almasb.fxgl.app.services.FXGLDialogService, class com.almasb.fxgl.app.services.IOTaskExecutorService, class com.almasb.fxgl.io.FileSystemService, class com.almasb.fxgl.localization.LocalizationService, class com.almasb.fxgl.app.services.SystemBundleService, class com.almasb.fxgl.profile.SaveLoadService, class com.almasb.fxgl.ui.FXGLUIFactoryServiceProvider, class com.almasb.fxgl.ui.FXGLDialogFactoryServiceProvider, class com.almasb.fxgl.audio.AudioPlayer, class com.almasb.fxgl.notification.impl.NotificationServiceProvider, class com.almasb.fxgl.achievement.AchievementService, class com.almasb.fxgl.cutscene.CutsceneService, class com.almasb.fxgl.minigames.MiniGameService, class com.almasb.fxgl.net.NetService, class com.almasb.fxgl.app.services.UpdaterService, class com.almasb.fxgl.dev.DevService]
21:15:32.841 [FXGL Background Thread 3 ] DEBUG Engine               - fontGame: Abel-Regular.ttf
21:15:32.841 [FXGL Background Thread 3 ] DEBUG Engine               - fontMono: TerminalLandMono-Regular.otf
21:15:32.841 [FXGL Background Thread 3 ] DEBUG Engine               - fontText: Courier-Prime.ttf
21:15:32.841 [FXGL Background Thread 3 ] DEBUG Engine               - fontUI: VarelaRound-Regular.ttf
21:15:32.841 [FXGL Background Thread 3 ] DEBUG Engine               - fullScreen: BooleanProperty [value: false]
21:15:32.842 [FXGL Background Thread 3 ] DEBUG Engine               - gameDifficulty: MEDIUM
21:15:32.842 [FXGL Background Thread 3 ] DEBUG Engine               - gameDifficultyProperty: ObjectProperty [value: MEDIUM]
21:15:32.842 [FXGL Background Thread 3 ] DEBUG Engine               - globalMusicVolume: 0.5
21:15:32.842 [FXGL Background Thread 3 ] DEBUG Engine               - globalMusicVolumeProperty: DoubleProperty [value: 0.5]
21:15:32.843 [FXGL Background Thread 3 ] DEBUG Engine               - globalSoundVolume: 0.5
21:15:32.843 [FXGL Background Thread 3 ] DEBUG Engine               - globalSoundVolumeProperty: DoubleProperty [value: 0.5]
21:15:32.843 [FXGL Background Thread 3 ] DEBUG Engine               - height: 640
21:15:32.843 [FXGL Background Thread 3 ] DEBUG Engine               - is3D: false
21:15:32.844 [FXGL Background Thread 3 ] DEBUG Engine               - isAndroid: false
21:15:32.844 [FXGL Background Thread 3 ] DEBUG Engine               - isBrowser: false
21:15:32.844 [FXGL Background Thread 3 ] DEBUG Engine               - isClickFeedbackEnabled: false
21:15:32.844 [FXGL Background Thread 3 ] DEBUG Engine               - isCloseConfirmation: false
21:15:32.844 [FXGL Background Thread 3 ] DEBUG Engine               - isDesktop: true
21:15:32.845 [FXGL Background Thread 3 ] DEBUG Engine               - isDeveloperMenuEnabled: false
21:15:32.845 [FXGL Background Thread 3 ] DEBUG Engine               - isEmbedded: false
21:15:32.845 [FXGL Background Thread 3 ] DEBUG Engine               - isEntityPreloadEnabled: true
21:15:32.845 [FXGL Background Thread 3 ] DEBUG Engine               - isExperimentalTiledLargeMap: false
21:15:32.845 [FXGL Background Thread 3 ] DEBUG Engine               - isFileSystemWriteAllowed: true
21:15:32.846 [FXGL Background Thread 3 ] DEBUG Engine               - isFullScreenAllowed: false
21:15:32.846 [FXGL Background Thread 3 ] DEBUG Engine               - isFullScreenFromStart: false
21:15:32.846 [FXGL Background Thread 3 ] DEBUG Engine               - isGameMenuEnabled: true
21:15:32.846 [FXGL Background Thread 3 ] DEBUG Engine               - isIOS: false
21:15:32.846 [FXGL Background Thread 3 ] DEBUG Engine               - isIntroEnabled: false
21:15:32.847 [FXGL Background Thread 3 ] DEBUG Engine               - isLinux: false
21:15:32.847 [FXGL Background Thread 3 ] DEBUG Engine               - isMac: false
21:15:32.847 [FXGL Background Thread 3 ] DEBUG Engine               - isMainMenuEnabled: false
21:15:32.847 [FXGL Background Thread 3 ] DEBUG Engine               - isManualResizeEnabled: false
21:15:32.847 [FXGL Background Thread 3 ] DEBUG Engine               - isMobile: false
21:15:32.848 [FXGL Background Thread 3 ] DEBUG Engine               - isNative: false
21:15:32.848 [FXGL Background Thread 3 ] DEBUG Engine               - isPauseMusicWhenMinimized: true
21:15:32.848 [FXGL Background Thread 3 ] DEBUG Engine               - isPreserveResizeRatio: false
21:15:32.848 [FXGL Background Thread 3 ] DEBUG Engine               - isProfilingEnabled: false
21:15:32.848 [FXGL Background Thread 3 ] DEBUG Engine               - isScaleAffectedOnResize: true
21:15:32.849 [FXGL Background Thread 3 ] DEBUG Engine               - isSingleStep: false
21:15:32.849 [FXGL Background Thread 3 ] DEBUG Engine               - isUserProfileEnabled: false
21:15:32.849 [FXGL Background Thread 3 ] DEBUG Engine               - isWindows: true
21:15:32.849 [FXGL Background Thread 3 ] DEBUG Engine               - language: ObjectProperty [value: ENGLISH]
21:15:32.849 [FXGL Background Thread 3 ] DEBUG Engine               - menuKey: ESCAPE
21:15:32.850 [FXGL Background Thread 3 ] DEBUG Engine               - mouseSensitivity: 0.2
21:15:32.850 [FXGL Background Thread 3 ] DEBUG Engine               - notificationViewClass: class com.almasb.fxgl.notification.view.XboxNotificationView
21:15:32.850 [FXGL Background Thread 3 ] DEBUG Engine               - pixelsPerMeter: 50.0
21:15:32.850 [FXGL Background Thread 3 ] DEBUG Engine               - platform: WINDOWS
21:15:32.850 [FXGL Background Thread 3 ] DEBUG Engine               - prefHeightProperty: ReadOnlyDoubleProperty [value: 640.0]
21:15:32.851 [FXGL Background Thread 3 ] DEBUG Engine               - prefWidthProperty: ReadOnlyDoubleProperty [value: 960.0]
21:15:32.851 [FXGL Background Thread 3 ] DEBUG Engine               - profileDir: profiles/
21:15:32.852 [FXGL Background Thread 3 ] DEBUG Engine               - profileName: StringProperty [value: DEFAULT]
21:15:32.852 [FXGL Background Thread 3 ] DEBUG Engine               - randomSeed: -1
21:15:32.853 [FXGL Background Thread 3 ] DEBUG Engine               - runtimeInfo: RuntimeInfo(platform=WINDOWS, version=17.2, build=20.08.2022 16.50)
21:15:32.853 [FXGL Background Thread 3 ] DEBUG Engine               - saveFileExt: sav
21:15:32.853 [FXGL Background Thread 3 ] DEBUG Engine               - scaledHeightProp$fxgl: DoubleProperty [bound, value: 640.0]
21:15:32.853 [FXGL Background Thread 3 ] DEBUG Engine               - scaledWidthProp$fxgl: DoubleProperty [bound, value: 960.0]
21:15:32.854 [FXGL Background Thread 3 ] DEBUG Engine               - sceneFactory: com.almasb.fxgl.app.scene.SceneFactory@4cc4a39b
21:15:32.854 [FXGL Background Thread 3 ] DEBUG Engine               - secondsIn24h: 60
21:15:32.854 [FXGL Background Thread 3 ] DEBUG Engine               - soundMenuBack: menu/back.wav
21:15:32.854 [FXGL Background Thread 3 ] DEBUG Engine               - soundMenuPress: menu/press.wav
21:15:32.854 [FXGL Background Thread 3 ] DEBUG Engine               - soundMenuSelect: menu/select.wav
21:15:32.855 [FXGL Background Thread 3 ] DEBUG Engine               - soundNotification: core/notification.wav
21:15:32.855 [FXGL Background Thread 3 ] DEBUG Engine               - stageStyle: DECORATED
21:15:32.855 [FXGL Background Thread 3 ] DEBUG Engine               - supportedLanguages: [ENGLISH, FRENCH, GERMAN, HUNGARIAN, RUSSIAN]
21:15:32.855 [FXGL Background Thread 3 ] DEBUG Engine               - ticksPerSecond: -1
21:15:32.855 [FXGL Background Thread 3 ] DEBUG Engine               - title: Fallout Tower Defense
21:15:32.856 [FXGL Background Thread 3 ] DEBUG Engine               - urlGithub: https://github.com/AlmasB/FXGL
21:15:32.856 [FXGL Background Thread 3 ] DEBUG Engine               - urlLeaderboard: http://fxgl-top.herokuapp.com/
21:15:32.856 [FXGL Background Thread 3 ] DEBUG Engine               - urlPOM: https://raw.githubusercontent.com/AlmasB/FXGL/release/README.md
21:15:32.856 [FXGL Background Thread 3 ] DEBUG Engine               - userAppClass: class fallout.proyecto_poo.FalloutTDApplication
21:15:32.856 [FXGL Background Thread 3 ] DEBUG Engine               - version: 0.0
21:15:32.857 [FXGL Background Thread 3 ] DEBUG Engine               - versionCheckDays: 7
21:15:32.857 [FXGL Background Thread 3 ] DEBUG Engine               - width: 960
21:15:32.857 [FXGL Background Thread 3 ] DEBUG Engine               - Logging services
21:15:32.857 [FXGL Background Thread 3 ] DEBUG Engine               - class com.almasb.fxgl.app.services.FXGLAssetLoaderService
21:15:32.857 [FXGL Background Thread 3 ] DEBUG Engine               - class com.almasb.fxgl.app.FXGLApplication$GameApplicationService
21:15:32.857 [FXGL Background Thread 3 ] DEBUG Engine               - class com.almasb.fxgl.app.services.FXGLDialogService
21:15:32.858 [FXGL Background Thread 3 ] DEBUG Engine               - class com.almasb.fxgl.app.services.IOTaskExecutorService
21:15:32.858 [FXGL Background Thread 3 ] DEBUG Engine               - class com.almasb.fxgl.io.FileSystemService
21:15:32.858 [FXGL Background Thread 3 ] DEBUG Engine               - class com.almasb.fxgl.localization.LocalizationService
21:15:32.858 [FXGL Background Thread 3 ] DEBUG Engine               - class com.almasb.fxgl.app.services.SystemBundleService
21:15:32.859 [FXGL Background Thread 3 ] DEBUG Engine               - class com.almasb.fxgl.profile.SaveLoadService
21:15:32.859 [FXGL Background Thread 3 ] DEBUG Engine               - class com.almasb.fxgl.ui.FXGLUIFactoryServiceProvider
21:15:32.859 [FXGL Background Thread 3 ] DEBUG Engine               - class com.almasb.fxgl.ui.FXGLDialogFactoryServiceProvider
21:15:32.859 [FXGL Background Thread 3 ] DEBUG Engine               - class com.almasb.fxgl.audio.AudioPlayer
21:15:32.859 [FXGL Background Thread 3 ] DEBUG Engine               - class com.almasb.fxgl.notification.impl.NotificationServiceProvider
21:15:32.859 [FXGL Background Thread 3 ] DEBUG Engine               - class com.almasb.fxgl.achievement.AchievementService
21:15:32.859 [FXGL Background Thread 3 ] DEBUG Engine               - class com.almasb.fxgl.cutscene.CutsceneService
21:15:32.860 [FXGL Background Thread 3 ] DEBUG Engine               - class com.almasb.fxgl.minigames.MiniGameService
21:15:32.860 [FXGL Background Thread 3 ] DEBUG Engine               - class com.almasb.fxgl.net.NetService
21:15:32.860 [FXGL Background Thread 3 ] DEBUG Engine               - class com.almasb.fxgl.app.services.UpdaterService
21:15:32.860 [FXGL Background Thread 3 ] DEBUG Engine               - class com.almasb.fxgl.dev.DevService
21:15:33.703 [JavaFX Application Thread] DEBUG FXGLApplication      - Exiting FXGL
21:15:33.704 [JavaFX Application Thread] DEBUG LoopRunner           - Stopping loop
21:15:33.704 [JavaFX Application Thread] DEBUG SystemBundleService  - Saving FXGL system data
21:15:33.710 [JavaFX Application Thread] DEBUG FileSystemAccess     - Writing to: C:\Users\hesto\IdeaProjects\Proyecto_POO-andresBranch\system\fxgl.bundle
21:15:33.716 [JavaFX Application Thread] DEBUG Async                - Shutting down background threads
21:15:33.716 [JavaFX Application Thread] DEBUG PrimaryStageWindow   - Closing main window
21:15:33.755 [JavaFX Application Thread] DEBUG Logger               - Closing Logger
